2020-02-02 07:52:55.143   CNC 8   INF   Device started running
2020-02-02 07:52:55.143   CNC 8   INF   Device directory exists
2020-02-02 07:52:55.143   CNC 8   INF   Poweroff -> 0 of 150
2020-02-02 07:52:55.145   CNC 8   INF   Processing takes 103.982µs
2020-02-02 07:52:55.145   CNC 8   INF   Sleeping for 9.9985879s
2020-02-02 07:53:05.145   CNC 8   INF   Device still active
2020-02-02 07:53:05.146   CNC 8   INF   Poweroff -> 1 of 150
2020-02-02 07:53:05.146   CNC 8   INF   Processing takes 423.07µs
2020-02-02 07:53:05.146   CNC 8   INF   Sleeping for 9.999374553s
2020-02-02 07:53:15.146   CNC 8   INF   Device still active
2020-02-02 07:53:15.146   CNC 8   INF   Poweroff -> 2 of 150
2020-02-02 07:53:15.146   CNC 8   INF   Processing takes 149.155µs
2020-02-02 07:53:15.147   CNC 8   INF   Sleeping for 9.999656233s
2020-02-02 07:53:25.150   CNC 8   INF   Device still active
2020-02-02 07:53:25.150   CNC 8   INF   Poweroff -> 3 of 150
2020-02-02 07:53:25.150   CNC 8   INF   Processing takes 113.025µs
2020-02-02 07:53:25.150   CNC 8   INF   Sleeping for 9.999767725s
2020-02-02 07:53:35.150   CNC 8   INF   Device still active
2020-02-02 07:53:35.150   CNC 8   INF   Poweroff -> 4 of 150
2020-02-02 07:53:35.150   CNC 8   INF   Processing takes 101.764µs
2020-02-02 07:53:35.150   CNC 8   INF   Sleeping for 9.99982679s
2020-02-02 07:53:45.151   CNC 8   INF   Device still active
2020-02-02 07:53:45.151   CNC 8   INF   Poweroff -> 5 of 150
2020-02-02 07:53:45.151   CNC 8   INF   Processing takes 103.976µs
2020-02-02 07:53:45.151   CNC 8   INF   Sleeping for 9.999768496s
2020-02-02 07:53:55.151   CNC 8   INF   Device still active
2020-02-02 07:53:55.151   CNC 8   INF   Poweroff -> 6 of 150
2020-02-02 07:53:55.151   CNC 8   INF   Processing takes 113.54µs
2020-02-02 07:53:55.151   CNC 8   INF   Sleeping for 9.999786911s
2020-02-02 07:54:05.154   CNC 8   INF   Device still active
2020-02-02 07:54:05.154   CNC 8   INF   Poweroff -> 7 of 150
2020-02-02 07:54:05.154   CNC 8   INF   Processing takes 139.713µs
2020-02-02 07:54:05.154   CNC 8   INF   Sleeping for 9.999763038s
2020-02-02 07:54:15.157   CNC 8   INF   Device still active
2020-02-02 07:54:15.157   CNC 8   INF   Poweroff -> 8 of 150
2020-02-02 07:54:15.157   CNC 8   INF   Processing takes 120.258µs
2020-02-02 07:54:15.157   CNC 8   INF   Sleeping for 9.99979785s
2020-02-02 07:54:25.157   CNC 8   INF   Device still active
2020-02-02 07:54:25.158   CNC 8   INF   Poweroff -> 9 of 150
2020-02-02 07:54:25.158   CNC 8   INF   Processing takes 113.604µs
2020-02-02 07:54:25.158   CNC 8   INF   Sleeping for 9.999793365s
2020-02-02 07:54:35.158   CNC 8   INF   Device still active
2020-02-02 07:54:35.158   CNC 8   INF   Poweroff -> 10 of 150
2020-02-02 07:54:35.158   CNC 8   INF   Processing takes 111.673µs
2020-02-02 07:54:35.158   CNC 8   INF   Sleeping for 9.999768633s
2020-02-02 07:54:45.159   CNC 8   INF   Device still active
2020-02-02 07:54:45.159   CNC 8   INF   Poweroff -> 11 of 150
2020-02-02 07:54:45.159   CNC 8   INF   Processing takes 125.108µs
2020-02-02 07:54:45.159   CNC 8   INF   Sleeping for 9.999572181s
2020-02-02 07:54:55.163   CNC 8   INF   Device still active
2020-02-02 07:54:55.164   CNC 8   INF   Poweroff -> 12 of 150
2020-02-02 07:54:55.164   CNC 8   INF   Processing takes 95.115µs
2020-02-02 07:54:55.164   CNC 8   INF   Sleeping for 9.999760942s
2020-02-02 07:55:05.164   CNC 8   INF   Device still active
2020-02-02 07:55:05.164   CNC 8   INF   Poweroff -> 13 of 150
2020-02-02 07:55:05.164   CNC 8   INF   Processing takes 145.883µs
2020-02-02 07:55:05.164   CNC 8   INF   Sleeping for 9.999755958s
2020-02-02 07:55:15.167   CNC 8   INF   Device still active
2020-02-02 07:55:15.167   CNC 8   INF   Poweroff -> 14 of 150
2020-02-02 07:55:15.167   CNC 8   INF   Processing takes 114.219µs
2020-02-02 07:55:15.167   CNC 8   INF   Sleeping for 9.999790511s
2020-02-02 07:55:25.168   CNC 8   INF   Device still active
2020-02-02 07:55:25.168   CNC 8   INF   Poweroff -> 15 of 150
2020-02-02 07:55:25.168   CNC 8   INF   Processing takes 127.105µs
2020-02-02 07:55:25.168   CNC 8   INF   Sleeping for 9.999590706s
2020-02-02 07:55:35.169   CNC 8   INF   Device still active
2020-02-02 07:55:35.171   CNC 8   INF   Poweroff -> 16 of 150
2020-02-02 07:55:35.171   CNC 8   INF   Processing takes 2.165248ms
2020-02-02 07:55:35.171   CNC 8   INF   Sleeping for 9.997660504s
2020-02-02 07:55:45.170   CNC 8   INF   Device still active
2020-02-02 07:55:45.171   CNC 8   INF   Poweroff -> 17 of 150
2020-02-02 07:55:45.171   CNC 8   INF   Processing takes 378.028µs
2020-02-02 07:55:45.171   CNC 8   INF   Sleeping for 9.999509951s
2020-02-02 07:55:55.174   CNC 8   INF   Device still active
2020-02-02 07:55:55.174   CNC 8   INF   Poweroff -> 18 of 150
2020-02-02 07:55:55.174   CNC 8   INF   Processing takes 335.495µs
2020-02-02 07:55:55.174   CNC 8   INF   Sleeping for 9.999546495s
2020-02-02 07:58:28.510   CNC 8   INF   Device started running
2020-02-02 07:58:28.511   CNC 8   INF   Device directory exists
2020-02-02 07:58:28.512   CNC 8   INF   Production -> 0 of 300
2020-02-02 07:58:28.914   CNC 8   INF   Processing takes 402.508426ms
2020-02-02 07:58:28.914   CNC 8   INF   Sleeping for 9.597370236s
2020-02-02 07:58:38.515   CNC 8   INF   Device still active
2020-02-02 07:58:38.516   CNC 8   INF   Production -> 1 of 300
2020-02-02 07:58:38.877   CNC 8   INF   Processing takes 361.155505ms
2020-02-02 07:58:38.877   CNC 8   INF   Sleeping for 9.638665517s
2020-02-02 07:58:48.517   CNC 8   INF   Device still active
2020-02-02 07:58:48.518   CNC 8   INF   Production -> 2 of 300
2020-02-02 07:58:48.808   CNC 8   INF   Processing takes 289.982095ms
2020-02-02 07:58:48.808   CNC 8   INF   Sleeping for 9.709880529s
2020-02-02 07:58:58.523   CNC 8   INF   Device still active
2020-02-02 07:58:58.524   CNC 8   INF   Production -> 3 of 300
2020-02-02 07:58:58.726   CNC 8   INF   Processing takes 203.012715ms
2020-02-02 07:58:58.727   CNC 8   INF   Sleeping for 9.796831306s
2020-02-02 07:59:08.524   CNC 8   INF   Device still active
2020-02-02 07:59:08.524   CNC 8   INF   Production -> 4 of 300
2020-02-02 07:59:08.728   CNC 8   INF   Processing takes 204.276692ms
2020-02-02 07:59:08.728   CNC 8   INF   Sleeping for 9.795632931s
2020-02-02 07:59:18.526   CNC 8   INF   Device still active
2020-02-02 07:59:18.527   CNC 8   INF   Production -> 5 of 300
2020-02-02 07:59:18.686   CNC 8   INF   Processing takes 160.136814ms
2020-02-02 07:59:18.686   CNC 8   INF   Sleeping for 9.839744923s
2020-02-02 08:00:07.533   CNC 8   INF   Device started running
2020-02-02 08:00:07.533   CNC 8   INF   Device directory exists
2020-02-02 08:00:07.534   CNC 8   INF   Downtime -> 0 of 150
2020-02-02 08:00:07.694   CNC 8   INF   Processing takes 160.895362ms
2020-02-02 08:00:07.694   CNC 8   INF   Sleeping for 9.838781247s
2020-02-02 08:00:17.537   CNC 8   INF   Device still active
2020-02-02 08:00:17.537   CNC 8   INF   Downtime -> 1 of 150
2020-02-02 08:00:17.684   CNC 8   INF   Processing takes 146.675869ms
2020-02-02 08:00:17.684   CNC 8   INF   Sleeping for 9.853190284s
2020-02-02 08:00:27.539   CNC 8   INF   Device still active
2020-02-02 08:00:27.540   CNC 8   INF   Downtime -> 2 of 150
2020-02-02 08:00:27.735   CNC 8   INF   Processing takes 194.991323ms
2020-02-02 08:00:27.735   CNC 8   INF   Sleeping for 9.804848606s
2020-02-02 08:00:37.540   CNC 8   INF   Device still active
2020-02-02 08:00:37.540   CNC 8   INF   Downtime -> 3 of 150
2020-02-02 08:00:37.858   CNC 8   INF   Processing takes 317.907942ms
2020-02-02 08:00:37.858   CNC 8   INF   Sleeping for 9.681945034s
2020-02-02 08:00:47.545   CNC 8   INF   Device still active
2020-02-02 08:00:47.545   CNC 8   INF   Downtime -> 4 of 150
2020-02-02 08:00:48.022   CNC 8   INF   Processing takes 477.257784ms
2020-02-02 08:00:48.023   CNC 8   INF   Sleeping for 9.522484625s
2020-02-02 08:00:57.546   CNC 8   INF   Device still active
2020-02-02 08:00:57.547   CNC 8   INF   Downtime -> 5 of 150
2020-02-02 08:00:57.910   CNC 8   INF   Processing takes 362.949209ms
2020-02-02 08:00:57.910   CNC 8   INF   Sleeping for 9.636876336s
2020-02-02 08:01:07.548   CNC 8   INF   Device still active
2020-02-02 08:01:07.549   CNC 8   INF   Downtime -> 6 of 150
2020-02-02 08:01:08.081   CNC 8   INF   Processing takes 532.648773ms
2020-02-02 08:01:08.082   CNC 8   INF   Sleeping for 9.467105631s
2020-02-02 08:01:17.549   CNC 8   INF   Device still active
2020-02-02 08:01:17.549   CNC 8   INF   Downtime -> 7 of 150
2020-02-02 08:01:17.578   CNC 8   INF   Processing takes 29.016919ms
2020-02-02 08:01:17.578   CNC 8   INF   Sleeping for 9.970884547s
2020-02-02 08:01:27.550   CNC 8   INF   Device still active
2020-02-02 08:01:27.551   CNC 8   INF   Downtime -> 8 of 150
2020-02-02 08:01:27.750   CNC 8   INF   Processing takes 199.769248ms
2020-02-02 08:01:27.750   CNC 8   INF   Sleeping for 9.800145532s
2020-02-02 08:01:37.551   CNC 8   INF   Device still active
2020-02-02 08:01:37.551   CNC 8   INF   Downtime -> 9 of 150
2020-02-02 08:01:37.678   CNC 8   INF   Processing takes 126.761734ms
2020-02-02 08:01:37.678   CNC 8   INF   Sleeping for 9.873127843s
2020-02-02 08:01:47.552   CNC 8   INF   Device still active
2020-02-02 08:01:47.554   CNC 8   INF   Downtime -> 10 of 150
2020-02-02 08:01:47.801   CNC 8   INF   Processing takes 248.948191ms
2020-02-02 08:01:47.802   CNC 8   INF   Sleeping for 9.750895549s
2020-02-02 08:03:09.332   CNC 8   INF   Device started running
2020-02-02 08:03:09.333   CNC 8   INF   Device directory exists
2020-02-02 08:03:09.334   CNC 8   INF   Production -> 0 of 300
2020-02-02 08:03:09.554   CNC 8   INF   Processing takes 220.775069ms
2020-02-02 08:03:09.554   CNC 8   INF   Sleeping for 9.778957759s
2020-02-02 08:03:19.338   CNC 8   INF   Device still active
2020-02-02 08:03:19.340   CNC 8   INF   Production -> 1 of 300
2020-02-02 08:03:20.243   CNC 8   INF   Processing takes 904.100755ms
2020-02-02 08:03:20.243   CNC 8   INF   Sleeping for 9.095542963s
2020-02-02 08:03:29.342   CNC 8   INF   Device still active
2020-02-02 08:03:29.342   CNC 8   INF   Production -> 2 of 300
2020-02-02 08:03:29.823   CNC 8   INF   Processing takes 480.583199ms
2020-02-02 08:03:29.823   CNC 8   INF   Sleeping for 9.519245803s
2020-02-02 08:03:39.342   CNC 8   INF   Device still active
2020-02-02 08:03:39.343   CNC 8   INF   Production -> 3 of 300
2020-02-02 08:03:39.533   CNC 8   INF   Processing takes 190.082735ms
2020-02-02 08:03:39.533   CNC 8   INF   Sleeping for 9.809750187s
2020-02-02 08:03:49.343   CNC 8   INF   Device still active
2020-02-02 08:03:49.343   CNC 8   INF   Production -> 4 of 300
2020-02-02 08:03:49.525   CNC 8   INF   Processing takes 181.856368ms
2020-02-02 08:03:49.525   CNC 8   INF   Sleeping for 9.817549579s
2020-02-02 08:03:59.343   CNC 8   INF   Device still active
2020-02-02 08:03:59.344   CNC 8   INF   Production -> 5 of 300
2020-02-02 08:03:59.472   CNC 8   INF   Processing takes 128.095121ms
2020-02-02 08:03:59.472   CNC 8   INF   Sleeping for 9.871776777s
2020-02-02 08:04:09.348   CNC 8   INF   Device still active
2020-02-02 08:04:09.348   CNC 8   INF   Production -> 6 of 300
2020-02-02 08:04:09.578   CNC 8   INF   Processing takes 230.549496ms
2020-02-02 08:04:09.579   CNC 8   INF   Sleeping for 9.769337931s
2020-02-02 08:04:19.348   CNC 8   INF   Device still active
2020-02-02 08:04:19.349   CNC 8   INF   Production -> 7 of 300
2020-02-02 08:04:19.637   CNC 8   INF   Processing takes 288.785415ms
2020-02-02 08:04:19.637   CNC 8   INF   Sleeping for 9.711036024s
2020-02-02 08:04:29.349   CNC 8   INF   Device still active
2020-02-02 08:04:29.349   CNC 8   INF   Production -> 8 of 300
2020-02-02 08:04:29.490   CNC 8   INF   Processing takes 141.23561ms
2020-02-02 08:04:29.490   CNC 8   INF   Sleeping for 9.858638615s
2020-02-02 08:04:39.350   CNC 8   INF   Device still active
2020-02-02 08:04:39.351   CNC 8   INF   Production -> 9 of 300
2020-02-02 08:04:39.588   CNC 8   INF   Processing takes 237.374823ms
2020-02-02 08:04:39.588   CNC 8   INF   Sleeping for 9.7624887s
2020-02-02 08:04:49.354   CNC 8   INF   Device still active
2020-02-02 08:04:49.355   CNC 8   INF   Production -> 10 of 300
2020-02-02 08:04:49.718   CNC 8   INF   Processing takes 363.475744ms
2020-02-02 08:04:49.718   CNC 8   INF   Sleeping for 9.636367308s
2020-02-02 08:04:59.356   CNC 8   INF   Device still active
2020-02-02 08:04:59.359   CNC 8   INF   Production -> 11 of 300
2020-02-02 08:04:59.598   CNC 8   INF   Processing takes 241.905687ms
2020-02-02 08:04:59.598   CNC 8   INF   Sleeping for 9.757974337s
2020-02-02 08:05:09.357   CNC 8   INF   Device still active
2020-02-02 08:05:09.357   CNC 8   INF   Production -> 12 of 300
2020-02-02 08:05:09.631   CNC 8   INF   Processing takes 274.304377ms
2020-02-02 08:05:09.631   CNC 8   INF   Sleeping for 9.725452976s
2020-02-02 08:05:19.360   CNC 8   INF   Device still active
2020-02-02 08:05:19.362   CNC 8   INF   Production -> 13 of 300
2020-02-02 08:05:19.427   CNC 8   INF   Processing takes 66.666284ms
2020-02-02 08:05:19.427   CNC 8   INF   Sleeping for 9.933227937s
2020-02-02 08:05:29.363   CNC 8   INF   Device still active
2020-02-02 08:05:29.364   CNC 8   INF   Production -> 14 of 300
2020-02-02 08:05:29.757   CNC 8   INF   Processing takes 394.428284ms
2020-02-02 08:05:29.757   CNC 8   INF   Sleeping for 9.605471628s
2020-02-02 08:05:39.368   CNC 8   INF   Device still active
2020-02-02 08:05:39.368   CNC 8   INF   Production -> 15 of 300
2020-02-02 08:05:39.642   CNC 8   INF   Processing takes 274.274421ms
2020-02-02 08:05:39.642   CNC 8   INF   Sleeping for 9.725585614s
2020-02-02 08:05:49.373   CNC 8   INF   Device still active
2020-02-02 08:05:49.373   CNC 8   INF   Production -> 16 of 300
2020-02-02 08:05:49.770   CNC 8   INF   Processing takes 396.905909ms
2020-02-02 08:05:49.770   CNC 8   INF   Sleeping for 9.602522883s
2020-02-02 08:05:59.373   CNC 8   INF   Device still active
2020-02-02 08:05:59.374   CNC 8   INF   Production -> 17 of 300
2020-02-02 08:05:59.532   CNC 8   INF   Processing takes 158.764449ms
2020-02-02 08:05:59.532   CNC 8   INF   Sleeping for 9.841096512s
2020-02-02 08:06:09.374   CNC 8   INF   Device still active
2020-02-02 08:06:09.374   CNC 8   INF   Production -> 18 of 300
2020-02-02 08:06:09.607   CNC 8   INF   Processing takes 232.297671ms
2020-02-02 08:06:09.607   CNC 8   INF   Sleeping for 9.767089875s
2020-02-02 08:06:19.375   CNC 8   INF   Device still active
2020-02-02 08:06:19.375   CNC 8   INF   Production -> 19 of 300
2020-02-02 08:06:19.645   CNC 8   INF   Processing takes 269.30359ms
2020-02-02 08:06:19.645   CNC 8   INF   Sleeping for 9.730509831s
2020-02-02 08:06:29.379   CNC 8   INF   Device still active
2020-02-02 08:06:29.379   CNC 8   INF   Production -> 20 of 300
2020-02-02 08:06:29.661   CNC 8   INF   Processing takes 282.663786ms
2020-02-02 08:06:29.662   CNC 8   INF   Sleeping for 9.71718437s
2020-02-02 08:06:39.379   CNC 8   INF   Device still active
2020-02-02 08:06:39.379   CNC 8   INF   Production -> 21 of 300
2020-02-02 08:06:39.557   CNC 8   INF   Processing takes 178.016038ms
2020-02-02 08:06:39.557   CNC 8   INF   Sleeping for 9.821867586s
2020-02-02 08:06:49.380   CNC 8   INF   Device still active
2020-02-02 08:06:49.381   CNC 8   INF   Production -> 22 of 300
2020-02-02 08:06:49.555   CNC 8   INF   Processing takes 175.186042ms
2020-02-02 08:06:49.555   CNC 8   INF   Sleeping for 9.824674534s
2020-02-02 08:06:59.380   CNC 8   INF   Device still active
2020-02-02 08:06:59.381   CNC 8   INF   Production -> 23 of 300
2020-02-02 08:06:59.596   CNC 8   INF   Processing takes 215.499413ms
2020-02-02 08:06:59.596   CNC 8   INF   Sleeping for 9.784424185s
2020-02-02 08:07:09.381   CNC 8   INF   Device still active
2020-02-02 08:07:09.381   CNC 8   INF   Production -> 24 of 300
2020-02-02 08:07:09.573   CNC 8   INF   Processing takes 192.253136ms
2020-02-02 08:07:09.574   CNC 8   INF   Sleeping for 9.807535726s
2020-02-02 08:07:19.385   CNC 8   INF   Device still active
2020-02-02 08:07:19.390   CNC 8   INF   Production -> 25 of 300
2020-02-02 08:07:19.800   CNC 8   INF   Processing takes 414.020524ms
2020-02-02 08:07:19.800   CNC 8   INF   Sleeping for 9.585813729s
2020-02-02 08:07:29.390   CNC 8   INF   Device still active
2020-02-02 08:07:29.390   CNC 8   INF   Production -> 26 of 300
2020-02-02 08:07:29.575   CNC 8   INF   Processing takes 184.626704ms
2020-02-02 08:07:29.575   CNC 8   INF   Sleeping for 9.815282097s
2020-02-02 08:07:39.391   CNC 8   INF   Device still active
2020-02-02 08:07:39.391   CNC 8   INF   Production -> 27 of 300
2020-02-02 08:07:39.885   CNC 8   INF   Processing takes 493.981679ms
2020-02-02 08:07:39.885   CNC 8   INF   Sleeping for 9.505862948s
2020-02-02 08:07:49.393   CNC 8   INF   Device still active
2020-02-02 08:07:49.394   CNC 8   INF   Production -> 28 of 300
2020-02-02 08:07:49.621   CNC 8   INF   Processing takes 227.820643ms
2020-02-02 08:07:49.622   CNC 8   INF   Sleeping for 9.772031951s
2020-02-02 08:07:59.395   CNC 8   INF   Device still active
2020-02-02 08:07:59.395   CNC 8   INF   Production -> 29 of 300
2020-02-02 08:07:59.563   CNC 8   INF   Processing takes 167.219166ms
2020-02-02 08:07:59.563   CNC 8   INF   Sleeping for 9.832571702s
2020-02-02 08:08:09.396   CNC 8   INF   Device still active
2020-02-02 08:08:09.397   CNC 8   INF   Production -> 30 of 300
2020-02-02 08:08:09.603   CNC 8   INF   Processing takes 206.430096ms
2020-02-02 08:08:09.603   CNC 8   INF   Sleeping for 9.793450494s
2020-02-02 08:08:19.399   CNC 8   INF   Device still active
2020-02-02 08:08:19.400   CNC 8   INF   Production -> 31 of 300
2020-02-02 08:08:19.580   CNC 8   INF   Processing takes 180.275857ms
2020-02-02 08:08:19.580   CNC 8   INF   Sleeping for 9.819516223s
2020-02-02 08:08:29.400   CNC 8   INF   Device still active
2020-02-02 08:08:29.401   CNC 8   INF   Production -> 32 of 300
2020-02-02 08:08:29.428   CNC 8   INF   Processing takes 27.871174ms
2020-02-02 08:08:29.428   CNC 8   INF   Sleeping for 9.972072299s
2020-02-02 08:08:39.404   CNC 8   INF   Device still active
2020-02-02 08:08:39.405   CNC 8   INF   Production -> 33 of 300
2020-02-02 08:08:40.713   CNC 8   INF   Processing takes 1.308731719s
2020-02-02 08:08:40.713   CNC 8   INF   Sleeping for 8.691104418s
2020-02-02 08:08:49.409   CNC 8   INF   Device still active
2020-02-02 08:08:49.409   CNC 8   INF   Production -> 34 of 300
2020-02-02 08:08:50.726   CNC 8   INF   Processing takes 1.316744267s
2020-02-02 08:08:50.726   CNC 8   INF   Sleeping for 8.683122696s
2020-02-02 08:12:09.380   CNC 8   INF   Device started running
2020-02-02 08:12:09.380   CNC 8   INF   Device directory exists
2020-02-02 08:12:09.381   CNC 8   INF   Downtime -> 0 of 150
2020-02-02 08:12:09.601   CNC 8   INF   Processing takes 220.73463ms
2020-02-02 08:12:09.601   CNC 8   INF   Sleeping for 9.779116027s
2020-02-02 08:12:19.388   CNC 8   INF   Device still active
2020-02-02 08:12:19.388   CNC 8   INF   Downtime -> 1 of 150
2020-02-02 08:12:19.748   CNC 8   INF   Processing takes 359.651194ms
2020-02-02 08:12:19.748   CNC 8   INF   Sleeping for 9.640139951s
2020-02-02 08:12:29.392   CNC 8   INF   Device still active
2020-02-02 08:12:29.392   CNC 8   INF   Downtime -> 2 of 150
2020-02-02 08:12:29.861   CNC 8   INF   Processing takes 468.722067ms
2020-02-02 08:12:29.861   CNC 8   INF   Sleeping for 9.53082889s
2020-02-02 08:12:39.395   CNC 8   INF   Device still active
2020-02-02 08:12:39.397   CNC 8   INF   Downtime -> 3 of 150
2020-02-02 08:12:39.499   CNC 8   INF   Processing takes 103.746755ms
2020-02-02 08:12:39.500   CNC 8   INF   Sleeping for 9.896122956s
2020-02-02 08:12:49.398   CNC 8   INF   Device still active
2020-02-02 08:12:49.398   CNC 8   INF   Downtime -> 4 of 150
2020-02-02 08:12:49.520   CNC 8   INF   Processing takes 122.011645ms
2020-02-02 08:12:49.520   CNC 8   INF   Sleeping for 9.877848857s
2020-02-02 08:12:59.403   CNC 8   INF   Device still active
2020-02-02 08:12:59.403   CNC 8   INF   Downtime -> 5 of 150
2020-02-02 08:12:59.675   CNC 8   INF   Processing takes 272.091263ms
2020-02-02 08:12:59.675   CNC 8   INF   Sleeping for 9.727664686s
2020-02-02 08:13:09.408   CNC 8   INF   Device still active
2020-02-02 08:13:09.409   CNC 8   INF   Downtime -> 6 of 150
2020-02-02 08:13:09.654   CNC 8   INF   Processing takes 246.009045ms
2020-02-02 08:13:09.654   CNC 8   INF   Sleeping for 9.753803304s
2020-02-02 08:13:19.411   CNC 8   INF   Device still active
2020-02-02 08:13:19.412   CNC 8   INF   Downtime -> 7 of 150
2020-02-02 08:13:19.899   CNC 8   INF   Processing takes 487.149776ms
2020-02-02 08:13:19.899   CNC 8   INF   Sleeping for 9.512725804s
2020-02-02 08:13:29.414   CNC 8   INF   Device still active
2020-02-02 08:13:29.414   CNC 8   INF   Downtime -> 8 of 150
2020-02-02 08:13:29.573   CNC 8   INF   Processing takes 158.414087ms
2020-02-02 08:13:29.573   CNC 8   INF   Sleeping for 9.841452544s
2020-02-02 08:13:39.415   CNC 8   INF   Device still active
2020-02-02 08:13:39.415   CNC 8   INF   Downtime -> 9 of 150
2020-02-02 08:13:39.584   CNC 8   INF   Processing takes 169.137919ms
2020-02-02 08:13:39.584   CNC 8   INF   Sleeping for 9.830736342s
2020-02-02 08:13:49.417   CNC 8   INF   Device still active
2020-02-02 08:13:49.419   CNC 8   INF   Downtime -> 10 of 150
2020-02-02 08:13:50.120   CNC 8   INF   Processing takes 701.921191ms
2020-02-02 08:13:50.120   CNC 8   INF   Sleeping for 9.297613695s
2020-02-02 08:13:59.421   CNC 8   INF   Device still active
2020-02-02 08:13:59.422   CNC 8   INF   Downtime -> 11 of 150
2020-02-02 08:13:59.683   CNC 8   INF   Processing takes 261.814893ms
2020-02-02 08:13:59.684   CNC 8   INF   Sleeping for 9.737976288s
2020-02-02 08:14:09.422   CNC 8   INF   Device still active
2020-02-02 08:14:09.422   CNC 8   INF   Downtime -> 12 of 150
2020-02-02 08:14:09.683   CNC 8   INF   Processing takes 261.32591ms
2020-02-02 08:14:09.684   CNC 8   INF   Sleeping for 9.738546338s
2020-02-02 08:14:19.428   CNC 8   INF   Device still active
2020-02-02 08:14:19.429   CNC 8   INF   Downtime -> 13 of 150
2020-02-02 08:14:19.528   CNC 8   INF   Processing takes 99.941423ms
2020-02-02 08:14:19.528   CNC 8   INF   Sleeping for 9.899947506s
2020-02-02 08:14:29.429   CNC 8   INF   Device still active
2020-02-02 08:14:29.430   CNC 8   INF   Downtime -> 14 of 150
2020-02-02 08:14:29.537   CNC 8   INF   Processing takes 107.990569ms
2020-02-02 08:14:29.538   CNC 8   INF   Sleeping for 9.891882931s
