2020-02-02 07:52:55.143   CNC 1   INF   Device started running
2020-02-02 07:52:55.144   CNC 1   INF   Device directory exists
2020-02-02 07:52:55.144   CNC 1   INF   Downtime -> 0 of 150
2020-02-02 07:52:55.293   CNC 1   INF   Processing takes 148.497973ms
2020-02-02 07:52:55.293   CNC 1   INF   Sleeping for 9.851352555s
2020-02-02 07:53:05.146   CNC 1   INF   Device still active
2020-02-02 07:53:05.147   CNC 1   INF   Downtime -> 1 of 150
2020-02-02 07:53:05.339   CNC 1   INF   Processing takes 193.304025ms
2020-02-02 07:53:05.339   CNC 1   INF   Sleeping for 9.806342846s
2020-02-02 07:53:15.146   CNC 1   INF   Device still active
2020-02-02 07:53:15.146   CNC 1   INF   Downtime -> 2 of 150
2020-02-02 07:53:15.524   CNC 1   INF   Processing takes 377.96585ms
2020-02-02 07:53:15.524   CNC 1   INF   Sleeping for 9.621761672s
2020-02-02 07:53:25.147   CNC 1   INF   Device still active
2020-02-02 07:53:25.147   CNC 1   INF   Downtime -> 3 of 150
2020-02-02 07:53:25.303   CNC 1   INF   Processing takes 156.522586ms
2020-02-02 07:53:25.303   CNC 1   INF   Sleeping for 9.84335555s
2020-02-02 07:53:35.147   CNC 1   INF   Device still active
2020-02-02 07:53:35.148   CNC 1   INF   Downtime -> 4 of 150
2020-02-02 07:53:35.247   CNC 1   INF   Processing takes 99.05665ms
2020-02-02 07:53:35.247   CNC 1   INF   Sleeping for 9.900735581s
2020-02-02 07:53:45.149   CNC 1   INF   Device still active
2020-02-02 07:53:45.149   CNC 1   INF   Downtime -> 5 of 150
2020-02-02 07:53:45.314   CNC 1   INF   Processing takes 164.515895ms
2020-02-02 07:53:45.314   CNC 1   INF   Sleeping for 9.835090438s
2020-02-02 07:53:55.150   CNC 1   INF   Device still active
2020-02-02 07:53:55.150   CNC 1   INF   Downtime -> 6 of 150
2020-02-02 07:53:55.293   CNC 1   INF   Processing takes 142.696564ms
2020-02-02 07:53:55.293   CNC 1   INF   Sleeping for 9.857150813s
2020-02-02 07:54:05.150   CNC 1   INF   Device still active
2020-02-02 07:54:05.150   CNC 1   INF   Downtime -> 7 of 150
2020-02-02 07:54:05.324   CNC 1   INF   Processing takes 173.747765ms
2020-02-02 07:54:05.324   CNC 1   INF   Sleeping for 9.82611393s
2020-02-02 07:54:15.151   CNC 1   INF   Device still active
2020-02-02 07:54:15.151   CNC 1   INF   Downtime -> 8 of 150
2020-02-02 07:54:15.382   CNC 1   INF   Processing takes 231.654327ms
2020-02-02 07:54:15.382   CNC 1   INF   Sleeping for 9.768214022s
2020-02-02 07:54:25.152   CNC 1   INF   Device still active
2020-02-02 07:54:25.152   CNC 1   INF   Downtime -> 9 of 150
2020-02-02 07:54:25.290   CNC 1   INF   Processing takes 138.327548ms
2020-02-02 07:54:25.290   CNC 1   INF   Sleeping for 9.861547158s
2020-02-02 07:54:35.156   CNC 1   INF   Device still active
2020-02-02 07:54:35.156   CNC 1   INF   Downtime -> 10 of 150
2020-02-02 07:54:35.270   CNC 1   INF   Processing takes 113.940305ms
2020-02-02 07:54:35.270   CNC 1   INF   Sleeping for 9.885949149s
2020-02-02 07:54:45.159   CNC 1   INF   Device still active
2020-02-02 07:54:45.159   CNC 1   INF   Downtime -> 11 of 150
2020-02-02 07:54:45.261   CNC 1   INF   Processing takes 102.496414ms
2020-02-02 07:54:45.261   CNC 1   INF   Sleeping for 9.897414222s
2020-02-02 07:54:55.163   CNC 1   INF   Device still active
2020-02-02 07:54:55.164   CNC 1   INF   Downtime -> 12 of 150
2020-02-02 07:54:55.438   CNC 1   INF   Processing takes 274.017222ms
2020-02-02 07:54:55.438   CNC 1   INF   Sleeping for 9.72577535s
2020-02-02 07:55:05.164   CNC 1   INF   Device still active
2020-02-02 07:55:05.164   CNC 1   INF   Downtime -> 13 of 150
2020-02-02 07:55:05.326   CNC 1   INF   Processing takes 161.988598ms
2020-02-02 07:55:05.326   CNC 1   INF   Sleeping for 9.837876753s
2020-02-02 07:55:15.164   CNC 1   INF   Device still active
2020-02-02 07:55:15.164   CNC 1   INF   Downtime -> 14 of 150
2020-02-02 07:55:15.371   CNC 1   INF   Processing takes 206.812375ms
2020-02-02 07:55:15.371   CNC 1   INF   Sleeping for 9.793074978s
2020-02-02 07:55:25.165   CNC 1   INF   Device still active
2020-02-02 07:55:25.165   CNC 1   INF   Downtime -> 15 of 150
2020-02-02 07:55:25.407   CNC 1   INF   Processing takes 241.427761ms
2020-02-02 07:55:25.407   CNC 1   INF   Sleeping for 9.758434104s
2020-02-02 07:55:35.169   CNC 1   INF   Device still active
2020-02-02 07:55:35.169   CNC 1   INF   Downtime -> 16 of 150
2020-02-02 07:55:35.396   CNC 1   INF   Processing takes 227.036601ms
2020-02-02 07:55:35.396   CNC 1   INF   Sleeping for 9.772758863s
2020-02-02 07:55:45.170   CNC 1   INF   Device still active
2020-02-02 07:55:45.171   CNC 1   INF   Downtime -> 17 of 150
2020-02-02 07:55:45.298   CNC 1   INF   Processing takes 126.474164ms
2020-02-02 07:55:45.299   CNC 1   INF   Sleeping for 9.872248774s
2020-02-02 07:55:55.174   CNC 1   INF   Device still active
2020-02-02 07:55:55.174   CNC 1   INF   Downtime -> 18 of 150
2020-02-02 07:55:55.344   CNC 1   INF   Processing takes 170.257934ms
2020-02-02 07:55:55.344   CNC 1   INF   Sleeping for 9.82957533s
2020-02-02 07:58:28.510   CNC 1   INF   Device started running
2020-02-02 07:58:28.511   CNC 1   INF   Device directory exists
2020-02-02 07:58:28.511   CNC 1   INF   Downtime -> 0 of 150
2020-02-02 07:58:28.694   CNC 1   INF   Processing takes 182.422361ms
2020-02-02 07:58:28.694   CNC 1   INF   Sleeping for 9.817459498s
2020-02-02 07:58:38.515   CNC 1   INF   Device still active
2020-02-02 07:58:38.515   CNC 1   INF   Downtime -> 1 of 150
2020-02-02 07:58:38.845   CNC 1   INF   Processing takes 329.21301ms
2020-02-02 07:58:38.845   CNC 1   INF   Sleeping for 9.67066524s
2020-02-02 07:58:48.517   CNC 1   INF   Device still active
2020-02-02 07:58:48.518   CNC 1   INF   Downtime -> 2 of 150
2020-02-02 07:58:48.786   CNC 1   INF   Processing takes 268.770587ms
2020-02-02 07:58:48.787   CNC 1   INF   Sleeping for 9.730805058s
2020-02-02 07:58:58.523   CNC 1   INF   Device still active
2020-02-02 07:58:58.523   CNC 1   INF   Downtime -> 3 of 150
2020-02-02 07:58:58.707   CNC 1   INF   Processing takes 183.764382ms
2020-02-02 07:58:58.707   CNC 1   INF   Sleeping for 9.815714695s
2020-02-02 07:59:08.524   CNC 1   INF   Device still active
2020-02-02 07:59:08.524   CNC 1   INF   Downtime -> 4 of 150
2020-02-02 07:59:08.679   CNC 1   INF   Processing takes 155.146178ms
2020-02-02 07:59:08.679   CNC 1   INF   Sleeping for 9.844747623s
2020-02-02 07:59:18.526   CNC 1   INF   Device still active
2020-02-02 07:59:18.527   CNC 1   INF   Downtime -> 5 of 150
2020-02-02 07:59:18.667   CNC 1   INF   Processing takes 140.669294ms
2020-02-02 07:59:18.667   CNC 1   INF   Sleeping for 9.859222016s
2020-02-02 08:00:07.533   CNC 1   INF   Device started running
2020-02-02 08:00:07.533   CNC 1   INF   Device directory exists
2020-02-02 08:00:07.533   CNC 1   INF   Production -> 0 of 300
2020-02-02 08:00:07.758   CNC 1   INF   Processing takes 224.953509ms
2020-02-02 08:00:07.758   CNC 1   INF   Sleeping for 9.774911192s
2020-02-02 08:00:17.537   CNC 1   INF   Device still active
2020-02-02 08:00:17.539   CNC 1   INF   Production -> 1 of 300
2020-02-02 08:00:17.755   CNC 1   INF   Processing takes 217.720787ms
2020-02-02 08:00:17.755   CNC 1   INF   Sleeping for 9.782168964s
2020-02-02 08:00:27.539   CNC 1   INF   Device still active
2020-02-02 08:00:27.540   CNC 1   INF   Production -> 2 of 300
2020-02-02 08:00:27.865   CNC 1   INF   Processing takes 325.751594ms
2020-02-02 08:00:27.866   CNC 1   INF   Sleeping for 9.674036163s
2020-02-02 08:00:37.541   CNC 1   INF   Device still active
2020-02-02 08:00:37.541   CNC 1   INF   Production -> 3 of 300
2020-02-02 08:00:37.959   CNC 1   INF   Processing takes 418.727707ms
2020-02-02 08:00:37.960   CNC 1   INF   Sleeping for 9.581130232s
2020-02-02 08:00:47.545   CNC 1   INF   Device still active
2020-02-02 08:00:47.546   CNC 1   INF   Production -> 4 of 300
2020-02-02 08:00:48.092   CNC 1   INF   Processing takes 546.867935ms
2020-02-02 08:00:48.093   CNC 1   INF   Sleeping for 9.452610207s
2020-02-02 08:00:57.546   CNC 1   INF   Device still active
2020-02-02 08:00:57.547   CNC 1   INF   Production -> 5 of 300
2020-02-02 08:00:57.987   CNC 1   INF   Processing takes 440.345208ms
2020-02-02 08:00:57.988   CNC 1   INF   Sleeping for 9.558677619s
2020-02-02 08:01:07.548   CNC 1   INF   Device still active
2020-02-02 08:01:07.549   CNC 1   INF   Production -> 6 of 300
2020-02-02 08:01:08.141   CNC 1   INF   Processing takes 592.581205ms
2020-02-02 08:01:08.141   CNC 1   INF   Sleeping for 9.407295091s
2020-02-02 08:01:17.549   CNC 1   INF   Device still active
2020-02-02 08:01:17.550   CNC 1   INF   Production -> 7 of 300
2020-02-02 08:01:17.740   CNC 1   INF   Processing takes 190.374367ms
2020-02-02 08:01:17.740   CNC 1   INF   Sleeping for 9.809517072s
2020-02-02 08:01:27.551   CNC 1   INF   Device still active
2020-02-02 08:01:27.551   CNC 1   INF   Production -> 8 of 300
2020-02-02 08:01:27.799   CNC 1   INF   Processing takes 247.884019ms
2020-02-02 08:01:27.799   CNC 1   INF   Sleeping for 9.752023795s
2020-02-02 08:01:37.551   CNC 1   INF   Device still active
2020-02-02 08:01:37.551   CNC 1   INF   Production -> 9 of 300
2020-02-02 08:01:37.827   CNC 1   INF   Processing takes 275.65745ms
2020-02-02 08:01:37.827   CNC 1   INF   Sleeping for 9.724216794s
2020-02-02 08:01:47.553   CNC 1   INF   Device still active
2020-02-02 08:01:47.553   CNC 1   INF   Production -> 10 of 300
2020-02-02 08:01:47.850   CNC 1   INF   Processing takes 296.793197ms
2020-02-02 08:01:47.850   CNC 1   INF   Sleeping for 9.703068982s
2020-02-02 08:03:09.332   CNC 1   INF   Device started running
2020-02-02 08:03:09.333   CNC 1   INF   Device directory exists
2020-02-02 08:03:09.333   CNC 1   INF   Poweroff -> 0 of 150
2020-02-02 08:03:09.334   CNC 1   INF   Processing takes 106.051µs
2020-02-02 08:03:09.335   CNC 1   INF   Sleeping for 9.999598718s
2020-02-02 08:03:19.339   CNC 1   INF   Device still active
2020-02-02 08:03:19.340   CNC 1   INF   Poweroff -> 1 of 150
2020-02-02 08:03:19.340   CNC 1   INF   Processing takes 1.095384ms
2020-02-02 08:03:19.341   CNC 1   INF   Sleeping for 9.998686291s
2020-02-02 08:03:29.342   CNC 1   INF   Device still active
2020-02-02 08:03:29.342   CNC 1   INF   Poweroff -> 2 of 150
2020-02-02 08:03:29.342   CNC 1   INF   Processing takes 119.186µs
2020-02-02 08:03:29.343   CNC 1   INF   Sleeping for 9.99954716s
2020-02-02 08:03:39.342   CNC 1   INF   Device still active
2020-02-02 08:03:39.342   CNC 1   INF   Poweroff -> 3 of 150
2020-02-02 08:03:39.343   CNC 1   INF   Processing takes 132.999µs
2020-02-02 08:03:39.343   CNC 1   INF   Sleeping for 9.999756695s
2020-02-02 08:03:49.343   CNC 1   INF   Device still active
2020-02-02 08:03:49.343   CNC 1   INF   Poweroff -> 4 of 150
2020-02-02 08:03:49.343   CNC 1   INF   Processing takes 359.675µs
2020-02-02 08:03:49.343   CNC 1   INF   Sleeping for 9.999549948s
2020-02-02 08:03:59.343   CNC 1   INF   Device still active
2020-02-02 08:03:59.343   CNC 1   INF   Poweroff -> 5 of 150
2020-02-02 08:03:59.344   CNC 1   INF   Processing takes 360.85µs
2020-02-02 08:03:59.344   CNC 1   INF   Sleeping for 9.999539595s
2020-02-02 08:04:09.348   CNC 1   INF   Device still active
2020-02-02 08:04:09.348   CNC 1   INF   Poweroff -> 6 of 150
2020-02-02 08:04:09.348   CNC 1   INF   Processing takes 410.351µs
2020-02-02 08:04:09.348   CNC 1   INF   Sleeping for 9.999381908s
2020-02-02 08:04:19.348   CNC 1   INF   Device still active
2020-02-02 08:04:19.348   CNC 1   INF   Poweroff -> 7 of 150
2020-02-02 08:04:19.349   CNC 1   INF   Processing takes 375.014µs
2020-02-02 08:04:19.349   CNC 1   INF   Sleeping for 9.999508126s
2020-02-02 08:04:29.349   CNC 1   INF   Device still active
2020-02-02 08:04:29.349   CNC 1   INF   Poweroff -> 8 of 150
2020-02-02 08:04:29.349   CNC 1   INF   Processing takes 356.839µs
2020-02-02 08:04:29.350   CNC 1   INF   Sleeping for 9.999496099s
2020-02-02 08:04:39.350   CNC 1   INF   Device still active
2020-02-02 08:04:39.350   CNC 1   INF   Poweroff -> 9 of 150
2020-02-02 08:04:39.351   CNC 1   INF   Processing takes 539.2µs
2020-02-02 08:04:39.351   CNC 1   INF   Sleeping for 9.999164091s
2020-02-02 08:04:49.354   CNC 1   INF   Device still active
2020-02-02 08:04:49.354   CNC 1   INF   Poweroff -> 10 of 150
2020-02-02 08:04:49.355   CNC 1   INF   Processing takes 231.185µs
2020-02-02 08:04:49.355   CNC 1   INF   Sleeping for 9.999168296s
2020-02-02 08:04:59.356   CNC 1   INF   Device still active
2020-02-02 08:04:59.356   CNC 1   INF   Poweroff -> 11 of 150
2020-02-02 08:04:59.359   CNC 1   INF   Processing takes 408.789µs
2020-02-02 08:04:59.359   CNC 1   INF   Sleeping for 9.997478871s
2020-02-02 08:05:09.357   CNC 1   INF   Device still active
2020-02-02 08:05:09.357   CNC 1   INF   Poweroff -> 12 of 150
2020-02-02 08:05:09.358   CNC 1   INF   Processing takes 200.554µs
2020-02-02 08:05:09.358   CNC 1   INF   Sleeping for 9.998988693s
2020-02-02 08:05:19.360   CNC 1   INF   Device still active
2020-02-02 08:05:19.361   CNC 1   INF   Poweroff -> 13 of 150
2020-02-02 08:05:19.361   CNC 1   INF   Processing takes 123.421µs
2020-02-02 08:05:19.362   CNC 1   INF   Sleeping for 9.999708701s
2020-02-02 08:05:29.363   CNC 1   INF   Device still active
2020-02-02 08:05:29.366   CNC 1   INF   Poweroff -> 14 of 150
2020-02-02 08:05:29.366   CNC 1   INF   Processing takes 3.274474ms
2020-02-02 08:05:29.367   CNC 1   INF   Sleeping for 9.996026871s
2020-02-02 08:05:39.368   CNC 1   INF   Device still active
2020-02-02 08:05:39.369   CNC 1   INF   Poweroff -> 15 of 150
2020-02-02 08:05:39.369   CNC 1   INF   Processing takes 909.747µs
2020-02-02 08:05:39.370   CNC 1   INF   Sleeping for 9.998543974s
2020-02-02 08:05:49.372   CNC 1   INF   Device still active
2020-02-02 08:05:49.372   CNC 1   INF   Poweroff -> 16 of 150
2020-02-02 08:05:49.373   CNC 1   INF   Processing takes 410.482µs
2020-02-02 08:05:49.373   CNC 1   INF   Sleeping for 9.999137213s
2020-02-02 08:05:59.373   CNC 1   INF   Device still active
2020-02-02 08:05:59.373   CNC 1   INF   Poweroff -> 17 of 150
2020-02-02 08:05:59.373   CNC 1   INF   Processing takes 383.552µs
2020-02-02 08:05:59.374   CNC 1   INF   Sleeping for 9.999348809s
2020-02-02 08:06:09.374   CNC 1   INF   Device still active
2020-02-02 08:06:09.374   CNC 1   INF   Poweroff -> 18 of 150
2020-02-02 08:06:09.374   CNC 1   INF   Processing takes 211.318µs
2020-02-02 08:06:09.375   CNC 1   INF   Sleeping for 9.999555086s
2020-02-02 08:06:19.375   CNC 1   INF   Device still active
2020-02-02 08:06:19.375   CNC 1   INF   Poweroff -> 19 of 150
2020-02-02 08:06:19.375   CNC 1   INF   Processing takes 101.542µs
2020-02-02 08:06:19.375   CNC 1   INF   Sleeping for 9.999550453s
2020-02-02 08:06:29.378   CNC 1   INF   Device still active
2020-02-02 08:06:29.379   CNC 1   INF   Poweroff -> 20 of 150
2020-02-02 08:06:29.379   CNC 1   INF   Processing takes 540.515µs
2020-02-02 08:06:29.379   CNC 1   INF   Sleeping for 9.999361085s
2020-02-02 08:06:39.379   CNC 1   INF   Device still active
2020-02-02 08:06:39.379   CNC 1   INF   Poweroff -> 21 of 150
2020-02-02 08:06:39.379   CNC 1   INF   Processing takes 337.588µs
2020-02-02 08:06:39.380   CNC 1   INF   Sleeping for 9.9994351s
2020-02-02 08:06:49.380   CNC 1   INF   Device still active
2020-02-02 08:06:49.380   CNC 1   INF   Poweroff -> 22 of 150
2020-02-02 08:06:49.381   CNC 1   INF   Processing takes 457.976µs
2020-02-02 08:06:49.381   CNC 1   INF   Sleeping for 9.999393s
2020-02-02 08:06:59.385   CNC 1   INF   Device still active
2020-02-02 08:06:59.385   CNC 1   INF   Poweroff -> 23 of 150
2020-02-02 08:06:59.385   CNC 1   INF   Processing takes 162.02µs
2020-02-02 08:06:59.385   CNC 1   INF   Sleeping for 9.99971124s
2020-02-02 08:07:09.385   CNC 1   INF   Device still active
2020-02-02 08:07:09.385   CNC 1   INF   Poweroff -> 24 of 150
2020-02-02 08:07:09.385   CNC 1   INF   Processing takes 101.255µs
2020-02-02 08:07:09.386   CNC 1   INF   Sleeping for 9.999690061s
2020-02-02 08:07:19.386   CNC 1   INF   Device still active
2020-02-02 08:07:19.387   CNC 1   INF   Poweroff -> 25 of 150
2020-02-02 08:07:19.388   CNC 1   INF   Processing takes 1.660831ms
2020-02-02 08:07:19.390   CNC 1   INF   Sleeping for 9.997796025s
2020-02-02 08:07:29.390   CNC 1   INF   Device still active
2020-02-02 08:07:29.390   CNC 1   INF   Poweroff -> 26 of 150
2020-02-02 08:07:29.390   CNC 1   INF   Processing takes 324.948µs
2020-02-02 08:07:29.391   CNC 1   INF   Sleeping for 9.999581732s
2020-02-02 08:07:39.391   CNC 1   INF   Device still active
2020-02-02 08:07:39.392   CNC 1   INF   Poweroff -> 27 of 150
2020-02-02 08:07:39.393   CNC 1   INF   Processing takes 1.464803ms
2020-02-02 08:07:39.393   CNC 1   INF   Sleeping for 9.998409811s
2020-02-02 08:07:49.393   CNC 1   INF   Device still active
2020-02-02 08:07:49.393   CNC 1   INF   Poweroff -> 28 of 150
2020-02-02 08:07:49.394   CNC 1   INF   Processing takes 409.685µs
2020-02-02 08:07:49.394   CNC 1   INF   Sleeping for 9.999309836s
2020-02-02 08:07:59.395   CNC 1   INF   Device still active
2020-02-02 08:07:59.396   CNC 1   INF   Poweroff -> 29 of 150
2020-02-02 08:07:59.396   CNC 1   INF   Processing takes 427.238µs
2020-02-02 08:07:59.396   CNC 1   INF   Sleeping for 9.999487756s
2020-02-02 08:08:09.400   CNC 1   INF   Device still active
2020-02-02 08:08:09.400   CNC 1   INF   Poweroff -> 30 of 150
2020-02-02 08:08:09.400   CNC 1   INF   Processing takes 144.567µs
2020-02-02 08:08:09.400   CNC 1   INF   Sleeping for 9.999698065s
2020-02-02 08:08:19.400   CNC 1   INF   Device still active
2020-02-02 08:08:19.400   CNC 1   INF   Poweroff -> 31 of 150
2020-02-02 08:08:19.401   CNC 1   INF   Processing takes 101.633µs
2020-02-02 08:08:19.401   CNC 1   INF   Sleeping for 9.99981444s
2020-02-02 08:08:29.401   CNC 1   INF   Device still active
2020-02-02 08:08:29.401   CNC 1   INF   Poweroff -> 32 of 150
2020-02-02 08:08:29.401   CNC 1   INF   Processing takes 102.245µs
2020-02-02 08:08:29.401   CNC 1   INF   Sleeping for 9.999814009s
2020-02-02 08:08:39.405   CNC 1   INF   Device still active
2020-02-02 08:08:39.405   CNC 1   INF   Poweroff -> 33 of 150
2020-02-02 08:08:39.405   CNC 1   INF   Processing takes 261.419µs
2020-02-02 08:08:39.405   CNC 1   INF   Sleeping for 9.999596765s
2020-02-02 08:08:49.408   CNC 1   INF   Device still active
2020-02-02 08:08:49.409   CNC 1   INF   Poweroff -> 34 of 150
2020-02-02 08:08:49.409   CNC 1   INF   Processing takes 380.657µs
2020-02-02 08:08:49.409   CNC 1   INF   Sleeping for 9.999514159s
2020-02-02 08:12:09.380   CNC 1   INF   Device started running
2020-02-02 08:12:09.381   CNC 1   INF   Device directory exists
2020-02-02 08:12:09.381   CNC 1   INF   Poweroff -> 0 of 150
2020-02-02 08:12:09.381   CNC 1   INF   Processing takes 155.77µs
2020-02-02 08:12:09.381   CNC 1   INF   Sleeping for 9.99946614s
2020-02-02 08:12:19.386   CNC 1   INF   Device still active
2020-02-02 08:12:19.388   CNC 1   INF   Poweroff -> 1 of 150
2020-02-02 08:12:19.388   CNC 1   INF   Processing takes 774.757µs
2020-02-02 08:12:19.388   CNC 1   INF   Sleeping for 9.998668766s
2020-02-02 08:12:29.393   CNC 1   INF   Device still active
2020-02-02 08:12:29.393   CNC 1   INF   Poweroff -> 2 of 150
2020-02-02 08:12:29.393   CNC 1   INF   Processing takes 160.505µs
2020-02-02 08:12:29.393   CNC 1   INF   Sleeping for 9.999735184s
2020-02-02 08:12:39.397   CNC 1   INF   Device still active
2020-02-02 08:12:39.397   CNC 1   INF   Poweroff -> 3 of 150
2020-02-02 08:12:39.397   CNC 1   INF   Processing takes 179.04µs
2020-02-02 08:12:39.397   CNC 1   INF   Sleeping for 9.999583335s
2020-02-02 08:12:49.401   CNC 1   INF   Device still active
2020-02-02 08:12:49.401   CNC 1   INF   Poweroff -> 4 of 150
2020-02-02 08:12:49.401   CNC 1   INF   Processing takes 227.952µs
2020-02-02 08:12:49.401   CNC 1   INF   Sleeping for 9.999629925s
2020-02-02 08:12:59.403   CNC 1   INF   Device still active
2020-02-02 08:12:59.404   CNC 1   INF   Poweroff -> 5 of 150
2020-02-02 08:12:59.404   CNC 1   INF   Processing takes 948.556µs
2020-02-02 08:12:59.404   CNC 1   INF   Sleeping for 9.998835225s
2020-02-02 08:13:09.407   CNC 1   INF   Device still active
2020-02-02 08:13:09.407   CNC 1   INF   Poweroff -> 6 of 150
2020-02-02 08:13:09.408   CNC 1   INF   Processing takes 844.821µs
2020-02-02 08:13:09.408   CNC 1   INF   Sleeping for 9.998639874s
2020-02-02 08:13:19.411   CNC 1   INF   Device still active
2020-02-02 08:13:19.412   CNC 1   INF   Poweroff -> 7 of 150
2020-02-02 08:13:19.412   CNC 1   INF   Processing takes 338.273µs
2020-02-02 08:13:19.412   CNC 1   INF   Sleeping for 9.999169141s
2020-02-02 08:13:29.414   CNC 1   INF   Device still active
2020-02-02 08:13:29.415   CNC 1   INF   Poweroff -> 8 of 150
2020-02-02 08:13:29.415   CNC 1   INF   Processing takes 546.155µs
2020-02-02 08:13:29.415   CNC 1   INF   Sleeping for 9.999162994s
2020-02-02 08:13:39.415   CNC 1   INF   Device still active
2020-02-02 08:13:39.416   CNC 1   INF   Poweroff -> 9 of 150
2020-02-02 08:13:39.416   CNC 1   INF   Processing takes 334.965µs
2020-02-02 08:13:39.416   CNC 1   INF   Sleeping for 9.999554577s
2020-02-02 08:13:49.417   CNC 1   INF   Device still active
2020-02-02 08:13:49.419   CNC 1   INF   Poweroff -> 10 of 150
2020-02-02 08:13:49.419   CNC 1   INF   Processing takes 1.380802ms
2020-02-02 08:13:49.420   CNC 1   INF   Sleeping for 9.998374452s
2020-02-02 08:13:59.421   CNC 1   INF   Device still active
2020-02-02 08:13:59.422   CNC 1   INF   Poweroff -> 11 of 150
2020-02-02 08:13:59.422   CNC 1   INF   Processing takes 456.807µs
2020-02-02 08:13:59.422   CNC 1   INF   Sleeping for 9.999369738s
2020-02-02 08:14:09.422   CNC 1   INF   Device still active
2020-02-02 08:14:09.422   CNC 1   INF   Poweroff -> 12 of 150
2020-02-02 08:14:09.423   CNC 1   INF   Processing takes 596.634µs
2020-02-02 08:14:09.423   CNC 1   INF   Sleeping for 9.998979478s
2020-02-02 08:14:19.429   CNC 1   INF   Device still active
2020-02-02 08:14:19.429   CNC 1   INF   Poweroff -> 13 of 150
2020-02-02 08:14:19.430   CNC 1   INF   Processing takes 642.334µs
2020-02-02 08:14:19.430   CNC 1   INF   Sleeping for 9.998740101s
2020-02-02 08:14:29.429   CNC 1   INF   Device still active
2020-02-02 08:14:29.430   CNC 1   INF   Poweroff -> 14 of 150
2020-02-02 08:14:29.430   CNC 1   INF   Processing takes 530.689µs
2020-02-02 08:14:29.431   CNC 1   INF   Sleeping for 9.999170937s
