2019-12-30 08:58:50.667   CNC 19   INF   Device created
2019-12-30 09:01:29.357   CNC 19   INF   Device created
2019-12-30 09:03:15.044   CNC 19   INF   Device created
2019-12-30 09:05:44.493   CNC 19   INF   Device created
2019-12-30 09:07:13.187   CNC 19   INF   Device created
2019-12-30 09:08:30.664   CNC 19   INF   Device created
2019-12-30 09:11:46.713   CNC 19   INF   Workplace created
2019-12-30 09:11:46.740   CNC 19   INF   Production workplace port created
2019-12-30 09:11:46.741   CNC 19   INF   Amperafe workplace port created
2019-12-30 09:11:46.943   CNC 19   INF   Device created
2019-12-30 09:11:46.948   CNC 19   INF   Digital port created
2019-12-30 09:11:46.951   CNC 19   INF   Analog port created
2019-12-30 09:21:45.541   CNC 19   INF   Device started running
2019-12-30 09:21:45.541   CNC 19   WRN   Device directory not exist, creating
2019-12-30 09:21:45.542   CNC 19   INF   Device directory created
2019-12-30 09:21:45.542   CNC 19   INF   Downtime -> 0 of 150
2019-12-30 09:21:45.605   CNC 19   INF   Processing takes 62.967684ms
2019-12-30 09:21:45.605   CNC 19   INF   Sleeping for 9.936820892s
2019-12-30 09:25:13.259   CNC 19   INF   Device started running
2019-12-30 09:25:13.259   CNC 19   INF   Device directory exists
2019-12-30 09:25:13.260   CNC 19   INF   Downtime -> 0 of 150
2019-12-30 09:25:13.368   CNC 19   INF   Processing takes 108.613753ms
2019-12-30 09:25:13.369   CNC 19   INF   Sleeping for 9.890738979s
2019-12-30 09:25:23.260   CNC 19   INF   Device still active
2019-12-30 09:25:23.261   CNC 19   INF   Downtime -> 1 of 150
2019-12-30 09:25:23.337   CNC 19   INF   Processing takes 76.023978ms
2019-12-30 09:25:23.337   CNC 19   INF   Sleeping for 9.923764024s
2019-12-30 09:25:33.261   CNC 19   INF   Device still active
2019-12-30 09:25:33.261   CNC 19   INF   Downtime -> 2 of 150
2019-12-30 09:25:33.339   CNC 19   INF   Processing takes 77.889724ms
2019-12-30 09:25:33.339   CNC 19   INF   Sleeping for 9.92199319s
2019-12-30 09:26:12.802   CNC 19   INF   Device started running
2019-12-30 09:26:12.802   CNC 19   INF   Device directory exists
2019-12-30 09:26:12.802   CNC 19   INF   Offline -> 0 of 150
2019-12-30 09:26:12.802   CNC 19   INF   Processing takes 332.893µs
2019-12-30 09:26:12.802   CNC 19   INF   Sleeping for 9.999570372s
2019-12-30 09:26:22.802   CNC 19   INF   Device still active
2019-12-30 09:26:22.802   CNC 19   INF   Offline -> 1 of 150
2019-12-30 09:26:22.803   CNC 19   INF   Processing takes 327.918µs
2019-12-30 09:26:22.803   CNC 19   INF   Sleeping for 9.999480546s
2019-12-30 09:26:32.803   CNC 19   INF   Device still active
2019-12-30 09:26:32.803   CNC 19   INF   Offline -> 2 of 150
2019-12-30 09:26:32.804   CNC 19   INF   Processing takes 478.671µs
2019-12-30 09:26:32.804   CNC 19   INF   Sleeping for 9.998896856s
2019-12-30 09:26:42.806   CNC 19   INF   Device still active
2019-12-30 09:26:42.806   CNC 19   INF   Offline -> 3 of 150
2019-12-30 09:26:42.806   CNC 19   INF   Processing takes 301.113µs
2019-12-30 09:26:42.807   CNC 19   INF   Sleeping for 9.999413341s
2019-12-30 09:26:52.806   CNC 19   INF   Device still active
2019-12-30 09:26:52.806   CNC 19   INF   Offline -> 4 of 150
2019-12-30 09:26:52.806   CNC 19   INF   Processing takes 116.126µs
2019-12-30 09:26:52.807   CNC 19   INF   Sleeping for 9.999783611s
2019-12-30 09:27:02.807   CNC 19   INF   Device still active
2019-12-30 09:27:02.807   CNC 19   INF   Offline -> 5 of 150
2019-12-30 09:27:02.808   CNC 19   INF   Processing takes 299.014µs
2019-12-30 09:27:02.808   CNC 19   INF   Sleeping for 9.999389491s
2019-12-30 09:27:12.808   CNC 19   INF   Device still active
2019-12-30 09:27:12.809   CNC 19   INF   Offline -> 6 of 150
2019-12-30 09:27:12.809   CNC 19   INF   Processing takes 389.548µs
2019-12-30 09:27:12.809   CNC 19   INF   Sleeping for 9.998985133s
2019-12-30 09:27:22.809   CNC 19   INF   Device still active
2019-12-30 09:27:22.809   CNC 19   INF   Offline -> 7 of 150
2019-12-30 09:27:22.810   CNC 19   INF   Processing takes 304.462µs
2019-12-30 09:27:22.810   CNC 19   INF   Sleeping for 9.999398407s
2019-12-30 09:27:32.809   CNC 19   INF   Device still active
2019-12-30 09:27:32.810   CNC 19   INF   Offline -> 8 of 150
2019-12-30 09:27:32.810   CNC 19   INF   Processing takes 366.086µs
2019-12-30 09:27:32.810   CNC 19   INF   Sleeping for 9.999464255s
2019-12-30 09:27:42.815   CNC 19   INF   Device still active
2019-12-30 09:27:42.816   CNC 19   INF   Offline -> 9 of 150
2019-12-30 09:27:42.816   CNC 19   INF   Processing takes 1.066271ms
2019-12-30 09:27:42.817   CNC 19   INF   Sleeping for 9.998818142s
2019-12-30 09:27:52.821   CNC 19   INF   Device still active
2019-12-30 09:27:52.821   CNC 19   INF   Offline -> 10 of 150
2019-12-30 09:27:52.822   CNC 19   INF   Processing takes 539.673µs
2019-12-30 09:27:52.823   CNC 19   INF   Sleeping for 9.998250052s
2019-12-30 09:28:02.826   CNC 19   INF   Device still active
2019-12-30 09:28:02.826   CNC 19   INF   Offline -> 11 of 150
2019-12-30 09:28:02.827   CNC 19   INF   Processing takes 179.629µs
2019-12-30 09:28:02.827   CNC 19   INF   Sleeping for 9.999070989s
2019-12-30 09:28:12.828   CNC 19   INF   Device still active
2019-12-30 09:28:12.828   CNC 19   INF   Offline -> 12 of 150
2019-12-30 09:28:12.829   CNC 19   INF   Processing takes 80.819µs
2019-12-30 09:28:12.829   CNC 19   INF   Sleeping for 9.998780751s
2019-12-30 09:28:22.829   CNC 19   INF   Device still active
2019-12-30 09:28:22.830   CNC 19   INF   Offline -> 13 of 150
2019-12-30 09:28:22.830   CNC 19   INF   Processing takes 931.242µs
2019-12-30 09:28:22.831   CNC 19   INF   Sleeping for 9.998612615s
2019-12-30 09:28:32.832   CNC 19   INF   Device still active
2019-12-30 09:28:32.832   CNC 19   INF   Offline -> 14 of 150
2019-12-30 09:28:32.833   CNC 19   INF   Processing takes 293.644µs
2019-12-30 09:28:32.833   CNC 19   INF   Sleeping for 9.999341103s
2019-12-30 09:28:42.832   CNC 19   INF   Device still active
2019-12-30 09:28:42.832   CNC 19   INF   Offline -> 15 of 150
2019-12-30 09:28:42.833   CNC 19   INF   Processing takes 318.207µs
2019-12-30 09:28:42.833   CNC 19   INF   Sleeping for 9.999465983s
2019-12-30 09:28:52.834   CNC 19   INF   Device still active
2019-12-30 09:28:52.834   CNC 19   INF   Offline -> 16 of 150
2019-12-30 09:28:52.834   CNC 19   INF   Processing takes 383.984µs
2019-12-30 09:28:52.834   CNC 19   INF   Sleeping for 9.999495356s
2019-12-30 09:29:02.834   CNC 19   INF   Device still active
2019-12-30 09:29:02.834   CNC 19   INF   Offline -> 17 of 150
2019-12-30 09:29:02.835   CNC 19   INF   Processing takes 340.42µs
2019-12-30 09:29:02.835   CNC 19   INF   Sleeping for 9.999316871s
2019-12-30 09:29:12.836   CNC 19   INF   Device still active
2019-12-30 09:29:12.836   CNC 19   INF   Offline -> 18 of 150
2019-12-30 09:29:12.836   CNC 19   INF   Processing takes 104.845µs
2019-12-30 09:29:12.836   CNC 19   INF   Sleeping for 9.999790412s
2019-12-30 09:29:22.836   CNC 19   INF   Device still active
2019-12-30 09:29:22.836   CNC 19   INF   Offline -> 19 of 150
2019-12-30 09:29:22.837   CNC 19   INF   Processing takes 154.581µs
2019-12-30 09:29:22.837   CNC 19   INF   Sleeping for 9.999739536s
2019-12-30 09:29:32.841   CNC 19   INF   Device still active
2019-12-30 09:29:32.841   CNC 19   INF   Offline -> 20 of 150
2019-12-30 09:29:32.842   CNC 19   INF   Processing takes 135.589µs
2019-12-30 09:29:32.842   CNC 19   INF   Sleeping for 9.99971115s
2019-12-30 09:29:42.842   CNC 19   INF   Device still active
2019-12-30 09:29:42.842   CNC 19   INF   Offline -> 21 of 150
2019-12-30 09:29:42.842   CNC 19   INF   Processing takes 101.964µs
2019-12-30 09:29:42.842   CNC 19   INF   Sleeping for 9.999804805s
2019-12-30 09:29:52.842   CNC 19   INF   Device still active
2019-12-30 09:29:52.842   CNC 19   INF   Offline -> 22 of 150
2019-12-30 09:29:52.842   CNC 19   INF   Processing takes 81.151µs
2019-12-30 09:29:52.842   CNC 19   INF   Sleeping for 9.999805912s
2019-12-30 09:30:02.843   CNC 19   INF   Device still active
2019-12-30 09:30:02.843   CNC 19   INF   Offline -> 23 of 150
2019-12-30 09:30:02.844   CNC 19   INF   Processing takes 455.722µs
2019-12-30 09:30:02.844   CNC 19   INF   Sleeping for 9.999304955s
2019-12-30 09:30:12.848   CNC 19   INF   Device still active
2019-12-30 09:30:12.848   CNC 19   INF   Offline -> 24 of 150
2019-12-30 09:30:12.848   CNC 19   INF   Processing takes 97.059µs
2019-12-30 09:30:12.848   CNC 19   INF   Sleeping for 9.999820412s
2019-12-30 09:30:22.852   CNC 19   INF   Device still active
2019-12-30 09:30:22.852   CNC 19   INF   Offline -> 25 of 150
2019-12-30 09:30:22.852   CNC 19   INF   Processing takes 134.167µs
2019-12-30 09:30:22.852   CNC 19   INF   Sleeping for 9.999668297s
2019-12-30 09:30:32.852   CNC 19   INF   Device still active
2019-12-30 09:30:32.852   CNC 19   INF   Offline -> 26 of 150
2019-12-30 09:30:32.852   CNC 19   INF   Processing takes 78.261µs
2019-12-30 09:30:32.853   CNC 19   INF   Sleeping for 9.999828107s
2019-12-30 09:30:42.853   CNC 19   INF   Device still active
2019-12-30 09:30:42.853   CNC 19   INF   Offline -> 27 of 150
2019-12-30 09:30:42.853   CNC 19   INF   Processing takes 92.867µs
2019-12-30 09:30:42.853   CNC 19   INF   Sleeping for 9.999836423s
2019-12-30 09:30:52.853   CNC 19   INF   Device still active
2019-12-30 09:30:52.853   CNC 19   INF   Offline -> 28 of 150
2019-12-30 09:30:52.854   CNC 19   INF   Processing takes 189.909µs
2019-12-30 09:30:52.854   CNC 19   INF   Sleeping for 9.999696017s
2019-12-30 09:31:02.854   CNC 19   INF   Device still active
2019-12-30 09:31:02.854   CNC 19   INF   Offline -> 29 of 150
2019-12-30 09:31:02.854   CNC 19   INF   Processing takes 143.686µs
2019-12-30 09:31:02.855   CNC 19   INF   Sleeping for 9.999715043s
2019-12-30 09:31:12.855   CNC 19   INF   Device still active
2019-12-30 09:31:12.855   CNC 19   INF   Offline -> 30 of 150
2019-12-30 09:31:12.855   CNC 19   INF   Processing takes 98.08µs
2019-12-30 09:31:12.855   CNC 19   INF   Sleeping for 9.999699816s
2019-12-30 09:31:22.855   CNC 19   INF   Device still active
2019-12-30 09:31:22.855   CNC 19   INF   Offline -> 31 of 150
2019-12-30 09:31:22.855   CNC 19   INF   Processing takes 102.208µs
2019-12-30 09:31:22.855   CNC 19   INF   Sleeping for 9.999794204s
2019-12-30 09:31:32.856   CNC 19   INF   Device still active
2019-12-30 09:31:32.856   CNC 19   INF   Offline -> 32 of 150
2019-12-30 09:31:32.857   CNC 19   INF   Processing takes 286.022µs
2019-12-30 09:31:32.858   CNC 19   INF   Sleeping for 9.999225112s
2019-12-30 09:31:42.857   CNC 19   INF   Device still active
2019-12-30 09:31:42.857   CNC 19   INF   Offline -> 33 of 150
2019-12-30 09:31:42.857   CNC 19   INF   Processing takes 287.325µs
2019-12-30 09:31:42.858   CNC 19   INF   Sleeping for 9.999633635s
2019-12-30 09:31:52.860   CNC 19   INF   Device still active
2019-12-30 09:31:52.860   CNC 19   INF   Offline -> 34 of 150
2019-12-30 09:31:52.860   CNC 19   INF   Processing takes 139.861µs
2019-12-30 09:31:52.860   CNC 19   INF   Sleeping for 9.999703261s
2019-12-30 09:32:02.864   CNC 19   INF   Device still active
2019-12-30 09:32:02.864   CNC 19   INF   Offline -> 35 of 150
2019-12-30 09:32:02.864   CNC 19   INF   Processing takes 181.158µs
2019-12-30 09:32:02.864   CNC 19   INF   Sleeping for 9.999669573s
2019-12-30 09:32:12.866   CNC 19   INF   Device still active
2019-12-30 09:32:12.866   CNC 19   INF   Offline -> 36 of 150
2019-12-30 09:32:12.866   CNC 19   INF   Processing takes 176.448µs
2019-12-30 09:32:12.866   CNC 19   INF   Sleeping for 9.999664883s
2019-12-30 09:32:22.867   CNC 19   INF   Device still active
2019-12-30 09:32:22.868   CNC 19   INF   Offline -> 37 of 150
2019-12-30 09:32:22.868   CNC 19   INF   Processing takes 386.085µs
2019-12-30 09:32:22.868   CNC 19   INF   Sleeping for 9.999480534s
2019-12-30 09:32:32.871   CNC 19   INF   Device still active
2019-12-30 09:32:32.871   CNC 19   INF   Offline -> 38 of 150
2019-12-30 09:32:32.871   CNC 19   INF   Processing takes 424.229µs
2019-12-30 09:32:32.871   CNC 19   INF   Sleeping for 9.99941689s
2019-12-30 09:32:42.872   CNC 19   INF   Device still active
2019-12-30 09:32:42.872   CNC 19   INF   Offline -> 39 of 150
2019-12-30 09:32:42.873   CNC 19   INF   Processing takes 417.806µs
2019-12-30 09:32:42.873   CNC 19   INF   Sleeping for 9.998970043s
2019-12-30 09:32:52.875   CNC 19   INF   Device still active
2019-12-30 09:32:52.876   CNC 19   INF   Offline -> 40 of 150
2019-12-30 09:32:52.876   CNC 19   INF   Processing takes 287.965µs
2019-12-30 09:32:52.876   CNC 19   INF   Sleeping for 9.999522134s
2019-12-30 09:33:02.877   CNC 19   INF   Device still active
2019-12-30 09:33:02.878   CNC 19   INF   Offline -> 41 of 150
2019-12-30 09:33:02.878   CNC 19   INF   Processing takes 378.605µs
2019-12-30 09:33:02.878   CNC 19   INF   Sleeping for 9.999293307s
2019-12-30 09:33:12.879   CNC 19   INF   Device still active
2019-12-30 09:33:12.879   CNC 19   INF   Offline -> 42 of 150
2019-12-30 09:33:12.880   CNC 19   INF   Processing takes 325.998µs
2019-12-30 09:33:12.880   CNC 19   INF   Sleeping for 9.999521566s
2019-12-30 09:33:22.880   CNC 19   INF   Device still active
2019-12-30 09:33:22.880   CNC 19   INF   Offline -> 43 of 150
2019-12-30 09:33:22.881   CNC 19   INF   Processing takes 476.466µs
2019-12-30 09:33:22.881   CNC 19   INF   Sleeping for 9.999086934s
2019-12-30 09:33:32.881   CNC 19   INF   Device still active
2019-12-30 09:33:32.881   CNC 19   INF   Offline -> 44 of 150
2019-12-30 09:33:32.882   CNC 19   INF   Processing takes 347.8µs
2019-12-30 09:33:32.882   CNC 19   INF   Sleeping for 9.999497254s
2019-12-30 09:33:42.885   CNC 19   INF   Device still active
2019-12-30 09:33:42.885   CNC 19   INF   Offline -> 45 of 150
2019-12-30 09:33:42.885   CNC 19   INF   Processing takes 445.956µs
2019-12-30 09:33:42.886   CNC 19   INF   Sleeping for 9.999168394s
2019-12-30 09:33:52.886   CNC 19   INF   Device still active
2019-12-30 09:33:52.889   CNC 19   INF   Offline -> 46 of 150
2019-12-30 09:33:52.890   CNC 19   INF   Processing takes 1.10729ms
2019-12-30 09:33:52.890   CNC 19   INF   Sleeping for 9.997749379s
2019-12-30 09:34:02.890   CNC 19   INF   Device still active
2019-12-30 09:34:02.891   CNC 19   INF   Offline -> 47 of 150
2019-12-30 09:34:02.891   CNC 19   INF   Processing takes 142.363µs
2019-12-30 09:34:02.891   CNC 19   INF   Sleeping for 9.999738663s
2019-12-30 09:34:12.891   CNC 19   INF   Device still active
2019-12-30 09:34:12.891   CNC 19   INF   Offline -> 48 of 150
2019-12-30 09:34:12.891   CNC 19   INF   Processing takes 192.585µs
2019-12-30 09:34:12.891   CNC 19   INF   Sleeping for 9.99964995s
2019-12-30 09:34:22.891   CNC 19   INF   Device still active
2019-12-30 09:34:22.891   CNC 19   INF   Offline -> 49 of 150
2019-12-30 09:34:22.891   CNC 19   INF   Processing takes 127.319µs
2019-12-30 09:34:22.892   CNC 19   INF   Sleeping for 9.999767365s
2019-12-30 09:34:33.296   CNC 19   INF   Device still active
2019-12-30 09:34:33.296   CNC 19   INF   Offline -> 50 of 150
2019-12-30 09:34:33.296   CNC 19   INF   Processing takes 226.363µs
2019-12-30 09:34:33.296   CNC 19   INF   Sleeping for 9.999432281s
2019-12-30 09:34:43.298   CNC 19   INF   Device still active
2019-12-30 09:34:43.298   CNC 19   INF   Offline -> 51 of 150
2019-12-30 09:34:43.298   CNC 19   INF   Processing takes 317.015µs
2019-12-30 09:34:43.298   CNC 19   INF   Sleeping for 9.999329943s
2019-12-30 09:34:53.302   CNC 19   INF   Device still active
2019-12-30 09:34:53.302   CNC 19   INF   Offline -> 52 of 150
2019-12-30 09:34:53.302   CNC 19   INF   Processing takes 122.358µs
2019-12-30 09:34:53.303   CNC 19   INF   Sleeping for 9.999751943s
2019-12-30 09:35:03.304   CNC 19   INF   Device still active
2019-12-30 09:35:03.305   CNC 19   INF   Offline -> 53 of 150
2019-12-30 09:35:03.305   CNC 19   INF   Processing takes 457.154µs
2019-12-30 09:35:03.305   CNC 19   INF   Sleeping for 9.999291535s
2019-12-30 09:35:13.310   CNC 19   INF   Device still active
2019-12-30 09:35:13.311   CNC 19   INF   Offline -> 54 of 150
2019-12-30 09:35:13.311   CNC 19   INF   Processing takes 1.059935ms
2019-12-30 09:35:13.311   CNC 19   INF   Sleeping for 9.998608494s
2019-12-30 09:35:23.314   CNC 19   INF   Device still active
2019-12-30 09:35:23.314   CNC 19   INF   Offline -> 55 of 150
2019-12-30 09:35:23.315   CNC 19   INF   Processing takes 607.2µs
2019-12-30 09:35:23.315   CNC 19   INF   Sleeping for 9.998382923s
2019-12-30 09:35:33.315   CNC 19   INF   Device still active
2019-12-30 09:35:33.315   CNC 19   INF   Offline -> 56 of 150
2019-12-30 09:35:33.315   CNC 19   INF   Processing takes 101.603µs
2019-12-30 09:35:33.315   CNC 19   INF   Sleeping for 9.99981816s
2019-12-30 09:35:43.319   CNC 19   INF   Device still active
2019-12-30 09:35:43.319   CNC 19   INF   Offline -> 57 of 150
2019-12-30 09:35:43.319   CNC 19   INF   Processing takes 275.402µs
2019-12-30 09:35:43.319   CNC 19   INF   Sleeping for 9.999440799s
2019-12-30 09:35:53.322   CNC 19   INF   Device still active
2019-12-30 09:35:53.322   CNC 19   INF   Offline -> 58 of 150
2019-12-30 09:35:53.322   CNC 19   INF   Processing takes 341.167µs
2019-12-30 09:35:53.323   CNC 19   INF   Sleeping for 9.999398763s
2019-12-30 09:36:03.326   CNC 19   INF   Device still active
2019-12-30 09:36:03.326   CNC 19   INF   Offline -> 59 of 150
2019-12-30 09:36:03.326   CNC 19   INF   Processing takes 270.513µs
2019-12-30 09:36:03.327   CNC 19   INF   Sleeping for 9.999310358s
2019-12-30 09:36:13.327   CNC 19   INF   Device still active
2019-12-30 09:36:13.327   CNC 19   INF   Offline -> 60 of 150
2019-12-30 09:36:13.328   CNC 19   INF   Processing takes 236.646µs
2019-12-30 09:36:13.328   CNC 19   INF   Sleeping for 9.999531352s
2019-12-30 09:36:23.331   CNC 19   INF   Device still active
2019-12-30 09:36:23.332   CNC 19   INF   Offline -> 61 of 150
2019-12-30 09:36:23.332   CNC 19   INF   Processing takes 311.085µs
2019-12-30 09:36:23.332   CNC 19   INF   Sleeping for 9.999491935s
2019-12-30 09:36:33.337   CNC 19   INF   Device still active
2019-12-30 09:36:33.338   CNC 19   INF   Offline -> 62 of 150
2019-12-30 09:36:33.338   CNC 19   INF   Processing takes 621.608µs
2019-12-30 09:36:33.338   CNC 19   INF   Sleeping for 9.999088331s
2019-12-30 09:36:43.340   CNC 19   INF   Device still active
2019-12-30 09:36:43.340   CNC 19   INF   Offline -> 63 of 150
2019-12-30 09:36:43.341   CNC 19   INF   Processing takes 401.017µs
2019-12-30 09:36:43.341   CNC 19   INF   Sleeping for 9.99928766s
2019-12-30 09:36:53.346   CNC 19   INF   Device still active
2019-12-30 09:36:53.346   CNC 19   INF   Offline -> 64 of 150
2019-12-30 09:36:53.346   CNC 19   INF   Processing takes 487.646µs
2019-12-30 09:36:53.347   CNC 19   INF   Sleeping for 9.999167648s
2019-12-30 09:37:03.346   CNC 19   INF   Device still active
2019-12-30 09:37:03.347   CNC 19   INF   Offline -> 65 of 150
2019-12-30 09:37:03.347   CNC 19   INF   Processing takes 300.096µs
2019-12-30 09:37:03.347   CNC 19   INF   Sleeping for 9.999589048s
2019-12-30 09:37:13.350   CNC 19   INF   Device still active
2019-12-30 09:37:13.350   CNC 19   INF   Offline -> 66 of 150
2019-12-30 09:37:13.351   CNC 19   INF   Processing takes 700.493µs
2019-12-30 09:37:13.352   CNC 19   INF   Sleeping for 9.998278325s
2019-12-30 09:37:23.351   CNC 19   INF   Device still active
2019-12-30 09:37:23.351   CNC 19   INF   Offline -> 67 of 150
2019-12-30 09:37:23.352   CNC 19   INF   Processing takes 390.215µs
2019-12-30 09:37:23.352   CNC 19   INF   Sleeping for 9.999365065s
2019-12-30 09:38:59.951   CNC 19   INF   Device started running
2019-12-30 09:38:59.951   CNC 19   INF   Device directory exists
2019-12-30 09:38:59.952   CNC 19   INF   Downtime -> 0 of 150
2019-12-30 09:38:59.990   CNC 19   INF   Processing takes 38.198133ms
2019-12-30 09:38:59.990   CNC 19   INF   Sleeping for 9.961653603s
2019-12-30 09:39:09.953   CNC 19   INF   Device still active
2019-12-30 09:39:09.953   CNC 19   INF   Downtime -> 1 of 150
2019-12-30 09:39:10.003   CNC 19   INF   Processing takes 50.15253ms
2019-12-30 09:39:10.003   CNC 19   INF   Sleeping for 9.949749823s
2019-12-30 09:39:19.958   CNC 19   INF   Device still active
2019-12-30 09:39:19.958   CNC 19   INF   Downtime -> 2 of 150
2019-12-30 09:39:19.988   CNC 19   INF   Processing takes 29.276298ms
2019-12-30 09:39:19.988   CNC 19   INF   Sleeping for 9.970613352s
2019-12-30 09:39:29.963   CNC 19   INF   Device still active
2019-12-30 09:39:29.964   CNC 19   INF   Downtime -> 3 of 150
2019-12-30 09:39:30.012   CNC 19   INF   Processing takes 47.875895ms
2019-12-30 09:39:30.012   CNC 19   INF   Sleeping for 9.952028156s
2019-12-30 09:39:39.964   CNC 19   INF   Device still active
2019-12-30 09:39:39.964   CNC 19   INF   Downtime -> 4 of 150
2019-12-30 09:39:40.013   CNC 19   INF   Processing takes 48.531753ms
2019-12-30 09:39:40.013   CNC 19   INF   Sleeping for 9.951210356s
2019-12-30 09:39:49.967   CNC 19   INF   Device still active
2019-12-30 09:39:49.968   CNC 19   INF   Downtime -> 5 of 150
2019-12-30 09:39:50.027   CNC 19   INF   Processing takes 59.233337ms
2019-12-30 09:39:50.027   CNC 19   INF   Sleeping for 9.940670115s
2019-12-30 09:39:59.970   CNC 19   INF   Device still active
2019-12-30 09:39:59.970   CNC 19   INF   Downtime -> 6 of 150
2019-12-30 09:40:00.012   CNC 19   INF   Processing takes 41.958586ms
2019-12-30 09:40:00.012   CNC 19   INF   Sleeping for 9.957939083s
2019-12-30 09:40:09.970   CNC 19   INF   Device still active
2019-12-30 09:40:09.970   CNC 19   INF   Downtime -> 7 of 150
2019-12-30 09:40:10.028   CNC 19   INF   Processing takes 57.725905ms
2019-12-30 09:40:10.028   CNC 19   INF   Sleeping for 9.941989975s
2019-12-30 09:40:19.975   CNC 19   INF   Device still active
2019-12-30 09:40:19.975   CNC 19   INF   Downtime -> 8 of 150
2019-12-30 09:40:20.006   CNC 19   INF   Processing takes 31.444827ms
2019-12-30 09:40:20.007   CNC 19   INF   Sleeping for 9.968270397s
2019-12-30 09:40:29.976   CNC 19   INF   Device still active
2019-12-30 09:40:29.976   CNC 19   INF   Downtime -> 9 of 150
2019-12-30 09:40:30.018   CNC 19   INF   Processing takes 41.403582ms
2019-12-30 09:40:30.018   CNC 19   INF   Sleeping for 9.958449709s
2019-12-30 09:40:39.979   CNC 19   INF   Device still active
2019-12-30 09:40:39.980   CNC 19   INF   Downtime -> 10 of 150
2019-12-30 09:40:40.004   CNC 19   INF   Processing takes 24.928838ms
2019-12-30 09:40:40.004   CNC 19   INF   Sleeping for 9.974920494s
2019-12-30 09:40:49.986   CNC 19   INF   Device still active
2019-12-30 09:40:49.986   CNC 19   INF   Downtime -> 11 of 150
2019-12-30 09:40:50.131   CNC 19   INF   Processing takes 145.000559ms
2019-12-30 09:40:50.131   CNC 19   INF   Sleeping for 9.854831987s
2019-12-30 09:40:59.986   CNC 19   INF   Device still active
2019-12-30 09:40:59.986   CNC 19   INF   Downtime -> 12 of 150
2019-12-30 09:41:00.010   CNC 19   INF   Processing takes 23.542562ms
2019-12-30 09:41:00.010   CNC 19   INF   Sleeping for 9.97630702s
2019-12-30 09:41:09.987   CNC 19   INF   Device still active
2019-12-30 09:41:09.987   CNC 19   INF   Downtime -> 13 of 150
2019-12-30 09:41:10.031   CNC 19   INF   Processing takes 43.735845ms
2019-12-30 09:41:10.031   CNC 19   INF   Sleeping for 9.956051726s
2019-12-30 09:41:19.987   CNC 19   INF   Device still active
2019-12-30 09:41:19.987   CNC 19   INF   Downtime -> 14 of 150
2019-12-30 09:41:20.044   CNC 19   INF   Processing takes 56.64959ms
2019-12-30 09:41:20.044   CNC 19   INF   Sleeping for 9.943163841s
2019-12-30 09:41:29.988   CNC 19   INF   Device still active
2019-12-30 09:41:29.988   CNC 19   INF   Downtime -> 15 of 150
2019-12-30 09:41:30.018   CNC 19   INF   Processing takes 30.429269ms
2019-12-30 09:41:30.018   CNC 19   INF   Sleeping for 9.969396797s
2019-12-30 09:41:39.988   CNC 19   INF   Device still active
2019-12-30 09:41:39.988   CNC 19   INF   Downtime -> 16 of 150
2019-12-30 09:41:40.029   CNC 19   INF   Processing takes 40.735614ms
2019-12-30 09:41:40.029   CNC 19   INF   Sleeping for 9.959119716s
2019-12-30 09:41:49.989   CNC 19   INF   Device still active
2019-12-30 09:41:49.989   CNC 19   INF   Downtime -> 17 of 150
2019-12-30 09:41:50.018   CNC 19   INF   Processing takes 27.927108ms
2019-12-30 09:41:50.018   CNC 19   INF   Sleeping for 9.971089101s
2019-12-30 09:41:59.990   CNC 19   INF   Device still active
2019-12-30 09:41:59.991   CNC 19   INF   Downtime -> 18 of 150
2019-12-30 09:42:00.024   CNC 19   INF   Processing takes 33.821263ms
2019-12-30 09:42:00.024   CNC 19   INF   Sleeping for 9.966021448s
2019-12-30 09:42:09.993   CNC 19   INF   Device still active
2019-12-30 09:42:09.993   CNC 19   INF   Downtime -> 19 of 150
2019-12-30 09:42:10.025   CNC 19   INF   Processing takes 31.720502ms
2019-12-30 09:42:10.025   CNC 19   INF   Sleeping for 9.968140062s
2019-12-30 09:42:19.996   CNC 19   INF   Device still active
2019-12-30 09:42:19.997   CNC 19   INF   Downtime -> 20 of 150
2019-12-30 09:42:20.031   CNC 19   INF   Processing takes 34.582385ms
2019-12-30 09:42:20.031   CNC 19   INF   Sleeping for 9.965193284s
2019-12-30 09:42:30.002   CNC 19   INF   Device still active
2019-12-30 09:42:30.002   CNC 19   INF   Downtime -> 21 of 150
2019-12-30 09:42:30.034   CNC 19   INF   Processing takes 31.74096ms
2019-12-30 09:42:30.034   CNC 19   INF   Sleeping for 9.968151092s
2019-12-30 09:42:40.003   CNC 19   INF   Device still active
2019-12-30 09:42:40.003   CNC 19   INF   Downtime -> 22 of 150
2019-12-30 09:42:40.057   CNC 19   INF   Processing takes 54.133146ms
2019-12-30 09:42:40.058   CNC 19   INF   Sleeping for 9.945417321s
2019-12-30 09:42:50.005   CNC 19   INF   Device still active
2019-12-30 09:42:50.005   CNC 19   INF   Downtime -> 23 of 150
2019-12-30 09:42:50.101   CNC 19   INF   Processing takes 96.281846ms
2019-12-30 09:42:50.101   CNC 19   INF   Sleeping for 9.903519395s
2019-12-30 09:43:00.005   CNC 19   INF   Device still active
2019-12-30 09:43:00.006   CNC 19   INF   Downtime -> 24 of 150
2019-12-30 09:43:00.081   CNC 19   INF   Processing takes 75.212942ms
2019-12-30 09:43:00.081   CNC 19   INF   Sleeping for 9.924661027s
2019-12-30 09:43:10.011   CNC 19   INF   Device still active
2019-12-30 09:43:10.012   CNC 19   INF   Downtime -> 25 of 150
2019-12-30 09:43:10.103   CNC 19   INF   Processing takes 91.632283ms
2019-12-30 09:43:10.103   CNC 19   INF   Sleeping for 9.908175774s
2019-12-30 09:43:20.012   CNC 19   INF   Device still active
2019-12-30 09:43:20.012   CNC 19   INF   Downtime -> 26 of 150
2019-12-30 09:43:20.082   CNC 19   INF   Processing takes 70.724485ms
2019-12-30 09:43:20.082   CNC 19   INF   Sleeping for 9.929163978s
2019-12-30 09:43:30.015   CNC 19   INF   Device still active
2019-12-30 09:43:30.015   CNC 19   INF   Downtime -> 27 of 150
2019-12-30 09:43:30.068   CNC 19   INF   Processing takes 53.329796ms
2019-12-30 09:43:30.069   CNC 19   INF   Sleeping for 9.94651927s
2019-12-30 09:43:40.016   CNC 19   INF   Device still active
2019-12-30 09:43:40.017   CNC 19   INF   Downtime -> 28 of 150
2019-12-30 09:43:40.085   CNC 19   INF   Processing takes 68.31698ms
2019-12-30 09:43:40.085   CNC 19   INF   Sleeping for 9.93151762s
2019-12-30 09:43:50.017   CNC 19   INF   Device still active
2019-12-30 09:43:50.017   CNC 19   INF   Downtime -> 29 of 150
2019-12-30 09:43:50.081   CNC 19   INF   Processing takes 64.067943ms
2019-12-30 09:43:50.081   CNC 19   INF   Sleeping for 9.935754941s
2019-12-30 09:44:00.020   CNC 19   INF   Device still active
2019-12-30 09:44:00.020   CNC 19   INF   Downtime -> 30 of 150
2019-12-30 09:44:00.195   CNC 19   INF   Processing takes 174.875658ms
2019-12-30 09:44:00.196   CNC 19   INF   Sleeping for 9.824278489s
2019-12-30 09:44:10.020   CNC 19   INF   Device still active
2019-12-30 09:44:10.020   CNC 19   INF   Downtime -> 31 of 150
2019-12-30 09:44:10.085   CNC 19   INF   Processing takes 64.993802ms
2019-12-30 09:44:10.086   CNC 19   INF   Sleeping for 9.934840633s
2019-12-30 09:44:20.021   CNC 19   INF   Device still active
2019-12-30 09:44:20.021   CNC 19   INF   Downtime -> 32 of 150
2019-12-30 09:44:20.058   CNC 19   INF   Processing takes 37.419468ms
2019-12-30 09:44:20.058   CNC 19   INF   Sleeping for 9.962480936s
2019-12-30 09:44:30.021   CNC 19   INF   Device still active
2019-12-30 09:44:30.021   CNC 19   INF   Downtime -> 33 of 150
2019-12-30 09:44:30.067   CNC 19   INF   Processing takes 45.271305ms
2019-12-30 09:44:30.067   CNC 19   INF   Sleeping for 9.954569948s
2019-12-30 09:44:40.022   CNC 19   INF   Device still active
2019-12-30 09:44:40.022   CNC 19   INF   Downtime -> 34 of 150
2019-12-30 09:44:40.055   CNC 19   INF   Processing takes 33.185705ms
2019-12-30 09:44:40.056   CNC 19   INF   Sleeping for 9.96632508s
2019-12-30 09:44:50.022   CNC 19   INF   Device still active
2019-12-30 09:44:50.022   CNC 19   INF   Downtime -> 35 of 150
2019-12-30 09:44:50.043   CNC 19   INF   Processing takes 20.439653ms
2019-12-30 09:44:50.043   CNC 19   INF   Sleeping for 9.979424456s
2019-12-30 10:31:19.326   CNC 19   INF   Device started running
2019-12-30 10:31:19.327   CNC 19   INF   Device directory exists
2019-12-30 10:31:19.327   CNC 19   INF   Production -> 0 of 300
2019-12-30 10:31:19.380   CNC 19   INF   Processing takes 52.888907ms
2019-12-30 10:31:19.380   CNC 19   INF   Sleeping for 9.946938749s
2019-12-30 10:31:29.327   CNC 19   INF   Device still active
2019-12-30 10:31:29.328   CNC 19   INF   Production -> 1 of 300
2019-12-30 10:31:29.398   CNC 19   INF   Processing takes 70.77505ms
2019-12-30 10:31:29.398   CNC 19   INF   Sleeping for 9.929103277s
2019-12-30 10:31:39.328   CNC 19   INF   Device still active
2019-12-30 10:31:39.328   CNC 19   INF   Production -> 2 of 300
2019-12-30 10:50:38.718   CNC 19   INF   Device started running
2019-12-30 10:50:38.719   CNC 19   INF   Device directory exists
2019-12-30 10:50:38.720   CNC 19   INF   Offline -> 0 of 150
2019-12-30 10:50:38.720   CNC 19   INF   Processing takes 988.372µs
2019-12-30 10:50:38.720   CNC 19   INF   Sleeping for 9.998913835s
2019-12-30 10:50:48.723   CNC 19   INF   Device still active
2019-12-30 10:50:48.724   CNC 19   INF   Offline -> 1 of 150
2019-12-30 10:50:48.724   CNC 19   INF   Processing takes 859.206µs
2019-12-30 10:50:48.724   CNC 19   INF   Sleeping for 9.998912218s
2019-12-30 10:50:58.723   CNC 19   INF   Device still active
2019-12-30 10:50:58.724   CNC 19   INF   Offline -> 2 of 150
2019-12-30 10:50:58.724   CNC 19   INF   Processing takes 827.259µs
2019-12-30 10:50:58.724   CNC 19   INF   Sleeping for 9.999032907s
2019-12-30 10:51:08.726   CNC 19   INF   Device still active
2019-12-30 10:51:08.727   CNC 19   INF   Offline -> 3 of 150
2019-12-30 10:51:08.727   CNC 19   INF   Processing takes 1.151563ms
2019-12-30 10:51:08.727   CNC 19   INF   Sleeping for 9.998685717s
2019-12-30 10:51:18.728   CNC 19   INF   Device still active
2019-12-30 10:51:18.728   CNC 19   INF   Offline -> 4 of 150
2019-12-30 10:51:18.729   CNC 19   INF   Processing takes 192.545µs
2019-12-30 10:51:18.730   CNC 19   INF   Sleeping for 9.998630918s
2019-12-30 10:51:28.734   CNC 19   INF   Device still active
2019-12-30 10:51:28.735   CNC 19   INF   Offline -> 5 of 150
2019-12-30 10:51:28.735   CNC 19   INF   Processing takes 219.835µs
2019-12-30 10:51:28.735   CNC 19   INF   Sleeping for 9.999565098s
2019-12-30 10:51:38.735   CNC 19   INF   Device still active
2019-12-30 10:51:38.736   CNC 19   INF   Offline -> 6 of 150
2019-12-30 10:51:38.736   CNC 19   INF   Processing takes 210.406µs
2019-12-30 10:51:38.736   CNC 19   INF   Sleeping for 9.999626544s
2019-12-30 10:51:48.737   CNC 19   INF   Device still active
2019-12-30 10:51:48.737   CNC 19   INF   Offline -> 7 of 150
2019-12-30 10:51:48.738   CNC 19   INF   Processing takes 640.405µs
2019-12-30 10:51:48.738   CNC 19   INF   Sleeping for 9.998785646s
2019-12-30 10:51:58.738   CNC 19   INF   Device still active
2019-12-30 10:51:58.739   CNC 19   INF   Offline -> 8 of 150
2019-12-30 10:51:58.739   CNC 19   INF   Processing takes 457.163µs
2019-12-30 10:51:58.739   CNC 19   INF   Sleeping for 9.999035279s
2019-12-30 10:52:08.740   CNC 19   INF   Device still active
2019-12-30 10:52:08.740   CNC 19   INF   Offline -> 9 of 150
2019-12-30 10:52:08.741   CNC 19   INF   Processing takes 336.249µs
2019-12-30 10:52:08.741   CNC 19   INF   Sleeping for 9.999416438s
2019-12-30 10:52:18.741   CNC 19   INF   Device still active
2019-12-30 10:52:18.741   CNC 19   INF   Offline -> 10 of 150
2019-12-30 10:52:18.742   CNC 19   INF   Processing takes 559.886µs
2019-12-30 10:52:18.742   CNC 19   INF   Sleeping for 9.999161767s
2019-12-30 10:52:28.743   CNC 19   INF   Device still active
2019-12-30 10:52:28.744   CNC 19   INF   Offline -> 11 of 150
2019-12-30 10:52:28.744   CNC 19   INF   Processing takes 357.175µs
2019-12-30 10:52:28.744   CNC 19   INF   Sleeping for 9.999464658s
2019-12-30 10:52:38.749   CNC 19   INF   Device still active
2019-12-30 10:52:38.750   CNC 19   INF   Offline -> 12 of 150
2019-12-30 10:52:38.751   CNC 19   INF   Processing takes 504.358µs
2019-12-30 10:52:38.751   CNC 19   INF   Sleeping for 9.998668126s
2019-12-30 10:52:48.752   CNC 19   INF   Device still active
2019-12-30 10:52:48.752   CNC 19   INF   Offline -> 13 of 150
2019-12-30 10:52:48.752   CNC 19   INF   Processing takes 337.79µs
2019-12-30 10:52:48.752   CNC 19   INF   Sleeping for 9.99958239s
2019-12-30 10:52:58.753   CNC 19   INF   Device still active
2019-12-30 10:52:58.753   CNC 19   INF   Offline -> 14 of 150
2019-12-30 10:52:58.753   CNC 19   INF   Processing takes 574.019µs
2019-12-30 10:52:58.754   CNC 19   INF   Sleeping for 9.99916681s
2019-12-30 10:53:08.754   CNC 19   INF   Device still active
2019-12-30 10:53:08.755   CNC 19   INF   Offline -> 15 of 150
2019-12-30 10:53:08.755   CNC 19   INF   Processing takes 502.766µs
2019-12-30 10:53:08.756   CNC 19   INF   Sleeping for 9.999148008s
2019-12-30 10:53:18.759   CNC 19   INF   Device still active
2019-12-30 10:53:18.759   CNC 19   INF   Offline -> 16 of 150
2019-12-30 10:53:18.759   CNC 19   INF   Processing takes 199.771µs
2019-12-30 10:53:18.759   CNC 19   INF   Sleeping for 9.99969277s
2019-12-30 10:53:28.761   CNC 19   INF   Device still active
2019-12-30 10:53:28.761   CNC 19   INF   Offline -> 17 of 150
2019-12-30 10:53:28.761   CNC 19   INF   Processing takes 346.513µs
2019-12-30 10:53:28.761   CNC 19   INF   Sleeping for 9.999453524s
2019-12-30 10:53:38.762   CNC 19   INF   Device still active
2019-12-30 10:53:38.762   CNC 19   INF   Offline -> 18 of 150
2019-12-30 10:53:38.763   CNC 19   INF   Processing takes 660.021µs
2019-12-30 10:53:38.763   CNC 19   INF   Sleeping for 9.998738234s
2019-12-30 10:53:48.767   CNC 19   INF   Device still active
2019-12-30 10:53:48.767   CNC 19   INF   Offline -> 19 of 150
2019-12-30 10:53:48.768   CNC 19   INF   Processing takes 337.041µs
2019-12-30 10:53:48.768   CNC 19   INF   Sleeping for 9.999052492s
2019-12-30 10:53:58.768   CNC 19   INF   Device still active
2019-12-30 10:53:58.768   CNC 19   INF   Offline -> 20 of 150
2019-12-30 10:53:58.768   CNC 19   INF   Processing takes 142.132µs
2019-12-30 10:53:58.768   CNC 19   INF   Sleeping for 9.999754714s
2019-12-30 10:54:08.769   CNC 19   INF   Device still active
2019-12-30 10:54:08.770   CNC 19   INF   Offline -> 21 of 150
2019-12-30 10:54:08.771   CNC 19   INF   Processing takes 262.307µs
2019-12-30 10:54:08.771   CNC 19   INF   Sleeping for 9.998859913s
2019-12-30 10:54:18.771   CNC 19   INF   Device still active
2019-12-30 10:54:18.772   CNC 19   INF   Offline -> 22 of 150
2019-12-30 10:54:18.772   CNC 19   INF   Processing takes 514.709µs
2019-12-30 10:54:18.772   CNC 19   INF   Sleeping for 9.999286981s
2019-12-30 10:54:28.774   CNC 19   INF   Device still active
2019-12-30 10:54:28.775   CNC 19   INF   Offline -> 23 of 150
2019-12-30 10:54:28.775   CNC 19   INF   Processing takes 625.916µs
2019-12-30 10:54:28.775   CNC 19   INF   Sleeping for 9.999003372s
2019-12-30 10:54:38.775   CNC 19   INF   Device still active
2019-12-30 10:54:38.775   CNC 19   INF   Offline -> 24 of 150
2019-12-30 10:54:38.776   CNC 19   INF   Processing takes 400.876µs
2019-12-30 10:54:38.776   CNC 19   INF   Sleeping for 9.998791368s
2019-12-30 10:54:48.777   CNC 19   INF   Device still active
2019-12-30 10:54:48.778   CNC 19   INF   Offline -> 25 of 150
2019-12-30 10:54:48.778   CNC 19   INF   Processing takes 336.679µs
2019-12-30 10:54:48.779   CNC 19   INF   Sleeping for 9.999459991s
2019-12-30 10:54:58.780   CNC 19   INF   Device still active
2019-12-30 10:54:58.781   CNC 19   INF   Offline -> 26 of 150
2019-12-30 10:54:58.781   CNC 19   INF   Processing takes 95.907µs
2019-12-30 10:54:58.781   CNC 19   INF   Sleeping for 9.999776579s
2019-12-30 10:55:08.785   CNC 19   INF   Device still active
2019-12-30 10:55:08.785   CNC 19   INF   Offline -> 27 of 150
2019-12-30 10:55:08.785   CNC 19   INF   Processing takes 123.518µs
2019-12-30 10:55:08.785   CNC 19   INF   Sleeping for 9.999765549s
2019-12-30 10:55:18.785   CNC 19   INF   Device still active
2019-12-30 10:55:18.785   CNC 19   INF   Offline -> 28 of 150
2019-12-30 10:55:18.785   CNC 19   INF   Processing takes 119.619µs
2019-12-30 10:55:18.785   CNC 19   INF   Sleeping for 9.9997402s
2019-12-30 10:55:28.786   CNC 19   INF   Device still active
2019-12-30 10:55:28.786   CNC 19   INF   Offline -> 29 of 150
2019-12-30 10:55:28.786   CNC 19   INF   Processing takes 208.2µs
2019-12-30 10:55:28.786   CNC 19   INF   Sleeping for 9.999603685s
2019-12-30 10:55:42.170   CNC 19   INF   Device started running
2019-12-30 10:55:42.170   CNC 19   INF   Device directory exists
2019-12-30 10:55:42.171   CNC 19   INF   Offline -> 0 of 150
2019-12-30 10:55:42.171   CNC 19   INF   Processing takes 137.232µs
2019-12-30 10:55:42.171   CNC 19   INF   Sleeping for 9.999711721s
2019-12-30 10:55:52.171   CNC 19   INF   Device still active
2019-12-30 10:55:52.172   CNC 19   INF   Offline -> 1 of 150
2019-12-30 10:55:52.172   CNC 19   INF   Processing takes 488.929µs
2019-12-30 10:55:52.172   CNC 19   INF   Sleeping for 9.999160358s
2019-12-30 10:56:02.172   CNC 19   INF   Device still active
2019-12-30 10:56:02.172   CNC 19   INF   Offline -> 2 of 150
2019-12-30 10:56:02.172   CNC 19   INF   Processing takes 146.574µs
2019-12-30 10:56:02.172   CNC 19   INF   Sleeping for 9.999694972s
2019-12-30 10:56:12.173   CNC 19   INF   Device still active
2019-12-30 10:56:12.173   CNC 19   INF   Offline -> 3 of 150
2019-12-30 10:56:12.174   CNC 19   INF   Processing takes 496.722µs
2019-12-30 10:56:12.174   CNC 19   INF   Sleeping for 9.998947151s
2019-12-30 10:56:22.175   CNC 19   INF   Device still active
2019-12-30 10:56:22.176   CNC 19   INF   Offline -> 4 of 150
2019-12-30 10:56:22.177   CNC 19   INF   Processing takes 134.093µs
2019-12-30 10:56:22.177   CNC 19   INF   Sleeping for 9.998982336s
2019-12-30 10:56:32.176   CNC 19   INF   Device still active
2019-12-30 10:56:32.177   CNC 19   INF   Offline -> 5 of 150
2019-12-30 10:56:32.178   CNC 19   INF   Processing takes 347.335µs
2019-12-30 10:56:32.178   CNC 19   INF   Sleeping for 9.99899051s
2019-12-30 10:56:42.178   CNC 19   INF   Device still active
2019-12-30 10:56:42.178   CNC 19   INF   Offline -> 6 of 150
2019-12-30 10:56:42.179   CNC 19   INF   Processing takes 389.885µs
2019-12-30 10:56:42.179   CNC 19   INF   Sleeping for 9.99947612s
2019-12-30 10:56:52.184   CNC 19   INF   Device still active
2019-12-30 10:56:52.184   CNC 19   INF   Offline -> 7 of 150
2019-12-30 10:56:52.185   CNC 19   INF   Processing takes 559.471µs
2019-12-30 10:56:52.185   CNC 19   INF   Sleeping for 9.999250031s
2019-12-30 10:57:02.186   CNC 19   INF   Device still active
2019-12-30 10:57:02.188   CNC 19   INF   Offline -> 8 of 150
2019-12-30 10:57:02.189   CNC 19   INF   Processing takes 1.801552ms
2019-12-30 10:57:02.189   CNC 19   INF   Sleeping for 9.997912227s
2019-12-30 10:57:36.290   CNC 19   INF   Device started running
2019-12-30 10:57:36.290   CNC 19   INF   Device directory exists
2019-12-30 10:57:36.291   CNC 19   INF   Offline -> 0 of 150
2019-12-30 10:57:36.291   CNC 19   INF   Processing takes 391.547µs
2019-12-30 10:57:36.291   CNC 19   INF   Sleeping for 9.999491223s
2019-12-30 10:58:10.041   CNC 19   INF   Device started running
2019-12-30 10:58:10.041   CNC 19   INF   Device directory exists
2019-12-30 10:58:10.041   CNC 19   INF   Offline -> 0 of 150
2019-12-30 10:58:10.042   CNC 19   INF   Processing takes 156.25µs
2019-12-30 10:58:10.042   CNC 19   INF   Sleeping for 9.999706807s
2019-12-30 11:09:08.177   CNC 19   INF   Device started running
2019-12-30 11:09:08.177   CNC 19   INF   Device directory exists
2019-12-30 11:09:08.178   CNC 19   INF   Downtime -> 0 of 150
2019-12-30 11:09:08.207   CNC 19   INF   Processing takes 29.499267ms
2019-12-30 11:09:08.207   CNC 19   INF   Sleeping for 9.970389705s
2019-12-30 11:09:18.182   CNC 19   INF   Device still active
2019-12-30 11:09:18.183   CNC 19   INF   Downtime -> 1 of 150
2019-12-30 11:09:18.250   CNC 19   INF   Processing takes 67.191176ms
2019-12-30 11:09:18.250   CNC 19   INF   Sleeping for 9.932621244s
2019-12-30 11:09:28.187   CNC 19   INF   Device still active
2019-12-30 11:09:28.188   CNC 19   INF   Downtime -> 2 of 150
2019-12-30 11:09:28.267   CNC 19   INF   Processing takes 80.115187ms
2019-12-30 11:09:28.267   CNC 19   INF   Sleeping for 9.919727853s
2019-12-30 11:09:38.192   CNC 19   INF   Device still active
2019-12-30 11:09:38.194   CNC 19   INF   Downtime -> 3 of 150
2019-12-30 11:09:38.250   CNC 19   INF   Processing takes 57.478595ms
2019-12-30 11:09:38.250   CNC 19   INF   Sleeping for 9.942393645s
2019-12-30 11:09:48.195   CNC 19   INF   Device still active
2019-12-30 11:09:48.195   CNC 19   INF   Downtime -> 4 of 150
2019-12-30 11:09:48.247   CNC 19   INF   Processing takes 52.667851ms
2019-12-30 11:09:48.247   CNC 19   INF   Sleeping for 9.947180758s
2019-12-30 11:09:58.200   CNC 19   INF   Device still active
2019-12-30 11:09:58.200   CNC 19   INF   Downtime -> 5 of 150
2019-12-30 11:09:58.257   CNC 19   INF   Processing takes 56.927049ms
2019-12-30 11:09:58.257   CNC 19   INF   Sleeping for 9.942964975s
2019-12-30 11:10:08.206   CNC 19   INF   Device still active
2019-12-30 11:10:08.207   CNC 19   INF   Downtime -> 6 of 150
2019-12-30 11:10:08.272   CNC 19   INF   Processing takes 65.23212ms
2019-12-30 11:10:08.272   CNC 19   INF   Sleeping for 9.93464398s
2019-12-30 11:10:18.207   CNC 19   INF   Device still active
2019-12-30 11:10:18.208   CNC 19   INF   Downtime -> 7 of 150
2019-12-30 11:10:18.268   CNC 19   INF   Processing takes 60.836576ms
2019-12-30 11:10:18.268   CNC 19   INF   Sleeping for 9.938817241s
2019-12-30 11:10:28.209   CNC 19   INF   Device still active
2019-12-30 11:10:28.210   CNC 19   INF   Downtime -> 8 of 150
2019-12-30 11:10:28.300   CNC 19   INF   Processing takes 90.20171ms
2019-12-30 11:10:28.300   CNC 19   INF   Sleeping for 9.909669711s
2019-12-30 11:10:38.210   CNC 19   INF   Device still active
2019-12-30 11:10:38.210   CNC 19   INF   Downtime -> 9 of 150
2019-12-30 11:10:38.288   CNC 19   INF   Processing takes 77.759064ms
2019-12-30 11:10:38.288   CNC 19   INF   Sleeping for 9.922080537s
2019-12-30 11:10:48.211   CNC 19   INF   Device still active
2019-12-30 11:10:48.212   CNC 19   INF   Downtime -> 10 of 150
2019-12-30 11:10:48.245   CNC 19   INF   Processing takes 33.163422ms
2019-12-30 11:10:48.245   CNC 19   INF   Sleeping for 9.96671983s
2019-12-30 11:10:58.213   CNC 19   INF   Device still active
2019-12-30 11:10:58.213   CNC 19   INF   Downtime -> 11 of 150
2019-12-30 11:10:58.278   CNC 19   INF   Processing takes 64.92439ms
2019-12-30 11:10:58.278   CNC 19   INF   Sleeping for 9.934904564s
2019-12-30 11:11:08.215   CNC 19   INF   Device still active
2019-12-30 11:11:08.215   CNC 19   INF   Downtime -> 12 of 150
2019-12-30 11:11:08.255   CNC 19   INF   Processing takes 40.287745ms
2019-12-30 11:11:08.255   CNC 19   INF   Sleeping for 9.959571133s
2019-12-30 11:11:18.218   CNC 19   INF   Device still active
2019-12-30 11:11:18.219   CNC 19   INF   Downtime -> 13 of 150
2019-12-30 11:11:18.257   CNC 19   INF   Processing takes 38.893461ms
2019-12-30 11:11:18.257   CNC 19   INF   Sleeping for 9.961006575s
2019-12-30 11:11:28.219   CNC 19   INF   Device still active
2019-12-30 11:11:28.220   CNC 19   INF   Downtime -> 14 of 150
2019-12-30 11:11:28.305   CNC 19   INF   Processing takes 85.085894ms
2019-12-30 11:11:28.305   CNC 19   INF   Sleeping for 9.914469215s
2019-12-30 11:11:38.221   CNC 19   INF   Device still active
2019-12-30 11:11:38.221   CNC 19   INF   Downtime -> 15 of 150
2019-12-30 11:11:38.270   CNC 19   INF   Processing takes 49.430283ms
2019-12-30 11:11:38.270   CNC 19   INF   Sleeping for 9.950423706s
2019-12-30 11:11:48.224   CNC 19   INF   Device still active
2019-12-30 11:11:48.225   CNC 19   INF   Downtime -> 16 of 150
2019-12-30 11:11:48.279   CNC 19   INF   Processing takes 54.359137ms
2019-12-30 11:11:48.279   CNC 19   INF   Sleeping for 9.945530678s
2019-12-30 11:11:58.226   CNC 19   INF   Device still active
2019-12-30 11:11:58.226   CNC 19   INF   Downtime -> 17 of 150
2019-12-30 11:11:58.254   CNC 19   INF   Processing takes 27.667889ms
2019-12-30 11:11:58.254   CNC 19   INF   Sleeping for 9.972227402s
2019-12-30 11:13:02.020   CNC 19   INF   Device started running
2019-12-30 11:13:02.020   CNC 19   INF   Device directory exists
2019-12-30 11:13:02.020   CNC 19   INF   Offline -> 0 of 150
2019-12-30 11:13:02.021   CNC 19   INF   Processing takes 70.164µs
2019-12-30 11:13:02.021   CNC 19   INF   Sleeping for 9.99940234s
2019-12-30 11:13:12.022   CNC 19   INF   Device still active
2019-12-30 11:13:12.022   CNC 19   INF   Offline -> 1 of 150
2019-12-30 11:13:12.022   CNC 19   INF   Processing takes 106.139µs
2019-12-30 11:13:12.022   CNC 19   INF   Sleeping for 9.999643145s
2019-12-30 11:13:22.023   CNC 19   INF   Device still active
2019-12-30 11:13:22.023   CNC 19   INF   Offline -> 2 of 150
2019-12-30 11:13:22.024   CNC 19   INF   Processing takes 128.523µs
2019-12-30 11:13:22.024   CNC 19   INF   Sleeping for 9.999743193s
2019-12-30 11:13:32.025   CNC 19   INF   Device still active
2019-12-30 11:13:32.025   CNC 19   INF   Offline -> 3 of 150
2019-12-30 11:13:32.025   CNC 19   INF   Processing takes 347.347µs
2019-12-30 11:13:32.026   CNC 19   INF   Sleeping for 9.999406326s
2019-12-30 11:13:42.030   CNC 19   INF   Device still active
2019-12-30 11:13:42.030   CNC 19   INF   Offline -> 4 of 150
2019-12-30 11:13:42.031   CNC 19   INF   Processing takes 385.627µs
2019-12-30 11:13:42.031   CNC 19   INF   Sleeping for 9.999033639s
2019-12-30 11:13:52.033   CNC 19   INF   Device still active
2019-12-30 11:13:52.033   CNC 19   INF   Offline -> 5 of 150
2019-12-30 11:13:52.033   CNC 19   INF   Processing takes 392.48µs
2019-12-30 11:13:52.034   CNC 19   INF   Sleeping for 9.999428009s
2019-12-30 11:14:02.033   CNC 19   INF   Device still active
2019-12-30 11:14:02.034   CNC 19   INF   Offline -> 6 of 150
2019-12-30 11:14:02.034   CNC 19   INF   Processing takes 111.029µs
2019-12-30 11:14:02.034   CNC 19   INF   Sleeping for 9.999799137s
2019-12-30 11:14:12.038   CNC 19   INF   Device still active
2019-12-30 11:14:12.038   CNC 19   INF   Offline -> 7 of 150
2019-12-30 11:14:12.039   CNC 19   INF   Processing takes 242.855µs
2019-12-30 11:14:12.039   CNC 19   INF   Sleeping for 9.999510471s
2019-12-30 11:14:22.039   CNC 19   INF   Device still active
2019-12-30 11:14:22.039   CNC 19   INF   Offline -> 8 of 150
2019-12-30 11:14:22.040   CNC 19   INF   Processing takes 206.375µs
2019-12-30 11:14:22.040   CNC 19   INF   Sleeping for 9.999530126s
2019-12-30 11:14:32.043   CNC 19   INF   Device still active
2019-12-30 11:14:32.044   CNC 19   INF   Offline -> 9 of 150
2019-12-30 11:14:32.044   CNC 19   INF   Processing takes 519.711µs
2019-12-30 11:14:32.045   CNC 19   INF   Sleeping for 9.998725859s
2019-12-30 11:14:42.048   CNC 19   INF   Device still active
2019-12-30 11:14:42.048   CNC 19   INF   Offline -> 10 of 150
2019-12-30 11:14:42.049   CNC 19   INF   Processing takes 170.776µs
2019-12-30 11:14:42.049   CNC 19   INF   Sleeping for 9.999491238s
2019-12-30 11:14:52.053   CNC 19   INF   Device still active
2019-12-30 11:14:52.054   CNC 19   INF   Offline -> 11 of 150
2019-12-30 11:14:52.054   CNC 19   INF   Processing takes 602.512µs
2019-12-30 11:14:52.054   CNC 19   INF   Sleeping for 9.999257904s
