2020-02-29 10:01:05.049   CNC 0   INF   Device started running
2020-02-29 10:01:05.049   CNC 0   INF   Device directory exists
2020-02-29 10:01:05.049   CNC 0   INF   Poweroff -> 0 of 150
2020-02-29 10:01:05.049   CNC 0   INF   Processing takes 132.371µs
2020-02-29 10:01:05.050   CNC 0   INF   Sleeping for 9.999745704s
2020-02-29 10:01:15.050   CNC 0   INF   Device still active
2020-02-29 10:01:15.050   CNC 0   INF   Poweroff -> 1 of 150
2020-02-29 10:01:15.050   CNC 0   INF   Processing takes 92.804µs
2020-02-29 10:01:15.050   CNC 0   INF   Sleeping for 9.999725955s
2020-02-29 10:01:25.050   CNC 0   INF   Device still active
2020-02-29 10:01:25.050   CNC 0   INF   Poweroff -> 2 of 150
2020-02-29 10:01:25.050   CNC 0   INF   Processing takes 144.69µs
2020-02-29 10:01:25.051   CNC 0   INF   Sleeping for 9.999723719s
2020-02-29 10:01:35.051   CNC 0   INF   Device not active
2020-02-29 10:01:35.051   CNC 0   INF   Device not active, stopped running
2020-02-29 10:01:35.053   CNC 0   INF   Device started running
2020-02-29 10:01:35.053   CNC 0   INF   Device directory exists
2020-02-29 10:01:35.053   CNC 0   INF   Device not active, stopped running
2020-02-29 10:01:51.080   CNC 0   INF   Device started running
2020-02-29 10:01:51.082   CNC 0   INF   Device directory exists
2020-02-29 10:01:51.082   CNC 0   INF   Poweroff -> 0 of 150
2020-02-29 10:01:51.082   CNC 0   INF   Processing takes 106.536µs
2020-02-29 10:01:51.082   CNC 0   INF   Sleeping for 9.999793111s
2020-02-29 10:02:01.082   CNC 0   INF   Device still active
2020-02-29 10:02:01.082   CNC 0   INF   Poweroff -> 1 of 150
2020-02-29 10:02:01.082   CNC 0   INF   Processing takes 152.799µs
2020-02-29 10:02:01.082   CNC 0   INF   Sleeping for 9.999725739s
2020-02-29 10:02:11.082   CNC 0   INF   Device not active
2020-02-29 10:02:11.082   CNC 0   INF   Device not active, stopped running
2020-02-29 10:02:11.083   CNC 0   INF   Device started running
2020-02-29 10:02:11.084   CNC 0   INF   Device directory exists
2020-02-29 10:02:11.084   CNC 0   INF   Device not active, stopped running
2020-02-29 10:08:40.454   CNC 0   INF   Device started running
2020-02-29 10:08:40.454   CNC 0   INF   Device directory exists
2020-02-29 10:08:40.455   CNC 0   INF   Production -> 0 of 300
2020-02-29 10:08:40.633   CNC 0   INF   Processing takes 178.688876ms
2020-02-29 10:08:40.633   CNC 0   INF   Sleeping for 9.821195292s
2020-02-29 10:08:50.454   CNC 0   INF   Device still active
2020-02-29 10:08:50.454   CNC 0   INF   Device not active, stopped running
2020-02-29 10:10:03.350   CNC 0   INF   Device started running
2020-02-29 10:10:03.350   CNC 0   INF   Device directory exists
2020-02-29 10:10:03.351   CNC 0   INF   Production -> 0 of 300
2020-02-29 10:10:03.556   CNC 0   INF   Processing takes 205.935758ms
2020-02-29 10:10:03.556   CNC 0   INF   Sleeping for 9.793717177s
2020-02-29 10:10:13.351   CNC 0   INF   Device still active
2020-02-29 10:10:13.351   CNC 0   INF   Production -> 1 of 300
2020-02-29 10:10:13.622   CNC 0   INF   Processing takes 270.820343ms
2020-02-29 10:10:13.622   CNC 0   INF   Sleeping for 9.729063977s
2020-02-29 10:10:23.353   CNC 0   INF   Device still active
2020-02-29 10:10:23.353   CNC 0   INF   Device not active, stopped running
