2020-02-02 07:52:55.143   CNC 10   INF   Device started running
2020-02-02 07:52:55.145   CNC 10   INF   Device directory exists
2020-02-02 07:52:55.145   CNC 10   INF   Production -> 0 of 300
2020-02-02 07:52:55.379   CNC 10   INF   Processing takes 234.283267ms
2020-02-02 07:52:55.379   CNC 10   INF   Sleeping for 9.765553213s
2020-02-02 07:53:05.146   CNC 10   INF   Device still active
2020-02-02 07:53:05.146   CNC 10   INF   Production -> 1 of 300
2020-02-02 07:53:05.422   CNC 10   INF   Processing takes 275.97718ms
2020-02-02 07:53:05.422   CNC 10   INF   Sleeping for 9.723906131s
2020-02-02 07:53:15.146   CNC 10   INF   Device still active
2020-02-02 07:53:15.146   CNC 10   INF   Production -> 2 of 300
2020-02-02 07:53:15.623   CNC 10   INF   Processing takes 476.980036ms
2020-02-02 07:53:15.623   CNC 10   INF   Sleeping for 9.522833685s
2020-02-02 07:53:25.146   CNC 10   INF   Device still active
2020-02-02 07:53:25.147   CNC 10   INF   Production -> 3 of 300
2020-02-02 07:53:25.386   CNC 10   INF   Processing takes 239.2142ms
2020-02-02 07:53:25.386   CNC 10   INF   Sleeping for 9.760645886s
2020-02-02 07:53:35.147   CNC 10   INF   Device still active
2020-02-02 07:53:35.147   CNC 10   INF   Production -> 4 of 300
2020-02-02 07:53:35.335   CNC 10   INF   Processing takes 188.232053ms
2020-02-02 07:53:35.336   CNC 10   INF   Sleeping for 9.810907057s
2020-02-02 07:53:45.148   CNC 10   INF   Device still active
2020-02-02 07:53:45.149   CNC 10   INF   Production -> 5 of 300
2020-02-02 07:53:45.488   CNC 10   INF   Processing takes 339.037894ms
2020-02-02 07:53:45.488   CNC 10   INF   Sleeping for 9.660595721s
2020-02-02 07:53:55.149   CNC 10   INF   Device still active
2020-02-02 07:53:55.150   CNC 10   INF   Production -> 6 of 300
2020-02-02 07:53:55.467   CNC 10   INF   Processing takes 317.464286ms
2020-02-02 07:53:55.467   CNC 10   INF   Sleeping for 9.682434604s
2020-02-02 07:54:05.150   CNC 10   INF   Device still active
2020-02-02 07:54:05.150   CNC 10   INF   Production -> 7 of 300
2020-02-02 07:54:05.305   CNC 10   INF   Processing takes 154.589789ms
2020-02-02 07:54:05.305   CNC 10   INF   Sleeping for 9.845085059s
2020-02-02 07:54:15.150   CNC 10   INF   Device still active
2020-02-02 07:54:15.151   CNC 10   INF   Production -> 8 of 300
2020-02-02 07:54:15.443   CNC 10   INF   Processing takes 292.687791ms
2020-02-02 07:54:15.443   CNC 10   INF   Sleeping for 9.707170143s
2020-02-02 07:54:25.152   CNC 10   INF   Device still active
2020-02-02 07:54:25.152   CNC 10   INF   Production -> 9 of 300
2020-02-02 07:54:25.374   CNC 10   INF   Processing takes 222.216092ms
2020-02-02 07:54:25.374   CNC 10   INF   Sleeping for 9.777596488s
2020-02-02 07:54:35.156   CNC 10   INF   Device still active
2020-02-02 07:54:35.156   CNC 10   INF   Production -> 10 of 300
2020-02-02 07:54:35.332   CNC 10   INF   Processing takes 175.929495ms
2020-02-02 07:54:35.332   CNC 10   INF   Sleeping for 9.823928609s
2020-02-02 07:54:45.158   CNC 10   INF   Device still active
2020-02-02 07:54:45.159   CNC 10   INF   Production -> 11 of 300
2020-02-02 07:54:45.456   CNC 10   INF   Processing takes 296.89273ms
2020-02-02 07:54:45.456   CNC 10   INF   Sleeping for 9.70267178s
2020-02-02 07:54:55.159   CNC 10   INF   Device still active
2020-02-02 07:54:55.159   CNC 10   INF   Production -> 12 of 300
2020-02-02 07:54:55.501   CNC 10   INF   Processing takes 342.310157ms
2020-02-02 07:54:55.502   CNC 10   INF   Sleeping for 9.65751386s
2020-02-02 07:55:05.159   CNC 10   INF   Device still active
2020-02-02 07:55:05.159   CNC 10   INF   Production -> 13 of 300
2020-02-02 07:55:05.347   CNC 10   INF   Processing takes 187.991086ms
2020-02-02 07:55:05.348   CNC 10   INF   Sleeping for 9.811870485s
2020-02-02 07:55:15.160   CNC 10   INF   Device still active
2020-02-02 07:55:15.160   CNC 10   INF   Production -> 14 of 300
2020-02-02 07:55:15.388   CNC 10   INF   Processing takes 228.642992ms
2020-02-02 07:55:15.388   CNC 10   INF   Sleeping for 9.771227129s
2020-02-02 07:55:25.165   CNC 10   INF   Device still active
2020-02-02 07:55:25.166   CNC 10   INF   Production -> 15 of 300
2020-02-02 07:55:25.411   CNC 10   INF   Processing takes 245.864606ms
2020-02-02 07:55:25.411   CNC 10   INF   Sleeping for 9.75401954s
2020-02-02 07:55:35.169   CNC 10   INF   Device still active
2020-02-02 07:55:35.169   CNC 10   INF   Production -> 16 of 300
2020-02-02 07:55:35.765   CNC 10   INF   Processing takes 595.572078ms
2020-02-02 07:55:35.765   CNC 10   INF   Sleeping for 9.404204441s
2020-02-02 07:55:45.169   CNC 10   INF   Device still active
2020-02-02 07:55:45.171   CNC 10   INF   Production -> 17 of 300
2020-02-02 07:55:45.420   CNC 10   INF   Processing takes 249.858048ms
2020-02-02 07:55:45.420   CNC 10   INF   Sleeping for 9.749612555s
2020-02-02 07:55:55.174   CNC 10   INF   Device still active
2020-02-02 07:55:55.174   CNC 10   INF   Production -> 18 of 300
2020-02-02 07:55:55.388   CNC 10   INF   Processing takes 213.86388ms
2020-02-02 07:55:55.388   CNC 10   INF   Sleeping for 9.786007437s
2020-02-02 07:58:28.510   CNC 10   INF   Device started running
2020-02-02 07:58:28.511   CNC 10   INF   Device directory exists
2020-02-02 07:58:28.511   CNC 10   INF   Production -> 0 of 300
2020-02-02 07:58:28.865   CNC 10   INF   Processing takes 354.698984ms
2020-02-02 07:58:28.866   CNC 10   INF   Sleeping for 9.645129849s
2020-02-02 07:58:38.515   CNC 10   INF   Device still active
2020-02-02 07:58:38.515   CNC 10   INF   Production -> 1 of 300
2020-02-02 07:58:38.878   CNC 10   INF   Processing takes 362.85977ms
2020-02-02 07:58:38.878   CNC 10   INF   Sleeping for 9.636931401s
2020-02-02 07:58:48.517   CNC 10   INF   Device still active
2020-02-02 07:58:48.518   CNC 10   INF   Production -> 2 of 300
2020-02-02 07:58:48.822   CNC 10   INF   Processing takes 304.763231ms
2020-02-02 07:58:48.822   CNC 10   INF   Sleeping for 9.695059237s
2020-02-02 07:58:58.523   CNC 10   INF   Device still active
2020-02-02 07:58:58.523   CNC 10   INF   Production -> 3 of 300
2020-02-02 07:58:58.867   CNC 10   INF   Processing takes 343.844706ms
2020-02-02 07:58:58.867   CNC 10   INF   Sleeping for 9.656004299s
2020-02-02 07:59:08.523   CNC 10   INF   Device still active
2020-02-02 07:59:08.524   CNC 10   INF   Production -> 4 of 300
2020-02-02 07:59:08.727   CNC 10   INF   Processing takes 203.916511ms
2020-02-02 07:59:08.728   CNC 10   INF   Sleeping for 9.795999768s
2020-02-02 07:59:18.526   CNC 10   INF   Device still active
2020-02-02 07:59:18.527   CNC 10   INF   Production -> 5 of 300
2020-02-02 07:59:18.728   CNC 10   INF   Processing takes 201.472616ms
2020-02-02 07:59:18.728   CNC 10   INF   Sleeping for 9.798417595s
2020-02-02 08:00:07.533   CNC 10   INF   Device started running
2020-02-02 08:00:07.533   CNC 10   INF   Device directory exists
2020-02-02 08:00:07.534   CNC 10   INF   Production -> 0 of 300
2020-02-02 08:00:07.742   CNC 10   INF   Processing takes 208.577907ms
2020-02-02 08:00:07.743   CNC 10   INF   Sleeping for 9.790807627s
2020-02-02 08:00:17.538   CNC 10   INF   Device still active
2020-02-02 08:00:17.539   CNC 10   INF   Production -> 1 of 300
2020-02-02 08:00:17.760   CNC 10   INF   Processing takes 221.139172ms
2020-02-02 08:00:17.760   CNC 10   INF   Sleeping for 9.778766732s
2020-02-02 08:00:27.540   CNC 10   INF   Device still active
2020-02-02 08:00:27.540   CNC 10   INF   Production -> 2 of 300
2020-02-02 08:00:27.887   CNC 10   INF   Processing takes 346.875995ms
2020-02-02 08:00:27.887   CNC 10   INF   Sleeping for 9.652734968s
2020-02-02 08:00:37.540   CNC 10   INF   Device still active
2020-02-02 08:00:37.541   CNC 10   INF   Production -> 3 of 300
2020-02-02 08:00:37.875   CNC 10   INF   Processing takes 334.083242ms
2020-02-02 08:00:37.875   CNC 10   INF   Sleeping for 9.665602296s
2020-02-02 08:00:47.545   CNC 10   INF   Device still active
2020-02-02 08:00:47.546   CNC 10   INF   Production -> 4 of 300
2020-02-02 08:00:48.057   CNC 10   INF   Processing takes 511.699769ms
2020-02-02 08:00:48.057   CNC 10   INF   Sleeping for 9.4880943s
2020-02-02 08:00:57.546   CNC 10   INF   Device still active
2020-02-02 08:00:57.547   CNC 10   INF   Production -> 5 of 300
2020-02-02 08:00:57.910   CNC 10   INF   Processing takes 363.759239ms
2020-02-02 08:00:57.910   CNC 10   INF   Sleeping for 9.636136928s
2020-02-02 08:01:07.548   CNC 10   INF   Device still active
2020-02-02 08:01:07.549   CNC 10   INF   Production -> 6 of 300
2020-02-02 08:01:08.122   CNC 10   INF   Processing takes 573.794599ms
2020-02-02 08:01:08.123   CNC 10   INF   Sleeping for 9.426002899s
2020-02-02 08:01:17.549   CNC 10   INF   Device still active
2020-02-02 08:01:17.549   CNC 10   INF   Production -> 7 of 300
2020-02-02 08:01:17.729   CNC 10   INF   Processing takes 180.103648ms
2020-02-02 08:01:17.730   CNC 10   INF   Sleeping for 9.819758702s
2020-02-02 08:01:27.551   CNC 10   INF   Device still active
2020-02-02 08:01:27.551   CNC 10   INF   Production -> 8 of 300
2020-02-02 08:01:27.813   CNC 10   INF   Processing takes 262.356174ms
2020-02-02 08:01:27.814   CNC 10   INF   Sleeping for 9.736982706s
2020-02-02 08:01:37.551   CNC 10   INF   Device still active
2020-02-02 08:01:37.551   CNC 10   INF   Production -> 9 of 300
2020-02-02 08:01:37.725   CNC 10   INF   Processing takes 174.129981ms
2020-02-02 08:01:37.725   CNC 10   INF   Sleeping for 9.82574808s
2020-02-02 08:01:47.552   CNC 10   INF   Device still active
2020-02-02 08:01:47.553   CNC 10   INF   Production -> 10 of 300
2020-02-02 08:01:47.897   CNC 10   INF   Processing takes 344.115092ms
2020-02-02 08:01:47.897   CNC 10   INF   Sleeping for 9.655782285s
2020-02-02 08:03:09.332   CNC 10   INF   Device started running
2020-02-02 08:03:09.334   CNC 10   INF   Device directory exists
2020-02-02 08:03:09.334   CNC 10   INF   Production -> 0 of 300
2020-02-02 08:03:09.502   CNC 10   INF   Processing takes 167.961413ms
2020-02-02 08:03:09.502   CNC 10   INF   Sleeping for 9.831927533s
2020-02-02 08:03:19.339   CNC 10   INF   Device still active
2020-02-02 08:03:19.340   CNC 10   INF   Production -> 1 of 300
2020-02-02 08:03:20.166   CNC 10   INF   Processing takes 826.550851ms
2020-02-02 08:03:20.167   CNC 10   INF   Sleeping for 9.172757669s
2020-02-02 08:03:29.342   CNC 10   INF   Device still active
2020-02-02 08:03:29.343   CNC 10   INF   Production -> 2 of 300
2020-02-02 08:03:29.790   CNC 10   INF   Processing takes 448.062757ms
2020-02-02 08:03:29.791   CNC 10   INF   Sleeping for 9.551485667s
2020-02-02 08:03:39.343   CNC 10   INF   Device still active
2020-02-02 08:03:39.343   CNC 10   INF   Production -> 3 of 300
2020-02-02 08:03:39.661   CNC 10   INF   Processing takes 317.402631ms
2020-02-02 08:03:39.661   CNC 10   INF   Sleeping for 9.682480783s
2020-02-02 08:03:49.344   CNC 10   INF   Device still active
2020-02-02 08:03:49.344   CNC 10   INF   Production -> 4 of 300
2020-02-02 08:03:49.581   CNC 10   INF   Processing takes 237.145732ms
2020-02-02 08:03:49.581   CNC 10   INF   Sleeping for 9.762721958s
2020-02-02 08:03:59.344   CNC 10   INF   Device still active
2020-02-02 08:03:59.344   CNC 10   INF   Production -> 5 of 300
2020-02-02 08:03:59.536   CNC 10   INF   Processing takes 191.479966ms
2020-02-02 08:03:59.536   CNC 10   INF   Sleeping for 9.808406841s
2020-02-02 08:04:09.348   CNC 10   INF   Device still active
2020-02-02 08:04:09.348   CNC 10   INF   Production -> 6 of 300
2020-02-02 08:04:09.636   CNC 10   INF   Processing takes 287.763007ms
2020-02-02 08:04:09.636   CNC 10   INF   Sleeping for 9.712090813s
2020-02-02 08:04:19.348   CNC 10   INF   Device still active
2020-02-02 08:04:19.349   CNC 10   INF   Production -> 7 of 300
2020-02-02 08:04:19.609   CNC 10   INF   Processing takes 260.296763ms
2020-02-02 08:04:19.609   CNC 10   INF   Sleeping for 9.739526461s
2020-02-02 08:04:29.349   CNC 10   INF   Device still active
2020-02-02 08:04:29.350   CNC 10   INF   Production -> 8 of 300
2020-02-02 08:04:29.490   CNC 10   INF   Processing takes 140.521931ms
2020-02-02 08:04:29.490   CNC 10   INF   Sleeping for 9.859364017s
2020-02-02 08:04:39.350   CNC 10   INF   Device still active
2020-02-02 08:04:39.351   CNC 10   INF   Production -> 9 of 300
2020-02-02 08:04:39.667   CNC 10   INF   Processing takes 316.401988ms
2020-02-02 08:04:39.667   CNC 10   INF   Sleeping for 9.683406348s
2020-02-02 08:04:49.354   CNC 10   INF   Device still active
2020-02-02 08:04:49.355   CNC 10   INF   Production -> 10 of 300
2020-02-02 08:04:49.671   CNC 10   INF   Processing takes 316.943131ms
2020-02-02 08:04:49.671   CNC 10   INF   Sleeping for 9.682906888s
2020-02-02 08:04:59.356   CNC 10   INF   Device still active
2020-02-02 08:04:59.358   CNC 10   INF   Production -> 11 of 300
2020-02-02 08:04:59.719   CNC 10   INF   Processing takes 362.316329ms
2020-02-02 08:04:59.719   CNC 10   INF   Sleeping for 9.637252039s
2020-02-02 08:05:09.357   CNC 10   INF   Device still active
2020-02-02 08:05:09.357   CNC 10   INF   Production -> 12 of 300
2020-02-02 08:05:09.636   CNC 10   INF   Processing takes 278.633055ms
2020-02-02 08:05:09.636   CNC 10   INF   Sleeping for 9.721220356s
2020-02-02 08:05:19.360   CNC 10   INF   Device still active
2020-02-02 08:05:19.361   CNC 10   INF   Production -> 13 of 300
2020-02-02 08:05:19.541   CNC 10   INF   Processing takes 180.095533ms
2020-02-02 08:05:19.541   CNC 10   INF   Sleeping for 9.819790862s
2020-02-02 08:05:29.366   CNC 10   INF   Device still active
2020-02-02 08:05:29.366   CNC 10   INF   Production -> 14 of 300
2020-02-02 08:05:29.747   CNC 10   INF   Processing takes 381.654239ms
2020-02-02 08:05:29.747   CNC 10   INF   Sleeping for 9.618234785s
2020-02-02 08:05:39.368   CNC 10   INF   Device still active
2020-02-02 08:05:39.368   CNC 10   INF   Production -> 15 of 300
2020-02-02 08:05:39.636   CNC 10   INF   Processing takes 268.379744ms
2020-02-02 08:05:39.637   CNC 10   INF   Sleeping for 9.731480317s
2020-02-02 08:05:49.372   CNC 10   INF   Device still active
2020-02-02 08:05:49.372   CNC 10   INF   Production -> 16 of 300
2020-02-02 08:05:49.818   CNC 10   INF   Processing takes 444.910398ms
2020-02-02 08:05:49.818   CNC 10   INF   Sleeping for 9.554558881s
2020-02-02 08:05:59.373   CNC 10   INF   Device still active
2020-02-02 08:05:59.373   CNC 10   INF   Production -> 17 of 300
2020-02-02 08:05:59.559   CNC 10   INF   Processing takes 185.911914ms
2020-02-02 08:05:59.559   CNC 10   INF   Sleeping for 9.813428459s
2020-02-02 08:06:09.374   CNC 10   INF   Device still active
2020-02-02 08:06:09.374   CNC 10   INF   Production -> 18 of 300
2020-02-02 08:06:09.616   CNC 10   INF   Processing takes 242.123229ms
2020-02-02 08:06:09.616   CNC 10   INF   Sleeping for 9.757746716s
2020-02-02 08:06:19.374   CNC 10   INF   Device still active
2020-02-02 08:06:19.374   CNC 10   INF   Production -> 19 of 300
2020-02-02 08:06:19.838   CNC 10   INF   Processing takes 463.259108ms
2020-02-02 08:06:19.838   CNC 10   INF   Sleeping for 9.536180874s
2020-02-02 08:06:29.378   CNC 10   INF   Device still active
2020-02-02 08:06:29.379   CNC 10   INF   Production -> 20 of 300
2020-02-02 08:06:29.645   CNC 10   INF   Processing takes 266.621193ms
2020-02-02 08:06:29.645   CNC 10   INF   Sleeping for 9.733250308s
2020-02-02 08:06:39.379   CNC 10   INF   Device still active
2020-02-02 08:06:39.379   CNC 10   INF   Production -> 21 of 300
2020-02-02 08:06:39.545   CNC 10   INF   Processing takes 165.821763ms
2020-02-02 08:06:39.545   CNC 10   INF   Sleeping for 9.834056974s
2020-02-02 08:06:49.380   CNC 10   INF   Device still active
2020-02-02 08:06:49.380   CNC 10   INF   Production -> 22 of 300
2020-02-02 08:06:49.569   CNC 10   INF   Processing takes 189.266492ms
2020-02-02 08:06:49.570   CNC 10   INF   Sleeping for 9.810607106s
2020-02-02 08:06:59.384   CNC 10   INF   Device still active
2020-02-02 08:06:59.385   CNC 10   INF   Production -> 23 of 300
2020-02-02 08:06:59.631   CNC 10   INF   Processing takes 246.224834ms
2020-02-02 08:06:59.631   CNC 10   INF   Sleeping for 9.753662279s
2020-02-02 08:07:09.386   CNC 10   INF   Device still active
2020-02-02 08:07:09.386   CNC 10   INF   Production -> 24 of 300
2020-02-02 08:07:09.593   CNC 10   INF   Processing takes 207.072227ms
2020-02-02 08:07:09.593   CNC 10   INF   Sleeping for 9.792802387s
2020-02-02 08:07:19.387   CNC 10   INF   Device still active
2020-02-02 08:07:19.390   CNC 10   INF   Production -> 25 of 300
2020-02-02 08:07:19.756   CNC 10   INF   Processing takes 367.538334ms
2020-02-02 08:07:19.756   CNC 10   INF   Sleeping for 9.632378871s
2020-02-02 08:07:29.390   CNC 10   INF   Device still active
2020-02-02 08:07:29.390   CNC 10   INF   Production -> 26 of 300
2020-02-02 08:07:29.571   CNC 10   INF   Processing takes 180.50761ms
2020-02-02 08:07:29.571   CNC 10   INF   Sleeping for 9.819377261s
2020-02-02 08:07:39.391   CNC 10   INF   Device still active
2020-02-02 08:07:39.392   CNC 10   INF   Production -> 27 of 300
2020-02-02 08:07:39.821   CNC 10   INF   Processing takes 430.223513ms
2020-02-02 08:07:39.821   CNC 10   INF   Sleeping for 9.569593398s
2020-02-02 08:07:49.394   CNC 10   INF   Device still active
2020-02-02 08:07:49.394   CNC 10   INF   Production -> 28 of 300
2020-02-02 08:07:49.678   CNC 10   INF   Processing takes 284.050136ms
2020-02-02 08:07:49.678   CNC 10   INF   Sleeping for 9.715729991s
2020-02-02 08:07:59.395   CNC 10   INF   Device still active
2020-02-02 08:07:59.395   CNC 10   INF   Production -> 29 of 300
2020-02-02 08:07:59.597   CNC 10   INF   Processing takes 201.87262ms
2020-02-02 08:07:59.597   CNC 10   INF   Sleeping for 9.798023826s
2020-02-02 08:08:09.396   CNC 10   INF   Device still active
2020-02-02 08:08:09.397   CNC 10   INF   Production -> 30 of 300
2020-02-02 08:08:09.604   CNC 10   INF   Processing takes 207.28327ms
2020-02-02 08:08:09.604   CNC 10   INF   Sleeping for 9.792629394s
2020-02-02 08:08:19.399   CNC 10   INF   Device still active
2020-02-02 08:08:19.400   CNC 10   INF   Production -> 31 of 300
2020-02-02 08:08:19.567   CNC 10   INF   Processing takes 167.180456ms
2020-02-02 08:08:19.567   CNC 10   INF   Sleeping for 9.83270237s
2020-02-02 08:08:29.401   CNC 10   INF   Device still active
2020-02-02 08:08:29.401   CNC 10   INF   Production -> 32 of 300
2020-02-02 08:08:29.415   CNC 10   INF   Processing takes 13.493636ms
2020-02-02 08:08:29.415   CNC 10   INF   Sleeping for 9.986448495s
2020-02-02 08:08:39.404   CNC 10   INF   Device still active
2020-02-02 08:08:39.404   CNC 10   INF   Production -> 33 of 300
2020-02-02 08:08:40.714   CNC 10   INF   Processing takes 1.309825923s
2020-02-02 08:08:40.714   CNC 10   INF   Sleeping for 8.689932905s
2020-02-02 08:08:49.409   CNC 10   INF   Device still active
2020-02-02 08:08:49.409   CNC 10   INF   Production -> 34 of 300
2020-02-02 08:08:50.728   CNC 10   INF   Processing takes 1.318384094s
2020-02-02 08:08:50.728   CNC 10   INF   Sleeping for 8.680771665s
