2019-12-30 08:58:50.459   CNC 14   INF   Device created
2019-12-30 09:01:29.151   CNC 14   INF   Device created
2019-12-30 09:03:14.835   CNC 14   INF   Device created
2019-12-30 09:05:44.248   CNC 14   INF   Device created
2019-12-30 09:07:12.958   CNC 14   INF   Device created
2019-12-30 09:08:30.446   CNC 14   INF   Device created
2019-12-30 09:08:47.343   CNC 14   INF   Device created
2019-12-30 09:11:46.464   CNC 14   INF   Workplace created
2019-12-30 09:11:46.481   CNC 14   INF   Production workplace port created
2019-12-30 09:11:46.487   CNC 14   INF   Amperafe workplace port created
2019-12-30 09:11:46.650   CNC 14   INF   Device created
2019-12-30 09:11:46.653   CNC 14   INF   Digital port created
2019-12-30 09:11:46.656   CNC 14   INF   Analog port created
2019-12-30 09:21:45.541   CNC 14   INF   Device started running
2019-12-30 09:21:45.542   CNC 14   WRN   Device directory not exist, creating
2019-12-30 09:21:45.542   CNC 14   INF   Device directory created
2019-12-30 09:21:45.542   CNC 14   INF   Downtime -> 0 of 150
2019-12-30 09:21:45.658   CNC 14   INF   Processing takes 115.780229ms
2019-12-30 09:21:45.658   CNC 14   INF   Sleeping for 9.884091572s
2019-12-30 09:25:13.260   CNC 14   INF   Device started running
2019-12-30 09:25:13.262   CNC 14   INF   Device directory exists
2019-12-30 09:25:13.262   CNC 14   INF   Production -> 0 of 300
2019-12-30 09:25:13.335   CNC 14   INF   Processing takes 73.658299ms
2019-12-30 09:25:13.336   CNC 14   INF   Sleeping for 9.926097095s
2019-12-30 09:25:23.263   CNC 14   INF   Device still active
2019-12-30 09:25:23.263   CNC 14   INF   Production -> 1 of 300
2019-12-30 09:25:23.319   CNC 14   INF   Processing takes 56.056134ms
2019-12-30 09:25:23.319   CNC 14   INF   Sleeping for 9.943834889s
2019-12-30 09:25:33.263   CNC 14   INF   Device still active
2019-12-30 09:25:33.263   CNC 14   INF   Production -> 2 of 300
2019-12-30 09:25:33.358   CNC 14   INF   Processing takes 94.824033ms
2019-12-30 09:25:33.358   CNC 14   INF   Sleeping for 9.905091345s
2019-12-30 09:26:12.802   CNC 14   INF   Device started running
2019-12-30 09:26:12.802   CNC 14   INF   Device directory exists
2019-12-30 09:26:12.803   CNC 14   INF   Production -> 0 of 300
2019-12-30 09:26:12.872   CNC 14   INF   Processing takes 69.302155ms
2019-12-30 09:26:12.872   CNC 14   INF   Sleeping for 9.930397847s
2019-12-30 09:26:22.802   CNC 14   INF   Device still active
2019-12-30 09:26:22.802   CNC 14   INF   Production -> 1 of 300
2019-12-30 09:26:22.851   CNC 14   INF   Processing takes 48.191835ms
2019-12-30 09:26:22.851   CNC 14   INF   Sleeping for 9.951723514s
2019-12-30 09:26:32.803   CNC 14   INF   Device still active
2019-12-30 09:26:32.803   CNC 14   INF   Production -> 2 of 300
2019-12-30 09:26:32.869   CNC 14   INF   Processing takes 66.328207ms
2019-12-30 09:26:32.869   CNC 14   INF   Sleeping for 9.933575721s
2019-12-30 09:26:42.807   CNC 14   INF   Device still active
2019-12-30 09:26:42.807   CNC 14   INF   Production -> 3 of 300
2019-12-30 09:26:42.921   CNC 14   INF   Processing takes 113.722064ms
2019-12-30 09:26:42.921   CNC 14   INF   Sleeping for 9.88614186s
2019-12-30 09:26:52.807   CNC 14   INF   Device still active
2019-12-30 09:26:52.807   CNC 14   INF   Production -> 4 of 300
2019-12-30 09:26:52.867   CNC 14   INF   Processing takes 59.960029ms
2019-12-30 09:26:52.867   CNC 14   INF   Sleeping for 9.939876134s
2019-12-30 09:27:02.808   CNC 14   INF   Device still active
2019-12-30 09:27:02.808   CNC 14   INF   Production -> 5 of 300
2019-12-30 09:27:02.877   CNC 14   INF   Processing takes 69.037444ms
2019-12-30 09:27:02.877   CNC 14   INF   Sleeping for 9.930803304s
2019-12-30 09:27:12.809   CNC 14   INF   Device still active
2019-12-30 09:27:12.810   CNC 14   INF   Production -> 6 of 300
2019-12-30 09:27:12.872   CNC 14   INF   Processing takes 62.21535ms
2019-12-30 09:27:12.872   CNC 14   INF   Sleeping for 9.93768659s
2019-12-30 09:27:22.810   CNC 14   INF   Device still active
2019-12-30 09:27:22.810   CNC 14   INF   Production -> 7 of 300
2019-12-30 09:27:22.862   CNC 14   INF   Processing takes 52.170657ms
2019-12-30 09:27:22.863   CNC 14   INF   Sleeping for 9.947508053s
2019-12-30 09:27:32.810   CNC 14   INF   Device still active
2019-12-30 09:27:32.811   CNC 14   INF   Production -> 8 of 300
2019-12-30 09:27:32.857   CNC 14   INF   Processing takes 46.829198ms
2019-12-30 09:27:32.857   CNC 14   INF   Sleeping for 9.953055677s
2019-12-30 09:27:42.815   CNC 14   INF   Device still active
2019-12-30 09:27:42.816   CNC 14   INF   Production -> 9 of 300
2019-12-30 09:27:42.909   CNC 14   INF   Processing takes 92.999772ms
2019-12-30 09:27:42.910   CNC 14   INF   Sleeping for 9.906182987s
2019-12-30 09:27:52.820   CNC 14   INF   Device still active
2019-12-30 09:27:52.822   CNC 14   INF   Production -> 10 of 300
2019-12-30 09:27:52.935   CNC 14   INF   Processing takes 114.805722ms
2019-12-30 09:27:52.936   CNC 14   INF   Sleeping for 9.88502968s
2019-12-30 09:28:02.826   CNC 14   INF   Device still active
2019-12-30 09:28:02.826   CNC 14   INF   Production -> 11 of 300
2019-12-30 09:28:02.903   CNC 14   INF   Processing takes 76.525736ms
2019-12-30 09:28:02.903   CNC 14   INF   Sleeping for 9.923329202s
2019-12-30 09:28:12.828   CNC 14   INF   Device still active
2019-12-30 09:28:12.828   CNC 14   INF   Production -> 12 of 300
2019-12-30 09:28:12.880   CNC 14   INF   Processing takes 51.86834ms
2019-12-30 09:28:12.880   CNC 14   INF   Sleeping for 9.947962664s
2019-12-30 09:28:22.829   CNC 14   INF   Device still active
2019-12-30 09:28:22.829   CNC 14   INF   Production -> 13 of 300
2019-12-30 09:28:22.888   CNC 14   INF   Processing takes 58.38931ms
2019-12-30 09:28:22.888   CNC 14   INF   Sleeping for 9.941489118s
2019-12-30 09:28:32.832   CNC 14   INF   Device still active
2019-12-30 09:28:32.833   CNC 14   INF   Production -> 14 of 300
2019-12-30 09:28:32.891   CNC 14   INF   Processing takes 59.259337ms
2019-12-30 09:28:32.892   CNC 14   INF   Sleeping for 9.940625524s
2019-12-30 09:28:42.833   CNC 14   INF   Device still active
2019-12-30 09:28:42.833   CNC 14   INF   Production -> 15 of 300
2019-12-30 09:28:42.889   CNC 14   INF   Processing takes 56.195453ms
2019-12-30 09:28:42.889   CNC 14   INF   Sleeping for 9.943673831s
2019-12-30 09:28:52.834   CNC 14   INF   Device still active
2019-12-30 09:28:52.834   CNC 14   INF   Production -> 16 of 300
2019-12-30 09:28:52.882   CNC 14   INF   Processing takes 48.246493ms
2019-12-30 09:28:52.882   CNC 14   INF   Sleeping for 9.951632681s
2019-12-30 09:29:02.834   CNC 14   INF   Device still active
2019-12-30 09:29:02.834   CNC 14   INF   Production -> 17 of 300
2019-12-30 09:29:02.896   CNC 14   INF   Processing takes 61.513692ms
2019-12-30 09:29:02.896   CNC 14   INF   Sleeping for 9.938404771s
2019-12-30 09:29:12.834   CNC 14   INF   Device still active
2019-12-30 09:29:12.835   CNC 14   INF   Production -> 18 of 300
2019-12-30 09:29:12.902   CNC 14   INF   Processing takes 67.787811ms
2019-12-30 09:29:12.903   CNC 14   INF   Sleeping for 9.932015342s
2019-12-30 09:29:22.835   CNC 14   INF   Device still active
2019-12-30 09:29:22.835   CNC 14   INF   Production -> 19 of 300
2019-12-30 09:29:22.894   CNC 14   INF   Processing takes 58.380954ms
2019-12-30 09:29:22.894   CNC 14   INF   Sleeping for 9.941396326s
2019-12-30 09:29:32.838   CNC 14   INF   Device still active
2019-12-30 09:29:32.838   CNC 14   INF   Production -> 20 of 300
2019-12-30 09:29:32.929   CNC 14   INF   Processing takes 90.810899ms
2019-12-30 09:29:32.929   CNC 14   INF   Sleeping for 9.909057111s
2019-12-30 09:29:42.839   CNC 14   INF   Device still active
2019-12-30 09:29:42.840   CNC 14   INF   Production -> 21 of 300
2019-12-30 09:29:42.927   CNC 14   INF   Processing takes 87.270488ms
2019-12-30 09:29:42.927   CNC 14   INF   Sleeping for 9.912530949s
2019-12-30 09:29:52.840   CNC 14   INF   Device still active
2019-12-30 09:29:52.840   CNC 14   INF   Production -> 22 of 300
2019-12-30 09:29:52.931   CNC 14   INF   Processing takes 90.094107ms
2019-12-30 09:29:52.931   CNC 14   INF   Sleeping for 9.909661909s
2019-12-30 09:30:02.841   CNC 14   INF   Device still active
2019-12-30 09:30:02.841   CNC 14   INF   Production -> 23 of 300
2019-12-30 09:30:02.914   CNC 14   INF   Processing takes 73.155741ms
2019-12-30 09:30:02.915   CNC 14   INF   Sleeping for 9.925967342s
2019-12-30 09:30:12.842   CNC 14   INF   Device still active
2019-12-30 09:30:12.842   CNC 14   INF   Production -> 24 of 300
2019-12-30 09:30:12.888   CNC 14   INF   Processing takes 46.481535ms
2019-12-30 09:30:12.888   CNC 14   INF   Sleeping for 9.953407281s
2019-12-30 09:30:22.842   CNC 14   INF   Device still active
2019-12-30 09:30:22.842   CNC 14   INF   Production -> 25 of 300
2019-12-30 09:30:22.911   CNC 14   INF   Processing takes 69.474332ms
2019-12-30 09:30:22.912   CNC 14   INF   Sleeping for 9.930426954s
2019-12-30 09:30:32.845   CNC 14   INF   Device still active
2019-12-30 09:30:32.846   CNC 14   INF   Production -> 26 of 300
2019-12-30 09:30:32.884   CNC 14   INF   Processing takes 38.462262ms
2019-12-30 09:30:32.884   CNC 14   INF   Sleeping for 9.961374594s
2019-12-30 09:30:42.849   CNC 14   INF   Device still active
2019-12-30 09:30:42.849   CNC 14   INF   Production -> 27 of 300
2019-12-30 09:30:42.924   CNC 14   INF   Processing takes 74.632015ms
2019-12-30 09:30:42.924   CNC 14   INF   Sleeping for 9.925225575s
2019-12-30 09:30:52.853   CNC 14   INF   Device still active
2019-12-30 09:30:52.854   CNC 14   INF   Production -> 28 of 300
2019-12-30 09:30:52.926   CNC 14   INF   Processing takes 72.15052ms
2019-12-30 09:30:52.926   CNC 14   INF   Sleeping for 9.927755934s
2019-12-30 09:31:02.854   CNC 14   INF   Device still active
2019-12-30 09:31:02.854   CNC 14   INF   Production -> 29 of 300
2019-12-30 09:31:02.932   CNC 14   INF   Processing takes 77.951108ms
2019-12-30 09:31:02.932   CNC 14   INF   Sleeping for 9.921861853s
2019-12-30 09:31:12.855   CNC 14   INF   Device still active
2019-12-30 09:31:12.855   CNC 14   INF   Production -> 30 of 300
2019-12-30 09:31:12.933   CNC 14   INF   Processing takes 78.039774ms
2019-12-30 09:31:12.933   CNC 14   INF   Sleeping for 9.921804221s
2019-12-30 09:31:22.855   CNC 14   INF   Device still active
2019-12-30 09:31:22.855   CNC 14   INF   Production -> 31 of 300
2019-12-30 09:31:22.911   CNC 14   INF   Processing takes 55.741973ms
2019-12-30 09:31:22.911   CNC 14   INF   Sleeping for 9.944151587s
2019-12-30 09:31:32.856   CNC 14   INF   Device still active
2019-12-30 09:31:32.857   CNC 14   INF   Production -> 32 of 300
2019-12-30 09:31:32.912   CNC 14   INF   Processing takes 55.582287ms
2019-12-30 09:31:32.912   CNC 14   INF   Sleeping for 9.944284712s
2019-12-30 09:31:42.857   CNC 14   INF   Device still active
2019-12-30 09:31:42.857   CNC 14   INF   Production -> 33 of 300
2019-12-30 09:31:42.925   CNC 14   INF   Processing takes 67.808791ms
2019-12-30 09:31:42.925   CNC 14   INF   Sleeping for 9.932074487s
2019-12-30 09:31:52.859   CNC 14   INF   Device still active
2019-12-30 09:31:52.859   CNC 14   INF   Production -> 34 of 300
2019-12-30 09:31:52.912   CNC 14   INF   Processing takes 52.998401ms
2019-12-30 09:31:52.912   CNC 14   INF   Sleeping for 9.946913986s
2019-12-30 09:32:02.863   CNC 14   INF   Device still active
2019-12-30 09:32:02.863   CNC 14   INF   Production -> 35 of 300
2019-12-30 09:32:02.917   CNC 14   INF   Processing takes 54.540791ms
2019-12-30 09:32:02.918   CNC 14   INF   Sleeping for 9.945359229s
2019-12-30 09:32:12.865   CNC 14   INF   Device still active
2019-12-30 09:32:12.865   CNC 14   INF   Production -> 36 of 300
2019-12-30 09:32:12.930   CNC 14   INF   Processing takes 65.283967ms
2019-12-30 09:32:12.931   CNC 14   INF   Sleeping for 9.93462224s
2019-12-30 09:32:22.866   CNC 14   INF   Device still active
2019-12-30 09:32:22.867   CNC 14   INF   Production -> 37 of 300
2019-12-30 09:32:22.926   CNC 14   INF   Processing takes 59.068446ms
2019-12-30 09:32:22.926   CNC 14   INF   Sleeping for 9.940808223s
2019-12-30 09:32:32.871   CNC 14   INF   Device still active
2019-12-30 09:32:32.871   CNC 14   INF   Production -> 38 of 300
2019-12-30 09:32:32.915   CNC 14   INF   Processing takes 43.380555ms
2019-12-30 09:32:32.915   CNC 14   INF   Sleeping for 9.95651857s
2019-12-30 09:32:42.872   CNC 14   INF   Device still active
2019-12-30 09:32:42.873   CNC 14   INF   Production -> 39 of 300
2019-12-30 09:32:42.925   CNC 14   INF   Processing takes 53.722003ms
2019-12-30 09:32:42.926   CNC 14   INF   Sleeping for 9.946164581s
2019-12-30 09:32:52.875   CNC 14   INF   Device still active
2019-12-30 09:32:52.875   CNC 14   INF   Production -> 40 of 300
2019-12-30 09:32:52.925   CNC 14   INF   Processing takes 49.516014ms
2019-12-30 09:32:52.925   CNC 14   INF   Sleeping for 9.950293467s
2019-12-30 09:33:02.878   CNC 14   INF   Device still active
2019-12-30 09:33:02.878   CNC 14   INF   Production -> 41 of 300
2019-12-30 09:33:02.979   CNC 14   INF   Processing takes 100.939663ms
2019-12-30 09:33:02.980   CNC 14   INF   Sleeping for 9.89835059s
2019-12-30 09:33:12.880   CNC 14   INF   Device still active
2019-12-30 09:33:12.880   CNC 14   INF   Production -> 42 of 300
2019-12-30 09:33:12.936   CNC 14   INF   Processing takes 55.784024ms
2019-12-30 09:33:12.936   CNC 14   INF   Sleeping for 9.944053048s
2019-12-30 09:33:22.880   CNC 14   INF   Device still active
2019-12-30 09:33:22.881   CNC 14   INF   Production -> 43 of 300
2019-12-30 09:33:22.922   CNC 14   INF   Processing takes 42.19292ms
2019-12-30 09:33:22.922   CNC 14   INF   Sleeping for 9.957705953s
2019-12-30 09:33:32.881   CNC 14   INF   Device still active
2019-12-30 09:33:32.882   CNC 14   INF   Production -> 44 of 300
2019-12-30 09:33:32.955   CNC 14   INF   Processing takes 73.202638ms
2019-12-30 09:33:32.955   CNC 14   INF   Sleeping for 9.926712899s
2019-12-30 09:33:42.884   CNC 14   INF   Device still active
2019-12-30 09:33:42.885   CNC 14   INF   Production -> 45 of 300
2019-12-30 09:33:42.951   CNC 14   INF   Processing takes 66.698ms
2019-12-30 09:33:42.951   CNC 14   INF   Sleeping for 9.933196706s
2019-12-30 09:33:52.888   CNC 14   INF   Device still active
2019-12-30 09:33:52.888   CNC 14   INF   Production -> 46 of 300
2019-12-30 09:33:53.045   CNC 14   INF   Processing takes 156.256064ms
2019-12-30 09:33:53.045   CNC 14   INF   Sleeping for 9.843593657s
2019-12-30 09:34:02.890   CNC 14   INF   Device still active
2019-12-30 09:34:02.890   CNC 14   INF   Production -> 47 of 300
2019-12-30 09:34:02.950   CNC 14   INF   Processing takes 59.489979ms
2019-12-30 09:34:02.950   CNC 14   INF   Sleeping for 9.940430031s
2019-12-30 09:34:12.891   CNC 14   INF   Device still active
2019-12-30 09:34:12.891   CNC 14   INF   Production -> 48 of 300
2019-12-30 09:34:12.944   CNC 14   INF   Processing takes 53.152346ms
2019-12-30 09:34:12.944   CNC 14   INF   Sleeping for 9.94675632s
2019-12-30 09:34:22.891   CNC 14   INF   Device still active
2019-12-30 09:34:22.891   CNC 14   INF   Production -> 49 of 300
2019-12-30 09:34:22.956   CNC 14   INF   Processing takes 64.687331ms
2019-12-30 09:34:22.956   CNC 14   INF   Sleeping for 9.935220542s
2019-12-30 09:34:33.295   CNC 14   INF   Device still active
2019-12-30 09:34:33.296   CNC 14   INF   Production -> 50 of 300
2019-12-30 09:34:33.340   CNC 14   INF   Processing takes 44.320797ms
2019-12-30 09:34:33.340   CNC 14   INF   Sleeping for 9.955568372s
2019-12-30 09:34:43.298   CNC 14   INF   Device still active
2019-12-30 09:34:43.298   CNC 14   INF   Production -> 51 of 300
2019-12-30 09:34:43.330   CNC 14   INF   Processing takes 32.154465ms
2019-12-30 09:34:43.330   CNC 14   INF   Sleeping for 9.96776028s
2019-12-30 09:34:53.302   CNC 14   INF   Device still active
2019-12-30 09:34:53.302   CNC 14   INF   Production -> 52 of 300
2019-12-30 09:34:53.359   CNC 14   INF   Processing takes 56.623215ms
2019-12-30 09:34:53.359   CNC 14   INF   Sleeping for 9.943214552s
2019-12-30 09:35:03.304   CNC 14   INF   Device still active
2019-12-30 09:35:03.305   CNC 14   INF   Production -> 53 of 300
2019-12-30 09:35:03.344   CNC 14   INF   Processing takes 39.736518ms
2019-12-30 09:35:03.345   CNC 14   INF   Sleeping for 9.960153666s
2019-12-30 09:35:13.310   CNC 14   INF   Device still active
2019-12-30 09:35:13.310   CNC 14   INF   Production -> 54 of 300
2019-12-30 09:35:13.349   CNC 14   INF   Processing takes 38.513297ms
2019-12-30 09:35:13.349   CNC 14   INF   Sleeping for 9.961368219s
2019-12-30 09:35:23.314   CNC 14   INF   Device still active
2019-12-30 09:35:23.314   CNC 14   INF   Production -> 55 of 300
2019-12-30 09:35:23.373   CNC 14   INF   Processing takes 58.917183ms
2019-12-30 09:35:23.373   CNC 14   INF   Sleeping for 9.940932277s
2019-12-30 09:35:33.317   CNC 14   INF   Device still active
2019-12-30 09:35:33.317   CNC 14   INF   Production -> 56 of 300
2019-12-30 09:35:33.360   CNC 14   INF   Processing takes 43.570966ms
2019-12-30 09:35:33.361   CNC 14   INF   Sleeping for 9.956155346s
2019-12-30 09:35:43.322   CNC 14   INF   Device still active
2019-12-30 09:35:43.322   CNC 14   INF   Production -> 57 of 300
2019-12-30 09:35:43.370   CNC 14   INF   Processing takes 48.199707ms
2019-12-30 09:35:43.371   CNC 14   INF   Sleeping for 9.951441326s
2019-12-30 09:35:53.323   CNC 14   INF   Device still active
2019-12-30 09:35:53.323   CNC 14   INF   Production -> 58 of 300
2019-12-30 09:35:53.375   CNC 14   INF   Processing takes 52.135579ms
2019-12-30 09:35:53.375   CNC 14   INF   Sleeping for 9.947742244s
2019-12-30 09:36:03.326   CNC 14   INF   Device still active
2019-12-30 09:36:03.327   CNC 14   INF   Production -> 59 of 300
2019-12-30 09:36:03.363   CNC 14   INF   Processing takes 36.29344ms
2019-12-30 09:36:03.363   CNC 14   INF   Sleeping for 9.963604746s
2019-12-30 09:36:13.327   CNC 14   INF   Device still active
2019-12-30 09:36:13.327   CNC 14   INF   Production -> 60 of 300
2019-12-30 09:36:13.365   CNC 14   INF   Processing takes 37.959212ms
2019-12-30 09:36:13.365   CNC 14   INF   Sleeping for 9.96194034s
2019-12-30 09:36:23.331   CNC 14   INF   Device still active
2019-12-30 09:36:23.332   CNC 14   INF   Production -> 61 of 300
2019-12-30 09:36:23.371   CNC 14   INF   Processing takes 39.00937ms
2019-12-30 09:36:23.371   CNC 14   INF   Sleeping for 9.960858476s
2019-12-30 09:36:33.337   CNC 14   INF   Device still active
2019-12-30 09:36:33.338   CNC 14   INF   Production -> 62 of 300
2019-12-30 09:36:33.380   CNC 14   INF   Processing takes 42.434359ms
2019-12-30 09:36:33.380   CNC 14   INF   Sleeping for 9.957462693s
2019-12-30 09:36:43.340   CNC 14   INF   Device still active
2019-12-30 09:36:43.341   CNC 14   INF   Production -> 63 of 300
2019-12-30 09:36:43.385   CNC 14   INF   Processing takes 43.882133ms
2019-12-30 09:36:43.385   CNC 14   INF   Sleeping for 9.956007066s
2019-12-30 09:36:53.346   CNC 14   INF   Device still active
2019-12-30 09:36:53.346   CNC 14   INF   Production -> 64 of 300
2019-12-30 09:36:53.396   CNC 14   INF   Processing takes 49.811793ms
2019-12-30 09:36:53.396   CNC 14   INF   Sleeping for 9.95006017s
2019-12-30 09:37:03.346   CNC 14   INF   Device still active
2019-12-30 09:37:03.347   CNC 14   INF   Production -> 65 of 300
2019-12-30 09:37:03.391   CNC 14   INF   Processing takes 44.114446ms
2019-12-30 09:37:03.391   CNC 14   INF   Sleeping for 9.955774086s
2019-12-30 09:37:13.350   CNC 14   INF   Device still active
2019-12-30 09:37:13.351   CNC 14   INF   Production -> 66 of 300
2019-12-30 09:37:13.387   CNC 14   INF   Processing takes 37.078275ms
2019-12-30 09:37:13.387   CNC 14   INF   Sleeping for 9.962828114s
2019-12-30 09:37:23.351   CNC 14   INF   Device still active
2019-12-30 09:37:23.352   CNC 14   INF   Production -> 67 of 300
2019-12-30 09:37:23.396   CNC 14   INF   Processing takes 44.422627ms
2019-12-30 09:37:23.396   CNC 14   INF   Sleeping for 9.955473503s
2019-12-30 09:38:59.951   CNC 14   INF   Device started running
2019-12-30 09:38:59.951   CNC 14   INF   Device directory exists
2019-12-30 09:38:59.952   CNC 14   INF   Offline -> 0 of 150
2019-12-30 09:38:59.952   CNC 14   INF   Processing takes 414.45µs
2019-12-30 09:38:59.952   CNC 14   INF   Sleeping for 9.999142338s
2019-12-30 09:39:09.953   CNC 14   INF   Device still active
2019-12-30 09:39:09.953   CNC 14   INF   Offline -> 1 of 150
2019-12-30 09:39:09.953   CNC 14   INF   Processing takes 88.32µs
2019-12-30 09:39:09.953   CNC 14   INF   Sleeping for 9.999702041s
2019-12-30 09:39:19.958   CNC 14   INF   Device still active
2019-12-30 09:39:19.959   CNC 14   INF   Offline -> 2 of 150
2019-12-30 09:39:19.959   CNC 14   INF   Processing takes 716.124µs
2019-12-30 09:39:19.959   CNC 14   INF   Sleeping for 9.999025636s
2019-12-30 09:39:29.964   CNC 14   INF   Device still active
2019-12-30 09:39:29.964   CNC 14   INF   Offline -> 3 of 150
2019-12-30 09:39:29.965   CNC 14   INF   Processing takes 684.673µs
2019-12-30 09:39:29.965   CNC 14   INF   Sleeping for 9.998937779s
2019-12-30 09:39:39.967   CNC 14   INF   Device still active
2019-12-30 09:39:39.967   CNC 14   INF   Offline -> 4 of 150
2019-12-30 09:39:39.967   CNC 14   INF   Processing takes 149.533µs
2019-12-30 09:39:39.968   CNC 14   INF   Sleeping for 9.99972232s
2019-12-30 09:39:49.968   CNC 14   INF   Device still active
2019-12-30 09:39:49.969   CNC 14   INF   Offline -> 5 of 150
2019-12-30 09:39:49.969   CNC 14   INF   Processing takes 1.014267ms
2019-12-30 09:39:49.969   CNC 14   INF   Sleeping for 9.998903659s
2019-12-30 09:39:59.970   CNC 14   INF   Device still active
2019-12-30 09:39:59.970   CNC 14   INF   Offline -> 6 of 150
2019-12-30 09:39:59.970   CNC 14   INF   Processing takes 146.761µs
2019-12-30 09:39:59.970   CNC 14   INF   Sleeping for 9.999585962s
2019-12-30 09:40:09.970   CNC 14   INF   Device still active
2019-12-30 09:40:09.970   CNC 14   INF   Offline -> 7 of 150
2019-12-30 09:40:09.971   CNC 14   INF   Processing takes 146.904µs
2019-12-30 09:40:09.971   CNC 14   INF   Sleeping for 9.999472375s
2019-12-30 09:40:19.975   CNC 14   INF   Device still active
2019-12-30 09:40:19.976   CNC 14   INF   Offline -> 8 of 150
2019-12-30 09:40:19.976   CNC 14   INF   Processing takes 756.199µs
2019-12-30 09:40:19.977   CNC 14   INF   Sleeping for 9.999042802s
2019-12-30 09:40:29.977   CNC 14   INF   Device still active
2019-12-30 09:40:29.977   CNC 14   INF   Offline -> 9 of 150
2019-12-30 09:40:29.977   CNC 14   INF   Processing takes 174.954µs
2019-12-30 09:40:29.977   CNC 14   INF   Sleeping for 9.999718629s
2019-12-30 09:40:39.980   CNC 14   INF   Device still active
2019-12-30 09:40:39.980   CNC 14   INF   Offline -> 10 of 150
2019-12-30 09:40:39.982   CNC 14   INF   Processing takes 248.451µs
2019-12-30 09:40:39.982   CNC 14   INF   Sleeping for 9.9986928s
2019-12-30 09:40:49.986   CNC 14   INF   Device still active
2019-12-30 09:40:49.986   CNC 14   INF   Offline -> 11 of 150
2019-12-30 09:40:49.986   CNC 14   INF   Processing takes 300.971µs
2019-12-30 09:40:49.987   CNC 14   INF   Sleeping for 9.99940416s
2019-12-30 09:40:59.986   CNC 14   INF   Device still active
2019-12-30 09:40:59.987   CNC 14   INF   Offline -> 12 of 150
2019-12-30 09:40:59.987   CNC 14   INF   Processing takes 142.009µs
2019-12-30 09:40:59.987   CNC 14   INF   Sleeping for 9.999729904s
2019-12-30 09:41:09.987   CNC 14   INF   Device still active
2019-12-30 09:41:09.987   CNC 14   INF   Offline -> 13 of 150
2019-12-30 09:41:09.988   CNC 14   INF   Processing takes 177.82µs
2019-12-30 09:41:09.988   CNC 14   INF   Sleeping for 9.999606799s
2019-12-30 09:41:19.988   CNC 14   INF   Device still active
2019-12-30 09:41:19.988   CNC 14   INF   Offline -> 14 of 150
2019-12-30 09:41:19.988   CNC 14   INF   Processing takes 148.122µs
2019-12-30 09:41:19.988   CNC 14   INF   Sleeping for 9.999756818s
2019-12-30 09:41:29.988   CNC 14   INF   Device not active
2019-12-30 09:41:29.988   CNC 14   INF   Device not active, stopped running
2019-12-30 09:41:29.991   CNC 14   INF   Device started running
2019-12-30 09:41:29.991   CNC 14   INF   Device directory exists
2019-12-30 09:41:29.991   CNC 14   INF   Production -> 0 of 300
2019-12-30 09:41:30.063   CNC 14   INF   Processing takes 71.977708ms
2019-12-30 09:41:30.063   CNC 14   INF   Sleeping for 9.927878399s
2019-12-30 09:41:39.993   CNC 14   INF   Device still active
2019-12-30 09:41:39.993   CNC 14   INF   Production -> 1 of 300
2019-12-30 09:41:40.131   CNC 14   INF   Processing takes 138.128371ms
2019-12-30 09:41:40.131   CNC 14   INF   Sleeping for 9.861727965s
2019-12-30 09:41:49.993   CNC 14   INF   Device still active
2019-12-30 09:41:49.993   CNC 14   INF   Production -> 2 of 300
2019-12-30 09:41:50.052   CNC 14   INF   Processing takes 58.850473ms
2019-12-30 09:41:50.052   CNC 14   INF   Sleeping for 9.94102453s
2019-12-30 09:41:59.996   CNC 14   INF   Device still active
2019-12-30 09:41:59.996   CNC 14   INF   Production -> 3 of 300
2019-12-30 09:42:00.050   CNC 14   INF   Processing takes 54.12169ms
2019-12-30 09:42:00.050   CNC 14   INF   Sleeping for 9.945752776s
2019-12-30 09:42:10.000   CNC 14   INF   Device still active
2019-12-30 09:42:10.002   CNC 14   INF   Production -> 4 of 300
2019-12-30 09:42:10.073   CNC 14   INF   Processing takes 72.051512ms
2019-12-30 09:42:10.073   CNC 14   INF   Sleeping for 9.927849794s
2019-12-30 09:42:20.002   CNC 14   INF   Device still active
2019-12-30 09:42:20.002   CNC 14   INF   Production -> 5 of 300
2019-12-30 09:42:20.084   CNC 14   INF   Processing takes 81.835159ms
2019-12-30 09:42:20.084   CNC 14   INF   Sleeping for 9.918058503s
2019-12-30 09:42:30.002   CNC 14   INF   Device still active
2019-12-30 09:42:30.003   CNC 14   INF   Production -> 6 of 300
2019-12-30 09:42:30.042   CNC 14   INF   Processing takes 39.25556ms
2019-12-30 09:42:30.042   CNC 14   INF   Sleeping for 9.960587697s
2019-12-30 09:42:40.003   CNC 14   INF   Device still active
2019-12-30 09:42:40.003   CNC 14   INF   Production -> 7 of 300
2019-12-30 09:42:40.080   CNC 14   INF   Processing takes 76.701969ms
2019-12-30 09:42:40.080   CNC 14   INF   Sleeping for 9.923195975s
2019-12-30 09:42:50.005   CNC 14   INF   Device still active
2019-12-30 09:42:50.005   CNC 14   INF   Production -> 8 of 300
2019-12-30 09:42:50.105   CNC 14   INF   Processing takes 99.992159ms
2019-12-30 09:42:50.105   CNC 14   INF   Sleeping for 9.899821584s
2019-12-30 09:43:00.005   CNC 14   INF   Device still active
2019-12-30 09:43:00.006   CNC 14   INF   Production -> 9 of 300
2019-12-30 09:43:00.056   CNC 14   INF   Processing takes 50.663092ms
2019-12-30 09:43:00.056   CNC 14   INF   Sleeping for 9.949061256s
2019-12-30 09:43:10.011   CNC 14   INF   Device still active
2019-12-30 09:43:10.011   CNC 14   INF   Production -> 10 of 300
2019-12-30 09:43:10.122   CNC 14   INF   Processing takes 111.092359ms
2019-12-30 09:43:10.122   CNC 14   INF   Sleeping for 9.888775388s
2019-12-30 09:43:20.012   CNC 14   INF   Device still active
2019-12-30 09:43:20.012   CNC 14   INF   Production -> 11 of 300
2019-12-30 09:43:20.089   CNC 14   INF   Processing takes 77.070825ms
2019-12-30 09:43:20.089   CNC 14   INF   Sleeping for 9.922844153s
2019-12-30 09:43:30.015   CNC 14   INF   Device still active
2019-12-30 09:43:30.015   CNC 14   INF   Production -> 12 of 300
2019-12-30 09:43:30.069   CNC 14   INF   Processing takes 53.74916ms
2019-12-30 09:43:30.069   CNC 14   INF   Sleeping for 9.946132471s
2019-12-30 09:43:40.016   CNC 14   INF   Device still active
2019-12-30 09:43:40.017   CNC 14   INF   Production -> 13 of 300
2019-12-30 09:43:40.117   CNC 14   INF   Processing takes 100.120935ms
2019-12-30 09:43:40.117   CNC 14   INF   Sleeping for 9.899795703s
2019-12-30 09:43:50.017   CNC 14   INF   Device still active
2019-12-30 09:43:50.017   CNC 14   INF   Production -> 14 of 300
2019-12-30 09:43:50.099   CNC 14   INF   Processing takes 81.567269ms
2019-12-30 09:43:50.099   CNC 14   INF   Sleeping for 9.918345872s
2019-12-30 09:44:00.020   CNC 14   INF   Device still active
2019-12-30 09:44:00.020   CNC 14   INF   Production -> 15 of 300
2019-12-30 09:44:00.218   CNC 14   INF   Processing takes 198.054342ms
2019-12-30 09:44:00.218   CNC 14   INF   Sleeping for 9.801808313s
2019-12-30 09:44:10.020   CNC 14   INF   Device still active
2019-12-30 09:44:10.020   CNC 14   INF   Production -> 16 of 300
2019-12-30 09:44:10.097   CNC 14   INF   Processing takes 77.149364ms
2019-12-30 09:44:10.098   CNC 14   INF   Sleeping for 9.922676375s
2019-12-30 09:44:20.025   CNC 14   INF   Device still active
2019-12-30 09:44:20.025   CNC 14   INF   Production -> 17 of 300
2019-12-30 09:44:20.090   CNC 14   INF   Processing takes 64.767591ms
2019-12-30 09:44:20.090   CNC 14   INF   Sleeping for 9.935140076s
2019-12-30 09:44:30.026   CNC 14   INF   Device still active
2019-12-30 09:44:30.026   CNC 14   INF   Production -> 18 of 300
2019-12-30 09:44:30.107   CNC 14   INF   Processing takes 80.843622ms
2019-12-30 09:44:30.107   CNC 14   INF   Sleeping for 9.919074786s
2019-12-30 09:44:40.026   CNC 14   INF   Device still active
2019-12-30 09:44:40.026   CNC 14   INF   Production -> 19 of 300
2019-12-30 09:44:40.096   CNC 14   INF   Processing takes 69.782179ms
2019-12-30 09:44:40.096   CNC 14   INF   Sleeping for 9.930092402s
2019-12-30 09:44:50.027   CNC 14   INF   Device still active
2019-12-30 09:44:50.027   CNC 14   INF   Production -> 20 of 300
2019-12-30 09:44:50.092   CNC 14   INF   Processing takes 64.758805ms
2019-12-30 09:44:50.092   CNC 14   INF   Sleeping for 9.935156284s
2019-12-30 10:31:19.326   CNC 14   INF   Device started running
2019-12-30 10:31:19.326   CNC 14   INF   Device directory exists
2019-12-30 10:31:19.327   CNC 14   INF   Production -> 0 of 300
2019-12-30 10:31:19.400   CNC 14   INF   Processing takes 73.512683ms
2019-12-30 10:31:19.400   CNC 14   INF   Sleeping for 9.926315547s
2019-12-30 10:31:29.327   CNC 14   INF   Device still active
2019-12-30 10:31:29.328   CNC 14   INF   Production -> 1 of 300
2019-12-30 10:31:29.382   CNC 14   INF   Processing takes 54.911013ms
2019-12-30 10:31:29.383   CNC 14   INF   Sleeping for 9.944936331s
2019-12-30 10:31:39.328   CNC 14   INF   Device still active
2019-12-30 10:31:39.328   CNC 14   INF   Production -> 2 of 300
2019-12-30 10:50:38.719   CNC 14   INF   Device started running
2019-12-30 10:50:38.719   CNC 14   INF   Device directory exists
2019-12-30 10:50:38.720   CNC 14   INF   Offline -> 0 of 150
2019-12-30 10:50:38.720   CNC 14   INF   Processing takes 667.392µs
2019-12-30 10:50:38.720   CNC 14   INF   Sleeping for 9.999235247s
2019-12-30 10:50:48.722   CNC 14   INF   Device still active
2019-12-30 10:50:48.722   CNC 14   INF   Offline -> 1 of 150
2019-12-30 10:50:48.723   CNC 14   INF   Processing takes 191.151µs
2019-12-30 10:50:48.723   CNC 14   INF   Sleeping for 9.998736629s
2019-12-30 10:50:58.724   CNC 14   INF   Device still active
2019-12-30 10:50:58.724   CNC 14   INF   Offline -> 2 of 150
2019-12-30 10:50:58.724   CNC 14   INF   Processing takes 99.665µs
2019-12-30 10:50:58.724   CNC 14   INF   Sleeping for 9.999765644s
2019-12-30 10:51:08.726   CNC 14   INF   Device still active
2019-12-30 10:51:08.727   CNC 14   INF   Offline -> 3 of 150
2019-12-30 10:51:08.727   CNC 14   INF   Processing takes 1.126385ms
2019-12-30 10:51:08.728   CNC 14   INF   Sleeping for 9.998698854s
2019-12-30 10:51:18.728   CNC 14   INF   Device still active
2019-12-30 10:51:18.728   CNC 14   INF   Offline -> 4 of 150
2019-12-30 10:51:18.729   CNC 14   INF   Processing takes 126.543µs
2019-12-30 10:51:18.730   CNC 14   INF   Sleeping for 9.999201844s
2019-12-30 10:51:28.735   CNC 14   INF   Device still active
2019-12-30 10:51:28.735   CNC 14   INF   Offline -> 5 of 150
2019-12-30 10:51:28.735   CNC 14   INF   Processing takes 177.747µs
2019-12-30 10:51:28.736   CNC 14   INF   Sleeping for 9.999608503s
2019-12-30 10:51:38.736   CNC 14   INF   Device still active
2019-12-30 10:51:38.736   CNC 14   INF   Offline -> 6 of 150
2019-12-30 10:51:38.737   CNC 14   INF   Processing takes 146.089µs
2019-12-30 10:51:38.737   CNC 14   INF   Sleeping for 9.998864073s
2019-12-30 10:51:48.736   CNC 14   INF   Device still active
2019-12-30 10:51:48.738   CNC 14   INF   Offline -> 7 of 150
2019-12-30 10:51:48.739   CNC 14   INF   Processing takes 1.815947ms
2019-12-30 10:51:48.739   CNC 14   INF   Sleeping for 9.997042512s
2019-12-30 10:51:58.738   CNC 14   INF   Device still active
2019-12-30 10:51:58.738   CNC 14   INF   Offline -> 8 of 150
2019-12-30 10:51:58.739   CNC 14   INF   Processing takes 275.351µs
2019-12-30 10:51:58.739   CNC 14   INF   Sleeping for 9.99936013s
2019-12-30 10:52:08.740   CNC 14   INF   Device still active
2019-12-30 10:52:08.740   CNC 14   INF   Offline -> 9 of 150
2019-12-30 10:52:08.740   CNC 14   INF   Processing takes 197.84µs
2019-12-30 10:52:08.741   CNC 14   INF   Sleeping for 9.999624659s
2019-12-30 10:52:18.746   CNC 14   INF   Device still active
2019-12-30 10:52:18.746   CNC 14   INF   Offline -> 10 of 150
2019-12-30 10:52:18.746   CNC 14   INF   Processing takes 130.335µs
2019-12-30 10:52:18.746   CNC 14   INF   Sleeping for 9.999749822s
2019-12-30 10:52:28.750   CNC 14   INF   Device still active
2019-12-30 10:52:28.750   CNC 14   INF   Offline -> 11 of 150
2019-12-30 10:52:28.750   CNC 14   INF   Processing takes 84.894µs
2019-12-30 10:52:28.750   CNC 14   INF   Sleeping for 9.999857293s
2019-12-30 10:52:38.750   CNC 14   INF   Device still active
2019-12-30 10:52:38.751   CNC 14   INF   Offline -> 12 of 150
2019-12-30 10:52:38.752   CNC 14   INF   Processing takes 360.786µs
2019-12-30 10:52:38.753   CNC 14   INF   Sleeping for 9.997914835s
2019-12-30 10:52:48.752   CNC 14   INF   Device still active
2019-12-30 10:52:48.752   CNC 14   INF   Offline -> 13 of 150
2019-12-30 10:52:48.752   CNC 14   INF   Processing takes 158.169µs
2019-12-30 10:52:48.752   CNC 14   INF   Sleeping for 9.999753607s
2019-12-30 10:52:58.752   CNC 14   INF   Device still active
2019-12-30 10:52:58.753   CNC 14   INF   Offline -> 14 of 150
2019-12-30 10:52:58.754   CNC 14   INF   Processing takes 1.058857ms
2019-12-30 10:52:58.754   CNC 14   INF   Sleeping for 9.998096341s
2019-12-30 10:53:08.754   CNC 14   INF   Device still active
2019-12-30 10:53:08.755   CNC 14   INF   Offline -> 15 of 150
2019-12-30 10:53:08.756   CNC 14   INF   Processing takes 650.601µs
2019-12-30 10:53:08.756   CNC 14   INF   Sleeping for 9.9991294s
2019-12-30 10:53:18.759   CNC 14   INF   Device still active
2019-12-30 10:53:18.759   CNC 14   INF   Offline -> 16 of 150
2019-12-30 10:53:18.759   CNC 14   INF   Processing takes 202.225µs
2019-12-30 10:53:18.759   CNC 14   INF   Sleeping for 9.99968632s
2019-12-30 10:53:28.761   CNC 14   INF   Device still active
2019-12-30 10:53:28.761   CNC 14   INF   Offline -> 17 of 150
2019-12-30 10:53:28.761   CNC 14   INF   Processing takes 221.157µs
2019-12-30 10:53:28.761   CNC 14   INF   Sleeping for 9.999630813s
2019-12-30 10:53:38.762   CNC 14   INF   Device still active
2019-12-30 10:53:38.763   CNC 14   INF   Offline -> 18 of 150
2019-12-30 10:53:38.763   CNC 14   INF   Processing takes 250.97µs
2019-12-30 10:53:38.763   CNC 14   INF   Sleeping for 9.999486253s
2019-12-30 10:53:48.766   CNC 14   INF   Device still active
2019-12-30 10:53:48.767   CNC 14   INF   Offline -> 19 of 150
2019-12-30 10:53:48.768   CNC 14   INF   Processing takes 247.802µs
2019-12-30 10:53:48.768   CNC 14   INF   Sleeping for 9.998216074s
2019-12-30 10:53:58.769   CNC 14   INF   Device still active
2019-12-30 10:53:58.769   CNC 14   INF   Offline -> 20 of 150
2019-12-30 10:53:58.769   CNC 14   INF   Processing takes 77.323µs
2019-12-30 10:53:58.769   CNC 14   INF   Sleeping for 9.99980819s
2019-12-30 10:54:08.770   CNC 14   INF   Device still active
2019-12-30 10:54:08.770   CNC 14   INF   Offline -> 21 of 150
2019-12-30 10:54:08.771   CNC 14   INF   Processing takes 255.224µs
2019-12-30 10:54:08.771   CNC 14   INF   Sleeping for 9.999419308s
2019-12-30 10:54:18.771   CNC 14   INF   Device still active
2019-12-30 10:54:18.771   CNC 14   INF   Offline -> 22 of 150
2019-12-30 10:54:18.771   CNC 14   INF   Processing takes 263.113µs
2019-12-30 10:54:18.772   CNC 14   INF   Sleeping for 9.999620967s
2019-12-30 10:54:28.774   CNC 14   INF   Device still active
2019-12-30 10:54:28.775   CNC 14   INF   Offline -> 23 of 150
2019-12-30 10:54:28.775   CNC 14   INF   Processing takes 441.297µs
2019-12-30 10:54:28.775   CNC 14   INF   Sleeping for 9.999272717s
2019-12-30 10:54:38.775   CNC 14   INF   Device still active
2019-12-30 10:54:38.776   CNC 14   INF   Offline -> 24 of 150
2019-12-30 10:54:38.776   CNC 14   INF   Processing takes 668.286µs
2019-12-30 10:54:38.776   CNC 14   INF   Sleeping for 9.999132801s
2019-12-30 10:54:48.779   CNC 14   INF   Device still active
2019-12-30 10:54:48.779   CNC 14   INF   Offline -> 25 of 150
2019-12-30 10:54:48.779   CNC 14   INF   Processing takes 152.263µs
2019-12-30 10:54:48.780   CNC 14   INF   Sleeping for 9.999700736s
2019-12-30 10:54:58.780   CNC 14   INF   Device still active
2019-12-30 10:54:58.780   CNC 14   INF   Offline -> 26 of 150
2019-12-30 10:54:58.780   CNC 14   INF   Processing takes 115.163µs
2019-12-30 10:54:58.780   CNC 14   INF   Sleeping for 9.999779022s
2019-12-30 10:55:08.780   CNC 14   INF   Device still active
2019-12-30 10:55:08.780   CNC 14   INF   Offline -> 27 of 150
2019-12-30 10:55:08.780   CNC 14   INF   Processing takes 116.566µs
2019-12-30 10:55:08.780   CNC 14   INF   Sleeping for 9.999733087s
2019-12-30 10:55:18.782   CNC 14   INF   Device still active
2019-12-30 10:55:18.782   CNC 14   INF   Offline -> 28 of 150
2019-12-30 10:55:18.782   CNC 14   INF   Processing takes 132.788µs
2019-12-30 10:55:18.782   CNC 14   INF   Sleeping for 9.999772229s
2019-12-30 10:55:28.786   CNC 14   INF   Device still active
2019-12-30 10:55:28.786   CNC 14   INF   Offline -> 29 of 150
2019-12-30 10:55:28.786   CNC 14   INF   Processing takes 289.6µs
2019-12-30 10:55:28.786   CNC 14   INF   Sleeping for 9.999601754s
2019-12-30 10:55:42.170   CNC 14   INF   Device started running
2019-12-30 10:55:42.171   CNC 14   INF   Device directory exists
2019-12-30 10:55:42.171   CNC 14   INF   Production -> 0 of 300
2019-12-30 10:55:42.276   CNC 14   INF   Processing takes 104.442212ms
2019-12-30 10:55:42.276   CNC 14   INF   Sleeping for 9.89492071s
2019-12-30 10:55:52.172   CNC 14   INF   Device still active
2019-12-30 10:55:52.172   CNC 14   INF   Production -> 1 of 300
2019-12-30 10:55:52.254   CNC 14   INF   Processing takes 81.949084ms
2019-12-30 10:55:52.254   CNC 14   INF   Sleeping for 9.917960929s
2019-12-30 10:56:02.172   CNC 14   INF   Device still active
2019-12-30 10:56:02.172   CNC 14   INF   Production -> 2 of 300
2019-12-30 10:56:02.279   CNC 14   INF   Processing takes 106.558741ms
2019-12-30 10:56:02.279   CNC 14   INF   Sleeping for 9.893309486s
2019-12-30 10:56:12.174   CNC 14   INF   Device still active
2019-12-30 10:56:12.174   CNC 14   INF   Production -> 3 of 300
2019-12-30 10:56:12.310   CNC 14   INF   Processing takes 136.528457ms
2019-12-30 10:56:12.311   CNC 14   INF   Sleeping for 9.863043789s
2019-12-30 10:56:22.176   CNC 14   INF   Device still active
2019-12-30 10:56:22.176   CNC 14   INF   Production -> 4 of 300
2019-12-30 10:56:22.258   CNC 14   INF   Processing takes 82.499262ms
2019-12-30 10:56:22.258   CNC 14   INF   Sleeping for 9.917407603s
2019-12-30 10:56:32.177   CNC 14   INF   Device still active
2019-12-30 10:56:32.178   CNC 14   INF   Production -> 5 of 300
2019-12-30 10:56:32.255   CNC 14   INF   Processing takes 77.415301ms
2019-12-30 10:56:32.255   CNC 14   INF   Sleeping for 9.922489113s
2019-12-30 10:56:42.181   CNC 14   INF   Device still active
2019-12-30 10:56:42.181   CNC 14   INF   Production -> 6 of 300
2019-12-30 10:56:42.275   CNC 14   INF   Processing takes 93.961485ms
2019-12-30 10:56:42.275   CNC 14   INF   Sleeping for 9.905915429s
2019-12-30 10:56:52.184   CNC 14   INF   Device still active
2019-12-30 10:56:52.184   CNC 14   INF   Production -> 7 of 300
2019-12-30 10:56:52.242   CNC 14   INF   Processing takes 58.131579ms
2019-12-30 10:56:52.242   CNC 14   INF   Sleeping for 9.941760372s
2019-12-30 10:57:02.187   CNC 14   INF   Device still active
2019-12-30 10:57:02.188   CNC 14   INF   Production -> 8 of 300
2019-12-30 10:57:02.320   CNC 14   INF   Processing takes 132.896163ms
2019-12-30 10:57:02.321   CNC 14   INF   Sleeping for 9.867006253s
2019-12-30 10:57:36.290   CNC 14   INF   Device started running
2019-12-30 10:57:36.291   CNC 14   INF   Device directory exists
2019-12-30 10:57:36.291   CNC 14   INF   Downtime -> 0 of 150
2019-12-30 10:57:36.325   CNC 14   INF   Processing takes 34.027101ms
2019-12-30 10:57:36.325   CNC 14   INF   Sleeping for 9.965609592s
2019-12-30 10:58:10.041   CNC 14   INF   Device started running
2019-12-30 10:58:10.041   CNC 14   INF   Device directory exists
2019-12-30 10:58:10.041   CNC 14   INF   Downtime -> 0 of 150
2019-12-30 10:58:10.115   CNC 14   INF   Processing takes 73.52863ms
2019-12-30 10:58:10.115   CNC 14   INF   Sleeping for 9.926350312s
2019-12-30 11:09:08.177   CNC 14   INF   Device started running
2019-12-30 11:09:08.178   CNC 14   INF   Device directory exists
2019-12-30 11:09:08.178   CNC 14   INF   Offline -> 0 of 150
2019-12-30 11:09:08.179   CNC 14   INF   Processing takes 261.146µs
2019-12-30 11:09:08.179   CNC 14   INF   Sleeping for 9.999645388s
2019-12-30 11:09:18.182   CNC 14   INF   Device still active
2019-12-30 11:09:18.183   CNC 14   INF   Offline -> 1 of 150
2019-12-30 11:09:18.183   CNC 14   INF   Processing takes 449.04µs
2019-12-30 11:09:18.183   CNC 14   INF   Sleeping for 9.999453824s
2019-12-30 11:09:28.187   CNC 14   INF   Device still active
2019-12-30 11:09:28.187   CNC 14   INF   Offline -> 2 of 150
2019-12-30 11:09:28.188   CNC 14   INF   Processing takes 600.2µs
2019-12-30 11:09:28.188   CNC 14   INF   Sleeping for 9.999045101s
2019-12-30 11:09:38.191   CNC 14   INF   Device still active
2019-12-30 11:09:38.194   CNC 14   INF   Offline -> 3 of 150
2019-12-30 11:09:38.194   CNC 14   INF   Processing takes 2.579449ms
2019-12-30 11:09:38.195   CNC 14   INF   Sleeping for 9.997248516s
2019-12-30 11:09:48.194   CNC 14   INF   Device still active
2019-12-30 11:09:48.195   CNC 14   INF   Offline -> 4 of 150
2019-12-30 11:09:48.195   CNC 14   INF   Processing takes 88.955µs
2019-12-30 11:09:48.195   CNC 14   INF   Sleeping for 9.999693104s
2019-12-30 11:09:58.200   CNC 14   INF   Device still active
2019-12-30 11:09:58.200   CNC 14   INF   Offline -> 5 of 150
2019-12-30 11:09:58.201   CNC 14   INF   Processing takes 782.715µs
2019-12-30 11:09:58.201   CNC 14   INF   Sleeping for 9.998786264s
2019-12-30 11:10:08.206   CNC 14   INF   Device still active
2019-12-30 11:10:08.206   CNC 14   INF   Offline -> 6 of 150
2019-12-30 11:10:08.207   CNC 14   INF   Processing takes 511.388µs
2019-12-30 11:10:08.207   CNC 14   INF   Sleeping for 9.999278632s
2019-12-30 11:10:18.207   CNC 14   INF   Device still active
2019-12-30 11:10:18.207   CNC 14   INF   Offline -> 7 of 150
2019-12-30 11:10:18.207   CNC 14   INF   Processing takes 292.906µs
2019-12-30 11:10:18.209   CNC 14   INF   Sleeping for 9.999420118s
2019-12-30 11:10:28.213   CNC 14   INF   Device still active
2019-12-30 11:10:28.213   CNC 14   INF   Offline -> 8 of 150
2019-12-30 11:10:28.213   CNC 14   INF   Processing takes 164.146µs
2019-12-30 11:10:28.214   CNC 14   INF   Sleeping for 9.999706556s
2019-12-30 11:10:38.214   CNC 14   INF   Device still active
2019-12-30 11:10:38.214   CNC 14   INF   Offline -> 9 of 150
2019-12-30 11:10:38.214   CNC 14   INF   Processing takes 101.73µs
2019-12-30 11:10:38.214   CNC 14   INF   Sleeping for 9.999819232s
2019-12-30 11:10:48.214   CNC 14   INF   Device still active
2019-12-30 11:10:48.214   CNC 14   INF   Offline -> 10 of 150
2019-12-30 11:10:48.214   CNC 14   INF   Processing takes 103.196µs
2019-12-30 11:10:48.214   CNC 14   INF   Sleeping for 9.999790867s
2019-12-30 11:10:58.215   CNC 14   INF   Device still active
2019-12-30 11:10:58.215   CNC 14   INF   Offline -> 11 of 150
2019-12-30 11:10:58.215   CNC 14   INF   Processing takes 167.306µs
2019-12-30 11:10:58.215   CNC 14   INF   Sleeping for 9.999676541s
2019-12-30 11:11:08.216   CNC 14   INF   Device still active
2019-12-30 11:11:08.216   CNC 14   INF   Offline -> 12 of 150
2019-12-30 11:11:08.216   CNC 14   INF   Processing takes 116.531µs
2019-12-30 11:11:08.216   CNC 14   INF   Sleeping for 9.99981228s
2019-12-30 11:11:18.218   CNC 14   INF   Device still active
2019-12-30 11:11:18.218   CNC 14   INF   Offline -> 13 of 150
2019-12-30 11:11:18.218   CNC 14   INF   Processing takes 139.78µs
2019-12-30 11:11:18.219   CNC 14   INF   Sleeping for 9.999645937s
2019-12-30 11:11:28.220   CNC 14   INF   Device still active
2019-12-30 11:11:28.221   CNC 14   INF   Offline -> 14 of 150
2019-12-30 11:11:28.222   CNC 14   INF   Processing takes 1.187085ms
2019-12-30 11:11:28.223   CNC 14   INF   Sleeping for 9.998192788s
2019-12-30 11:11:38.221   CNC 14   INF   Device still active
2019-12-30 11:11:38.222   CNC 14   INF   Offline -> 15 of 150
2019-12-30 11:11:38.222   CNC 14   INF   Processing takes 343.166µs
2019-12-30 11:11:38.222   CNC 14   INF   Sleeping for 9.999517476s
2019-12-30 11:11:48.224   CNC 14   INF   Device still active
2019-12-30 11:11:48.225   CNC 14   INF   Offline -> 16 of 150
2019-12-30 11:11:48.225   CNC 14   INF   Processing takes 622.281µs
2019-12-30 11:11:48.225   CNC 14   INF   Sleeping for 9.999069765s
2019-12-30 11:11:58.226   CNC 14   INF   Device still active
2019-12-30 11:11:58.226   CNC 14   INF   Offline -> 17 of 150
2019-12-30 11:11:58.226   CNC 14   INF   Processing takes 297.19µs
2019-12-30 11:11:58.227   CNC 14   INF   Sleeping for 9.99946333s
2019-12-30 11:13:02.021   CNC 14   INF   Device started running
2019-12-30 11:13:02.021   CNC 14   INF   Device directory exists
2019-12-30 11:13:02.021   CNC 14   INF   Offline -> 0 of 150
2019-12-30 11:13:02.021   CNC 14   INF   Processing takes 101.22µs
2019-12-30 11:13:02.021   CNC 14   INF   Sleeping for 9.99979413s
2019-12-30 11:13:12.022   CNC 14   INF   Device still active
2019-12-30 11:13:12.022   CNC 14   INF   Offline -> 1 of 150
2019-12-30 11:13:12.022   CNC 14   INF   Processing takes 125.194µs
2019-12-30 11:13:12.022   CNC 14   INF   Sleeping for 9.999761792s
2019-12-30 11:13:22.025   CNC 14   INF   Device still active
2019-12-30 11:13:22.025   CNC 14   INF   Offline -> 2 of 150
2019-12-30 11:13:22.026   CNC 14   INF   Processing takes 95.905µs
2019-12-30 11:13:22.026   CNC 14   INF   Sleeping for 9.999355393s
2019-12-30 11:13:32.028   CNC 14   INF   Device still active
2019-12-30 11:13:32.028   CNC 14   INF   Offline -> 3 of 150
2019-12-30 11:13:32.028   CNC 14   INF   Processing takes 240.978µs
2019-12-30 11:13:32.028   CNC 14   INF   Sleeping for 9.9996013s
2019-12-30 11:13:42.032   CNC 14   INF   Device still active
2019-12-30 11:13:42.032   CNC 14   INF   Offline -> 4 of 150
2019-12-30 11:13:42.032   CNC 14   INF   Processing takes 97.604µs
2019-12-30 11:13:42.032   CNC 14   INF   Sleeping for 9.999806525s
2019-12-30 11:13:52.033   CNC 14   INF   Device still active
2019-12-30 11:13:52.033   CNC 14   INF   Offline -> 5 of 150
2019-12-30 11:13:52.034   CNC 14   INF   Processing takes 177.827µs
2019-12-30 11:13:52.034   CNC 14   INF   Sleeping for 9.999585817s
2019-12-30 11:14:02.035   CNC 14   INF   Device still active
2019-12-30 11:14:02.036   CNC 14   INF   Offline -> 6 of 150
2019-12-30 11:14:02.036   CNC 14   INF   Processing takes 114.046µs
2019-12-30 11:14:02.036   CNC 14   INF   Sleeping for 9.999565217s
2019-12-30 11:14:12.038   CNC 14   INF   Device still active
2019-12-30 11:14:12.038   CNC 14   INF   Offline -> 7 of 150
2019-12-30 11:14:12.038   CNC 14   INF   Processing takes 264.255µs
2019-12-30 11:14:12.038   CNC 14   INF   Sleeping for 9.999460705s
2019-12-30 11:14:22.038   CNC 14   INF   Device still active
2019-12-30 11:14:22.039   CNC 14   INF   Offline -> 8 of 150
2019-12-30 11:14:22.039   CNC 14   INF   Processing takes 137.429µs
2019-12-30 11:14:22.039   CNC 14   INF   Sleeping for 9.999738535s
2019-12-30 11:14:32.044   CNC 14   INF   Device still active
2019-12-30 11:14:32.044   CNC 14   INF   Offline -> 9 of 150
2019-12-30 11:14:32.044   CNC 14   INF   Processing takes 329.161µs
2019-12-30 11:14:32.045   CNC 14   INF   Sleeping for 9.99925367s
2019-12-30 11:14:42.048   CNC 14   INF   Device still active
2019-12-30 11:14:42.048   CNC 14   INF   Offline -> 10 of 150
2019-12-30 11:14:42.049   CNC 14   INF   Processing takes 194.324µs
2019-12-30 11:14:42.049   CNC 14   INF   Sleeping for 9.999299699s
2019-12-30 11:14:52.054   CNC 14   INF   Device still active
2019-12-30 11:14:52.054   CNC 14   INF   Offline -> 11 of 150
2019-12-30 11:14:52.054   CNC 14   INF   Processing takes 308.128µs
2019-12-30 11:14:52.054   CNC 14   INF   Sleeping for 9.999567311s
