2020-02-29 10:01:05.049   CNC 2   INF   Device started running
2020-02-29 10:01:05.049   CNC 2   INF   Device directory exists
2020-02-29 10:01:05.049   CNC 2   INF   Production -> 0 of 300
2020-02-29 10:01:05.261   CNC 2   INF   Processing takes 211.666044ms
2020-02-29 10:01:05.261   CNC 2   INF   Sleeping for 9.788147159s
2020-02-29 10:01:15.049   CNC 2   INF   Device still active
2020-02-29 10:01:15.050   CNC 2   INF   Production -> 1 of 300
2020-02-29 10:01:15.287   CNC 2   INF   Processing takes 237.808171ms
2020-02-29 10:01:15.288   CNC 2   INF   Sleeping for 9.761977158s
2020-02-29 10:01:25.050   CNC 2   INF   Device still active
2020-02-29 10:01:25.050   CNC 2   INF   Production -> 2 of 300
2020-02-29 10:01:25.244   CNC 2   INF   Processing takes 194.220031ms
2020-02-29 10:01:25.245   CNC 2   INF   Sleeping for 9.805635805s
2020-02-29 10:01:35.051   CNC 2   INF   Device not active
2020-02-29 10:01:35.051   CNC 2   INF   Device not active, stopped running
2020-02-29 10:01:35.053   CNC 2   INF   Device started running
2020-02-29 10:01:35.053   CNC 2   INF   Device directory exists
2020-02-29 10:01:35.053   CNC 2   INF   Device not active, stopped running
2020-02-29 10:01:51.082   CNC 2   INF   Device started running
2020-02-29 10:01:51.082   CNC 2   INF   Device directory exists
2020-02-29 10:01:51.082   CNC 2   INF   Production -> 0 of 300
2020-02-29 10:01:51.215   CNC 2   INF   Processing takes 133.063749ms
2020-02-29 10:01:51.215   CNC 2   INF   Sleeping for 9.866828354s
2020-02-29 10:02:01.082   CNC 2   INF   Device still active
2020-02-29 10:02:01.083   CNC 2   INF   Production -> 1 of 300
2020-02-29 10:02:01.231   CNC 2   INF   Processing takes 148.348528ms
2020-02-29 10:02:01.231   CNC 2   INF   Sleeping for 9.851547846s
2020-02-29 10:02:11.083   CNC 2   INF   Device still active
2020-02-29 10:02:11.083   CNC 2   INF   Device not active, stopped running
2020-02-29 10:02:11.083   CNC 2   INF   Device started running
2020-02-29 10:02:11.084   CNC 2   INF   Device directory exists
2020-02-29 10:02:11.084   CNC 2   INF   Device not active, stopped running
2020-02-29 10:08:40.454   CNC 2   INF   Device started running
2020-02-29 10:08:40.454   CNC 2   INF   Device directory exists
2020-02-29 10:08:40.455   CNC 2   INF   Poweroff -> 0 of 150
2020-02-29 10:08:40.455   CNC 2   INF   Processing takes 232.185µs
2020-02-29 10:08:40.455   CNC 2   INF   Sleeping for 9.999649468s
2020-02-29 10:08:50.455   CNC 2   INF   Device still active
2020-02-29 10:08:50.455   CNC 2   INF   Device not active, stopped running
2020-02-29 10:10:03.349   CNC 2   INF   Device started running
2020-02-29 10:10:03.350   CNC 2   INF   Device directory exists
2020-02-29 10:10:03.350   CNC 2   INF   Poweroff -> 0 of 150
2020-02-29 10:10:03.351   CNC 2   INF   Processing takes 536.437µs
2020-02-29 10:10:03.351   CNC 2   INF   Sleeping for 9.999310211s
2020-02-29 10:10:13.351   CNC 2   INF   Device still active
2020-02-29 10:10:13.352   CNC 2   INF   Poweroff -> 1 of 150
2020-02-29 10:10:13.352   CNC 2   INF   Processing takes 630.972µs
2020-02-29 10:10:13.352   CNC 2   INF   Sleeping for 9.99885101s
2020-02-29 10:10:23.353   CNC 2   INF   Device still active
2020-02-29 10:10:23.353   CNC 2   INF   Device not active, stopped running
