2019-12-30 08:58:50.011   CNC 4   INF   Device created
2019-12-30 09:01:28.758   CNC 4   INF   Device created
2019-12-30 09:03:14.399   CNC 4   INF   Device created
2019-12-30 09:05:43.774   CNC 4   INF   Device created
2019-12-30 09:07:12.591   CNC 4   INF   Device created
2019-12-30 09:08:30.005   CNC 4   INF   Device created
2019-12-30 09:08:46.943   CNC 4   INF   Device created
2019-12-30 09:11:46.165   CNC 4   INF   Workplace created
2019-12-30 09:11:46.178   CNC 4   INF   Production workplace port created
2019-12-30 09:11:46.179   CNC 4   INF   Amperafe workplace port created
2019-12-30 09:11:46.257   CNC 4   INF   Device created
2019-12-30 09:11:46.258   CNC 4   INF   Digital port created
2019-12-30 09:11:46.259   CNC 4   INF   Analog port created
2019-12-30 09:21:45.541   CNC 4   INF   Device started running
2019-12-30 09:21:45.541   CNC 4   WRN   Device directory not exist, creating
2019-12-30 09:21:45.542   CNC 4   INF   Device directory created
2019-12-30 09:21:45.542   CNC 4   INF   Downtime -> 0 of 150
2019-12-30 09:21:45.647   CNC 4   INF   Processing takes 105.017224ms
2019-12-30 09:21:45.648   CNC 4   INF   Sleeping for 9.894320833s
2019-12-30 09:25:13.259   CNC 4   INF   Device started running
2019-12-30 09:25:13.259   CNC 4   INF   Device directory exists
2019-12-30 09:25:13.260   CNC 4   INF   Downtime -> 0 of 150
2019-12-30 09:25:13.318   CNC 4   INF   Processing takes 58.706187ms
2019-12-30 09:25:13.318   CNC 4   INF   Sleeping for 9.941099853s
2019-12-30 09:25:23.260   CNC 4   INF   Device still active
2019-12-30 09:25:23.261   CNC 4   INF   Downtime -> 1 of 150
2019-12-30 09:25:23.328   CNC 4   INF   Processing takes 67.535927ms
2019-12-30 09:25:23.328   CNC 4   INF   Sleeping for 9.93218346s
2019-12-30 09:25:33.261   CNC 4   INF   Device still active
2019-12-30 09:25:33.261   CNC 4   INF   Downtime -> 2 of 150
2019-12-30 09:25:33.298   CNC 4   INF   Processing takes 37.199311ms
2019-12-30 09:25:33.298   CNC 4   INF   Sleeping for 9.962580831s
2019-12-30 09:26:12.801   CNC 4   INF   Device started running
2019-12-30 09:26:12.802   CNC 4   INF   Device directory exists
2019-12-30 09:26:12.802   CNC 4   INF   Production -> 0 of 300
2019-12-30 09:26:12.855   CNC 4   INF   Processing takes 53.206926ms
2019-12-30 09:26:12.855   CNC 4   INF   Sleeping for 9.946636238s
2019-12-30 09:26:22.802   CNC 4   INF   Device still active
2019-12-30 09:26:22.802   CNC 4   INF   Production -> 1 of 300
2019-12-30 09:26:22.849   CNC 4   INF   Processing takes 46.285177ms
2019-12-30 09:26:22.849   CNC 4   INF   Sleeping for 9.953591852s
2019-12-30 09:26:32.803   CNC 4   INF   Device still active
2019-12-30 09:26:32.803   CNC 4   INF   Production -> 2 of 300
2019-12-30 09:26:32.878   CNC 4   INF   Processing takes 75.179517ms
2019-12-30 09:26:32.879   CNC 4   INF   Sleeping for 9.924641027s
2019-12-30 09:26:42.806   CNC 4   INF   Device still active
2019-12-30 09:26:42.806   CNC 4   INF   Production -> 3 of 300
2019-12-30 09:26:42.895   CNC 4   INF   Processing takes 89.265829ms
2019-12-30 09:26:42.895   CNC 4   INF   Sleeping for 9.910576169s
2019-12-30 09:26:52.806   CNC 4   INF   Device still active
2019-12-30 09:26:52.806   CNC 4   INF   Production -> 4 of 300
2019-12-30 09:26:52.882   CNC 4   INF   Processing takes 75.646847ms
2019-12-30 09:26:52.882   CNC 4   INF   Sleeping for 9.924041492s
2019-12-30 09:27:02.807   CNC 4   INF   Device still active
2019-12-30 09:27:02.807   CNC 4   INF   Production -> 5 of 300
2019-12-30 09:27:02.880   CNC 4   INF   Processing takes 73.274031ms
2019-12-30 09:27:02.881   CNC 4   INF   Sleeping for 9.926569862s
2019-12-30 09:27:12.809   CNC 4   INF   Device still active
2019-12-30 09:27:12.809   CNC 4   INF   Production -> 6 of 300
2019-12-30 09:27:12.869   CNC 4   INF   Processing takes 60.710295ms
2019-12-30 09:27:12.869   CNC 4   INF   Sleeping for 9.939201027s
2019-12-30 09:27:22.809   CNC 4   INF   Device still active
2019-12-30 09:27:22.809   CNC 4   INF   Production -> 7 of 300
2019-12-30 09:27:22.881   CNC 4   INF   Processing takes 71.672387ms
2019-12-30 09:27:22.881   CNC 4   INF   Sleeping for 9.928157298s
2019-12-30 09:27:32.809   CNC 4   INF   Device still active
2019-12-30 09:27:32.809   CNC 4   INF   Production -> 8 of 300
2019-12-30 09:27:32.871   CNC 4   INF   Processing takes 61.710127ms
2019-12-30 09:27:32.871   CNC 4   INF   Sleeping for 9.938166026s
2019-12-30 09:27:42.815   CNC 4   INF   Device still active
2019-12-30 09:27:42.816   CNC 4   INF   Production -> 9 of 300
2019-12-30 09:27:42.917   CNC 4   INF   Processing takes 101.15323ms
2019-12-30 09:27:42.917   CNC 4   INF   Sleeping for 9.898572289s
2019-12-30 09:27:52.820   CNC 4   INF   Device still active
2019-12-30 09:27:52.821   CNC 4   INF   Production -> 10 of 300
2019-12-30 09:27:52.899   CNC 4   INF   Processing takes 77.675199ms
2019-12-30 09:27:52.899   CNC 4   INF   Sleeping for 9.921811328s
2019-12-30 09:28:02.826   CNC 4   INF   Device still active
2019-12-30 09:28:02.826   CNC 4   INF   Production -> 11 of 300
2019-12-30 09:28:02.901   CNC 4   INF   Processing takes 75.000307ms
2019-12-30 09:28:02.901   CNC 4   INF   Sleeping for 9.924862164s
2019-12-30 09:28:12.827   CNC 4   INF   Device still active
2019-12-30 09:28:12.828   CNC 4   INF   Production -> 12 of 300
2019-12-30 09:28:12.879   CNC 4   INF   Processing takes 51.157429ms
2019-12-30 09:28:12.879   CNC 4   INF   Sleeping for 9.948734792s
2019-12-30 09:28:22.831   CNC 4   INF   Device still active
2019-12-30 09:28:22.831   CNC 4   INF   Production -> 13 of 300
2019-12-30 09:28:22.909   CNC 4   INF   Processing takes 78.195249ms
2019-12-30 09:28:22.909   CNC 4   INF   Sleeping for 9.921659954s
2019-12-30 09:28:32.834   CNC 4   INF   Device still active
2019-12-30 09:28:32.834   CNC 4   INF   Production -> 14 of 300
2019-12-30 09:28:32.892   CNC 4   INF   Processing takes 58.060697ms
2019-12-30 09:28:32.892   CNC 4   INF   Sleeping for 9.94184942s
2019-12-30 09:28:42.834   CNC 4   INF   Device still active
2019-12-30 09:28:42.834   CNC 4   INF   Production -> 15 of 300
2019-12-30 09:28:42.894   CNC 4   INF   Processing takes 59.958231ms
2019-12-30 09:28:42.894   CNC 4   INF   Sleeping for 9.939938298s
2019-12-30 09:28:52.835   CNC 4   INF   Device still active
2019-12-30 09:28:52.835   CNC 4   INF   Production -> 16 of 300
2019-12-30 09:28:52.887   CNC 4   INF   Processing takes 51.910987ms
2019-12-30 09:28:52.887   CNC 4   INF   Sleeping for 9.947988824s
2019-12-30 09:29:02.835   CNC 4   INF   Device still active
2019-12-30 09:29:02.835   CNC 4   INF   Production -> 17 of 300
2019-12-30 09:29:02.880   CNC 4   INF   Processing takes 44.338051ms
2019-12-30 09:29:02.880   CNC 4   INF   Sleeping for 9.955514006s
2019-12-30 09:29:12.836   CNC 4   INF   Device still active
2019-12-30 09:29:12.836   CNC 4   INF   Production -> 18 of 300
2019-12-30 09:29:12.893   CNC 4   INF   Processing takes 57.35756ms
2019-12-30 09:29:12.893   CNC 4   INF   Sleeping for 9.94239574s
2019-12-30 09:29:22.836   CNC 4   INF   Device still active
2019-12-30 09:29:22.836   CNC 4   INF   Production -> 19 of 300
2019-12-30 09:29:22.921   CNC 4   INF   Processing takes 84.926295ms
2019-12-30 09:29:22.921   CNC 4   INF   Sleeping for 9.914939264s
2019-12-30 09:29:32.838   CNC 4   INF   Device still active
2019-12-30 09:29:32.838   CNC 4   INF   Production -> 20 of 300
2019-12-30 09:29:32.918   CNC 4   INF   Processing takes 79.86919ms
2019-12-30 09:29:32.918   CNC 4   INF   Sleeping for 9.919970499s
2019-12-30 09:29:42.840   CNC 4   INF   Device still active
2019-12-30 09:29:42.840   CNC 4   INF   Production -> 21 of 300
2019-12-30 09:29:42.923   CNC 4   INF   Processing takes 83.572516ms
2019-12-30 09:29:42.924   CNC 4   INF   Sleeping for 9.91614091s
2019-12-30 09:29:52.840   CNC 4   INF   Device still active
2019-12-30 09:29:52.840   CNC 4   INF   Production -> 22 of 300
2019-12-30 09:29:52.935   CNC 4   INF   Processing takes 95.177451ms
2019-12-30 09:29:52.935   CNC 4   INF   Sleeping for 9.904702939s
2019-12-30 09:30:02.840   CNC 4   INF   Device still active
2019-12-30 09:30:02.841   CNC 4   INF   Production -> 23 of 300
2019-12-30 09:30:02.922   CNC 4   INF   Processing takes 80.766522ms
2019-12-30 09:30:02.922   CNC 4   INF   Sleeping for 9.91906267s
2019-12-30 09:30:12.841   CNC 4   INF   Device still active
2019-12-30 09:30:12.841   CNC 4   INF   Production -> 24 of 300
2019-12-30 09:30:12.903   CNC 4   INF   Processing takes 61.439718ms
2019-12-30 09:30:12.903   CNC 4   INF   Sleeping for 9.938130864s
2019-12-30 09:30:22.841   CNC 4   INF   Device still active
2019-12-30 09:30:22.842   CNC 4   INF   Production -> 25 of 300
2019-12-30 09:30:22.910   CNC 4   INF   Processing takes 68.409811ms
2019-12-30 09:30:22.910   CNC 4   INF   Sleeping for 9.931475113s
2019-12-30 09:30:32.845   CNC 4   INF   Device still active
2019-12-30 09:30:32.846   CNC 4   INF   Production -> 26 of 300
2019-12-30 09:30:32.896   CNC 4   INF   Processing takes 50.826923ms
2019-12-30 09:30:32.896   CNC 4   INF   Sleeping for 9.949025255s
2019-12-30 09:30:42.849   CNC 4   INF   Device still active
2019-12-30 09:30:42.849   CNC 4   INF   Production -> 27 of 300
2019-12-30 09:30:42.915   CNC 4   INF   Processing takes 65.609796ms
2019-12-30 09:30:42.915   CNC 4   INF   Sleeping for 9.934266728s
2019-12-30 09:30:52.853   CNC 4   INF   Device still active
2019-12-30 09:30:52.854   CNC 4   INF   Production -> 28 of 300
2019-12-30 09:30:52.905   CNC 4   INF   Processing takes 51.367136ms
2019-12-30 09:30:52.905   CNC 4   INF   Sleeping for 9.948522971s
2019-12-30 09:31:02.854   CNC 4   INF   Device still active
2019-12-30 09:31:02.854   CNC 4   INF   Production -> 29 of 300
2019-12-30 09:31:02.908   CNC 4   INF   Processing takes 53.54571ms
2019-12-30 09:31:02.908   CNC 4   INF   Sleeping for 9.946325236s
2019-12-30 09:31:12.854   CNC 4   INF   Device still active
2019-12-30 09:31:12.855   CNC 4   INF   Production -> 30 of 300
2019-12-30 09:31:12.933   CNC 4   INF   Processing takes 78.60931ms
2019-12-30 09:31:12.933   CNC 4   INF   Sleeping for 9.921311253s
2019-12-30 09:31:22.855   CNC 4   INF   Device still active
2019-12-30 09:31:22.855   CNC 4   INF   Production -> 31 of 300
2019-12-30 09:31:22.907   CNC 4   INF   Processing takes 52.043677ms
2019-12-30 09:31:22.907   CNC 4   INF   Sleeping for 9.947873388s
2019-12-30 09:31:32.856   CNC 4   INF   Device still active
2019-12-30 09:31:32.856   CNC 4   INF   Production -> 32 of 300
2019-12-30 09:31:32.907   CNC 4   INF   Processing takes 51.197689ms
2019-12-30 09:31:32.907   CNC 4   INF   Sleeping for 9.948657137s
2019-12-30 09:31:42.856   CNC 4   INF   Device still active
2019-12-30 09:31:42.857   CNC 4   INF   Production -> 33 of 300
2019-12-30 09:31:42.907   CNC 4   INF   Processing takes 50.075525ms
2019-12-30 09:31:42.907   CNC 4   INF   Sleeping for 9.949800893s
2019-12-30 09:31:52.859   CNC 4   INF   Device still active
2019-12-30 09:31:52.860   CNC 4   INF   Production -> 34 of 300
2019-12-30 09:31:52.897   CNC 4   INF   Processing takes 37.713569ms
2019-12-30 09:31:52.897   CNC 4   INF   Sleeping for 9.962191041s
2019-12-30 09:32:02.863   CNC 4   INF   Device still active
2019-12-30 09:32:02.864   CNC 4   INF   Production -> 35 of 300
2019-12-30 09:32:02.945   CNC 4   INF   Processing takes 81.512234ms
2019-12-30 09:32:02.945   CNC 4   INF   Sleeping for 9.918362089s
2019-12-30 09:32:12.865   CNC 4   INF   Device still active
2019-12-30 09:32:12.866   CNC 4   INF   Production -> 36 of 300
2019-12-30 09:32:12.931   CNC 4   INF   Processing takes 65.431125ms
2019-12-30 09:32:12.931   CNC 4   INF   Sleeping for 9.934476174s
2019-12-30 09:32:22.867   CNC 4   INF   Device still active
2019-12-30 09:32:22.867   CNC 4   INF   Production -> 37 of 300
2019-12-30 09:32:22.924   CNC 4   INF   Processing takes 57.375561ms
2019-12-30 09:32:22.924   CNC 4   INF   Sleeping for 9.942512677s
2019-12-30 09:32:32.871   CNC 4   INF   Device still active
2019-12-30 09:32:32.871   CNC 4   INF   Production -> 38 of 300
2019-12-30 09:32:32.922   CNC 4   INF   Processing takes 50.793853ms
2019-12-30 09:32:32.922   CNC 4   INF   Sleeping for 9.949093523s
2019-12-30 09:32:42.871   CNC 4   INF   Device still active
2019-12-30 09:32:42.872   CNC 4   INF   Production -> 39 of 300
2019-12-30 09:32:42.954   CNC 4   INF   Processing takes 82.777335ms
2019-12-30 09:32:42.954   CNC 4   INF   Sleeping for 9.917135078s
2019-12-30 09:32:52.875   CNC 4   INF   Device still active
2019-12-30 09:32:52.875   CNC 4   INF   Production -> 40 of 300
2019-12-30 09:32:52.931   CNC 4   INF   Processing takes 56.126533ms
2019-12-30 09:32:52.931   CNC 4   INF   Sleeping for 9.94376131s
2019-12-30 09:33:02.878   CNC 4   INF   Device still active
2019-12-30 09:33:02.878   CNC 4   INF   Production -> 41 of 300
2019-12-30 09:33:02.947   CNC 4   INF   Processing takes 68.531387ms
2019-12-30 09:33:02.948   CNC 4   INF   Sleeping for 9.930479236s
2019-12-30 09:33:12.879   CNC 4   INF   Device still active
2019-12-30 09:33:12.880   CNC 4   INF   Production -> 42 of 300
2019-12-30 09:33:12.929   CNC 4   INF   Processing takes 50.111381ms
2019-12-30 09:33:12.930   CNC 4   INF   Sleeping for 9.949780091s
2019-12-30 09:33:22.880   CNC 4   INF   Device still active
2019-12-30 09:33:22.880   CNC 4   INF   Production -> 43 of 300
2019-12-30 09:33:22.946   CNC 4   INF   Processing takes 65.515426ms
2019-12-30 09:33:22.946   CNC 4   INF   Sleeping for 9.934321818s
2019-12-30 09:33:32.882   CNC 4   INF   Device still active
2019-12-30 09:33:32.882   CNC 4   INF   Production -> 44 of 300
2019-12-30 09:33:32.931   CNC 4   INF   Processing takes 49.470705ms
2019-12-30 09:33:32.931   CNC 4   INF   Sleeping for 9.950412457s
2019-12-30 09:33:42.884   CNC 4   INF   Device still active
2019-12-30 09:33:42.885   CNC 4   INF   Production -> 45 of 300
2019-12-30 09:33:42.957   CNC 4   INF   Processing takes 72.478184ms
2019-12-30 09:33:42.957   CNC 4   INF   Sleeping for 9.927393428s
2019-12-30 09:33:52.889   CNC 4   INF   Device still active
2019-12-30 09:33:52.890   CNC 4   INF   Production -> 46 of 300
2019-12-30 09:33:53.052   CNC 4   INF   Processing takes 162.644857ms
2019-12-30 09:33:53.052   CNC 4   INF   Sleeping for 9.83717343s
2019-12-30 09:34:02.890   CNC 4   INF   Device still active
2019-12-30 09:34:02.891   CNC 4   INF   Production -> 47 of 300
2019-12-30 09:34:02.936   CNC 4   INF   Processing takes 45.91326ms
2019-12-30 09:34:02.937   CNC 4   INF   Sleeping for 9.953959636s
2019-12-30 09:34:12.894   CNC 4   INF   Device still active
2019-12-30 09:34:12.894   CNC 4   INF   Production -> 48 of 300
2019-12-30 09:34:12.939   CNC 4   INF   Processing takes 44.665796ms
2019-12-30 09:34:12.939   CNC 4   INF   Sleeping for 9.955226938s
2019-12-30 09:34:22.894   CNC 4   INF   Device still active
2019-12-30 09:34:22.894   CNC 4   INF   Production -> 49 of 300
2019-12-30 09:34:22.933   CNC 4   INF   Processing takes 38.806773ms
2019-12-30 09:34:22.933   CNC 4   INF   Sleeping for 9.961062672s
2019-12-30 09:34:33.296   CNC 4   INF   Device still active
2019-12-30 09:34:33.296   CNC 4   INF   Production -> 50 of 300
2019-12-30 09:34:33.328   CNC 4   INF   Processing takes 31.684857ms
2019-12-30 09:34:33.328   CNC 4   INF   Sleeping for 9.968179677s
2019-12-30 09:34:43.297   CNC 4   INF   Device still active
2019-12-30 09:34:43.298   CNC 4   INF   Production -> 51 of 300
2019-12-30 09:34:43.336   CNC 4   INF   Processing takes 38.504232ms
2019-12-30 09:34:43.336   CNC 4   INF   Sleeping for 9.961408282s
2019-12-30 09:34:53.302   CNC 4   INF   Device still active
2019-12-30 09:34:53.302   CNC 4   INF   Production -> 52 of 300
2019-12-30 09:34:53.360   CNC 4   INF   Processing takes 57.754984ms
2019-12-30 09:34:53.360   CNC 4   INF   Sleeping for 9.942156956s
2019-12-30 09:35:03.304   CNC 4   INF   Device still active
2019-12-30 09:35:03.305   CNC 4   INF   Production -> 53 of 300
2019-12-30 09:35:03.346   CNC 4   INF   Processing takes 41.559582ms
2019-12-30 09:35:03.346   CNC 4   INF   Sleeping for 9.958352655s
2019-12-30 09:35:13.310   CNC 4   INF   Device still active
2019-12-30 09:35:13.311   CNC 4   INF   Production -> 54 of 300
2019-12-30 09:35:13.354   CNC 4   INF   Processing takes 44.11155ms
2019-12-30 09:35:13.354   CNC 4   INF   Sleeping for 9.955800861s
2019-12-30 09:35:23.313   CNC 4   INF   Device still active
2019-12-30 09:35:23.314   CNC 4   INF   Production -> 55 of 300
2019-12-30 09:35:23.385   CNC 4   INF   Processing takes 70.883816ms
2019-12-30 09:35:23.385   CNC 4   INF   Sleeping for 9.929005534s
2019-12-30 09:35:33.317   CNC 4   INF   Device still active
2019-12-30 09:35:33.317   CNC 4   INF   Production -> 56 of 300
2019-12-30 09:35:33.352   CNC 4   INF   Processing takes 34.891427ms
2019-12-30 09:35:33.352   CNC 4   INF   Sleeping for 9.964865581s
2019-12-30 09:35:43.322   CNC 4   INF   Device still active
2019-12-30 09:35:43.322   CNC 4   INF   Production -> 57 of 300
2019-12-30 09:35:43.369   CNC 4   INF   Processing takes 46.395621ms
2019-12-30 09:35:43.369   CNC 4   INF   Sleeping for 9.953023803s
2019-12-30 09:35:53.323   CNC 4   INF   Device still active
2019-12-30 09:35:53.323   CNC 4   INF   Production -> 58 of 300
2019-12-30 09:35:53.357   CNC 4   INF   Processing takes 33.910013ms
2019-12-30 09:35:53.357   CNC 4   INF   Sleeping for 9.965984544s
2019-12-30 09:36:03.328   CNC 4   INF   Device still active
2019-12-30 09:36:03.328   CNC 4   INF   Production -> 59 of 300
2019-12-30 09:36:03.363   CNC 4   INF   Processing takes 34.90006ms
2019-12-30 09:36:03.363   CNC 4   INF   Sleeping for 9.965004039s
2019-12-30 09:36:13.328   CNC 4   INF   Device still active
2019-12-30 09:36:13.328   CNC 4   INF   Production -> 60 of 300
2019-12-30 09:36:13.369   CNC 4   INF   Processing takes 40.339606ms
2019-12-30 09:36:13.369   CNC 4   INF   Sleeping for 9.959574585s
2019-12-30 09:36:23.331   CNC 4   INF   Device still active
2019-12-30 09:36:23.332   CNC 4   INF   Production -> 61 of 300
2019-12-30 09:36:23.371   CNC 4   INF   Processing takes 39.44321ms
2019-12-30 09:36:23.371   CNC 4   INF   Sleeping for 9.960475861s
2019-12-30 09:36:33.337   CNC 4   INF   Device still active
2019-12-30 09:36:33.337   CNC 4   INF   Production -> 62 of 300
2019-12-30 09:36:33.375   CNC 4   INF   Processing takes 37.378714ms
2019-12-30 09:36:33.375   CNC 4   INF   Sleeping for 9.96251301s
2019-12-30 09:36:43.340   CNC 4   INF   Device still active
2019-12-30 09:36:43.340   CNC 4   INF   Production -> 63 of 300
2019-12-30 09:36:43.375   CNC 4   INF   Processing takes 35.274047ms
2019-12-30 09:36:43.375   CNC 4   INF   Sleeping for 9.964640676s
2019-12-30 09:36:53.346   CNC 4   INF   Device still active
2019-12-30 09:36:53.346   CNC 4   INF   Production -> 64 of 300
2019-12-30 09:36:53.383   CNC 4   INF   Processing takes 37.435647ms
2019-12-30 09:36:53.383   CNC 4   INF   Sleeping for 9.962472707s
2019-12-30 09:37:03.346   CNC 4   INF   Device still active
2019-12-30 09:37:03.347   CNC 4   INF   Production -> 65 of 300
2019-12-30 09:37:03.392   CNC 4   INF   Processing takes 45.519986ms
2019-12-30 09:37:03.392   CNC 4   INF   Sleeping for 9.954382111s
2019-12-30 09:37:13.350   CNC 4   INF   Device still active
2019-12-30 09:37:13.350   CNC 4   INF   Production -> 66 of 300
2019-12-30 09:37:13.384   CNC 4   INF   Processing takes 33.809084ms
2019-12-30 09:37:13.384   CNC 4   INF   Sleeping for 9.966100273s
2019-12-30 09:37:23.351   CNC 4   INF   Device still active
2019-12-30 09:37:23.352   CNC 4   INF   Production -> 67 of 300
2019-12-30 09:37:23.388   CNC 4   INF   Processing takes 36.337781ms
2019-12-30 09:37:23.388   CNC 4   INF   Sleeping for 9.96355932s
2019-12-30 09:38:59.951   CNC 4   INF   Device started running
2019-12-30 09:38:59.952   CNC 4   INF   Device directory exists
2019-12-30 09:38:59.953   CNC 4   INF   Production -> 0 of 300
2019-12-30 09:39:00.024   CNC 4   INF   Processing takes 71.856696ms
2019-12-30 09:39:00.024   CNC 4   INF   Sleeping for 9.92804808s
2019-12-30 09:39:09.953   CNC 4   INF   Device still active
2019-12-30 09:39:09.953   CNC 4   INF   Production -> 1 of 300
2019-12-30 09:39:10.008   CNC 4   INF   Processing takes 55.211838ms
2019-12-30 09:39:10.008   CNC 4   INF   Sleeping for 9.944627832s
2019-12-30 09:39:19.958   CNC 4   INF   Device still active
2019-12-30 09:39:19.959   CNC 4   INF   Production -> 2 of 300
2019-12-30 09:39:20.015   CNC 4   INF   Processing takes 57.150218ms
2019-12-30 09:39:20.015   CNC 4   INF   Sleeping for 9.942754055s
2019-12-30 09:39:29.963   CNC 4   INF   Device still active
2019-12-30 09:39:29.964   CNC 4   INF   Production -> 3 of 300
2019-12-30 09:39:30.008   CNC 4   INF   Processing takes 44.004419ms
2019-12-30 09:39:30.008   CNC 4   INF   Sleeping for 9.955900733s
2019-12-30 09:39:39.967   CNC 4   INF   Device still active
2019-12-30 09:39:39.967   CNC 4   INF   Production -> 4 of 300
2019-12-30 09:39:40.009   CNC 4   INF   Processing takes 41.964913ms
2019-12-30 09:39:40.009   CNC 4   INF   Sleeping for 9.95777101s
2019-12-30 09:39:49.968   CNC 4   INF   Device still active
2019-12-30 09:39:49.968   CNC 4   INF   Production -> 5 of 300
2019-12-30 09:39:50.041   CNC 4   INF   Processing takes 72.915507ms
2019-12-30 09:39:50.041   CNC 4   INF   Sleeping for 9.926962649s
2019-12-30 09:39:59.968   CNC 4   INF   Device still active
2019-12-30 09:39:59.968   CNC 4   INF   Production -> 6 of 300
2019-12-30 09:40:00.017   CNC 4   INF   Processing takes 49.163846ms
2019-12-30 09:40:00.017   CNC 4   INF   Sleeping for 9.950758512s
2019-12-30 09:40:09.969   CNC 4   INF   Device still active
2019-12-30 09:40:09.969   CNC 4   INF   Production -> 7 of 300
2019-12-30 09:40:10.053   CNC 4   INF   Processing takes 84.346537ms
2019-12-30 09:40:10.053   CNC 4   INF   Sleeping for 9.915521562s
2019-12-30 09:40:19.974   CNC 4   INF   Device still active
2019-12-30 09:40:19.975   CNC 4   INF   Production -> 8 of 300
2019-12-30 09:40:20.026   CNC 4   INF   Processing takes 51.148737ms
2019-12-30 09:40:20.026   CNC 4   INF   Sleeping for 9.948604726s
2019-12-30 09:40:29.976   CNC 4   INF   Device still active
2019-12-30 09:40:29.976   CNC 4   INF   Production -> 9 of 300
2019-12-30 09:40:30.036   CNC 4   INF   Processing takes 59.750507ms
2019-12-30 09:40:30.036   CNC 4   INF   Sleeping for 9.940050561s
2019-12-30 09:40:39.979   CNC 4   INF   Device still active
2019-12-30 09:40:39.980   CNC 4   INF   Production -> 10 of 300
2019-12-30 09:40:40.029   CNC 4   INF   Processing takes 49.40708ms
2019-12-30 09:40:40.029   CNC 4   INF   Sleeping for 9.950505427s
2019-12-30 09:40:49.990   CNC 4   INF   Device still active
2019-12-30 09:40:49.990   CNC 4   INF   Production -> 11 of 300
2019-12-30 09:40:50.148   CNC 4   INF   Processing takes 157.980146ms
2019-12-30 09:40:50.148   CNC 4   INF   Sleeping for 9.841887386s
2019-12-30 09:40:59.990   CNC 4   INF   Device still active
2019-12-30 09:40:59.990   CNC 4   INF   Production -> 12 of 300
2019-12-30 09:41:00.046   CNC 4   INF   Processing takes 55.949873ms
2019-12-30 09:41:00.046   CNC 4   INF   Sleeping for 9.943948105s
2019-12-30 09:41:09.991   CNC 4   INF   Device still active
2019-12-30 09:41:09.991   CNC 4   INF   Production -> 13 of 300
2019-12-30 09:41:10.055   CNC 4   INF   Processing takes 63.891224ms
2019-12-30 09:41:10.055   CNC 4   INF   Sleeping for 9.936023059s
2019-12-30 09:41:19.992   CNC 4   INF   Device still active
2019-12-30 09:41:19.992   CNC 4   INF   Production -> 14 of 300
2019-12-30 09:41:20.059   CNC 4   INF   Processing takes 67.016479ms
2019-12-30 09:41:20.059   CNC 4   INF   Sleeping for 9.93274631s
2019-12-30 09:41:29.992   CNC 4   INF   Device still active
2019-12-30 09:41:29.992   CNC 4   INF   Production -> 15 of 300
2019-12-30 09:41:30.042   CNC 4   INF   Processing takes 49.926462ms
2019-12-30 09:41:30.042   CNC 4   INF   Sleeping for 9.949839341s
2019-12-30 09:41:39.993   CNC 4   INF   Device still active
2019-12-30 09:41:39.994   CNC 4   INF   Production -> 16 of 300
2019-12-30 09:41:40.130   CNC 4   INF   Processing takes 136.954012ms
2019-12-30 09:41:40.131   CNC 4   INF   Sleeping for 9.862832641s
2019-12-30 09:41:49.994   CNC 4   INF   Device still active
2019-12-30 09:41:49.995   CNC 4   INF   Production -> 17 of 300
2019-12-30 09:41:50.058   CNC 4   INF   Processing takes 63.9219ms
2019-12-30 09:41:50.059   CNC 4   INF   Sleeping for 9.935965721s
2019-12-30 09:41:59.996   CNC 4   INF   Device still active
2019-12-30 09:41:59.996   CNC 4   INF   Production -> 18 of 300
2019-12-30 09:42:00.037   CNC 4   INF   Processing takes 40.96741ms
2019-12-30 09:42:00.037   CNC 4   INF   Sleeping for 9.958913096s
2019-12-30 09:42:10.000   CNC 4   INF   Device still active
2019-12-30 09:42:10.002   CNC 4   INF   Production -> 19 of 300
2019-12-30 09:42:10.079   CNC 4   INF   Processing takes 78.599639ms
2019-12-30 09:42:10.079   CNC 4   INF   Sleeping for 9.921282396s
2019-12-30 09:42:20.002   CNC 4   INF   Device still active
2019-12-30 09:42:20.002   CNC 4   INF   Production -> 20 of 300
2019-12-30 09:42:20.059   CNC 4   INF   Processing takes 57.38465ms
2019-12-30 09:42:20.060   CNC 4   INF   Sleeping for 9.942423141s
2019-12-30 09:42:30.003   CNC 4   INF   Device still active
2019-12-30 09:42:30.003   CNC 4   INF   Production -> 21 of 300
2019-12-30 09:42:30.054   CNC 4   INF   Processing takes 50.804865ms
2019-12-30 09:42:30.054   CNC 4   INF   Sleeping for 9.949068532s
2019-12-30 09:42:40.003   CNC 4   INF   Device still active
2019-12-30 09:42:40.004   CNC 4   INF   Production -> 22 of 300
2019-12-30 09:42:40.087   CNC 4   INF   Processing takes 83.757108ms
2019-12-30 09:42:40.087   CNC 4   INF   Sleeping for 9.916037626s
2019-12-30 09:42:50.005   CNC 4   INF   Device still active
2019-12-30 09:42:50.007   CNC 4   INF   Production -> 23 of 300
2019-12-30 09:42:50.124   CNC 4   INF   Processing takes 119.111434ms
2019-12-30 09:42:50.124   CNC 4   INF   Sleeping for 9.880753546s
2019-12-30 09:43:00.005   CNC 4   INF   Device still active
2019-12-30 09:43:00.005   CNC 4   INF   Production -> 24 of 300
2019-12-30 09:43:00.052   CNC 4   INF   Processing takes 46.424732ms
2019-12-30 09:43:00.052   CNC 4   INF   Sleeping for 9.95347285s
2019-12-30 09:43:10.013   CNC 4   INF   Device still active
2019-12-30 09:43:10.013   CNC 4   INF   Production -> 25 of 300
2019-12-30 09:43:10.108   CNC 4   INF   Processing takes 95.080643ms
2019-12-30 09:43:10.108   CNC 4   INF   Sleeping for 9.904769553s
2019-12-30 09:43:20.013   CNC 4   INF   Device still active
2019-12-30 09:43:20.014   CNC 4   INF   Production -> 26 of 300
2019-12-30 09:43:20.088   CNC 4   INF   Processing takes 74.350927ms
2019-12-30 09:43:20.088   CNC 4   INF   Sleeping for 9.925553987s
2019-12-30 09:43:30.015   CNC 4   INF   Device still active
2019-12-30 09:43:30.015   CNC 4   INF   Production -> 27 of 300
2019-12-30 09:43:30.086   CNC 4   INF   Processing takes 70.274749ms
2019-12-30 09:43:30.086   CNC 4   INF   Sleeping for 9.929608972s
2019-12-30 09:43:40.016   CNC 4   INF   Device still active
2019-12-30 09:43:40.018   CNC 4   INF   Production -> 28 of 300
2019-12-30 09:43:40.121   CNC 4   INF   Processing takes 104.351486ms
2019-12-30 09:43:40.121   CNC 4   INF   Sleeping for 9.895457553s
2019-12-30 09:43:50.017   CNC 4   INF   Device still active
2019-12-30 09:43:50.017   CNC 4   INF   Production -> 29 of 300
2019-12-30 09:43:50.077   CNC 4   INF   Processing takes 59.980895ms
2019-12-30 09:43:50.077   CNC 4   INF   Sleeping for 9.939879829s
2019-12-30 09:44:00.017   CNC 4   INF   Device still active
2019-12-30 09:44:00.017   CNC 4   INF   Production -> 30 of 300
2019-12-30 09:44:00.206   CNC 4   INF   Processing takes 188.668088ms
2019-12-30 09:44:00.206   CNC 4   INF   Sleeping for 9.811126212s
2019-12-30 09:44:10.018   CNC 4   INF   Device still active
2019-12-30 09:44:10.018   CNC 4   INF   Production -> 31 of 300
2019-12-30 09:44:10.076   CNC 4   INF   Processing takes 58.408974ms
2019-12-30 09:44:10.076   CNC 4   INF   Sleeping for 9.941488324s
2019-12-30 09:44:20.018   CNC 4   INF   Device still active
2019-12-30 09:44:20.018   CNC 4   INF   Production -> 32 of 300
2019-12-30 09:44:20.072   CNC 4   INF   Processing takes 53.602137ms
2019-12-30 09:44:20.072   CNC 4   INF   Sleeping for 9.946274615s
2019-12-30 09:44:30.019   CNC 4   INF   Device still active
2019-12-30 09:44:30.019   CNC 4   INF   Production -> 33 of 300
2019-12-30 09:44:30.081   CNC 4   INF   Processing takes 61.50544ms
2019-12-30 09:44:30.081   CNC 4   INF   Sleeping for 9.938382265s
2019-12-30 09:44:40.020   CNC 4   INF   Device still active
2019-12-30 09:44:40.020   CNC 4   INF   Production -> 34 of 300
2019-12-30 09:44:40.088   CNC 4   INF   Processing takes 68.310716ms
2019-12-30 09:44:40.088   CNC 4   INF   Sleeping for 9.93153528s
2019-12-30 09:44:50.021   CNC 4   INF   Device still active
2019-12-30 09:44:50.021   CNC 4   INF   Production -> 35 of 300
2019-12-30 09:44:50.085   CNC 4   INF   Processing takes 63.711351ms
2019-12-30 09:44:50.085   CNC 4   INF   Sleeping for 9.936187168s
2019-12-30 10:31:19.326   CNC 4   INF   Device started running
2019-12-30 10:31:19.327   CNC 4   INF   Device directory exists
2019-12-30 10:31:19.327   CNC 4   INF   Offline -> 0 of 150
2019-12-30 10:31:19.328   CNC 4   INF   Processing takes 172.619µs
2019-12-30 10:31:19.328   CNC 4   INF   Sleeping for 9.999669031s
2019-12-30 10:31:29.331   CNC 4   INF   Device still active
2019-12-30 10:31:29.332   CNC 4   INF   Offline -> 1 of 150
2019-12-30 10:31:29.332   CNC 4   INF   Processing takes 203.008µs
2019-12-30 10:31:29.332   CNC 4   INF   Sleeping for 9.999668702s
2019-12-30 10:31:39.332   CNC 4   INF   Device not active
2019-12-30 10:31:39.332   CNC 4   INF   Device not active, stopped running
2019-12-30 10:50:38.718   CNC 4   INF   Device started running
2019-12-30 10:50:38.720   CNC 4   INF   Device directory exists
2019-12-30 10:50:38.720   CNC 4   INF   Production -> 0 of 300
2019-12-30 10:50:38.779   CNC 4   INF   Processing takes 59.329208ms
2019-12-30 10:50:38.779   CNC 4   INF   Sleeping for 9.940435342s
2019-12-30 10:50:48.721   CNC 4   INF   Device still active
2019-12-30 10:50:48.722   CNC 4   INF   Production -> 1 of 300
2019-12-30 10:50:48.801   CNC 4   INF   Processing takes 79.217348ms
2019-12-30 10:50:48.801   CNC 4   INF   Sleeping for 9.920648921s
2019-12-30 10:50:58.723   CNC 4   INF   Device still active
2019-12-30 10:50:58.724   CNC 4   INF   Production -> 2 of 300
2019-12-30 10:50:58.853   CNC 4   INF   Processing takes 130.067699ms
2019-12-30 10:50:58.854   CNC 4   INF   Sleeping for 9.868995043s
2019-12-30 10:51:08.726   CNC 4   INF   Device still active
2019-12-30 10:51:08.727   CNC 4   INF   Production -> 3 of 300
2019-12-30 10:51:08.795   CNC 4   INF   Processing takes 67.943787ms
2019-12-30 10:51:08.795   CNC 4   INF   Sleeping for 9.931921932s
2019-12-30 10:51:18.728   CNC 4   INF   Device still active
2019-12-30 10:51:18.728   CNC 4   INF   Production -> 4 of 300
2019-12-30 10:51:18.823   CNC 4   INF   Processing takes 94.626757ms
2019-12-30 10:51:18.823   CNC 4   INF   Sleeping for 9.905246399s
2019-12-30 10:51:28.734   CNC 4   INF   Device still active
2019-12-30 10:51:28.735   CNC 4   INF   Production -> 5 of 300
2019-12-30 10:51:28.801   CNC 4   INF   Processing takes 66.61204ms
2019-12-30 10:51:28.801   CNC 4   INF   Sleeping for 9.933295627s
2019-12-30 10:51:38.735   CNC 4   INF   Device still active
2019-12-30 10:51:38.735   CNC 4   INF   Production -> 6 of 300
2019-12-30 10:51:38.816   CNC 4   INF   Processing takes 80.952175ms
2019-12-30 10:51:38.816   CNC 4   INF   Sleeping for 9.918968098s
2019-12-30 10:51:48.736   CNC 4   INF   Device still active
2019-12-30 10:51:48.736   CNC 4   INF   Production -> 7 of 300
2019-12-30 10:51:48.804   CNC 4   INF   Processing takes 68.249817ms
2019-12-30 10:51:48.804   CNC 4   INF   Sleeping for 9.931636828s
2019-12-30 10:51:58.737   CNC 4   INF   Device still active
2019-12-30 10:51:58.738   CNC 4   INF   Production -> 8 of 300
2019-12-30 10:51:58.786   CNC 4   INF   Processing takes 48.602421ms
2019-12-30 10:51:58.786   CNC 4   INF   Sleeping for 9.951160515s
2019-12-30 10:52:08.738   CNC 4   INF   Device still active
2019-12-30 10:52:08.738   CNC 4   INF   Production -> 9 of 300
2019-12-30 10:52:08.827   CNC 4   INF   Processing takes 89.151241ms
2019-12-30 10:52:08.828   CNC 4   INF   Sleeping for 9.910681383s
2019-12-30 10:52:18.740   CNC 4   INF   Device still active
2019-12-30 10:52:18.740   CNC 4   INF   Production -> 10 of 300
2019-12-30 10:52:18.804   CNC 4   INF   Processing takes 63.51838ms
2019-12-30 10:52:18.804   CNC 4   INF   Sleeping for 9.936394292s
2019-12-30 10:52:28.743   CNC 4   INF   Device still active
2019-12-30 10:52:28.744   CNC 4   INF   Production -> 11 of 300
2019-12-30 10:52:28.809   CNC 4   INF   Processing takes 65.156571ms
2019-12-30 10:52:28.809   CNC 4   INF   Sleeping for 9.934748386s
2019-12-30 10:52:38.750   CNC 4   INF   Device still active
2019-12-30 10:52:38.750   CNC 4   INF   Production -> 12 of 300
2019-12-30 10:52:38.824   CNC 4   INF   Processing takes 74.644072ms
2019-12-30 10:52:38.824   CNC 4   INF   Sleeping for 9.925273338s
2019-12-30 10:52:48.751   CNC 4   INF   Device still active
2019-12-30 10:52:48.751   CNC 4   INF   Production -> 13 of 300
2019-12-30 10:52:48.809   CNC 4   INF   Processing takes 57.280849ms
2019-12-30 10:52:48.809   CNC 4   INF   Sleeping for 9.942623512s
2019-12-30 10:52:58.752   CNC 4   INF   Device still active
2019-12-30 10:52:58.752   CNC 4   INF   Production -> 14 of 300
2019-12-30 10:52:58.817   CNC 4   INF   Processing takes 64.786309ms
2019-12-30 10:52:58.817   CNC 4   INF   Sleeping for 9.935129697s
2019-12-30 10:53:08.754   CNC 4   INF   Device still active
2019-12-30 10:53:08.755   CNC 4   INF   Production -> 15 of 300
2019-12-30 10:53:08.831   CNC 4   INF   Processing takes 76.215529ms
2019-12-30 10:53:08.831   CNC 4   INF   Sleeping for 9.923699931s
2019-12-30 10:53:18.759   CNC 4   INF   Device still active
2019-12-30 10:53:18.759   CNC 4   INF   Production -> 16 of 300
2019-12-30 10:53:18.836   CNC 4   INF   Processing takes 76.683977ms
2019-12-30 10:53:18.836   CNC 4   INF   Sleeping for 9.923246898s
2019-12-30 10:53:28.761   CNC 4   INF   Device still active
2019-12-30 10:53:28.761   CNC 4   INF   Production -> 17 of 300
2019-12-30 10:53:28.818   CNC 4   INF   Processing takes 57.112676ms
2019-12-30 10:53:28.818   CNC 4   INF   Sleeping for 9.942703926s
2019-12-30 10:53:38.762   CNC 4   INF   Device still active
2019-12-30 10:53:38.763   CNC 4   INF   Production -> 18 of 300
2019-12-30 10:53:38.842   CNC 4   INF   Processing takes 79.696235ms
2019-12-30 10:53:38.842   CNC 4   INF   Sleeping for 9.920225467s
2019-12-30 10:53:48.766   CNC 4   INF   Device still active
2019-12-30 10:53:48.766   CNC 4   INF   Production -> 19 of 300
2019-12-30 10:53:48.810   CNC 4   INF   Processing takes 43.79486ms
2019-12-30 10:53:48.810   CNC 4   INF   Sleeping for 9.956124338s
2019-12-30 10:53:58.768   CNC 4   INF   Device still active
2019-12-30 10:53:58.768   CNC 4   INF   Production -> 20 of 300
2019-12-30 10:53:58.852   CNC 4   INF   Processing takes 83.523447ms
2019-12-30 10:53:58.852   CNC 4   INF   Sleeping for 9.916308598s
2019-12-30 10:54:08.769   CNC 4   INF   Device still active
2019-12-30 10:54:08.770   CNC 4   INF   Production -> 21 of 300
2019-12-30 10:54:08.858   CNC 4   INF   Processing takes 88.440115ms
2019-12-30 10:54:08.858   CNC 4   INF   Sleeping for 9.911455137s
2019-12-30 10:54:18.770   CNC 4   INF   Device still active
2019-12-30 10:54:18.770   CNC 4   INF   Production -> 22 of 300
2019-12-30 10:54:18.847   CNC 4   INF   Processing takes 77.551437ms
2019-12-30 10:54:18.848   CNC 4   INF   Sleeping for 9.922321282s
2019-12-30 10:54:28.773   CNC 4   INF   Device still active
2019-12-30 10:54:28.773   CNC 4   INF   Production -> 23 of 300
2019-12-30 10:54:28.829   CNC 4   INF   Processing takes 55.682387ms
2019-12-30 10:54:28.829   CNC 4   INF   Sleeping for 9.944215916s
2019-12-30 10:54:38.774   CNC 4   INF   Device still active
2019-12-30 10:54:38.774   CNC 4   INF   Production -> 24 of 300
2019-12-30 10:54:38.844   CNC 4   INF   Processing takes 70.28759ms
2019-12-30 10:54:38.844   CNC 4   INF   Sleeping for 9.929617394s
2019-12-30 10:54:48.776   CNC 4   INF   Device still active
2019-12-30 10:54:48.777   CNC 4   INF   Production -> 25 of 300
2019-12-30 10:54:48.842   CNC 4   INF   Processing takes 64.582711ms
2019-12-30 10:54:48.842   CNC 4   INF   Sleeping for 9.935327702s
2019-12-30 10:54:58.780   CNC 4   INF   Device still active
2019-12-30 10:54:58.781   CNC 4   INF   Production -> 26 of 300
2019-12-30 10:54:58.872   CNC 4   INF   Processing takes 91.710678ms
2019-12-30 10:54:58.872   CNC 4   INF   Sleeping for 9.908161481s
2019-12-30 10:55:08.785   CNC 4   INF   Device still active
2019-12-30 10:55:08.785   CNC 4   INF   Production -> 27 of 300
2019-12-30 10:55:08.855   CNC 4   INF   Processing takes 70.533956ms
2019-12-30 10:55:08.855   CNC 4   INF   Sleeping for 9.929360122s
2019-12-30 10:55:18.785   CNC 4   INF   Device still active
2019-12-30 10:55:18.785   CNC 4   INF   Production -> 28 of 300
2019-12-30 10:55:18.868   CNC 4   INF   Processing takes 82.552941ms
2019-12-30 10:55:18.868   CNC 4   INF   Sleeping for 9.917284418s
2019-12-30 10:55:28.786   CNC 4   INF   Device still active
2019-12-30 10:55:28.786   CNC 4   INF   Production -> 29 of 300
2019-12-30 10:55:28.855   CNC 4   INF   Processing takes 69.523008ms
2019-12-30 10:55:28.855   CNC 4   INF   Sleeping for 9.930391942s
2019-12-30 10:55:42.170   CNC 4   INF   Device started running
2019-12-30 10:55:42.170   CNC 4   INF   Device directory exists
2019-12-30 10:55:42.170   CNC 4   INF   Production -> 0 of 300
2019-12-30 10:55:42.227   CNC 4   INF   Processing takes 57.313984ms
2019-12-30 10:55:42.227   CNC 4   INF   Sleeping for 9.942582463s
2019-12-30 10:55:52.171   CNC 4   INF   Device still active
2019-12-30 10:55:52.171   CNC 4   INF   Production -> 1 of 300
2019-12-30 10:55:52.230   CNC 4   INF   Processing takes 58.807734ms
2019-12-30 10:55:52.230   CNC 4   INF   Sleeping for 9.940854337s
2019-12-30 10:56:02.171   CNC 4   INF   Device still active
2019-12-30 10:56:02.171   CNC 4   INF   Production -> 2 of 300
2019-12-30 10:56:02.241   CNC 4   INF   Processing takes 69.74628ms
2019-12-30 10:56:02.241   CNC 4   INF   Sleeping for 9.930119897s
2019-12-30 10:56:12.173   CNC 4   INF   Device still active
2019-12-30 10:56:12.173   CNC 4   INF   Production -> 3 of 300
2019-12-30 10:56:12.304   CNC 4   INF   Processing takes 131.264438ms
2019-12-30 10:56:12.304   CNC 4   INF   Sleeping for 9.868566884s
2019-12-30 10:56:22.175   CNC 4   INF   Device still active
2019-12-30 10:56:22.176   CNC 4   INF   Production -> 4 of 300
2019-12-30 10:56:22.259   CNC 4   INF   Processing takes 83.458012ms
2019-12-30 10:56:22.259   CNC 4   INF   Sleeping for 9.916446556s
2019-12-30 10:56:32.176   CNC 4   INF   Device still active
2019-12-30 10:56:32.176   CNC 4   INF   Production -> 5 of 300
2019-12-30 10:56:32.246   CNC 4   INF   Processing takes 69.857326ms
2019-12-30 10:56:32.246   CNC 4   INF   Sleeping for 9.930040054s
2019-12-30 10:56:42.178   CNC 4   INF   Device still active
2019-12-30 10:56:42.178   CNC 4   INF   Production -> 6 of 300
2019-12-30 10:56:42.266   CNC 4   INF   Processing takes 88.255214ms
2019-12-30 10:56:42.267   CNC 4   INF   Sleeping for 9.911602013s
2019-12-30 10:56:52.184   CNC 4   INF   Device still active
2019-12-30 10:56:52.184   CNC 4   INF   Production -> 7 of 300
2019-12-30 10:56:52.238   CNC 4   INF   Processing takes 53.536586ms
2019-12-30 10:56:52.238   CNC 4   INF   Sleeping for 9.946303415s
2019-12-30 10:57:02.186   CNC 4   INF   Device still active
2019-12-30 10:57:02.187   CNC 4   INF   Production -> 8 of 300
2019-12-30 10:57:02.306   CNC 4   INF   Processing takes 119.00575ms
2019-12-30 10:57:02.306   CNC 4   INF   Sleeping for 9.880858421s
2019-12-30 10:57:36.290   CNC 4   INF   Device started running
2019-12-30 10:57:36.291   CNC 4   INF   Device directory exists
2019-12-30 10:57:36.291   CNC 4   INF   Offline -> 0 of 150
2019-12-30 10:57:36.291   CNC 4   INF   Processing takes 336.342µs
2019-12-30 10:57:36.291   CNC 4   INF   Sleeping for 9.999535296s
2019-12-30 10:58:10.041   CNC 4   INF   Device started running
2019-12-30 10:58:10.041   CNC 4   INF   Device directory exists
2019-12-30 10:58:10.041   CNC 4   INF   Offline -> 0 of 150
2019-12-30 10:58:10.041   CNC 4   INF   Processing takes 102.503µs
2019-12-30 10:58:10.041   CNC 4   INF   Sleeping for 9.999641816s
2019-12-30 11:09:08.177   CNC 4   INF   Device started running
2019-12-30 11:09:08.178   CNC 4   INF   Device directory exists
2019-12-30 11:09:08.178   CNC 4   INF   Production -> 0 of 300
2019-12-30 11:09:08.227   CNC 4   INF   Processing takes 49.022682ms
2019-12-30 11:09:08.227   CNC 4   INF   Sleeping for 9.95085019s
2019-12-30 11:09:18.182   CNC 4   INF   Device still active
2019-12-30 11:09:18.183   CNC 4   INF   Production -> 1 of 300
2019-12-30 11:09:18.245   CNC 4   INF   Processing takes 62.591826ms
2019-12-30 11:09:18.245   CNC 4   INF   Sleeping for 9.937270564s
2019-12-30 11:09:28.187   CNC 4   INF   Device still active
2019-12-30 11:09:28.188   CNC 4   INF   Production -> 2 of 300
2019-12-30 11:09:28.287   CNC 4   INF   Processing takes 99.430089ms
2019-12-30 11:09:28.287   CNC 4   INF   Sleeping for 9.900394732s
2019-12-30 11:09:38.193   CNC 4   INF   Device still active
2019-12-30 11:09:38.194   CNC 4   INF   Production -> 3 of 300
2019-12-30 11:09:38.274   CNC 4   INF   Processing takes 80.228661ms
2019-12-30 11:09:38.274   CNC 4   INF   Sleeping for 9.919672867s
2019-12-30 11:09:48.195   CNC 4   INF   Device still active
2019-12-30 11:09:48.195   CNC 4   INF   Production -> 4 of 300
2019-12-30 11:09:48.256   CNC 4   INF   Processing takes 60.852935ms
2019-12-30 11:09:48.256   CNC 4   INF   Sleeping for 9.93899264s
2019-12-30 11:09:58.199   CNC 4   INF   Device still active
2019-12-30 11:09:58.200   CNC 4   INF   Production -> 5 of 300
2019-12-30 11:09:58.264   CNC 4   INF   Processing takes 64.50143ms
2019-12-30 11:09:58.264   CNC 4   INF   Sleeping for 9.93540252s
2019-12-30 11:10:08.205   CNC 4   INF   Device still active
2019-12-30 11:10:08.206   CNC 4   INF   Production -> 6 of 300
2019-12-30 11:10:08.246   CNC 4   INF   Processing takes 40.027816ms
2019-12-30 11:10:08.246   CNC 4   INF   Sleeping for 9.959836409s
2019-12-30 11:10:18.207   CNC 4   INF   Device still active
2019-12-30 11:10:18.209   CNC 4   INF   Production -> 7 of 300
2019-12-30 11:10:18.290   CNC 4   INF   Processing takes 82.299813ms
2019-12-30 11:10:18.290   CNC 4   INF   Sleeping for 9.91758535s
2019-12-30 11:10:28.209   CNC 4   INF   Device still active
2019-12-30 11:10:28.210   CNC 4   INF   Production -> 8 of 300
2019-12-30 11:10:28.304   CNC 4   INF   Processing takes 94.809528ms
2019-12-30 11:10:28.304   CNC 4   INF   Sleeping for 9.905077316s
2019-12-30 11:10:38.210   CNC 4   INF   Device still active
2019-12-30 11:10:38.210   CNC 4   INF   Production -> 9 of 300
2019-12-30 11:10:38.308   CNC 4   INF   Processing takes 97.837895ms
2019-12-30 11:10:38.308   CNC 4   INF   Sleeping for 9.901949363s
2019-12-30 11:10:48.211   CNC 4   INF   Device still active
2019-12-30 11:10:48.211   CNC 4   INF   Production -> 10 of 300
2019-12-30 11:10:48.275   CNC 4   INF   Processing takes 64.046696ms
2019-12-30 11:10:48.275   CNC 4   INF   Sleeping for 9.935869727s
2019-12-30 11:10:58.213   CNC 4   INF   Device still active
2019-12-30 11:10:58.214   CNC 4   INF   Production -> 11 of 300
2019-12-30 11:10:58.286   CNC 4   INF   Processing takes 72.364837ms
2019-12-30 11:10:58.286   CNC 4   INF   Sleeping for 9.927563809s
2019-12-30 11:11:08.215   CNC 4   INF   Device still active
2019-12-30 11:11:08.215   CNC 4   INF   Production -> 12 of 300
2019-12-30 11:11:08.286   CNC 4   INF   Processing takes 71.245262ms
2019-12-30 11:11:08.286   CNC 4   INF   Sleeping for 9.928660073s
2019-12-30 11:11:18.218   CNC 4   INF   Device still active
2019-12-30 11:11:18.218   CNC 4   INF   Production -> 13 of 300
2019-12-30 11:11:18.272   CNC 4   INF   Processing takes 54.28751ms
2019-12-30 11:11:18.272   CNC 4   INF   Sleeping for 9.945619543s
2019-12-30 11:11:28.220   CNC 4   INF   Device still active
2019-12-30 11:11:28.221   CNC 4   INF   Production -> 14 of 300
2019-12-30 11:11:28.314   CNC 4   INF   Processing takes 93.619579ms
2019-12-30 11:11:28.314   CNC 4   INF   Sleeping for 9.906170057s
2019-12-30 11:11:38.221   CNC 4   INF   Device still active
2019-12-30 11:11:38.222   CNC 4   INF   Production -> 15 of 300
2019-12-30 11:11:38.315   CNC 4   INF   Processing takes 93.615463ms
2019-12-30 11:11:38.315   CNC 4   INF   Sleeping for 9.906285523s
2019-12-30 11:11:48.224   CNC 4   INF   Device still active
2019-12-30 11:11:48.225   CNC 4   INF   Production -> 16 of 300
2019-12-30 11:11:48.307   CNC 4   INF   Processing takes 82.102827ms
2019-12-30 11:11:48.307   CNC 4   INF   Sleeping for 9.917782637s
2019-12-30 11:11:58.226   CNC 4   INF   Device still active
2019-12-30 11:11:58.226   CNC 4   INF   Production -> 17 of 300
2019-12-30 11:11:58.302   CNC 4   INF   Processing takes 75.810612ms
2019-12-30 11:11:58.302   CNC 4   INF   Sleeping for 9.924062319s
2019-12-30 11:13:02.020   CNC 4   INF   Device started running
2019-12-30 11:13:02.020   CNC 4   INF   Device directory exists
2019-12-30 11:13:02.020   CNC 4   INF   Production -> 0 of 300
2019-12-30 11:13:02.086   CNC 4   INF   Processing takes 65.58684ms
2019-12-30 11:13:02.086   CNC 4   INF   Sleeping for 9.934265303s
2019-12-30 11:13:12.021   CNC 4   INF   Device still active
2019-12-30 11:13:12.021   CNC 4   INF   Production -> 1 of 300
2019-12-30 11:13:12.098   CNC 4   INF   Processing takes 77.228444ms
2019-12-30 11:13:12.098   CNC 4   INF   Sleeping for 9.922649967s
2019-12-30 11:13:22.023   CNC 4   INF   Device still active
2019-12-30 11:13:22.023   CNC 4   INF   Production -> 2 of 300
2019-12-30 11:13:22.088   CNC 4   INF   Processing takes 64.356051ms
2019-12-30 11:13:22.088   CNC 4   INF   Sleeping for 9.935540622s
2019-12-30 11:13:32.025   CNC 4   INF   Device still active
2019-12-30 11:13:32.025   CNC 4   INF   Production -> 3 of 300
2019-12-30 11:13:32.080   CNC 4   INF   Processing takes 55.278882ms
2019-12-30 11:13:32.080   CNC 4   INF   Sleeping for 9.944610143s
2019-12-30 11:13:42.029   CNC 4   INF   Device still active
2019-12-30 11:13:42.030   CNC 4   INF   Production -> 4 of 300
2019-12-30 11:13:42.092   CNC 4   INF   Processing takes 62.788379ms
2019-12-30 11:13:42.092   CNC 4   INF   Sleeping for 9.937124182s
2019-12-30 11:13:52.033   CNC 4   INF   Device still active
2019-12-30 11:13:52.033   CNC 4   INF   Production -> 5 of 300
2019-12-30 11:13:52.092   CNC 4   INF   Processing takes 59.297549ms
2019-12-30 11:13:52.092   CNC 4   INF   Sleeping for 9.940602907s
2019-12-30 11:14:02.035   CNC 4   INF   Device still active
2019-12-30 11:14:02.036   CNC 4   INF   Production -> 6 of 300
2019-12-30 11:14:02.081   CNC 4   INF   Processing takes 45.568516ms
2019-12-30 11:14:02.081   CNC 4   INF   Sleeping for 9.954306374s
2019-12-30 11:14:12.037   CNC 4   INF   Device still active
2019-12-30 11:14:12.038   CNC 4   INF   Production -> 7 of 300
2019-12-30 11:14:12.110   CNC 4   INF   Processing takes 72.222959ms
2019-12-30 11:14:12.110   CNC 4   INF   Sleeping for 9.927691965s
2019-12-30 11:14:22.040   CNC 4   INF   Device still active
2019-12-30 11:14:22.040   CNC 4   INF   Production -> 8 of 300
2019-12-30 11:14:22.099   CNC 4   INF   Processing takes 59.124004ms
2019-12-30 11:14:22.099   CNC 4   INF   Sleeping for 9.940761618s
2019-12-30 11:14:32.044   CNC 4   INF   Device still active
2019-12-30 11:14:32.044   CNC 4   INF   Production -> 9 of 300
2019-12-30 11:14:32.123   CNC 4   INF   Processing takes 78.649084ms
2019-12-30 11:14:32.123   CNC 4   INF   Sleeping for 9.921228486s
2019-12-30 11:14:42.048   CNC 4   INF   Device still active
2019-12-30 11:14:42.049   CNC 4   INF   Production -> 10 of 300
2019-12-30 11:14:42.117   CNC 4   INF   Processing takes 68.769155ms
2019-12-30 11:14:42.117   CNC 4   INF   Sleeping for 9.93113056s
2019-12-30 11:14:52.053   CNC 4   INF   Device still active
2019-12-30 11:14:52.054   CNC 4   INF   Production -> 11 of 300
2019-12-30 11:14:52.117   CNC 4   INF   Processing takes 63.147605ms
2019-12-30 11:14:52.117   CNC 4   INF   Sleeping for 9.936697112s
