2020-02-01 21:40:57.707   CNC 3   INF   Device started running
2020-02-01 21:40:57.707   CNC 3   INF   Device directory exists
2020-02-01 21:40:57.707   CNC 3   INF   Poweroff -> 0 of 150
2020-02-01 21:40:57.707   CNC 3   INF   Processing takes 171.07µs
2020-02-01 21:40:57.707   CNC 3   INF   Sleeping for 9.999739759s
2020-02-01 21:41:07.710   CNC 3   INF   Device still active
2020-02-01 21:41:07.711   CNC 3   INF   Poweroff -> 1 of 150
2020-02-01 21:41:07.711   CNC 3   INF   Processing takes 372.333µs
2020-02-01 21:41:07.711   CNC 3   INF   Sleeping for 9.999205565s
2020-02-01 21:41:17.713   CNC 3   INF   Device still active
2020-02-01 21:41:17.714   CNC 3   INF   Poweroff -> 2 of 150
2020-02-01 21:41:17.714   CNC 3   INF   Processing takes 655.162µs
2020-02-01 21:41:17.714   CNC 3   INF   Sleeping for 9.999173676s
2020-02-01 21:41:27.717   CNC 3   INF   Device still active
2020-02-01 21:41:27.717   CNC 3   INF   Poweroff -> 3 of 150
2020-02-01 21:41:27.718   CNC 3   INF   Processing takes 390.753µs
2020-02-01 21:41:27.718   CNC 3   INF   Sleeping for 9.9994799s
2020-02-01 21:41:37.720   CNC 3   INF   Device still active
2020-02-01 21:41:37.721   CNC 3   INF   Poweroff -> 4 of 150
2020-02-01 21:41:37.721   CNC 3   INF   Processing takes 368.919µs
2020-02-01 21:41:37.722   CNC 3   INF   Sleeping for 9.999384156s
2020-02-01 21:41:47.722   CNC 3   INF   Device still active
2020-02-01 21:41:47.722   CNC 3   INF   Poweroff -> 5 of 150
2020-02-01 21:41:47.722   CNC 3   INF   Processing takes 151.845µs
2020-02-01 21:41:47.722   CNC 3   INF   Sleeping for 9.999735682s
2020-02-01 21:41:57.724   CNC 3   INF   Device still active
2020-02-01 21:41:57.724   CNC 3   INF   Poweroff -> 6 of 150
2020-02-01 21:41:57.725   CNC 3   INF   Processing takes 458.175µs
2020-02-01 21:41:57.725   CNC 3   INF   Sleeping for 9.999313302s
2020-02-01 22:31:32.095   CNC 3   INF   Device started running
2020-02-01 22:31:32.096   CNC 3   INF   Device directory exists
2020-02-01 22:31:32.096   CNC 3   INF   Production -> 0 of 300
2020-02-01 22:31:32.855   CNC 3   INF   Processing takes 758.632349ms
2020-02-01 22:31:32.855   CNC 3   INF   Sleeping for 9.2410326s
2020-02-01 22:31:42.097   CNC 3   INF   Device still active
2020-02-01 22:31:42.097   CNC 3   INF   Production -> 1 of 300
2020-02-01 22:31:42.253   CNC 3   INF   Processing takes 156.381179ms
2020-02-01 22:31:42.253   CNC 3   INF   Sleeping for 9.843488142s
2020-02-01 22:31:52.098   CNC 3   INF   Device still active
2020-02-01 22:31:52.098   CNC 3   INF   Production -> 2 of 300
2020-02-01 22:31:52.413   CNC 3   INF   Processing takes 314.967246ms
2020-02-01 22:31:52.413   CNC 3   INF   Sleeping for 9.684871963s
2020-02-01 22:32:02.099   CNC 3   INF   Device still active
2020-02-01 22:32:02.099   CNC 3   INF   Production -> 3 of 300
2020-02-01 22:32:02.329   CNC 3   INF   Processing takes 230.244348ms
2020-02-01 22:32:02.329   CNC 3   INF   Sleeping for 9.769604412s
2020-02-01 22:32:12.103   CNC 3   INF   Device still active
2020-02-01 22:32:12.103   CNC 3   INF   Production -> 4 of 300
2020-02-01 22:32:12.229   CNC 3   INF   Processing takes 125.430238ms
2020-02-01 22:32:12.229   CNC 3   INF   Sleeping for 9.874455421s
2020-02-01 22:32:22.104   CNC 3   INF   Device still active
2020-02-01 22:32:22.104   CNC 3   INF   Production -> 5 of 300
2020-02-01 22:32:22.261   CNC 3   INF   Processing takes 157.146833ms
2020-02-01 22:32:22.261   CNC 3   INF   Sleeping for 9.842501659s
2020-02-01 22:32:32.109   CNC 3   INF   Device still active
2020-02-01 22:32:32.109   CNC 3   INF   Production -> 6 of 300
2020-02-01 22:32:32.499   CNC 3   INF   Processing takes 390.381718ms
2020-02-01 22:32:32.500   CNC 3   INF   Sleeping for 9.609431761s
2020-02-01 22:32:42.110   CNC 3   INF   Device still active
2020-02-01 22:32:42.110   CNC 3   INF   Production -> 7 of 300
2020-02-01 22:32:42.282   CNC 3   INF   Processing takes 172.383069ms
2020-02-01 22:32:42.283   CNC 3   INF   Sleeping for 9.827439652s
2020-02-01 22:32:52.111   CNC 3   INF   Device still active
2020-02-01 22:32:52.112   CNC 3   INF   Production -> 8 of 300
2020-02-01 22:32:52.323   CNC 3   INF   Processing takes 210.265619ms
2020-02-01 22:32:52.323   CNC 3   INF   Sleeping for 9.789574185s
2020-02-01 22:33:02.118   CNC 3   INF   Device still active
2020-02-01 22:33:02.118   CNC 3   INF   Production -> 9 of 300
2020-02-01 22:33:02.312   CNC 3   INF   Processing takes 194.112926ms
2020-02-01 22:33:02.312   CNC 3   INF   Sleeping for 9.805602309s
2020-02-01 22:35:03.462   CNC 3   INF   Device started running
2020-02-01 22:35:03.463   CNC 3   INF   Device directory exists
2020-02-01 22:35:03.463   CNC 3   INF   Production -> 0 of 300
2020-02-01 22:35:03.679   CNC 3   INF   Processing takes 216.142082ms
2020-02-01 22:35:03.680   CNC 3   INF   Sleeping for 9.783689493s
2020-02-01 22:35:13.464   CNC 3   INF   Device still active
2020-02-01 22:35:13.465   CNC 3   INF   Production -> 1 of 300
2020-02-01 22:35:13.682   CNC 3   INF   Processing takes 217.595927ms
2020-02-01 22:35:13.682   CNC 3   INF   Sleeping for 9.782257864s
2020-02-01 22:35:23.469   CNC 3   INF   Device still active
2020-02-01 22:35:23.469   CNC 3   INF   Production -> 2 of 300
2020-02-01 22:35:23.669   CNC 3   INF   Processing takes 200.147823ms
2020-02-01 22:35:23.669   CNC 3   INF   Sleeping for 9.799739198s
2020-02-01 22:35:33.469   CNC 3   INF   Device still active
2020-02-01 22:35:33.470   CNC 3   INF   Production -> 3 of 300
2020-02-01 22:35:33.666   CNC 3   INF   Processing takes 196.13204ms
2020-02-01 22:35:33.666   CNC 3   INF   Sleeping for 9.803706673s
2020-02-01 22:35:43.473   CNC 3   INF   Device still active
2020-02-01 22:35:43.474   CNC 3   INF   Production -> 4 of 300
2020-02-01 22:35:43.655   CNC 3   INF   Processing takes 181.484394ms
2020-02-01 22:35:43.655   CNC 3   INF   Sleeping for 9.818402355s
2020-02-01 22:35:53.477   CNC 3   INF   Device still active
2020-02-01 22:35:53.478   CNC 3   INF   Production -> 5 of 300
2020-02-01 22:35:53.795   CNC 3   INF   Processing takes 317.816697ms
2020-02-01 22:35:53.795   CNC 3   INF   Sleeping for 9.682094807s
2020-02-01 22:36:03.479   CNC 3   INF   Device still active
2020-02-01 22:36:03.480   CNC 3   INF   Production -> 6 of 300
2020-02-01 22:36:03.845   CNC 3   INF   Processing takes 365.323842ms
2020-02-01 22:36:03.845   CNC 3   INF   Sleeping for 9.634512565s
2020-02-01 22:36:13.484   CNC 3   INF   Device still active
2020-02-01 22:36:13.485   CNC 3   INF   Production -> 7 of 300
2020-02-01 22:36:13.745   CNC 3   INF   Processing takes 260.488792ms
2020-02-01 22:36:13.745   CNC 3   INF   Sleeping for 9.739406692s
2020-02-01 22:36:23.490   CNC 3   INF   Device still active
2020-02-01 22:36:23.491   CNC 3   INF   Production -> 8 of 300
2020-02-01 22:36:23.669   CNC 3   INF   Processing takes 179.007398ms
2020-02-01 22:36:23.669   CNC 3   INF   Sleeping for 9.820863299s
2020-02-01 22:36:33.491   CNC 3   INF   Device still active
2020-02-01 22:36:33.491   CNC 3   INF   Production -> 9 of 300
2020-02-01 22:38:26.312   CNC 3   INF   Device started running
2020-02-01 22:38:26.313   CNC 3   INF   Device directory exists
2020-02-01 22:38:26.313   CNC 3   INF   Downtime -> 0 of 150
2020-02-01 22:38:26.440   CNC 3   INF   Processing takes 126.525143ms
2020-02-01 22:38:26.440   CNC 3   INF   Sleeping for 9.873384912s
2020-02-01 22:38:36.317   CNC 3   INF   Device still active
2020-02-01 22:38:36.317   CNC 3   INF   Downtime -> 1 of 150
2020-02-01 22:38:36.457   CNC 3   INF   Processing takes 139.743761ms
2020-02-01 22:38:36.457   CNC 3   INF   Sleeping for 9.860119747s
2020-02-01 22:38:46.317   CNC 3   INF   Device still active
2020-02-01 22:38:46.317   CNC 3   INF   Downtime -> 2 of 150
2020-02-01 22:38:46.415   CNC 3   INF   Processing takes 97.065265ms
2020-02-01 22:38:46.415   CNC 3   INF   Sleeping for 9.902834065s
2020-02-01 22:38:56.321   CNC 3   INF   Device still active
2020-02-01 22:38:56.321   CNC 3   INF   Downtime -> 3 of 150
2020-02-01 22:38:56.506   CNC 3   INF   Processing takes 184.922291ms
2020-02-01 22:38:56.506   CNC 3   INF   Sleeping for 9.81491025s
2020-02-01 22:39:06.324   CNC 3   INF   Device still active
2020-02-01 22:39:06.325   CNC 3   INF   Downtime -> 4 of 150
2020-02-01 22:39:06.505   CNC 3   INF   Processing takes 180.315381ms
2020-02-01 22:39:06.505   CNC 3   INF   Sleeping for 9.819580894s
2020-02-01 22:39:16.328   CNC 3   INF   Device still active
2020-02-01 22:39:16.329   CNC 3   INF   Downtime -> 5 of 150
2020-02-01 22:39:16.485   CNC 3   INF   Processing takes 157.021655ms
2020-02-01 22:39:16.485   CNC 3   INF   Sleeping for 9.842677773s
2020-02-01 22:39:26.329   CNC 3   INF   Device still active
2020-02-01 22:39:26.329   CNC 3   INF   Downtime -> 6 of 150
2020-02-01 22:39:26.549   CNC 3   INF   Processing takes 219.807848ms
2020-02-01 22:39:26.549   CNC 3   INF   Sleeping for 9.780079122s
2020-02-01 22:39:36.332   CNC 3   INF   Device still active
2020-02-01 22:39:36.332   CNC 3   INF   Downtime -> 7 of 150
2020-02-01 22:39:36.565   CNC 3   INF   Processing takes 232.847508ms
2020-02-01 22:39:36.565   CNC 3   INF   Sleeping for 9.767004809s
2020-02-01 22:39:46.333   CNC 3   INF   Device still active
2020-02-01 22:39:46.334   CNC 3   INF   Downtime -> 8 of 150
2020-02-01 22:39:46.503   CNC 3   INF   Processing takes 169.501489ms
2020-02-01 22:39:46.503   CNC 3   INF   Sleeping for 9.830395482s
2020-02-01 22:39:56.331   CNC 3   INF   Device still active
2020-02-01 22:39:56.332   CNC 3   INF   Downtime -> 9 of 150
2020-02-01 22:39:56.475   CNC 3   INF   Processing takes 143.167862ms
2020-02-01 22:39:56.475   CNC 3   INF   Sleeping for 9.856698499s
2020-02-01 22:40:06.333   CNC 3   INF   Device still active
2020-02-01 22:40:06.333   CNC 3   INF   Downtime -> 10 of 150
2020-02-01 22:40:06.454   CNC 3   INF   Processing takes 120.981697ms
2020-02-01 22:40:06.455   CNC 3   INF   Sleeping for 9.878912272s
2020-02-01 22:40:16.337   CNC 3   INF   Device still active
2020-02-01 22:40:16.338   CNC 3   INF   Downtime -> 11 of 150
2020-02-01 22:40:16.531   CNC 3   INF   Processing takes 193.609363ms
2020-02-01 22:40:16.531   CNC 3   INF   Sleeping for 9.806268258s
2020-02-01 22:40:26.338   CNC 3   INF   Device still active
2020-02-01 22:40:26.339   CNC 3   INF   Downtime -> 12 of 150
2020-02-01 22:40:26.508   CNC 3   INF   Processing takes 169.005174ms
2020-02-01 22:40:26.508   CNC 3   INF   Sleeping for 9.830875029s
2020-02-01 22:40:36.339   CNC 3   INF   Device still active
2020-02-01 22:40:36.339   CNC 3   INF   Downtime -> 13 of 150
2020-02-01 22:40:36.676   CNC 3   INF   Processing takes 336.621055ms
2020-02-01 22:40:36.676   CNC 3   INF   Sleeping for 9.663173898s
2020-02-01 23:05:32.180   CNC 3   INF   Device started running
2020-02-01 23:05:32.180   CNC 3   INF   Device directory exists
2020-02-01 23:05:32.181   CNC 3   INF   Downtime -> 0 of 150
2020-02-01 23:05:32.334   CNC 3   INF   Processing takes 153.771061ms
2020-02-01 23:05:32.334   CNC 3   INF   Sleeping for 9.845993027s
2020-02-01 23:05:42.181   CNC 3   INF   Device still active
2020-02-01 23:05:42.181   CNC 3   INF   Downtime -> 1 of 150
2020-02-01 23:05:42.557   CNC 3   INF   Processing takes 375.99792ms
2020-02-01 23:05:42.557   CNC 3   INF   Sleeping for 9.623514207s
2020-02-01 23:05:52.182   CNC 3   INF   Device still active
2020-02-01 23:05:52.182   CNC 3   INF   Downtime -> 2 of 150
2020-02-01 23:05:52.596   CNC 3   INF   Processing takes 413.529331ms
2020-02-01 23:05:52.596   CNC 3   INF   Sleeping for 9.586241339s
2020-02-01 23:06:02.186   CNC 3   INF   Device still active
2020-02-01 23:06:02.187   CNC 3   INF   Downtime -> 3 of 150
2020-02-01 23:06:02.439   CNC 3   INF   Processing takes 253.341755ms
2020-02-01 23:06:02.439   CNC 3   INF   Sleeping for 9.746465687s
2020-02-01 23:06:12.190   CNC 3   INF   Device still active
2020-02-01 23:06:12.190   CNC 3   INF   Downtime -> 4 of 150
2020-02-01 23:06:12.355   CNC 3   INF   Processing takes 164.40596ms
2020-02-01 23:06:12.355   CNC 3   INF   Sleeping for 9.835454922s
2020-02-01 23:06:22.193   CNC 3   INF   Device still active
2020-02-01 23:06:22.194   CNC 3   INF   Downtime -> 5 of 150
2020-02-01 23:06:22.427   CNC 3   INF   Processing takes 233.57379ms
2020-02-01 23:06:22.427   CNC 3   INF   Sleeping for 9.76627489s
2020-02-01 23:06:32.196   CNC 3   INF   Device still active
2020-02-01 23:06:32.197   CNC 3   INF   Downtime -> 6 of 150
2020-02-01 23:06:32.449   CNC 3   INF   Processing takes 252.277981ms
2020-02-01 23:06:32.449   CNC 3   INF   Sleeping for 9.747556536s
2020-02-01 23:06:42.198   CNC 3   INF   Device still active
2020-02-01 23:06:42.198   CNC 3   INF   Downtime -> 7 of 150
2020-02-01 23:06:42.463   CNC 3   INF   Processing takes 265.278728ms
2020-02-01 23:06:42.463   CNC 3   INF   Sleeping for 9.734629383s
2020-02-01 23:06:52.203   CNC 3   INF   Device still active
2020-02-01 23:06:52.204   CNC 3   INF   Downtime -> 8 of 150
2020-02-01 23:06:52.474   CNC 3   INF   Processing takes 270.917901ms
2020-02-01 23:06:52.474   CNC 3   INF   Sleeping for 9.728927439s
2020-02-01 23:07:02.207   CNC 3   INF   Device still active
2020-02-01 23:07:02.207   CNC 3   INF   Downtime -> 9 of 150
2020-02-01 23:07:02.371   CNC 3   INF   Processing takes 163.594768ms
2020-02-01 23:07:02.371   CNC 3   INF   Sleeping for 9.836273991s
2020-02-01 23:07:12.212   CNC 3   INF   Device still active
2020-02-01 23:07:12.212   CNC 3   INF   Downtime -> 10 of 150
2020-02-01 23:07:12.301   CNC 3   INF   Processing takes 88.611847ms
2020-02-01 23:07:12.301   CNC 3   INF   Sleeping for 9.911294262s
2020-02-01 23:07:22.215   CNC 3   INF   Device still active
2020-02-01 23:07:22.216   CNC 3   INF   Downtime -> 11 of 150
2020-02-01 23:07:22.409   CNC 3   INF   Processing takes 194.050995ms
2020-02-01 23:07:22.409   CNC 3   INF   Sleeping for 9.805556987s
2020-02-01 23:07:32.218   CNC 3   INF   Device still active
2020-02-01 23:07:32.218   CNC 3   INF   Downtime -> 12 of 150
2020-02-01 23:07:32.530   CNC 3   INF   Processing takes 311.478534ms
2020-02-01 23:07:32.530   CNC 3   INF   Sleeping for 9.687851333s
2020-02-01 23:07:42.223   CNC 3   INF   Device still active
2020-02-01 23:07:42.223   CNC 3   INF   Downtime -> 13 of 150
2020-02-01 23:07:42.457   CNC 3   INF   Processing takes 234.492499ms
2020-02-01 23:07:42.457   CNC 3   INF   Sleeping for 9.765373286s
2020-02-01 23:07:52.223   CNC 3   INF   Device still active
2020-02-01 23:07:52.223   CNC 3   INF   Downtime -> 14 of 150
2020-02-01 23:07:52.276   CNC 3   INF   Processing takes 52.577045ms
2020-02-01 23:07:52.276   CNC 3   INF   Sleeping for 9.947314339s
2020-02-01 23:08:02.225   CNC 3   INF   Device still active
2020-02-01 23:08:02.225   CNC 3   INF   Downtime -> 15 of 150
2020-02-01 23:08:02.409   CNC 3   INF   Processing takes 184.047546ms
2020-02-01 23:08:02.409   CNC 3   INF   Sleeping for 9.815862062s
2020-02-01 23:08:12.228   CNC 3   INF   Device still active
2020-02-01 23:08:12.228   CNC 3   INF   Downtime -> 16 of 150
2020-02-01 23:08:12.422   CNC 3   INF   Processing takes 194.208673ms
2020-02-01 23:08:12.422   CNC 3   INF   Sleeping for 9.805683262s
2020-02-01 23:08:22.228   CNC 3   INF   Device still active
2020-02-01 23:08:22.229   CNC 3   INF   Downtime -> 17 of 150
2020-02-01 23:08:22.368   CNC 3   INF   Processing takes 139.287337ms
2020-02-01 23:08:22.368   CNC 3   INF   Sleeping for 9.860579444s
2020-02-01 23:08:32.230   CNC 3   INF   Device still active
2020-02-01 23:08:32.232   CNC 3   INF   Downtime -> 18 of 150
2020-02-01 23:08:32.357   CNC 3   INF   Processing takes 126.629362ms
2020-02-01 23:08:32.357   CNC 3   INF   Sleeping for 9.873245942s
2020-02-01 23:08:42.236   CNC 3   INF   Device still active
2020-02-01 23:08:42.237   CNC 3   INF   Downtime -> 19 of 150
2020-02-01 23:08:42.462   CNC 3   INF   Processing takes 225.409879ms
2020-02-01 23:08:42.462   CNC 3   INF   Sleeping for 9.774335878s
2020-02-01 23:08:52.242   CNC 3   INF   Device still active
2020-02-01 23:08:52.243   CNC 3   INF   Downtime -> 20 of 150
2020-02-01 23:08:52.419   CNC 3   INF   Processing takes 176.621311ms
2020-02-01 23:08:52.419   CNC 3   INF   Sleeping for 9.823237676s
2020-02-01 23:09:02.247   CNC 3   INF   Device still active
2020-02-01 23:09:02.249   CNC 3   INF   Downtime -> 21 of 150
2020-02-01 23:09:02.639   CNC 3   INF   Processing takes 391.672361ms
2020-02-01 23:09:02.640   CNC 3   INF   Sleeping for 9.608179705s
2020-02-01 23:09:12.252   CNC 3   INF   Device still active
2020-02-01 23:09:12.252   CNC 3   INF   Downtime -> 22 of 150
2020-02-01 23:09:12.620   CNC 3   INF   Processing takes 368.625563ms
2020-02-01 23:09:12.621   CNC 3   INF   Sleeping for 9.631242395s
2020-02-01 23:09:22.255   CNC 3   INF   Device still active
2020-02-01 23:09:22.255   CNC 3   INF   Downtime -> 23 of 150
2020-02-01 23:09:22.369   CNC 3   INF   Processing takes 114.583567ms
2020-02-01 23:09:22.370   CNC 3   INF   Sleeping for 9.885310829s
2020-02-01 23:09:32.255   CNC 3   INF   Device still active
2020-02-01 23:09:32.255   CNC 3   INF   Downtime -> 24 of 150
2020-02-01 23:09:32.462   CNC 3   INF   Processing takes 206.491901ms
2020-02-01 23:09:32.462   CNC 3   INF   Sleeping for 9.793368696s
2020-02-01 23:09:42.258   CNC 3   INF   Device still active
2020-02-01 23:09:42.259   CNC 3   INF   Downtime -> 25 of 150
2020-02-01 23:09:42.388   CNC 3   INF   Processing takes 129.893207ms
2020-02-01 23:09:42.389   CNC 3   INF   Sleeping for 9.869577139s
2020-02-01 23:09:52.264   CNC 3   INF   Device still active
2020-02-01 23:09:52.264   CNC 3   INF   Downtime -> 26 of 150
2020-02-01 23:09:52.437   CNC 3   INF   Processing takes 172.660734ms
2020-02-01 23:09:52.437   CNC 3   INF   Sleeping for 9.827220452s
2020-02-01 23:10:02.265   CNC 3   INF   Device still active
2020-02-01 23:10:02.265   CNC 3   INF   Downtime -> 27 of 150
2020-02-01 23:10:02.469   CNC 3   INF   Processing takes 204.169407ms
2020-02-01 23:10:02.469   CNC 3   INF   Sleeping for 9.795722114s
2020-02-01 23:10:12.266   CNC 3   INF   Device still active
2020-02-01 23:10:12.267   CNC 3   INF   Downtime -> 28 of 150
2020-02-01 23:10:12.449   CNC 3   INF   Processing takes 182.625712ms
2020-02-01 23:10:12.449   CNC 3   INF   Sleeping for 9.817231511s
2020-02-01 23:10:22.269   CNC 3   INF   Device still active
2020-02-01 23:10:22.270   CNC 3   INF   Downtime -> 29 of 150
2020-02-01 23:10:22.390   CNC 3   INF   Processing takes 120.757832ms
2020-02-01 23:10:22.390   CNC 3   INF   Sleeping for 9.879132524s
2020-02-01 23:10:32.272   CNC 3   INF   Device still active
2020-02-01 23:10:32.272   CNC 3   INF   Downtime -> 30 of 150
2020-02-01 23:10:32.431   CNC 3   INF   Processing takes 158.614507ms
2020-02-01 23:10:32.431   CNC 3   INF   Sleeping for 9.841277703s
2020-02-01 23:10:42.278   CNC 3   INF   Device still active
2020-02-01 23:10:42.279   CNC 3   INF   Downtime -> 31 of 150
2020-02-01 23:10:42.458   CNC 3   INF   Processing takes 179.497475ms
2020-02-01 23:10:42.458   CNC 3   INF   Sleeping for 9.820393383s
2020-02-01 23:10:52.282   CNC 3   INF   Device still active
2020-02-01 23:10:52.282   CNC 3   INF   Downtime -> 32 of 150
2020-02-01 23:10:52.465   CNC 3   INF   Processing takes 182.828028ms
2020-02-01 23:10:52.465   CNC 3   INF   Sleeping for 9.81705195s
2020-02-01 23:11:02.283   CNC 3   INF   Device still active
2020-02-01 23:11:02.283   CNC 3   INF   Downtime -> 33 of 150
2020-02-01 23:11:02.600   CNC 3   INF   Processing takes 316.394999ms
2020-02-01 23:11:02.600   CNC 3   INF   Sleeping for 9.683450497s
2020-02-01 23:11:12.284   CNC 3   INF   Device still active
2020-02-01 23:11:12.286   CNC 3   INF   Downtime -> 34 of 150
2020-02-01 23:11:12.493   CNC 3   INF   Processing takes 209.206371ms
2020-02-01 23:11:12.493   CNC 3   INF   Sleeping for 9.790640282s
2020-02-01 23:11:22.290   CNC 3   INF   Device still active
2020-02-01 23:11:22.291   CNC 3   INF   Downtime -> 35 of 150
2020-02-01 23:11:22.408   CNC 3   INF   Processing takes 116.568156ms
2020-02-01 23:11:22.408   CNC 3   INF   Sleeping for 9.883314708s
2020-02-01 23:11:32.291   CNC 3   INF   Device still active
2020-02-01 23:11:32.291   CNC 3   INF   Downtime -> 36 of 150
2020-02-01 23:11:32.466   CNC 3   INF   Processing takes 174.481521ms
2020-02-01 23:11:32.466   CNC 3   INF   Sleeping for 9.825283492s
2020-02-01 23:11:42.296   CNC 3   INF   Device still active
2020-02-01 23:11:42.296   CNC 3   INF   Downtime -> 37 of 150
2020-02-01 23:11:42.514   CNC 3   INF   Processing takes 217.715388ms
2020-02-01 23:11:42.514   CNC 3   INF   Sleeping for 9.782165463s
2020-02-01 23:11:52.297   CNC 3   INF   Device still active
2020-02-01 23:11:52.298   CNC 3   INF   Downtime -> 38 of 150
2020-02-01 23:11:52.423   CNC 3   INF   Processing takes 125.356806ms
2020-02-01 23:11:52.423   CNC 3   INF   Sleeping for 9.87452088s
2020-02-01 23:12:02.300   CNC 3   INF   Device still active
2020-02-01 23:12:02.300   CNC 3   INF   Downtime -> 39 of 150
2020-02-01 23:12:02.504   CNC 3   INF   Processing takes 203.795097ms
2020-02-01 23:12:02.504   CNC 3   INF   Sleeping for 9.796065081s
2020-02-01 23:12:12.301   CNC 3   INF   Device still active
2020-02-01 23:12:12.301   CNC 3   INF   Downtime -> 40 of 150
2020-02-01 23:12:12.458   CNC 3   INF   Processing takes 156.39425ms
2020-02-01 23:12:12.458   CNC 3   INF   Sleeping for 9.843019247s
2020-02-01 23:12:22.304   CNC 3   INF   Device still active
2020-02-01 23:12:22.305   CNC 3   INF   Downtime -> 41 of 150
2020-02-01 23:12:22.681   CNC 3   INF   Processing takes 376.390229ms
2020-02-01 23:12:22.682   CNC 3   INF   Sleeping for 9.62268855s
2020-02-01 23:12:32.306   CNC 3   INF   Device still active
2020-02-01 23:12:32.306   CNC 3   INF   Downtime -> 42 of 150
2020-02-01 23:12:32.458   CNC 3   INF   Processing takes 152.464232ms
2020-02-01 23:12:32.458   CNC 3   INF   Sleeping for 9.847381487s
2020-02-01 23:12:42.310   CNC 3   INF   Device still active
2020-02-01 23:12:42.310   CNC 3   INF   Downtime -> 43 of 150
2020-02-01 23:12:42.407   CNC 3   INF   Processing takes 96.545155ms
2020-02-01 23:12:42.407   CNC 3   INF   Sleeping for 9.903352238s
2020-02-01 23:12:52.316   CNC 3   INF   Device still active
2020-02-01 23:12:52.317   CNC 3   INF   Downtime -> 44 of 150
2020-02-01 23:12:52.495   CNC 3   INF   Processing takes 179.064736ms
2020-02-01 23:12:52.496   CNC 3   INF   Sleeping for 9.820637842s
2020-02-01 23:13:02.320   CNC 3   INF   Device still active
2020-02-01 23:13:02.321   CNC 3   INF   Downtime -> 45 of 150
2020-02-01 23:13:02.535   CNC 3   INF   Processing takes 214.699575ms
2020-02-01 23:13:02.535   CNC 3   INF   Sleeping for 9.785088409s
2020-02-01 23:13:12.323   CNC 3   INF   Device still active
2020-02-01 23:13:12.324   CNC 3   INF   Downtime -> 46 of 150
2020-02-01 23:13:12.516   CNC 3   INF   Processing takes 192.41756ms
2020-02-01 23:13:12.516   CNC 3   INF   Sleeping for 9.807451825s
2020-02-01 23:13:22.330   CNC 3   INF   Device still active
2020-02-01 23:13:22.331   CNC 3   INF   Downtime -> 47 of 150
2020-02-01 23:13:22.467   CNC 3   INF   Processing takes 137.025299ms
2020-02-01 23:13:22.467   CNC 3   INF   Sleeping for 9.862847914s
2020-02-01 23:13:32.334   CNC 3   INF   Device still active
2020-02-01 23:13:32.335   CNC 3   INF   Downtime -> 48 of 150
2020-02-01 23:13:32.536   CNC 3   INF   Processing takes 201.839341ms
2020-02-01 23:13:32.537   CNC 3   INF   Sleeping for 9.797887241s
2020-02-01 23:13:42.337   CNC 3   INF   Device still active
2020-02-01 23:13:42.338   CNC 3   INF   Downtime -> 49 of 150
2020-02-01 23:13:42.462   CNC 3   INF   Processing takes 124.085891ms
2020-02-01 23:13:42.462   CNC 3   INF   Sleeping for 9.875721248s
2020-02-01 23:13:52.338   CNC 3   INF   Device still active
2020-02-01 23:13:52.338   CNC 3   INF   Downtime -> 50 of 150
2020-02-01 23:13:52.456   CNC 3   INF   Processing takes 118.111412ms
2020-02-01 23:13:52.456   CNC 3   INF   Sleeping for 9.881773847s
2020-02-01 23:14:02.343   CNC 3   INF   Device still active
2020-02-01 23:14:02.344   CNC 3   INF   Downtime -> 51 of 150
2020-02-01 23:14:02.482   CNC 3   INF   Processing takes 137.849762ms
2020-02-01 23:14:02.482   CNC 3   INF   Sleeping for 9.862015718s
2020-02-01 23:14:12.347   CNC 3   INF   Device still active
2020-02-01 23:14:12.348   CNC 3   INF   Downtime -> 52 of 150
2020-02-01 23:14:12.513   CNC 3   INF   Processing takes 164.592953ms
2020-02-01 23:14:12.513   CNC 3   INF   Sleeping for 9.835284147s
2020-02-01 23:14:22.349   CNC 3   INF   Device still active
2020-02-01 23:14:22.349   CNC 3   INF   Downtime -> 53 of 150
2020-02-01 23:14:22.438   CNC 3   INF   Processing takes 89.221723ms
2020-02-01 23:14:22.438   CNC 3   INF   Sleeping for 9.910612652s
2020-02-01 23:14:32.350   CNC 3   INF   Device still active
2020-02-01 23:14:32.350   CNC 3   INF   Downtime -> 54 of 150
2020-02-01 23:14:32.387   CNC 3   INF   Processing takes 37.538581ms
2020-02-01 23:14:32.387   CNC 3   INF   Sleeping for 9.962316119s
2020-02-01 23:14:42.356   CNC 3   INF   Device still active
2020-02-01 23:14:42.357   CNC 3   INF   Downtime -> 55 of 150
2020-02-01 23:14:42.559   CNC 3   INF   Processing takes 203.350982ms
2020-02-01 23:14:42.559   CNC 3   INF   Sleeping for 9.796478089s
2020-02-01 23:14:52.360   CNC 3   INF   Device still active
2020-02-01 23:14:52.361   CNC 3   INF   Downtime -> 56 of 150
2020-02-01 23:14:52.698   CNC 3   INF   Processing takes 336.867277ms
2020-02-01 23:14:52.698   CNC 3   INF   Sleeping for 9.662934548s
2020-02-01 23:15:02.363   CNC 3   INF   Device still active
2020-02-01 23:15:02.363   CNC 3   INF   Downtime -> 57 of 150
2020-02-01 23:15:02.601   CNC 3   INF   Processing takes 237.731661ms
2020-02-01 23:15:02.601   CNC 3   INF   Sleeping for 9.762172473s
2020-02-01 23:15:12.365   CNC 3   INF   Device still active
2020-02-01 23:15:12.366   CNC 3   INF   Downtime -> 58 of 150
2020-02-01 23:15:12.456   CNC 3   INF   Processing takes 90.087623ms
2020-02-01 23:15:12.456   CNC 3   INF   Sleeping for 9.909798056s
2020-02-01 23:15:22.366   CNC 3   INF   Device still active
2020-02-01 23:15:22.367   CNC 3   INF   Downtime -> 59 of 150
2020-02-01 23:15:22.539   CNC 3   INF   Processing takes 172.680294ms
2020-02-01 23:15:22.539   CNC 3   INF   Sleeping for 9.827075833s
2020-02-01 23:15:32.371   CNC 3   INF   Device still active
2020-02-01 23:15:32.372   CNC 3   INF   Downtime -> 60 of 150
2020-02-01 23:15:32.518   CNC 3   INF   Processing takes 146.046482ms
2020-02-01 23:15:32.518   CNC 3   INF   Sleeping for 9.853834343s
2020-02-01 23:15:42.374   CNC 3   INF   Device still active
2020-02-01 23:15:42.375   CNC 3   INF   Downtime -> 61 of 150
2020-02-01 23:15:42.474   CNC 3   INF   Processing takes 99.956006ms
2020-02-01 23:15:42.474   CNC 3   INF   Sleeping for 9.899923488s
2020-02-01 23:21:26.599   CNC 3   INF   Device started running
2020-02-01 23:21:26.600   CNC 3   INF   Device directory exists
2020-02-01 23:21:26.600   CNC 3   INF   Downtime -> 0 of 150
2020-02-01 23:21:26.631   CNC 3   INF   Processing takes 30.819916ms
2020-02-01 23:21:26.631   CNC 3   INF   Sleeping for 9.969054784s
2020-02-01 23:21:36.603   CNC 3   INF   Device still active
2020-02-01 23:21:36.604   CNC 3   INF   Downtime -> 1 of 150
2020-02-01 23:21:36.756   CNC 3   INF   Processing takes 152.378949ms
2020-02-01 23:21:36.756   CNC 3   INF   Sleeping for 9.847543657s
2020-02-01 23:21:46.604   CNC 3   INF   Device still active
2020-02-01 23:21:46.605   CNC 3   INF   Downtime -> 2 of 150
2020-02-01 23:21:46.736   CNC 3   INF   Processing takes 131.114215ms
2020-02-01 23:21:46.736   CNC 3   INF   Sleeping for 9.868772389s
2020-02-01 23:21:56.607   CNC 3   INF   Device still active
2020-02-01 23:21:56.608   CNC 3   INF   Downtime -> 3 of 150
2020-02-01 23:21:56.763   CNC 3   INF   Processing takes 154.924458ms
2020-02-01 23:21:56.763   CNC 3   INF   Sleeping for 9.844812173s
2020-02-01 23:22:06.612   CNC 3   INF   Device still active
2020-02-01 23:22:06.612   CNC 3   INF   Downtime -> 4 of 150
2020-02-01 23:22:06.792   CNC 3   INF   Processing takes 179.738225ms
2020-02-01 23:22:06.792   CNC 3   INF   Sleeping for 9.820162994s
2020-02-01 23:22:16.614   CNC 3   INF   Device still active
2020-02-01 23:22:16.614   CNC 3   INF   Downtime -> 5 of 150
2020-02-01 23:22:16.813   CNC 3   INF   Processing takes 199.684741ms
2020-02-01 23:22:16.814   CNC 3   INF   Sleeping for 9.800119995s
2020-02-01 23:22:26.618   CNC 3   INF   Device still active
2020-02-01 23:22:26.618   CNC 3   INF   Downtime -> 6 of 150
2020-02-01 23:22:26.759   CNC 3   INF   Processing takes 141.062452ms
2020-02-01 23:22:26.759   CNC 3   INF   Sleeping for 9.858831451s
2020-02-01 23:22:36.621   CNC 3   INF   Device still active
2020-02-01 23:22:36.621   CNC 3   INF   Downtime -> 7 of 150
2020-02-01 23:22:37.036   CNC 3   INF   Processing takes 415.513272ms
2020-02-01 23:22:37.037   CNC 3   INF   Sleeping for 9.584340171s
2020-02-01 23:22:46.623   CNC 3   INF   Device still active
2020-02-01 23:22:46.624   CNC 3   INF   Downtime -> 8 of 150
2020-02-01 23:22:46.778   CNC 3   INF   Processing takes 154.860925ms
2020-02-01 23:22:46.778   CNC 3   INF   Sleeping for 9.845030664s
2020-02-01 23:22:56.628   CNC 3   INF   Device still active
2020-02-01 23:22:56.628   CNC 3   INF   Downtime -> 9 of 150
2020-02-01 23:22:56.755   CNC 3   INF   Processing takes 127.521994ms
2020-02-01 23:22:56.755   CNC 3   INF   Sleeping for 9.872297807s
2020-02-01 23:23:06.630   CNC 3   INF   Device still active
2020-02-01 23:23:06.631   CNC 3   INF   Downtime -> 10 of 150
2020-02-01 23:23:06.836   CNC 3   INF   Processing takes 205.039132ms
2020-02-01 23:23:06.836   CNC 3   INF   Sleeping for 9.794311921s
