2020-02-01 21:40:57.707   CNC 18   INF   Device started running
2020-02-01 21:40:57.707   CNC 18   INF   Device directory exists
2020-02-01 21:40:57.707   CNC 18   INF   Production -> 0 of 300
2020-02-01 21:40:57.947   CNC 18   INF   Processing takes 239.840666ms
2020-02-01 21:40:57.947   CNC 18   INF   Sleeping for 9.760028628s
2020-02-01 21:41:07.710   CNC 18   INF   Device still active
2020-02-01 21:41:07.711   CNC 18   INF   Production -> 1 of 300
2020-02-01 21:41:07.985   CNC 18   INF   Processing takes 274.246948ms
2020-02-01 21:41:07.985   CNC 18   INF   Sleeping for 9.725608908s
2020-02-01 21:41:17.713   CNC 18   INF   Device still active
2020-02-01 21:41:17.714   CNC 18   INF   Production -> 2 of 300
2020-02-01 21:41:18.131   CNC 18   INF   Processing takes 417.80438ms
2020-02-01 21:41:18.131   CNC 18   INF   Sleeping for 9.58198449s
2020-02-01 21:41:27.717   CNC 18   INF   Device still active
2020-02-01 21:41:27.717   CNC 18   INF   Production -> 3 of 300
2020-02-01 21:41:27.995   CNC 18   INF   Processing takes 278.421917ms
2020-02-01 21:41:27.995   CNC 18   INF   Sleeping for 9.721462688s
2020-02-01 21:41:37.719   CNC 18   INF   Device still active
2020-02-01 21:41:37.720   CNC 18   INF   Production -> 4 of 300
2020-02-01 21:41:37.945   CNC 18   INF   Processing takes 225.204021ms
2020-02-01 21:41:37.945   CNC 18   INF   Sleeping for 9.774524262s
2020-02-01 21:41:47.720   CNC 18   INF   Device still active
2020-02-01 21:41:47.720   CNC 18   INF   Production -> 5 of 300
2020-02-01 21:41:47.897   CNC 18   INF   Processing takes 177.064806ms
2020-02-01 21:41:47.897   CNC 18   INF   Sleeping for 9.822791906s
2020-02-01 21:41:57.724   CNC 18   INF   Device still active
2020-02-01 21:41:57.724   CNC 18   INF   Production -> 6 of 300
2020-02-01 21:41:58.063   CNC 18   INF   Processing takes 338.641499ms
2020-02-01 21:41:58.063   CNC 18   INF   Sleeping for 9.660906268s
