2020-02-02 07:52:55.143   CNC 5   INF   Device started running
2020-02-02 07:52:55.144   CNC 5   INF   Device directory exists
2020-02-02 07:52:55.144   CNC 5   INF   Poweroff -> 0 of 150
2020-02-02 07:52:55.144   CNC 5   INF   Processing takes 143.968µs
2020-02-02 07:52:55.145   CNC 5   INF   Sleeping for 9.999489866s
2020-02-02 07:53:05.146   CNC 5   INF   Device still active
2020-02-02 07:53:05.147   CNC 5   INF   Poweroff -> 1 of 150
2020-02-02 07:53:05.147   CNC 5   INF   Processing takes 1.429562ms
2020-02-02 07:53:05.148   CNC 5   INF   Sleeping for 9.998357066s
2020-02-02 07:53:15.147   CNC 5   INF   Device still active
2020-02-02 07:53:15.147   CNC 5   INF   Poweroff -> 2 of 150
2020-02-02 07:53:15.147   CNC 5   INF   Processing takes 128.371µs
2020-02-02 07:53:15.147   CNC 5   INF   Sleeping for 9.999740514s
2020-02-02 07:53:25.147   CNC 5   INF   Device still active
2020-02-02 07:53:25.147   CNC 5   INF   Poweroff -> 3 of 150
2020-02-02 07:53:25.147   CNC 5   INF   Processing takes 157.117µs
2020-02-02 07:53:25.147   CNC 5   INF   Sleeping for 9.999748353s
2020-02-02 07:53:35.148   CNC 5   INF   Device still active
2020-02-02 07:53:35.148   CNC 5   INF   Poweroff -> 4 of 150
2020-02-02 07:53:35.148   CNC 5   INF   Processing takes 133.673µs
2020-02-02 07:53:35.148   CNC 5   INF   Sleeping for 9.999800111s
2020-02-02 07:53:45.149   CNC 5   INF   Device still active
2020-02-02 07:53:45.149   CNC 5   INF   Poweroff -> 5 of 150
2020-02-02 07:53:45.150   CNC 5   INF   Processing takes 792.718µs
2020-02-02 07:53:45.150   CNC 5   INF   Sleeping for 9.998969516s
2020-02-02 07:53:55.149   CNC 5   INF   Device still active
2020-02-02 07:53:55.149   CNC 5   INF   Poweroff -> 6 of 150
2020-02-02 07:53:55.150   CNC 5   INF   Processing takes 531.894µs
2020-02-02 07:53:55.150   CNC 5   INF   Sleeping for 9.99907043s
2020-02-02 07:54:05.150   CNC 5   INF   Device still active
2020-02-02 07:54:05.150   CNC 5   INF   Poweroff -> 7 of 150
2020-02-02 07:54:05.150   CNC 5   INF   Processing takes 379.986µs
2020-02-02 07:54:05.150   CNC 5   INF   Sleeping for 9.999513532s
2020-02-02 07:54:15.150   CNC 5   INF   Device still active
2020-02-02 07:54:15.151   CNC 5   INF   Poweroff -> 8 of 150
2020-02-02 07:54:15.151   CNC 5   INF   Processing takes 586.687µs
2020-02-02 07:54:15.151   CNC 5   INF   Sleeping for 9.999286341s
2020-02-02 07:54:25.152   CNC 5   INF   Device still active
2020-02-02 07:54:25.152   CNC 5   INF   Poweroff -> 9 of 150
2020-02-02 07:54:25.152   CNC 5   INF   Processing takes 357.155µs
2020-02-02 07:54:25.152   CNC 5   INF   Sleeping for 9.999481074s
2020-02-02 07:54:35.156   CNC 5   INF   Device still active
2020-02-02 07:54:35.156   CNC 5   INF   Poweroff -> 10 of 150
2020-02-02 07:54:35.156   CNC 5   INF   Processing takes 141.049µs
2020-02-02 07:54:35.156   CNC 5   INF   Sleeping for 9.999755831s
2020-02-02 07:54:45.158   CNC 5   INF   Device still active
2020-02-02 07:54:45.159   CNC 5   INF   Poweroff -> 11 of 150
2020-02-02 07:54:45.159   CNC 5   INF   Processing takes 358.025µs
2020-02-02 07:54:45.159   CNC 5   INF   Sleeping for 9.99953061s
2020-02-02 07:54:55.159   CNC 5   INF   Device still active
2020-02-02 07:54:55.159   CNC 5   INF   Poweroff -> 12 of 150
2020-02-02 07:54:55.159   CNC 5   INF   Processing takes 102.61µs
2020-02-02 07:54:55.159   CNC 5   INF   Sleeping for 9.99979793s
2020-02-02 07:55:05.159   CNC 5   INF   Device still active
2020-02-02 07:55:05.159   CNC 5   INF   Poweroff -> 13 of 150
2020-02-02 07:55:05.160   CNC 5   INF   Processing takes 100.152µs
2020-02-02 07:55:05.160   CNC 5   INF   Sleeping for 9.9998111s
2020-02-02 07:55:15.160   CNC 5   INF   Device still active
2020-02-02 07:55:15.160   CNC 5   INF   Poweroff -> 14 of 150
2020-02-02 07:55:15.160   CNC 5   INF   Processing takes 425.422µs
2020-02-02 07:55:15.160   CNC 5   INF   Sleeping for 9.999473849s
2020-02-02 07:55:25.165   CNC 5   INF   Device still active
2020-02-02 07:55:25.165   CNC 5   INF   Poweroff -> 15 of 150
2020-02-02 07:55:25.165   CNC 5   INF   Processing takes 258.056µs
2020-02-02 07:55:25.166   CNC 5   INF   Sleeping for 9.998927761s
2020-02-02 07:55:35.169   CNC 5   INF   Device still active
2020-02-02 07:55:35.171   CNC 5   INF   Poweroff -> 16 of 150
2020-02-02 07:55:35.171   CNC 5   INF   Processing takes 2.131097ms
2020-02-02 07:55:35.172   CNC 5   INF   Sleeping for 9.997615684s
2020-02-02 07:55:45.170   CNC 5   INF   Device still active
2020-02-02 07:55:45.171   CNC 5   INF   Poweroff -> 17 of 150
2020-02-02 07:55:45.171   CNC 5   INF   Processing takes 376.903µs
2020-02-02 07:55:45.171   CNC 5   INF   Sleeping for 9.999467199s
2020-02-02 07:55:55.174   CNC 5   INF   Device still active
2020-02-02 07:55:55.174   CNC 5   INF   Poweroff -> 18 of 150
2020-02-02 07:55:55.174   CNC 5   INF   Processing takes 437.324µs
2020-02-02 07:55:55.175   CNC 5   INF   Sleeping for 9.999382745s
2020-02-02 07:58:28.510   CNC 5   INF   Device started running
2020-02-02 07:58:28.511   CNC 5   INF   Device directory exists
2020-02-02 07:58:28.511   CNC 5   INF   Production -> 0 of 300
2020-02-02 07:58:28.957   CNC 5   INF   Processing takes 446.117504ms
2020-02-02 07:58:28.957   CNC 5   INF   Sleeping for 9.553774615s
2020-02-02 07:58:38.516   CNC 5   INF   Device still active
2020-02-02 07:58:38.516   CNC 5   INF   Production -> 1 of 300
2020-02-02 07:58:38.891   CNC 5   INF   Processing takes 375.420221ms
2020-02-02 07:58:38.892   CNC 5   INF   Sleeping for 9.624430811s
2020-02-02 07:58:48.517   CNC 5   INF   Device still active
2020-02-02 07:58:48.518   CNC 5   INF   Production -> 2 of 300
2020-02-02 07:58:48.810   CNC 5   INF   Processing takes 293.117969ms
2020-02-02 07:58:48.811   CNC 5   INF   Sleeping for 9.706746231s
2020-02-02 07:58:58.525   CNC 5   INF   Device still active
2020-02-02 07:58:58.525   CNC 5   INF   Production -> 3 of 300
2020-02-02 07:58:58.876   CNC 5   INF   Processing takes 351.082065ms
2020-02-02 07:58:58.876   CNC 5   INF   Sleeping for 9.648747948s
2020-02-02 07:59:08.525   CNC 5   INF   Device still active
2020-02-02 07:59:08.525   CNC 5   INF   Production -> 4 of 300
2020-02-02 07:59:08.684   CNC 5   INF   Processing takes 158.584285ms
2020-02-02 07:59:08.684   CNC 5   INF   Sleeping for 9.841310877s
2020-02-02 07:59:18.526   CNC 5   INF   Device still active
2020-02-02 07:59:18.527   CNC 5   INF   Production -> 5 of 300
2020-02-02 07:59:18.698   CNC 5   INF   Processing takes 170.767038ms
2020-02-02 07:59:18.698   CNC 5   INF   Sleeping for 9.828846041s
2020-02-02 08:00:07.533   CNC 5   INF   Device started running
2020-02-02 08:00:07.533   CNC 5   INF   Device directory exists
2020-02-02 08:00:07.533   CNC 5   INF   Production -> 0 of 300
2020-02-02 08:00:07.770   CNC 5   INF   Processing takes 237.007136ms
2020-02-02 08:00:07.771   CNC 5   INF   Sleeping for 9.762414283s
2020-02-02 08:00:17.537   CNC 5   INF   Device still active
2020-02-02 08:00:17.538   CNC 5   INF   Production -> 1 of 300
2020-02-02 08:00:17.958   CNC 5   INF   Processing takes 420.04745ms
2020-02-02 08:00:17.958   CNC 5   INF   Sleeping for 9.579771997s
2020-02-02 08:00:27.540   CNC 5   INF   Device still active
2020-02-02 08:00:27.540   CNC 5   INF   Production -> 2 of 300
2020-02-02 08:00:27.842   CNC 5   INF   Processing takes 302.004566ms
2020-02-02 08:00:27.842   CNC 5   INF   Sleeping for 9.697848776s
2020-02-02 08:00:37.540   CNC 5   INF   Device still active
2020-02-02 08:00:37.540   CNC 5   INF   Production -> 3 of 300
2020-02-02 08:00:37.897   CNC 5   INF   Processing takes 356.157446ms
2020-02-02 08:00:37.897   CNC 5   INF   Sleeping for 9.642989388s
2020-02-02 08:00:47.546   CNC 5   INF   Device still active
2020-02-02 08:00:47.546   CNC 5   INF   Production -> 4 of 300
2020-02-02 08:00:48.060   CNC 5   INF   Processing takes 513.785888ms
2020-02-02 08:00:48.060   CNC 5   INF   Sleeping for 9.486028651s
2020-02-02 08:00:57.547   CNC 5   INF   Device still active
2020-02-02 08:00:57.548   CNC 5   INF   Production -> 5 of 300
2020-02-02 08:00:58.106   CNC 5   INF   Processing takes 557.719642ms
2020-02-02 08:00:58.107   CNC 5   INF   Sleeping for 9.441240352s
2020-02-02 08:01:07.549   CNC 5   INF   Device still active
2020-02-02 08:01:07.549   CNC 5   INF   Production -> 6 of 300
2020-02-02 08:01:08.133   CNC 5   INF   Processing takes 584.438086ms
2020-02-02 08:01:08.133   CNC 5   INF   Sleeping for 9.41539419s
2020-02-02 08:01:17.549   CNC 5   INF   Device still active
2020-02-02 08:01:17.549   CNC 5   INF   Production -> 7 of 300
2020-02-02 08:01:17.674   CNC 5   INF   Processing takes 125.019809ms
2020-02-02 08:01:17.674   CNC 5   INF   Sleeping for 9.874879695s
2020-02-02 08:01:27.551   CNC 5   INF   Device still active
2020-02-02 08:01:27.551   CNC 5   INF   Production -> 8 of 300
2020-02-02 08:01:27.793   CNC 5   INF   Processing takes 241.788844ms
2020-02-02 08:01:27.793   CNC 5   INF   Sleeping for 9.758103478s
2020-02-02 08:01:37.552   CNC 5   INF   Device still active
2020-02-02 08:01:37.552   CNC 5   INF   Production -> 9 of 300
2020-02-02 08:01:37.818   CNC 5   INF   Processing takes 265.903308ms
2020-02-02 08:01:37.818   CNC 5   INF   Sleeping for 9.73371996s
2020-02-02 08:01:47.552   CNC 5   INF   Device still active
2020-02-02 08:01:47.553   CNC 5   INF   Production -> 10 of 300
2020-02-02 08:01:47.782   CNC 5   INF   Processing takes 229.054695ms
2020-02-02 08:01:47.782   CNC 5   INF   Sleeping for 9.770810014s
2020-02-02 08:03:09.332   CNC 5   INF   Device started running
2020-02-02 08:03:09.334   CNC 5   INF   Device directory exists
2020-02-02 08:03:09.334   CNC 5   INF   Production -> 0 of 300
2020-02-02 08:03:09.519   CNC 5   INF   Processing takes 184.803188ms
2020-02-02 08:03:09.519   CNC 5   INF   Sleeping for 9.815114418s
2020-02-02 08:03:19.340   CNC 5   INF   Device still active
2020-02-02 08:03:19.340   CNC 5   INF   Production -> 1 of 300
2020-02-02 08:03:20.199   CNC 5   INF   Processing takes 858.613677ms
2020-02-02 08:03:20.199   CNC 5   INF   Sleeping for 9.141217152s
2020-02-02 08:03:29.342   CNC 5   INF   Device still active
2020-02-02 08:03:29.342   CNC 5   INF   Production -> 2 of 300
2020-02-02 08:03:29.718   CNC 5   INF   Processing takes 375.224194ms
2020-02-02 08:03:29.718   CNC 5   INF   Sleeping for 9.623717502s
2020-02-02 08:03:39.343   CNC 5   INF   Device still active
2020-02-02 08:03:39.344   CNC 5   INF   Production -> 3 of 300
2020-02-02 08:03:39.646   CNC 5   INF   Processing takes 302.24495ms
2020-02-02 08:03:39.646   CNC 5   INF   Sleeping for 9.697622356s
2020-02-02 08:03:49.344   CNC 5   INF   Device still active
2020-02-02 08:03:49.344   CNC 5   INF   Production -> 4 of 300
2020-02-02 08:03:49.569   CNC 5   INF   Processing takes 225.401397ms
2020-02-02 08:03:49.570   CNC 5   INF   Sleeping for 9.773990081s
2020-02-02 08:03:59.344   CNC 5   INF   Device still active
2020-02-02 08:03:59.344   CNC 5   INF   Production -> 5 of 300
2020-02-02 08:03:59.514   CNC 5   INF   Processing takes 170.10751ms
2020-02-02 08:03:59.514   CNC 5   INF   Sleeping for 9.82975609s
2020-02-02 08:04:09.348   CNC 5   INF   Device still active
2020-02-02 08:04:09.348   CNC 5   INF   Production -> 6 of 300
2020-02-02 08:04:09.610   CNC 5   INF   Processing takes 261.923924ms
2020-02-02 08:04:09.610   CNC 5   INF   Sleeping for 9.737941734s
2020-02-02 08:04:19.348   CNC 5   INF   Device still active
2020-02-02 08:04:19.349   CNC 5   INF   Production -> 7 of 300
2020-02-02 08:04:19.517   CNC 5   INF   Processing takes 167.998291ms
2020-02-02 08:04:19.517   CNC 5   INF   Sleeping for 9.831877885s
2020-02-02 08:04:29.349   CNC 5   INF   Device still active
2020-02-02 08:04:29.349   CNC 5   INF   Production -> 8 of 300
2020-02-02 08:04:29.519   CNC 5   INF   Processing takes 169.580791ms
2020-02-02 08:04:29.519   CNC 5   INF   Sleeping for 9.830295973s
2020-02-02 08:04:39.350   CNC 5   INF   Device still active
2020-02-02 08:04:39.350   CNC 5   INF   Production -> 9 of 300
2020-02-02 08:04:39.767   CNC 5   INF   Processing takes 416.827255ms
2020-02-02 08:04:39.767   CNC 5   INF   Sleeping for 9.582831082s
2020-02-02 08:04:49.354   CNC 5   INF   Device still active
2020-02-02 08:04:49.354   CNC 5   INF   Production -> 10 of 300
2020-02-02 08:04:49.757   CNC 5   INF   Processing takes 402.326816ms
2020-02-02 08:04:49.757   CNC 5   INF   Sleeping for 9.59744225s
2020-02-02 08:04:59.356   CNC 5   INF   Device still active
2020-02-02 08:04:59.356   CNC 5   INF   Production -> 11 of 300
2020-02-02 08:04:59.658   CNC 5   INF   Processing takes 301.66541ms
2020-02-02 08:04:59.658   CNC 5   INF   Sleeping for 9.69816293s
2020-02-02 08:05:09.357   CNC 5   INF   Device still active
2020-02-02 08:05:09.357   CNC 5   INF   Production -> 12 of 300
2020-02-02 08:05:09.644   CNC 5   INF   Processing takes 287.258908ms
2020-02-02 08:05:09.645   CNC 5   INF   Sleeping for 9.712040375s
2020-02-02 08:05:19.360   CNC 5   INF   Device still active
2020-02-02 08:05:19.361   CNC 5   INF   Production -> 13 of 300
2020-02-02 08:05:19.640   CNC 5   INF   Processing takes 279.341221ms
2020-02-02 08:05:19.640   CNC 5   INF   Sleeping for 9.720549239s
2020-02-02 08:05:29.366   CNC 5   INF   Device still active
2020-02-02 08:05:29.366   CNC 5   INF   Production -> 14 of 300
2020-02-02 08:05:29.767   CNC 5   INF   Processing takes 401.351598ms
2020-02-02 08:05:29.768   CNC 5   INF   Sleeping for 9.598526812s
2020-02-02 08:05:39.368   CNC 5   INF   Device still active
2020-02-02 08:05:39.368   CNC 5   INF   Production -> 15 of 300
2020-02-02 08:05:39.675   CNC 5   INF   Processing takes 306.708419ms
2020-02-02 08:05:39.676   CNC 5   INF   Sleeping for 9.692403634s
2020-02-02 08:05:49.372   CNC 5   INF   Device still active
2020-02-02 08:05:49.373   CNC 5   INF   Production -> 16 of 300
2020-02-02 08:05:49.851   CNC 5   INF   Processing takes 478.495531ms
2020-02-02 08:05:49.851   CNC 5   INF   Sleeping for 9.521343264s
2020-02-02 08:05:59.373   CNC 5   INF   Device still active
2020-02-02 08:05:59.373   CNC 5   INF   Production -> 17 of 300
2020-02-02 08:05:59.646   CNC 5   INF   Processing takes 272.640382ms
2020-02-02 08:05:59.646   CNC 5   INF   Sleeping for 9.72725381s
2020-02-02 08:06:09.374   CNC 5   INF   Device still active
2020-02-02 08:06:09.374   CNC 5   INF   Production -> 18 of 300
2020-02-02 08:06:09.607   CNC 5   INF   Processing takes 232.837356ms
2020-02-02 08:06:09.607   CNC 5   INF   Sleeping for 9.76655034s
2020-02-02 08:06:19.374   CNC 5   INF   Device still active
2020-02-02 08:06:19.375   CNC 5   INF   Production -> 19 of 300
2020-02-02 08:06:19.726   CNC 5   INF   Processing takes 351.394671ms
2020-02-02 08:06:19.727   CNC 5   INF   Sleeping for 9.647867335s
2020-02-02 08:06:29.379   CNC 5   INF   Device still active
2020-02-02 08:06:29.379   CNC 5   INF   Production -> 20 of 300
2020-02-02 08:06:29.547   CNC 5   INF   Processing takes 168.356692ms
2020-02-02 08:06:29.547   CNC 5   INF   Sleeping for 9.831484378s
2020-02-02 08:06:39.379   CNC 5   INF   Device still active
2020-02-02 08:06:39.379   CNC 5   INF   Production -> 21 of 300
2020-02-02 08:06:39.534   CNC 5   INF   Processing takes 154.619432ms
2020-02-02 08:06:39.534   CNC 5   INF   Sleeping for 9.845259997s
2020-02-02 08:06:49.380   CNC 5   INF   Device still active
2020-02-02 08:06:49.380   CNC 5   INF   Production -> 22 of 300
2020-02-02 08:06:49.640   CNC 5   INF   Processing takes 259.784339ms
2020-02-02 08:06:49.640   CNC 5   INF   Sleeping for 9.740072191s
2020-02-02 08:06:59.381   CNC 5   INF   Device still active
2020-02-02 08:06:59.381   CNC 5   INF   Production -> 23 of 300
2020-02-02 08:06:59.567   CNC 5   INF   Processing takes 186.416472ms
2020-02-02 08:06:59.567   CNC 5   INF   Sleeping for 9.813475357s
2020-02-02 08:07:09.381   CNC 5   INF   Device still active
2020-02-02 08:07:09.381   CNC 5   INF   Production -> 24 of 300
2020-02-02 08:07:09.594   CNC 5   INF   Processing takes 213.180162ms
2020-02-02 08:07:09.594   CNC 5   INF   Sleeping for 9.786727024s
2020-02-02 08:07:19.385   CNC 5   INF   Device still active
2020-02-02 08:07:19.387   CNC 5   INF   Production -> 25 of 300
2020-02-02 08:07:19.800   CNC 5   INF   Processing takes 413.704685ms
2020-02-02 08:07:19.800   CNC 5   INF   Sleeping for 9.586079074s
2020-02-02 08:07:29.390   CNC 5   INF   Device still active
2020-02-02 08:07:29.391   CNC 5   INF   Production -> 26 of 300
2020-02-02 08:07:29.571   CNC 5   INF   Processing takes 180.97115ms
2020-02-02 08:07:29.571   CNC 5   INF   Sleeping for 9.818943205s
2020-02-02 08:07:39.391   CNC 5   INF   Device still active
2020-02-02 08:07:39.392   CNC 5   INF   Production -> 27 of 300
2020-02-02 08:07:39.823   CNC 5   INF   Processing takes 432.338187ms
2020-02-02 08:07:39.823   CNC 5   INF   Sleeping for 9.567483167s
2020-02-02 08:07:49.393   CNC 5   INF   Device still active
2020-02-02 08:07:49.394   CNC 5   INF   Production -> 28 of 300
2020-02-02 08:07:49.605   CNC 5   INF   Processing takes 210.999978ms
2020-02-02 08:07:49.606   CNC 5   INF   Sleeping for 9.788184699s
2020-02-02 08:07:59.395   CNC 5   INF   Device still active
2020-02-02 08:07:59.396   CNC 5   INF   Production -> 29 of 300
2020-02-02 08:07:59.621   CNC 5   INF   Processing takes 225.877251ms
2020-02-02 08:07:59.621   CNC 5   INF   Sleeping for 9.773986733s
2020-02-02 08:08:09.396   CNC 5   INF   Device still active
2020-02-02 08:08:09.397   CNC 5   INF   Production -> 30 of 300
2020-02-02 08:08:09.538   CNC 5   INF   Processing takes 141.180652ms
2020-02-02 08:08:09.538   CNC 5   INF   Sleeping for 9.858707415s
2020-02-02 08:08:19.399   CNC 5   INF   Device still active
2020-02-02 08:08:19.399   CNC 5   INF   Production -> 31 of 300
2020-02-02 08:08:19.621   CNC 5   INF   Processing takes 222.046503ms
2020-02-02 08:08:19.621   CNC 5   INF   Sleeping for 9.777811431s
2020-02-02 08:08:29.401   CNC 5   INF   Device still active
2020-02-02 08:08:29.401   CNC 5   INF   Production -> 32 of 300
2020-02-02 08:08:29.418   CNC 5   INF   Processing takes 16.785298ms
2020-02-02 08:08:29.418   CNC 5   INF   Sleeping for 9.983155243s
2020-02-02 08:08:39.404   CNC 5   INF   Device still active
2020-02-02 08:08:39.404   CNC 5   INF   Production -> 33 of 300
2020-02-02 08:08:40.713   CNC 5   INF   Processing takes 1.30897651s
2020-02-02 08:08:40.713   CNC 5   INF   Sleeping for 8.690906202s
2020-02-02 08:08:49.409   CNC 5   INF   Device still active
2020-02-02 08:08:49.409   CNC 5   INF   Production -> 34 of 300
2020-02-02 08:08:50.728   CNC 5   INF   Processing takes 1.317850658s
2020-02-02 08:08:50.729   CNC 5   INF   Sleeping for 8.681100673s
2020-02-02 08:12:09.381   CNC 5   INF   Device started running
2020-02-02 08:12:09.381   CNC 5   INF   Device directory exists
2020-02-02 08:12:09.381   CNC 5   INF   Production -> 0 of 300
2020-02-02 08:12:09.688   CNC 5   INF   Processing takes 306.910329ms
2020-02-02 08:12:09.688   CNC 5   INF   Sleeping for 9.692873934s
2020-02-02 08:12:19.387   CNC 5   INF   Device still active
2020-02-02 08:12:19.387   CNC 5   INF   Production -> 1 of 300
2020-02-02 08:12:19.936   CNC 5   INF   Processing takes 548.318207ms
2020-02-02 08:12:19.936   CNC 5   INF   Sleeping for 9.451458587s
2020-02-02 08:12:29.392   CNC 5   INF   Device still active
2020-02-02 08:12:29.393   CNC 5   INF   Production -> 2 of 300
2020-02-02 08:12:29.972   CNC 5   INF   Processing takes 580.018434ms
2020-02-02 08:12:29.972   CNC 5   INF   Sleeping for 9.419827788s
2020-02-02 08:12:39.396   CNC 5   INF   Device still active
2020-02-02 08:12:39.397   CNC 5   INF   Production -> 3 of 300
2020-02-02 08:12:39.685   CNC 5   INF   Processing takes 288.214344ms
2020-02-02 08:12:39.685   CNC 5   INF   Sleeping for 9.71105739s
2020-02-02 08:12:49.398   CNC 5   INF   Device still active
2020-02-02 08:12:49.399   CNC 5   INF   Production -> 4 of 300
2020-02-02 08:12:49.717   CNC 5   INF   Processing takes 318.15404ms
2020-02-02 08:12:49.717   CNC 5   INF   Sleeping for 9.68167063s
2020-02-02 08:12:59.402   CNC 5   INF   Device still active
2020-02-02 08:12:59.403   CNC 5   INF   Production -> 5 of 300
2020-02-02 08:12:59.748   CNC 5   INF   Processing takes 345.043704ms
2020-02-02 08:12:59.748   CNC 5   INF   Sleeping for 9.654741638s
2020-02-02 08:13:09.407   CNC 5   INF   Device still active
2020-02-02 08:13:09.408   CNC 5   INF   Production -> 6 of 300
2020-02-02 08:13:09.717   CNC 5   INF   Processing takes 309.102835ms
2020-02-02 08:13:09.717   CNC 5   INF   Sleeping for 9.690733757s
2020-02-02 08:13:19.411   CNC 5   INF   Device still active
2020-02-02 08:13:19.412   CNC 5   INF   Production -> 7 of 300
2020-02-02 08:13:19.826   CNC 5   INF   Processing takes 414.638662ms
2020-02-02 08:13:19.826   CNC 5   INF   Sleeping for 9.585251414s
2020-02-02 08:13:29.415   CNC 5   INF   Device still active
2020-02-02 08:13:29.415   CNC 5   INF   Production -> 8 of 300
2020-02-02 08:13:29.604   CNC 5   INF   Processing takes 188.865352ms
2020-02-02 08:13:29.604   CNC 5   INF   Sleeping for 9.810986372s
2020-02-02 08:13:39.415   CNC 5   INF   Device still active
2020-02-02 08:13:39.415   CNC 5   INF   Production -> 9 of 300
2020-02-02 08:13:39.733   CNC 5   INF   Processing takes 317.624203ms
2020-02-02 08:13:39.734   CNC 5   INF   Sleeping for 9.681697752s
2020-02-02 08:13:49.417   CNC 5   INF   Device still active
2020-02-02 08:13:49.419   CNC 5   INF   Production -> 10 of 300
2020-02-02 08:13:50.203   CNC 5   INF   Processing takes 784.982861ms
2020-02-02 08:13:50.203   CNC 5   INF   Sleeping for 9.214902941s
2020-02-02 08:13:59.421   CNC 5   INF   Device still active
2020-02-02 08:13:59.421   CNC 5   INF   Production -> 11 of 300
2020-02-02 08:13:59.679   CNC 5   INF   Processing takes 257.674228ms
2020-02-02 08:13:59.679   CNC 5   INF   Sleeping for 9.742140431s
2020-02-02 08:14:09.422   CNC 5   INF   Device still active
2020-02-02 08:14:09.424   CNC 5   INF   Production -> 12 of 300
2020-02-02 08:14:09.828   CNC 5   INF   Processing takes 406.023475ms
2020-02-02 08:14:09.828   CNC 5   INF   Sleeping for 9.593864705s
2020-02-02 08:14:19.429   CNC 5   INF   Device still active
2020-02-02 08:14:19.429   CNC 5   INF   Production -> 13 of 300
2020-02-02 08:14:19.668   CNC 5   INF   Processing takes 239.492383ms
2020-02-02 08:14:19.669   CNC 5   INF   Sleeping for 9.760196711s
2020-02-02 08:14:29.430   CNC 5   INF   Device still active
2020-02-02 08:14:29.430   CNC 5   INF   Production -> 14 of 300
2020-02-02 08:14:29.709   CNC 5   INF   Processing takes 278.834157ms
2020-02-02 08:14:29.709   CNC 5   INF   Sleeping for 9.721040471s
2020-02-02 11:11:35.761   CNC 5   INF   Device started running
2020-02-02 11:11:35.762   CNC 5   INF   Device directory exists
2020-02-02 11:11:35.762   CNC 5   INF   Production -> 0 of 300
2020-02-02 11:11:35.922   CNC 5   INF   Processing takes 159.321719ms
2020-02-02 11:11:35.922   CNC 5   INF   Sleeping for 9.8405426s
2020-02-02 11:13:42.722   CNC 5   INF   Device started running
2020-02-02 11:13:42.722   CNC 5   INF   Device directory exists
2020-02-02 11:13:42.723   CNC 5   INF   Production -> 0 of 300
2020-02-02 11:13:42.970   CNC 5   INF   Processing takes 247.469996ms
2020-02-02 11:13:42.970   CNC 5   INF   Sleeping for 9.752348327s
2020-02-02 11:14:02.293   CNC 5   INF   Device started running
2020-02-02 11:14:02.293   CNC 5   INF   Device directory exists
2020-02-02 11:14:02.293   CNC 5   INF   Production -> 0 of 300
2020-02-02 11:14:02.497   CNC 5   INF   Processing takes 203.601211ms
2020-02-02 11:14:02.497   CNC 5   INF   Sleeping for 9.796191062s
2020-02-02 11:17:38.053   CNC 5   INF   Device started running
2020-02-02 11:17:38.054   CNC 5   INF   Device directory exists
2020-02-02 11:17:38.055   CNC 5   INF   Downtime -> 0 of 150
2020-02-02 11:17:38.176   CNC 5   INF   Processing takes 121.308843ms
2020-02-02 11:17:38.176   CNC 5   INF   Sleeping for 9.878534217s
2020-02-02 11:19:37.130   CNC 5   INF   Device started running
2020-02-02 11:19:37.132   CNC 5   INF   Device directory exists
2020-02-02 11:19:37.132   CNC 5   INF   Production -> 0 of 300
2020-02-02 11:19:37.370   CNC 5   INF   Processing takes 238.070931ms
2020-02-02 11:19:37.370   CNC 5   INF   Sleeping for 9.761676982s
2020-02-02 11:20:19.117   CNC 5   INF   Device started running
2020-02-02 11:20:19.118   CNC 5   INF   Device directory exists
2020-02-02 11:20:19.118   CNC 5   INF   Poweroff -> 0 of 150
2020-02-02 11:20:19.118   CNC 5   INF   Processing takes 189.641µs
2020-02-02 11:20:19.118   CNC 5   INF   Sleeping for 9.999679503s
