2019-12-30 08:58:49.973   CNC 3   INF   Device created
2019-12-30 09:01:28.717   CNC 3   INF   Device created
2019-12-30 09:03:14.360   CNC 3   INF   Device created
2019-12-30 09:05:43.734   CNC 3   INF   Device created
2019-12-30 09:07:12.565   CNC 3   INF   Device created
2019-12-30 09:08:29.969   CNC 3   INF   Device created
2019-12-30 09:08:46.919   CNC 3   INF   Device created
2019-12-30 09:11:46.233   CNC 3   INF   Device created
2019-12-30 09:11:46.234   CNC 3   INF   Digital port created
2019-12-30 09:11:46.236   CNC 3   INF   Analog port created
2019-12-30 09:21:45.541   CNC 3   INF   Device started running
2019-12-30 09:21:45.541   CNC 3   WRN   Device directory not exist, creating
2019-12-30 09:21:45.542   CNC 3   INF   Device directory created
2019-12-30 09:21:45.542   CNC 3   INF   Downtime -> 0 of 150
2019-12-30 09:21:45.582   CNC 3   INF   Processing takes 39.551534ms
2019-12-30 09:21:45.582   CNC 3   INF   Sleeping for 9.960314214s
2019-12-30 09:25:13.260   CNC 3   INF   Device started running
2019-12-30 09:25:13.260   CNC 3   INF   Device directory exists
2019-12-30 09:25:13.260   CNC 3   INF   Downtime -> 0 of 150
2019-12-30 09:25:13.306   CNC 3   INF   Processing takes 45.922988ms
2019-12-30 09:25:13.306   CNC 3   INF   Sleeping for 9.95398403s
2019-12-30 09:25:23.262   CNC 3   INF   Device still active
2019-12-30 09:25:23.262   CNC 3   INF   Downtime -> 1 of 150
2019-12-30 09:25:23.341   CNC 3   INF   Processing takes 78.968222ms
2019-12-30 09:25:23.341   CNC 3   INF   Sleeping for 9.920887759s
2019-12-30 09:25:33.262   CNC 3   INF   Device still active
2019-12-30 09:25:33.262   CNC 3   INF   Downtime -> 2 of 150
2019-12-30 09:25:33.332   CNC 3   INF   Processing takes 70.018386ms
2019-12-30 09:25:33.332   CNC 3   INF   Sleeping for 9.929885653s
2019-12-30 09:26:12.802   CNC 3   INF   Device started running
2019-12-30 09:26:12.802   CNC 3   INF   Device directory exists
2019-12-30 09:26:12.802   CNC 3   INF   Downtime -> 0 of 150
2019-12-30 09:26:12.832   CNC 3   INF   Processing takes 30.051485ms
2019-12-30 09:26:12.832   CNC 3   INF   Sleeping for 9.96981416s
2019-12-30 09:26:22.802   CNC 3   INF   Device still active
2019-12-30 09:26:22.802   CNC 3   INF   Downtime -> 1 of 150
2019-12-30 09:26:22.840   CNC 3   INF   Processing takes 37.544613ms
2019-12-30 09:26:22.840   CNC 3   INF   Sleeping for 9.962357871s
2019-12-30 09:26:32.803   CNC 3   INF   Device still active
2019-12-30 09:26:32.803   CNC 3   INF   Downtime -> 2 of 150
2019-12-30 09:26:32.847   CNC 3   INF   Processing takes 44.127468ms
2019-12-30 09:26:32.847   CNC 3   INF   Sleeping for 9.955777718s
2019-12-30 09:26:42.805   CNC 3   INF   Device still active
2019-12-30 09:26:42.806   CNC 3   INF   Downtime -> 3 of 150
2019-12-30 09:26:42.877   CNC 3   INF   Processing takes 71.169516ms
2019-12-30 09:26:42.877   CNC 3   INF   Sleeping for 9.928434926s
2019-12-30 09:26:52.806   CNC 3   INF   Device still active
2019-12-30 09:26:52.806   CNC 3   INF   Downtime -> 4 of 150
2019-12-30 09:26:52.843   CNC 3   INF   Processing takes 36.502987ms
2019-12-30 09:26:52.843   CNC 3   INF   Sleeping for 9.962994783s
2019-12-30 09:27:02.807   CNC 3   INF   Device still active
2019-12-30 09:27:02.807   CNC 3   INF   Downtime -> 5 of 150
2019-12-30 09:27:02.868   CNC 3   INF   Processing takes 60.849043ms
2019-12-30 09:27:02.868   CNC 3   INF   Sleeping for 9.93867355s
2019-12-30 09:27:12.808   CNC 3   INF   Device still active
2019-12-30 09:27:12.810   CNC 3   INF   Downtime -> 6 of 150
2019-12-30 09:27:12.864   CNC 3   INF   Processing takes 55.668773ms
2019-12-30 09:27:12.864   CNC 3   INF   Sleeping for 9.944232375s
2019-12-30 09:27:22.809   CNC 3   INF   Device still active
2019-12-30 09:27:22.809   CNC 3   INF   Downtime -> 7 of 150
2019-12-30 09:27:22.839   CNC 3   INF   Processing takes 30.084781ms
2019-12-30 09:27:22.839   CNC 3   INF   Sleeping for 9.969790141s
2019-12-30 09:27:32.809   CNC 3   INF   Device still active
2019-12-30 09:27:32.810   CNC 3   INF   Downtime -> 8 of 150
2019-12-30 09:27:32.852   CNC 3   INF   Processing takes 42.18878ms
2019-12-30 09:27:32.852   CNC 3   INF   Sleeping for 9.957664907s
2019-12-30 09:27:42.815   CNC 3   INF   Device still active
2019-12-30 09:27:42.816   CNC 3   INF   Downtime -> 9 of 150
2019-12-30 09:27:42.862   CNC 3   INF   Processing takes 46.43917ms
2019-12-30 09:27:42.862   CNC 3   INF   Sleeping for 9.953288907s
2019-12-30 09:27:52.820   CNC 3   INF   Device still active
2019-12-30 09:27:52.822   CNC 3   INF   Downtime -> 10 of 150
2019-12-30 09:27:52.882   CNC 3   INF   Processing takes 61.14346ms
2019-12-30 09:27:52.882   CNC 3   INF   Sleeping for 9.93844382s
2019-12-30 09:28:02.826   CNC 3   INF   Device still active
2019-12-30 09:28:02.827   CNC 3   INF   Downtime -> 11 of 150
2019-12-30 09:28:02.912   CNC 3   INF   Processing takes 85.458847ms
2019-12-30 09:28:02.912   CNC 3   INF   Sleeping for 9.914410024s
2019-12-30 09:28:12.828   CNC 3   INF   Device still active
2019-12-30 09:28:12.828   CNC 3   INF   Downtime -> 12 of 150
2019-12-30 09:28:12.856   CNC 3   INF   Processing takes 28.258823ms
2019-12-30 09:28:12.856   CNC 3   INF   Sleeping for 9.971632997s
2019-12-30 09:28:22.829   CNC 3   INF   Device still active
2019-12-30 09:28:22.829   CNC 3   INF   Downtime -> 13 of 150
2019-12-30 09:28:22.910   CNC 3   INF   Processing takes 80.629032ms
2019-12-30 09:28:22.910   CNC 3   INF   Sleeping for 9.919269307s
2019-12-30 09:28:32.832   CNC 3   INF   Device still active
2019-12-30 09:28:32.832   CNC 3   INF   Downtime -> 14 of 150
2019-12-30 09:28:32.857   CNC 3   INF   Processing takes 24.552367ms
2019-12-30 09:28:32.857   CNC 3   INF   Sleeping for 9.975327002s
2019-12-30 09:28:42.833   CNC 3   INF   Device still active
2019-12-30 09:28:42.833   CNC 3   INF   Downtime -> 15 of 150
2019-12-30 09:28:42.857   CNC 3   INF   Processing takes 24.450966ms
2019-12-30 09:28:42.857   CNC 3   INF   Sleeping for 9.97542375s
2019-12-30 09:28:52.834   CNC 3   INF   Device still active
2019-12-30 09:28:52.834   CNC 3   INF   Downtime -> 16 of 150
2019-12-30 09:28:52.865   CNC 3   INF   Processing takes 31.469883ms
2019-12-30 09:28:52.865   CNC 3   INF   Sleeping for 9.968436242s
2019-12-30 09:29:02.834   CNC 3   INF   Device still active
2019-12-30 09:29:02.834   CNC 3   INF   Downtime -> 17 of 150
2019-12-30 09:29:02.868   CNC 3   INF   Processing takes 34.303536ms
2019-12-30 09:29:02.868   CNC 3   INF   Sleeping for 9.965564344s
2019-12-30 09:29:12.834   CNC 3   INF   Device still active
2019-12-30 09:29:12.835   CNC 3   INF   Downtime -> 18 of 150
2019-12-30 09:29:12.874   CNC 3   INF   Processing takes 39.734406ms
2019-12-30 09:29:12.874   CNC 3   INF   Sleeping for 9.960172772s
2019-12-30 09:29:22.835   CNC 3   INF   Device still active
2019-12-30 09:29:22.835   CNC 3   INF   Downtime -> 19 of 150
2019-12-30 09:29:22.906   CNC 3   INF   Processing takes 70.092151ms
2019-12-30 09:29:22.906   CNC 3   INF   Sleeping for 9.929327884s
2019-12-30 09:29:32.838   CNC 3   INF   Device still active
2019-12-30 09:29:32.838   CNC 3   INF   Downtime -> 20 of 150
2019-12-30 09:29:32.895   CNC 3   INF   Processing takes 56.632156ms
2019-12-30 09:29:32.895   CNC 3   INF   Sleeping for 9.943249242s
2019-12-30 09:29:42.839   CNC 3   INF   Device still active
2019-12-30 09:29:42.840   CNC 3   INF   Downtime -> 21 of 150
2019-12-30 09:29:42.913   CNC 3   INF   Processing takes 73.330538ms
2019-12-30 09:29:42.913   CNC 3   INF   Sleeping for 9.926496184s
2019-12-30 09:29:52.840   CNC 3   INF   Device still active
2019-12-30 09:29:52.840   CNC 3   INF   Downtime -> 22 of 150
2019-12-30 09:29:52.906   CNC 3   INF   Processing takes 66.124761ms
2019-12-30 09:29:52.906   CNC 3   INF   Sleeping for 9.933713519s
2019-12-30 09:30:02.841   CNC 3   INF   Device still active
2019-12-30 09:30:02.841   CNC 3   INF   Downtime -> 23 of 150
2019-12-30 09:30:02.877   CNC 3   INF   Processing takes 36.212782ms
2019-12-30 09:30:02.877   CNC 3   INF   Sleeping for 9.963658489s
2019-12-30 09:30:12.841   CNC 3   INF   Device still active
2019-12-30 09:30:12.841   CNC 3   INF   Downtime -> 24 of 150
2019-12-30 09:30:12.877   CNC 3   INF   Processing takes 35.870094ms
2019-12-30 09:30:12.877   CNC 3   INF   Sleeping for 9.963989607s
2019-12-30 09:30:22.842   CNC 3   INF   Device still active
2019-12-30 09:30:22.842   CNC 3   INF   Downtime -> 25 of 150
2019-12-30 09:30:22.898   CNC 3   INF   Processing takes 56.016426ms
2019-12-30 09:30:22.898   CNC 3   INF   Sleeping for 9.943823924s
2019-12-30 09:30:32.845   CNC 3   INF   Device still active
2019-12-30 09:30:32.845   CNC 3   INF   Downtime -> 26 of 150
2019-12-30 09:30:32.901   CNC 3   INF   Processing takes 55.670242ms
2019-12-30 09:30:32.901   CNC 3   INF   Sleeping for 9.944100246s
2019-12-30 09:30:42.846   CNC 3   INF   Device still active
2019-12-30 09:30:42.846   CNC 3   INF   Downtime -> 27 of 150
2019-12-30 09:30:42.874   CNC 3   INF   Processing takes 28.232878ms
2019-12-30 09:30:42.874   CNC 3   INF   Sleeping for 9.971606373s
2019-12-30 09:30:52.848   CNC 3   INF   Device still active
2019-12-30 09:30:52.848   CNC 3   INF   Downtime -> 28 of 150
2019-12-30 09:30:52.882   CNC 3   INF   Processing takes 33.607321ms
2019-12-30 09:30:52.882   CNC 3   INF   Sleeping for 9.966264323s
2019-12-30 09:31:02.850   CNC 3   INF   Device still active
2019-12-30 09:31:02.850   CNC 3   INF   Downtime -> 29 of 150
2019-12-30 09:31:02.886   CNC 3   INF   Processing takes 35.979874ms
2019-12-30 09:31:02.886   CNC 3   INF   Sleeping for 9.963840253s
2019-12-30 09:31:12.854   CNC 3   INF   Device still active
2019-12-30 09:31:12.854   CNC 3   INF   Downtime -> 30 of 150
2019-12-30 09:31:12.897   CNC 3   INF   Processing takes 43.402238ms
2019-12-30 09:31:12.897   CNC 3   INF   Sleeping for 9.956446219s
2019-12-30 09:31:22.854   CNC 3   INF   Device still active
2019-12-30 09:31:22.854   CNC 3   INF   Downtime -> 31 of 150
2019-12-30 09:31:22.894   CNC 3   INF   Processing takes 40.305967ms
2019-12-30 09:31:22.895   CNC 3   INF   Sleeping for 9.959586968s
2019-12-30 09:31:32.856   CNC 3   INF   Device still active
2019-12-30 09:31:32.856   CNC 3   INF   Downtime -> 32 of 150
2019-12-30 09:31:32.886   CNC 3   INF   Processing takes 30.119658ms
2019-12-30 09:31:32.886   CNC 3   INF   Sleeping for 9.969795506s
2019-12-30 09:31:42.856   CNC 3   INF   Device still active
2019-12-30 09:31:42.857   CNC 3   INF   Downtime -> 33 of 150
2019-12-30 09:31:42.878   CNC 3   INF   Processing takes 21.167505ms
2019-12-30 09:31:42.878   CNC 3   INF   Sleeping for 9.978710788s
2019-12-30 09:31:52.859   CNC 3   INF   Device still active
2019-12-30 09:31:52.859   CNC 3   INF   Downtime -> 34 of 150
2019-12-30 09:31:52.887   CNC 3   INF   Processing takes 27.514078ms
2019-12-30 09:31:52.887   CNC 3   INF   Sleeping for 9.972376466s
2019-12-30 09:32:02.863   CNC 3   INF   Device still active
2019-12-30 09:32:02.863   CNC 3   INF   Downtime -> 35 of 150
2019-12-30 09:32:02.892   CNC 3   INF   Processing takes 29.295315ms
2019-12-30 09:32:02.892   CNC 3   INF   Sleeping for 9.970566336s
2019-12-30 09:32:12.865   CNC 3   INF   Device still active
2019-12-30 09:32:12.865   CNC 3   INF   Downtime -> 36 of 150
2019-12-30 09:32:12.910   CNC 3   INF   Processing takes 44.386144ms
2019-12-30 09:32:12.910   CNC 3   INF   Sleeping for 9.955458785s
2019-12-30 09:32:22.866   CNC 3   INF   Device still active
2019-12-30 09:32:22.867   CNC 3   INF   Downtime -> 37 of 150
2019-12-30 09:32:22.905   CNC 3   INF   Processing takes 38.825915ms
2019-12-30 09:32:22.906   CNC 3   INF   Sleeping for 9.96080917s
2019-12-30 09:32:32.871   CNC 3   INF   Device still active
2019-12-30 09:32:32.871   CNC 3   INF   Downtime -> 38 of 150
2019-12-30 09:32:32.901   CNC 3   INF   Processing takes 30.19894ms
2019-12-30 09:32:32.901   CNC 3   INF   Sleeping for 9.969699224s
2019-12-30 09:32:42.871   CNC 3   INF   Device still active
2019-12-30 09:32:42.872   CNC 3   INF   Downtime -> 39 of 150
2019-12-30 09:32:42.944   CNC 3   INF   Processing takes 72.615807ms
2019-12-30 09:32:42.944   CNC 3   INF   Sleeping for 9.927243312s
2019-12-30 09:32:52.875   CNC 3   INF   Device still active
2019-12-30 09:32:52.875   CNC 3   INF   Downtime -> 40 of 150
2019-12-30 09:32:52.901   CNC 3   INF   Processing takes 25.572061ms
2019-12-30 09:32:52.901   CNC 3   INF   Sleeping for 9.974302238s
2019-12-30 09:33:02.878   CNC 3   INF   Device still active
2019-12-30 09:33:02.879   CNC 3   INF   Downtime -> 41 of 150
2019-12-30 09:33:02.939   CNC 3   INF   Processing takes 60.726752ms
2019-12-30 09:33:02.939   CNC 3   INF   Sleeping for 9.939072859s
2019-12-30 09:33:12.879   CNC 3   INF   Device still active
2019-12-30 09:33:12.879   CNC 3   INF   Downtime -> 42 of 150
2019-12-30 09:33:12.943   CNC 3   INF   Processing takes 63.708386ms
2019-12-30 09:33:12.943   CNC 3   INF   Sleeping for 9.936177728s
2019-12-30 09:33:22.880   CNC 3   INF   Device still active
2019-12-30 09:33:22.880   CNC 3   INF   Downtime -> 43 of 150
2019-12-30 09:33:22.926   CNC 3   INF   Processing takes 46.020554ms
2019-12-30 09:33:22.926   CNC 3   INF   Sleeping for 9.953891534s
2019-12-30 09:33:32.881   CNC 3   INF   Device still active
2019-12-30 09:33:32.882   CNC 3   INF   Downtime -> 44 of 150
2019-12-30 09:33:32.944   CNC 3   INF   Processing takes 62.547412ms
2019-12-30 09:33:32.944   CNC 3   INF   Sleeping for 9.937370939s
2019-12-30 09:33:42.884   CNC 3   INF   Device still active
2019-12-30 09:33:42.885   CNC 3   INF   Downtime -> 45 of 150
2019-12-30 09:33:42.949   CNC 3   INF   Processing takes 64.178139ms
2019-12-30 09:33:42.949   CNC 3   INF   Sleeping for 9.935678421s
2019-12-30 09:33:52.886   CNC 3   INF   Device still active
2019-12-30 09:33:52.889   CNC 3   INF   Downtime -> 46 of 150
2019-12-30 09:33:52.963   CNC 3   INF   Processing takes 75.405816ms
2019-12-30 09:33:52.963   CNC 3   INF   Sleeping for 9.923824871s
2019-12-30 09:34:02.888   CNC 3   INF   Device still active
2019-12-30 09:34:02.889   CNC 3   INF   Downtime -> 47 of 150
2019-12-30 09:34:02.951   CNC 3   INF   Processing takes 62.606835ms
2019-12-30 09:34:02.951   CNC 3   INF   Sleeping for 9.937311488s
2019-12-30 09:34:12.889   CNC 3   INF   Device still active
2019-12-30 09:34:12.889   CNC 3   INF   Downtime -> 48 of 150
2019-12-30 09:34:12.916   CNC 3   INF   Processing takes 26.355223ms
2019-12-30 09:34:12.916   CNC 3   INF   Sleeping for 9.973522363s
2019-12-30 09:34:22.890   CNC 3   INF   Device still active
2019-12-30 09:34:22.890   CNC 3   INF   Downtime -> 49 of 150
2019-12-30 09:34:22.923   CNC 3   INF   Processing takes 33.110523ms
2019-12-30 09:34:22.923   CNC 3   INF   Sleeping for 9.966766169s
2019-12-30 09:34:32.891   CNC 3   INF   Device still active
2019-12-30 09:34:32.891   CNC 3   INF   Downtime -> 50 of 150
2019-12-30 09:34:33.296   CNC 3   INF   Processing takes 21.00029ms
2019-12-30 09:34:33.296   CNC 3   INF   Sleeping for 9.595265145s
2019-12-30 09:34:42.891   CNC 3   INF   Device still active
2019-12-30 09:34:42.892   CNC 3   INF   Downtime -> 51 of 150
2019-12-30 09:34:42.915   CNC 3   INF   Processing takes 23.159291ms
2019-12-30 09:34:42.915   CNC 3   INF   Sleeping for 9.976730335s
2019-12-30 09:34:52.895   CNC 3   INF   Device still active
2019-12-30 09:34:52.896   CNC 3   INF   Downtime -> 52 of 150
2019-12-30 09:34:52.941   CNC 3   INF   Processing takes 45.099976ms
2019-12-30 09:34:52.941   CNC 3   INF   Sleeping for 9.954722741s
2019-12-30 09:35:02.897   CNC 3   INF   Device still active
2019-12-30 09:35:02.898   CNC 3   INF   Downtime -> 53 of 150
2019-12-30 09:35:02.921   CNC 3   INF   Processing takes 23.169581ms
2019-12-30 09:35:02.921   CNC 3   INF   Sleeping for 9.976747382s
2019-12-30 09:35:12.898   CNC 3   INF   Device still active
2019-12-30 09:35:12.898   CNC 3   INF   Downtime -> 54 of 150
2019-12-30 09:35:12.954   CNC 3   INF   Processing takes 56.157508ms
2019-12-30 09:35:12.955   CNC 3   INF   Sleeping for 9.94340625s
2019-12-30 09:35:22.899   CNC 3   INF   Device still active
2019-12-30 09:35:22.899   CNC 3   INF   Downtime -> 55 of 150
2019-12-30 09:35:22.948   CNC 3   INF   Processing takes 49.106787ms
2019-12-30 09:35:22.948   CNC 3   INF   Sleeping for 9.950699667s
2019-12-30 09:35:32.904   CNC 3   INF   Device still active
2019-12-30 09:35:32.904   CNC 3   INF   Downtime -> 56 of 150
2019-12-30 09:35:32.930   CNC 3   INF   Processing takes 25.952675ms
2019-12-30 09:35:32.930   CNC 3   INF   Sleeping for 9.973872849s
2019-12-30 09:35:42.909   CNC 3   INF   Device still active
2019-12-30 09:35:42.909   CNC 3   INF   Downtime -> 57 of 150
2019-12-30 09:35:42.953   CNC 3   INF   Processing takes 43.541351ms
2019-12-30 09:35:42.953   CNC 3   INF   Sleeping for 9.956323041s
2019-12-30 09:35:52.910   CNC 3   INF   Device still active
2019-12-30 09:35:52.911   CNC 3   INF   Downtime -> 58 of 150
2019-12-30 09:35:52.934   CNC 3   INF   Processing takes 23.53574ms
2019-12-30 09:35:52.934   CNC 3   INF   Sleeping for 9.976383657s
2019-12-30 09:36:02.911   CNC 3   INF   Device still active
2019-12-30 09:36:02.911   CNC 3   INF   Downtime -> 59 of 150
2019-12-30 09:36:02.946   CNC 3   INF   Processing takes 34.672798ms
2019-12-30 09:36:02.946   CNC 3   INF   Sleeping for 9.965229696s
2019-12-30 09:36:12.911   CNC 3   INF   Device still active
2019-12-30 09:36:12.911   CNC 3   INF   Downtime -> 60 of 150
2019-12-30 09:36:12.941   CNC 3   INF   Processing takes 29.717738ms
2019-12-30 09:36:12.941   CNC 3   INF   Sleeping for 9.970177755s
2019-12-30 09:36:22.914   CNC 3   INF   Device still active
2019-12-30 09:36:22.914   CNC 3   INF   Downtime -> 61 of 150
2019-12-30 09:36:22.948   CNC 3   INF   Processing takes 33.417891ms
2019-12-30 09:36:22.948   CNC 3   INF   Sleeping for 9.966489734s
2019-12-30 09:36:32.915   CNC 3   INF   Device still active
2019-12-30 09:36:32.915   CNC 3   INF   Downtime -> 62 of 150
2019-12-30 09:36:32.941   CNC 3   INF   Processing takes 26.172618ms
2019-12-30 09:36:32.941   CNC 3   INF   Sleeping for 9.97371925s
2019-12-30 09:36:42.915   CNC 3   INF   Device still active
2019-12-30 09:36:42.916   CNC 3   INF   Downtime -> 63 of 150
2019-12-30 09:36:42.940   CNC 3   INF   Processing takes 24.494188ms
2019-12-30 09:36:42.940   CNC 3   INF   Sleeping for 9.975343815s
2019-12-30 09:36:52.916   CNC 3   INF   Device still active
2019-12-30 09:36:52.916   CNC 3   INF   Downtime -> 64 of 150
2019-12-30 09:36:52.949   CNC 3   INF   Processing takes 33.136569ms
2019-12-30 09:36:52.949   CNC 3   INF   Sleeping for 9.966783075s
2019-12-30 09:37:02.918   CNC 3   INF   Device still active
2019-12-30 09:37:02.918   CNC 3   INF   Downtime -> 65 of 150
2019-12-30 09:37:02.943   CNC 3   INF   Processing takes 24.639031ms
2019-12-30 09:37:02.943   CNC 3   INF   Sleeping for 9.975150852s
2019-12-30 09:37:12.919   CNC 3   INF   Device still active
2019-12-30 09:37:12.919   CNC 3   INF   Downtime -> 66 of 150
2019-12-30 09:37:12.950   CNC 3   INF   Processing takes 30.562828ms
2019-12-30 09:37:12.950   CNC 3   INF   Sleeping for 9.969351871s
2019-12-30 09:37:22.920   CNC 3   INF   Device still active
2019-12-30 09:37:22.920   CNC 3   INF   Downtime -> 67 of 150
2019-12-30 09:37:22.945   CNC 3   INF   Processing takes 24.656875ms
2019-12-30 09:37:22.945   CNC 3   INF   Sleeping for 9.975258026s
2019-12-30 09:38:59.951   CNC 3   INF   Device started running
2019-12-30 09:38:59.952   CNC 3   INF   Device directory exists
2019-12-30 09:38:59.952   CNC 3   INF   Offline -> 0 of 150
2019-12-30 09:38:59.953   CNC 3   INF   Processing takes 109.901µs
2019-12-30 09:38:59.953   CNC 3   INF   Sleeping for 9.999508323s
2019-12-30 09:39:09.953   CNC 3   INF   Device still active
2019-12-30 09:39:09.953   CNC 3   INF   Offline -> 1 of 150
2019-12-30 09:39:09.954   CNC 3   INF   Processing takes 439.393µs
2019-12-30 09:39:09.954   CNC 3   INF   Sleeping for 9.999320704s
2019-12-30 09:39:19.958   CNC 3   INF   Device still active
2019-12-30 09:39:19.958   CNC 3   INF   Offline -> 2 of 150
2019-12-30 09:39:19.958   CNC 3   INF   Processing takes 115.718µs
2019-12-30 09:39:19.958   CNC 3   INF   Sleeping for 9.999368195s
2019-12-30 09:39:29.964   CNC 3   INF   Device still active
2019-12-30 09:39:29.965   CNC 3   INF   Offline -> 3 of 150
2019-12-30 09:39:29.966   CNC 3   INF   Processing takes 508.883µs
2019-12-30 09:39:29.966   CNC 3   INF   Sleeping for 9.998771805s
2019-12-30 09:39:39.965   CNC 3   INF   Device still active
2019-12-30 09:39:39.965   CNC 3   INF   Offline -> 4 of 150
2019-12-30 09:39:39.965   CNC 3   INF   Processing takes 139.118µs
2019-12-30 09:39:39.965   CNC 3   INF   Sleeping for 9.99973888s
2019-12-30 09:39:49.967   CNC 3   INF   Device still active
2019-12-30 09:39:49.967   CNC 3   INF   Offline -> 5 of 150
2019-12-30 09:39:49.969   CNC 3   INF   Processing takes 365.738µs
2019-12-30 09:39:49.969   CNC 3   INF   Sleeping for 9.998472439s
2019-12-30 09:39:59.969   CNC 3   INF   Device still active
2019-12-30 09:39:59.970   CNC 3   INF   Offline -> 6 of 150
2019-12-30 09:39:59.970   CNC 3   INF   Processing takes 351.869µs
2019-12-30 09:39:59.970   CNC 3   INF   Sleeping for 9.999425931s
2019-12-30 09:40:09.970   CNC 3   INF   Device still active
2019-12-30 09:40:09.971   CNC 3   INF   Offline -> 7 of 150
2019-12-30 09:40:09.971   CNC 3   INF   Processing takes 121.362µs
2019-12-30 09:40:09.971   CNC 3   INF   Sleeping for 9.999625804s
2019-12-30 09:40:19.975   CNC 3   INF   Device still active
2019-12-30 09:40:19.975   CNC 3   INF   Offline -> 8 of 150
2019-12-30 09:40:19.976   CNC 3   INF   Processing takes 367.161µs
2019-12-30 09:40:19.976   CNC 3   INF   Sleeping for 9.998743322s
2019-12-30 09:40:29.977   CNC 3   INF   Device still active
2019-12-30 09:40:29.977   CNC 3   INF   Offline -> 9 of 150
2019-12-30 09:40:29.977   CNC 3   INF   Processing takes 154.582µs
2019-12-30 09:40:29.977   CNC 3   INF   Sleeping for 9.999723398s
2019-12-30 09:40:39.979   CNC 3   INF   Device still active
2019-12-30 09:40:39.979   CNC 3   INF   Offline -> 10 of 150
2019-12-30 09:40:39.980   CNC 3   INF   Processing takes 175.489µs
2019-12-30 09:40:39.980   CNC 3   INF   Sleeping for 9.999562684s
2019-12-30 09:40:49.985   CNC 3   INF   Device still active
2019-12-30 09:40:49.985   CNC 3   INF   Offline -> 11 of 150
2019-12-30 09:40:49.988   CNC 3   INF   Processing takes 145.951µs
2019-12-30 09:40:49.989   CNC 3   INF   Sleeping for 9.996009643s
2019-12-30 09:40:59.986   CNC 3   INF   Device still active
2019-12-30 09:40:59.986   CNC 3   INF   Offline -> 12 of 150
2019-12-30 09:40:59.986   CNC 3   INF   Processing takes 148.502µs
2019-12-30 09:40:59.986   CNC 3   INF   Sleeping for 9.999751265s
2019-12-30 09:41:09.987   CNC 3   INF   Device still active
2019-12-30 09:41:09.987   CNC 3   INF   Offline -> 13 of 150
2019-12-30 09:41:09.988   CNC 3   INF   Processing takes 486.447µs
2019-12-30 09:41:09.988   CNC 3   INF   Sleeping for 9.999018505s
2019-12-30 09:41:19.987   CNC 3   INF   Device still active
2019-12-30 09:41:19.988   CNC 3   INF   Offline -> 14 of 150
2019-12-30 09:41:19.988   CNC 3   INF   Processing takes 100.536µs
2019-12-30 09:41:19.988   CNC 3   INF   Sleeping for 9.999714052s
2019-12-30 09:41:29.988   CNC 3   INF   Device not active
2019-12-30 09:41:29.988   CNC 3   INF   Device not active, stopped running
2019-12-30 09:41:29.991   CNC 3   INF   Device started running
2019-12-30 09:41:29.991   CNC 3   INF   Device directory exists
2019-12-30 09:41:29.991   CNC 3   INF   Production -> 0 of 300
2019-12-30 09:41:30.046   CNC 3   INF   Processing takes 54.810962ms
2019-12-30 09:41:30.046   CNC 3   INF   Sleeping for 9.945042734s
2019-12-30 09:41:39.993   CNC 3   INF   Device still active
2019-12-30 09:41:39.993   CNC 3   INF   Production -> 1 of 300
2019-12-30 09:41:40.149   CNC 3   INF   Processing takes 156.03151ms
2019-12-30 09:41:40.150   CNC 3   INF   Sleeping for 9.842942243s
2019-12-30 09:41:49.993   CNC 3   INF   Device still active
2019-12-30 09:41:49.993   CNC 3   INF   Production -> 2 of 300
2019-12-30 09:41:50.088   CNC 3   INF   Processing takes 94.634902ms
2019-12-30 09:41:50.088   CNC 3   INF   Sleeping for 9.90489428s
2019-12-30 09:41:59.996   CNC 3   INF   Device still active
2019-12-30 09:41:59.997   CNC 3   INF   Production -> 3 of 300
2019-12-30 09:42:00.054   CNC 3   INF   Processing takes 57.554119ms
2019-12-30 09:42:00.054   CNC 3   INF   Sleeping for 9.942351873s
2019-12-30 09:42:09.997   CNC 3   INF   Device still active
2019-12-30 09:42:09.997   CNC 3   INF   Production -> 4 of 300
2019-12-30 09:42:10.052   CNC 3   INF   Processing takes 54.436717ms
2019-12-30 09:42:10.052   CNC 3   INF   Sleeping for 9.945458261s
2019-12-30 09:42:19.998   CNC 3   INF   Device still active
2019-12-30 09:42:19.998   CNC 3   INF   Production -> 5 of 300
2019-12-30 09:42:20.061   CNC 3   INF   Processing takes 63.29548ms
2019-12-30 09:42:20.061   CNC 3   INF   Sleeping for 9.936593071s
2019-12-30 09:42:30.002   CNC 3   INF   Device still active
2019-12-30 09:42:30.003   CNC 3   INF   Production -> 6 of 300
2019-12-30 09:42:30.046   CNC 3   INF   Processing takes 43.502044ms
2019-12-30 09:42:30.046   CNC 3   INF   Sleeping for 9.956400188s
2019-12-30 09:42:40.003   CNC 3   INF   Device still active
2019-12-30 09:42:40.003   CNC 3   INF   Production -> 7 of 300
2019-12-30 09:42:40.054   CNC 3   INF   Processing takes 50.498727ms
2019-12-30 09:42:40.054   CNC 3   INF   Sleeping for 9.949370596s
2019-12-30 09:42:50.005   CNC 3   INF   Device still active
2019-12-30 09:42:50.005   CNC 3   INF   Production -> 8 of 300
2019-12-30 09:42:50.121   CNC 3   INF   Processing takes 115.48318ms
2019-12-30 09:42:50.121   CNC 3   INF   Sleeping for 9.884389508s
2019-12-30 09:43:00.005   CNC 3   INF   Device still active
2019-12-30 09:43:00.005   CNC 3   INF   Production -> 9 of 300
2019-12-30 09:43:00.089   CNC 3   INF   Processing takes 83.378151ms
2019-12-30 09:43:00.089   CNC 3   INF   Sleeping for 9.916087142s
2019-12-30 09:43:10.011   CNC 3   INF   Device still active
2019-12-30 09:43:10.012   CNC 3   INF   Production -> 10 of 300
2019-12-30 09:43:10.109   CNC 3   INF   Processing takes 98.064102ms
2019-12-30 09:43:10.110   CNC 3   INF   Sleeping for 9.901821962s
2019-12-30 09:43:20.012   CNC 3   INF   Device still active
2019-12-30 09:43:20.012   CNC 3   INF   Production -> 11 of 300
2019-12-30 09:43:20.092   CNC 3   INF   Processing takes 80.167014ms
2019-12-30 09:43:20.092   CNC 3   INF   Sleeping for 9.919687304s
2019-12-30 09:43:30.012   CNC 3   INF   Device still active
2019-12-30 09:43:30.012   CNC 3   INF   Production -> 12 of 300
2019-12-30 09:43:30.086   CNC 3   INF   Processing takes 73.631537ms
2019-12-30 09:43:30.086   CNC 3   INF   Sleeping for 9.926271837s
2019-12-30 09:43:40.016   CNC 3   INF   Device still active
2019-12-30 09:43:40.017   CNC 3   INF   Production -> 13 of 300
2019-12-30 09:43:40.117   CNC 3   INF   Processing takes 100.872311ms
2019-12-30 09:43:40.118   CNC 3   INF   Sleeping for 9.899034892s
2019-12-30 09:43:50.017   CNC 3   INF   Device still active
2019-12-30 09:43:50.017   CNC 3   INF   Production -> 14 of 300
2019-12-30 09:43:50.091   CNC 3   INF   Processing takes 73.710334ms
2019-12-30 09:43:50.091   CNC 3   INF   Sleeping for 9.926156402s
2019-12-30 09:44:00.020   CNC 3   INF   Device still active
2019-12-30 09:44:00.020   CNC 3   INF   Production -> 15 of 300
2019-12-30 09:44:00.243   CNC 3   INF   Processing takes 223.470744ms
2019-12-30 09:44:00.243   CNC 3   INF   Sleeping for 9.776335129s
2019-12-30 09:44:10.020   CNC 3   INF   Device still active
2019-12-30 09:44:10.020   CNC 3   INF   Production -> 16 of 300
2019-12-30 09:44:10.096   CNC 3   INF   Processing takes 75.387951ms
2019-12-30 09:44:10.096   CNC 3   INF   Sleeping for 9.924525138s
2019-12-30 09:44:20.025   CNC 3   INF   Device still active
2019-12-30 09:44:20.025   CNC 3   INF   Production -> 17 of 300
2019-12-30 09:44:20.088   CNC 3   INF   Processing takes 63.031275ms
2019-12-30 09:44:20.088   CNC 3   INF   Sleeping for 9.936825057s
2019-12-30 09:44:30.026   CNC 3   INF   Device still active
2019-12-30 09:44:30.026   CNC 3   INF   Production -> 18 of 300
2019-12-30 09:44:30.110   CNC 3   INF   Processing takes 84.319912ms
2019-12-30 09:44:30.110   CNC 3   INF   Sleeping for 9.915456405s
2019-12-30 09:44:40.026   CNC 3   INF   Device still active
2019-12-30 09:44:40.026   CNC 3   INF   Production -> 19 of 300
2019-12-30 09:44:40.082   CNC 3   INF   Processing takes 55.519553ms
2019-12-30 09:44:40.082   CNC 3   INF   Sleeping for 9.944378827s
2019-12-30 09:44:50.027   CNC 3   INF   Device still active
2019-12-30 09:44:50.027   CNC 3   INF   Production -> 20 of 300
2019-12-30 09:44:50.079   CNC 3   INF   Processing takes 52.030027ms
2019-12-30 09:44:50.079   CNC 3   INF   Sleeping for 9.947877682s
2019-12-30 10:31:19.326   CNC 3   INF   Device started running
2019-12-30 10:31:19.327   CNC 3   INF   Device directory exists
2019-12-30 10:31:19.327   CNC 3   INF   Production -> 0 of 300
2019-12-30 10:31:19.394   CNC 3   INF   Processing takes 66.797539ms
2019-12-30 10:31:19.394   CNC 3   INF   Sleeping for 9.933103323s
2019-12-30 10:31:29.332   CNC 3   INF   Device still active
2019-12-30 10:31:29.332   CNC 3   INF   Production -> 1 of 300
2019-12-30 10:31:29.398   CNC 3   INF   Processing takes 65.811892ms
2019-12-30 10:31:29.398   CNC 3   INF   Sleeping for 9.934045279s
2019-12-30 10:50:38.718   CNC 3   INF   Device started running
2019-12-30 10:50:38.718   CNC 3   INF   Device directory exists
2019-12-30 10:50:38.719   CNC 3   INF   Production -> 0 of 300
2019-12-30 10:50:38.780   CNC 3   INF   Processing takes 61.583664ms
2019-12-30 10:50:38.780   CNC 3   INF   Sleeping for 9.938213074s
2019-12-30 10:50:48.721   CNC 3   INF   Device still active
2019-12-30 10:50:48.722   CNC 3   INF   Production -> 1 of 300
2019-12-30 10:50:48.770   CNC 3   INF   Processing takes 48.219ms
2019-12-30 10:50:48.770   CNC 3   INF   Sleeping for 9.951649138s
2019-12-30 10:50:58.723   CNC 3   INF   Device still active
2019-12-30 10:50:58.724   CNC 3   INF   Production -> 2 of 300
2019-12-30 10:50:58.846   CNC 3   INF   Processing takes 122.362182ms
2019-12-30 10:50:58.848   CNC 3   INF   Sleeping for 9.876918379s
2019-12-30 10:51:08.726   CNC 3   INF   Device still active
2019-12-30 10:51:08.727   CNC 3   INF   Production -> 3 of 300
2019-12-30 10:51:08.799   CNC 3   INF   Processing takes 72.764752ms
2019-12-30 10:51:08.799   CNC 3   INF   Sleeping for 9.927100735s
2019-12-30 10:51:18.728   CNC 3   INF   Device still active
2019-12-30 10:51:18.729   CNC 3   INF   Production -> 4 of 300
2019-12-30 10:51:18.785   CNC 3   INF   Processing takes 56.844442ms
2019-12-30 10:51:18.785   CNC 3   INF   Sleeping for 9.94300656s
2019-12-30 10:51:28.734   CNC 3   INF   Device still active
2019-12-30 10:51:28.734   CNC 3   INF   Production -> 5 of 300
2019-12-30 10:51:28.798   CNC 3   INF   Processing takes 64.018586ms
2019-12-30 10:51:28.798   CNC 3   INF   Sleeping for 9.935861166s
2019-12-30 10:51:38.735   CNC 3   INF   Device still active
2019-12-30 10:51:38.735   CNC 3   INF   Production -> 6 of 300
2019-12-30 10:51:38.799   CNC 3   INF   Processing takes 63.681708ms
2019-12-30 10:51:38.799   CNC 3   INF   Sleeping for 9.936204106s
2019-12-30 10:51:48.736   CNC 3   INF   Device still active
2019-12-30 10:51:48.736   CNC 3   INF   Production -> 7 of 300
2019-12-30 10:51:48.820   CNC 3   INF   Processing takes 83.881246ms
2019-12-30 10:51:48.820   CNC 3   INF   Sleeping for 9.916026824s
2019-12-30 10:51:58.737   CNC 3   INF   Device still active
2019-12-30 10:51:58.739   CNC 3   INF   Production -> 8 of 300
2019-12-30 10:51:58.848   CNC 3   INF   Processing takes 109.987948ms
2019-12-30 10:51:58.848   CNC 3   INF   Sleeping for 9.889912897s
2019-12-30 10:52:08.738   CNC 3   INF   Device still active
2019-12-30 10:52:08.738   CNC 3   INF   Production -> 9 of 300
2019-12-30 10:52:08.822   CNC 3   INF   Processing takes 84.195827ms
2019-12-30 10:52:08.822   CNC 3   INF   Sleeping for 9.915716159s
2019-12-30 10:52:18.740   CNC 3   INF   Device still active
2019-12-30 10:52:18.740   CNC 3   INF   Production -> 10 of 300
2019-12-30 10:52:18.813   CNC 3   INF   Processing takes 72.251243ms
2019-12-30 10:52:18.813   CNC 3   INF   Sleeping for 9.927534363s
2019-12-30 10:52:28.744   CNC 3   INF   Device still active
2019-12-30 10:52:28.744   CNC 3   INF   Production -> 11 of 300
2019-12-30 10:52:28.835   CNC 3   INF   Processing takes 90.090039ms
2019-12-30 10:52:28.835   CNC 3   INF   Sleeping for 9.909766737s
2019-12-30 10:52:38.750   CNC 3   INF   Device still active
2019-12-30 10:52:38.750   CNC 3   INF   Production -> 12 of 300
2019-12-30 10:52:38.810   CNC 3   INF   Processing takes 59.752668ms
2019-12-30 10:52:38.810   CNC 3   INF   Sleeping for 9.940154752s
2019-12-30 10:52:48.751   CNC 3   INF   Device still active
2019-12-30 10:52:48.752   CNC 3   INF   Production -> 13 of 300
2019-12-30 10:52:48.804   CNC 3   INF   Processing takes 52.522582ms
2019-12-30 10:52:48.804   CNC 3   INF   Sleeping for 9.947341315s
2019-12-30 10:52:58.752   CNC 3   INF   Device still active
2019-12-30 10:52:58.752   CNC 3   INF   Production -> 14 of 300
2019-12-30 10:52:58.799   CNC 3   INF   Processing takes 46.34492ms
2019-12-30 10:52:58.799   CNC 3   INF   Sleeping for 9.953545215s
2019-12-30 10:53:08.755   CNC 3   INF   Device still active
2019-12-30 10:53:08.755   CNC 3   INF   Production -> 15 of 300
2019-12-30 10:53:08.801   CNC 3   INF   Processing takes 46.423018ms
2019-12-30 10:53:08.801   CNC 3   INF   Sleeping for 9.953435636s
2019-12-30 10:53:18.759   CNC 3   INF   Device still active
2019-12-30 10:53:18.759   CNC 3   INF   Production -> 16 of 300
2019-12-30 10:53:18.814   CNC 3   INF   Processing takes 54.656868ms
2019-12-30 10:53:18.814   CNC 3   INF   Sleeping for 9.945224597s
2019-12-30 10:53:28.761   CNC 3   INF   Device still active
2019-12-30 10:53:28.761   CNC 3   INF   Production -> 17 of 300
2019-12-30 10:53:28.830   CNC 3   INF   Processing takes 69.432689ms
2019-12-30 10:53:28.830   CNC 3   INF   Sleeping for 9.930425439s
2019-12-30 10:53:38.762   CNC 3   INF   Device still active
2019-12-30 10:53:38.762   CNC 3   INF   Production -> 18 of 300
2019-12-30 10:53:38.839   CNC 3   INF   Processing takes 76.201203ms
2019-12-30 10:53:38.839   CNC 3   INF   Sleeping for 9.923554984s
2019-12-30 10:53:48.766   CNC 3   INF   Device still active
2019-12-30 10:53:48.767   CNC 3   INF   Production -> 19 of 300
2019-12-30 10:53:48.832   CNC 3   INF   Processing takes 65.157103ms
2019-12-30 10:53:48.832   CNC 3   INF   Sleeping for 9.934736293s
2019-12-30 10:53:58.768   CNC 3   INF   Device still active
2019-12-30 10:53:58.769   CNC 3   INF   Production -> 20 of 300
2019-12-30 10:53:58.847   CNC 3   INF   Processing takes 78.400536ms
2019-12-30 10:53:58.847   CNC 3   INF   Sleeping for 9.921441396s
2019-12-30 10:54:08.771   CNC 3   INF   Device still active
2019-12-30 10:54:08.771   CNC 3   INF   Production -> 21 of 300
2019-12-30 10:54:08.841   CNC 3   INF   Processing takes 70.191662ms
2019-12-30 10:54:08.841   CNC 3   INF   Sleeping for 9.929708632s
2019-12-30 10:54:18.771   CNC 3   INF   Device still active
2019-12-30 10:54:18.771   CNC 3   INF   Production -> 22 of 300
2019-12-30 10:54:18.840   CNC 3   INF   Processing takes 68.153727ms
2019-12-30 10:54:18.840   CNC 3   INF   Sleeping for 9.931344335s
2019-12-30 10:54:28.774   CNC 3   INF   Device still active
2019-12-30 10:54:28.775   CNC 3   INF   Production -> 23 of 300
2019-12-30 10:54:28.856   CNC 3   INF   Processing takes 81.804707ms
2019-12-30 10:54:28.856   CNC 3   INF   Sleeping for 9.918091734s
2019-12-30 10:54:38.774   CNC 3   INF   Device still active
2019-12-30 10:54:38.774   CNC 3   INF   Production -> 24 of 300
2019-12-30 10:54:38.832   CNC 3   INF   Processing takes 57.555628ms
2019-12-30 10:54:38.832   CNC 3   INF   Sleeping for 9.942230636s
2019-12-30 10:54:48.777   CNC 3   INF   Device still active
2019-12-30 10:54:48.778   CNC 3   INF   Production -> 25 of 300
2019-12-30 10:54:48.835   CNC 3   INF   Processing takes 57.643048ms
2019-12-30 10:54:48.835   CNC 3   INF   Sleeping for 9.942273997s
2019-12-30 10:54:58.780   CNC 3   INF   Device still active
2019-12-30 10:54:58.781   CNC 3   INF   Production -> 26 of 300
2019-12-30 10:54:58.845   CNC 3   INF   Processing takes 64.57214ms
2019-12-30 10:54:58.845   CNC 3   INF   Sleeping for 9.935325175s
2019-12-30 10:55:08.781   CNC 3   INF   Device still active
2019-12-30 10:55:08.781   CNC 3   INF   Production -> 27 of 300
2019-12-30 10:55:08.838   CNC 3   INF   Processing takes 57.006911ms
2019-12-30 10:55:08.838   CNC 3   INF   Sleeping for 9.942902821s
2019-12-30 10:55:18.781   CNC 3   INF   Device still active
2019-12-30 10:55:18.782   CNC 3   INF   Production -> 28 of 300
2019-12-30 10:55:18.858   CNC 3   INF   Processing takes 76.484083ms
2019-12-30 10:55:18.858   CNC 3   INF   Sleeping for 9.923398812s
2019-12-30 10:55:28.782   CNC 3   INF   Device still active
2019-12-30 10:55:28.782   CNC 3   INF   Production -> 29 of 300
2019-12-30 10:55:28.831   CNC 3   INF   Processing takes 48.974173ms
2019-12-30 10:55:28.831   CNC 3   INF   Sleeping for 9.950918003s
2019-12-30 10:55:42.170   CNC 3   INF   Device started running
2019-12-30 10:55:42.170   CNC 3   INF   Device directory exists
2019-12-30 10:55:42.170   CNC 3   INF   Production -> 0 of 300
2019-12-30 10:55:42.232   CNC 3   INF   Processing takes 62.318419ms
2019-12-30 10:55:42.233   CNC 3   INF   Sleeping for 9.937212672s
2019-12-30 10:55:52.171   CNC 3   INF   Device still active
2019-12-30 10:55:52.171   CNC 3   INF   Production -> 1 of 300
2019-12-30 10:55:52.254   CNC 3   INF   Processing takes 83.582979ms
2019-12-30 10:55:52.254   CNC 3   INF   Sleeping for 9.916323926s
2019-12-30 10:56:02.171   CNC 3   INF   Device still active
2019-12-30 10:56:02.171   CNC 3   INF   Production -> 2 of 300
2019-12-30 10:56:02.250   CNC 3   INF   Processing takes 78.373914ms
2019-12-30 10:56:02.250   CNC 3   INF   Sleeping for 9.921448882s
2019-12-30 10:56:12.173   CNC 3   INF   Device still active
2019-12-30 10:56:12.173   CNC 3   INF   Production -> 3 of 300
2019-12-30 10:56:12.294   CNC 3   INF   Processing takes 120.206625ms
2019-12-30 10:56:12.294   CNC 3   INF   Sleeping for 9.87965659s
2019-12-30 10:56:22.175   CNC 3   INF   Device still active
2019-12-30 10:56:22.176   CNC 3   INF   Production -> 4 of 300
2019-12-30 10:56:22.256   CNC 3   INF   Processing takes 80.442232ms
2019-12-30 10:56:22.256   CNC 3   INF   Sleeping for 9.919450937s
2019-12-30 10:56:32.176   CNC 3   INF   Device still active
2019-12-30 10:56:32.176   CNC 3   INF   Production -> 5 of 300
2019-12-30 10:56:32.243   CNC 3   INF   Processing takes 66.348389ms
2019-12-30 10:56:32.243   CNC 3   INF   Sleeping for 9.933542173s
2019-12-30 10:56:42.178   CNC 3   INF   Device still active
2019-12-30 10:56:42.178   CNC 3   INF   Production -> 6 of 300
2019-12-30 10:56:42.252   CNC 3   INF   Processing takes 73.573855ms
2019-12-30 10:56:42.252   CNC 3   INF   Sleeping for 9.926219104s
2019-12-30 10:56:52.184   CNC 3   INF   Device still active
2019-12-30 10:56:52.185   CNC 3   INF   Production -> 7 of 300
2019-12-30 10:56:52.240   CNC 3   INF   Processing takes 55.719957ms
2019-12-30 10:56:52.240   CNC 3   INF   Sleeping for 9.944159145s
2019-12-30 10:57:02.186   CNC 3   INF   Device still active
2019-12-30 10:57:02.188   CNC 3   INF   Production -> 8 of 300
2019-12-30 10:57:02.305   CNC 3   INF   Processing takes 118.525422ms
2019-12-30 10:57:02.306   CNC 3   INF   Sleeping for 9.881293364s
2019-12-30 10:57:36.290   CNC 3   INF   Device started running
2019-12-30 10:57:36.291   CNC 3   INF   Device directory exists
2019-12-30 10:57:36.291   CNC 3   INF   Production -> 0 of 300
2019-12-30 10:57:36.388   CNC 3   INF   Processing takes 97.031311ms
2019-12-30 10:57:36.388   CNC 3   INF   Sleeping for 9.902839202s
2019-12-30 10:58:10.041   CNC 3   INF   Device started running
2019-12-30 10:58:10.041   CNC 3   INF   Device directory exists
2019-12-30 10:58:10.041   CNC 3   INF   Production -> 0 of 300
2019-12-30 10:58:10.105   CNC 3   INF   Processing takes 64.148779ms
2019-12-30 10:58:10.106   CNC 3   INF   Sleeping for 9.935100345s
2019-12-30 11:09:08.177   CNC 3   INF   Device started running
2019-12-30 11:09:08.177   CNC 3   INF   Device directory exists
2019-12-30 11:09:08.178   CNC 3   INF   Production -> 0 of 300
2019-12-30 11:09:08.264   CNC 3   INF   Processing takes 86.398168ms
2019-12-30 11:09:08.264   CNC 3   INF   Sleeping for 9.913479494s
2019-12-30 11:09:18.183   CNC 3   INF   Device still active
2019-12-30 11:09:18.183   CNC 3   INF   Production -> 1 of 300
2019-12-30 11:09:18.255   CNC 3   INF   Processing takes 71.709891ms
2019-12-30 11:09:18.255   CNC 3   INF   Sleeping for 9.927859341s
2019-12-30 11:09:28.186   CNC 3   INF   Device still active
2019-12-30 11:09:28.187   CNC 3   INF   Production -> 2 of 300
2019-12-30 11:09:28.275   CNC 3   INF   Processing takes 88.092327ms
2019-12-30 11:09:28.275   CNC 3   INF   Sleeping for 9.911732038s
2019-12-30 11:09:38.191   CNC 3   INF   Device still active
2019-12-30 11:09:38.192   CNC 3   INF   Production -> 3 of 300
2019-12-30 11:09:38.254   CNC 3   INF   Processing takes 62.709057ms
2019-12-30 11:09:38.254   CNC 3   INF   Sleeping for 9.937163277s
2019-12-30 11:09:48.195   CNC 3   INF   Device still active
2019-12-30 11:09:48.195   CNC 3   INF   Production -> 4 of 300
2019-12-30 11:09:48.270   CNC 3   INF   Processing takes 75.089574ms
2019-12-30 11:09:48.270   CNC 3   INF   Sleeping for 9.924777966s
2019-12-30 11:09:58.200   CNC 3   INF   Device still active
2019-12-30 11:09:58.201   CNC 3   INF   Production -> 5 of 300
2019-12-30 11:09:58.258   CNC 3   INF   Processing takes 57.305764ms
2019-12-30 11:09:58.258   CNC 3   INF   Sleeping for 9.942600922s
2019-12-30 11:10:08.206   CNC 3   INF   Device still active
2019-12-30 11:10:08.207   CNC 3   INF   Production -> 6 of 300
2019-12-30 11:10:08.251   CNC 3   INF   Processing takes 45.019156ms
2019-12-30 11:10:08.252   CNC 3   INF   Sleeping for 9.954865215s
2019-12-30 11:10:18.207   CNC 3   INF   Device still active
2019-12-30 11:10:18.208   CNC 3   INF   Production -> 7 of 300
2019-12-30 11:10:18.257   CNC 3   INF   Processing takes 49.723144ms
2019-12-30 11:10:18.257   CNC 3   INF   Sleeping for 9.95015591s
2019-12-30 11:10:28.210   CNC 3   INF   Device still active
2019-12-30 11:10:28.210   CNC 3   INF   Production -> 8 of 300
2019-12-30 11:10:28.310   CNC 3   INF   Processing takes 100.295925ms
2019-12-30 11:10:28.310   CNC 3   INF   Sleeping for 9.899565531s
2019-12-30 11:10:38.210   CNC 3   INF   Device still active
2019-12-30 11:10:38.210   CNC 3   INF   Production -> 9 of 300
2019-12-30 11:10:38.264   CNC 3   INF   Processing takes 53.699482ms
2019-12-30 11:10:38.264   CNC 3   INF   Sleeping for 9.946121627s
2019-12-30 11:10:48.211   CNC 3   INF   Device still active
2019-12-30 11:10:48.212   CNC 3   INF   Production -> 10 of 300
2019-12-30 11:10:48.279   CNC 3   INF   Processing takes 68.271452ms
2019-12-30 11:10:48.280   CNC 3   INF   Sleeping for 9.931626506s
2019-12-30 11:10:58.213   CNC 3   INF   Device still active
2019-12-30 11:10:58.213   CNC 3   INF   Production -> 11 of 300
2019-12-30 11:10:58.273   CNC 3   INF   Processing takes 60.187622ms
2019-12-30 11:10:58.273   CNC 3   INF   Sleeping for 9.939699444s
2019-12-30 11:11:08.215   CNC 3   INF   Device still active
2019-12-30 11:11:08.215   CNC 3   INF   Production -> 12 of 300
2019-12-30 11:11:08.272   CNC 3   INF   Processing takes 56.965646ms
2019-12-30 11:11:08.272   CNC 3   INF   Sleeping for 9.942925365s
2019-12-30 11:11:18.218   CNC 3   INF   Device still active
2019-12-30 11:11:18.218   CNC 3   INF   Production -> 13 of 300
2019-12-30 11:11:18.283   CNC 3   INF   Processing takes 64.72445ms
2019-12-30 11:11:18.283   CNC 3   INF   Sleeping for 9.935177087s
2019-12-30 11:11:28.219   CNC 3   INF   Device still active
2019-12-30 11:11:28.219   CNC 3   INF   Production -> 14 of 300
2019-12-30 11:11:28.340   CNC 3   INF   Processing takes 120.832073ms
2019-12-30 11:11:28.340   CNC 3   INF   Sleeping for 9.879029181s
2019-12-30 11:11:38.221   CNC 3   INF   Device still active
2019-12-30 11:11:38.221   CNC 3   INF   Production -> 15 of 300
2019-12-30 11:11:38.305   CNC 3   INF   Processing takes 83.749045ms
2019-12-30 11:11:38.305   CNC 3   INF   Sleeping for 9.916111509s
2019-12-30 11:11:48.224   CNC 3   INF   Device still active
2019-12-30 11:11:48.225   CNC 3   INF   Production -> 16 of 300
2019-12-30 11:11:48.276   CNC 3   INF   Processing takes 51.483107ms
2019-12-30 11:11:48.276   CNC 3   INF   Sleeping for 9.948397862s
2019-12-30 11:11:58.226   CNC 3   INF   Device still active
2019-12-30 11:11:58.227   CNC 3   INF   Production -> 17 of 300
2019-12-30 11:11:58.267   CNC 3   INF   Processing takes 41.259687ms
2019-12-30 11:11:58.268   CNC 3   INF   Sleeping for 9.958612514s
2019-12-30 11:13:02.021   CNC 3   INF   Device started running
2019-12-30 11:13:02.021   CNC 3   INF   Device directory exists
2019-12-30 11:13:02.021   CNC 3   INF   Offline -> 0 of 150
2019-12-30 11:13:02.021   CNC 3   INF   Processing takes 197.257µs
2019-12-30 11:13:02.021   CNC 3   INF   Sleeping for 9.999684644s
2019-12-30 11:13:12.022   CNC 3   INF   Device still active
2019-12-30 11:13:12.022   CNC 3   INF   Offline -> 1 of 150
2019-12-30 11:13:12.022   CNC 3   INF   Processing takes 117µs
2019-12-30 11:13:12.022   CNC 3   INF   Sleeping for 9.999484591s
2019-12-30 11:13:22.026   CNC 3   INF   Device still active
2019-12-30 11:13:22.026   CNC 3   INF   Offline -> 2 of 150
2019-12-30 11:13:22.026   CNC 3   INF   Processing takes 518.964µs
2019-12-30 11:13:22.027   CNC 3   INF   Sleeping for 9.9992786s
2019-12-30 11:13:32.026   CNC 3   INF   Device still active
2019-12-30 11:13:32.027   CNC 3   INF   Offline -> 3 of 150
2019-12-30 11:13:32.027   CNC 3   INF   Processing takes 224.359µs
2019-12-30 11:13:32.027   CNC 3   INF   Sleeping for 9.999577848s
2019-12-30 11:13:42.029   CNC 3   INF   Device still active
2019-12-30 11:13:42.030   CNC 3   INF   Offline -> 4 of 150
2019-12-30 11:13:42.030   CNC 3   INF   Processing takes 228.342µs
2019-12-30 11:13:42.030   CNC 3   INF   Sleeping for 9.999402197s
2019-12-30 11:13:52.033   CNC 3   INF   Device still active
2019-12-30 11:13:52.033   CNC 3   INF   Offline -> 5 of 150
2019-12-30 11:13:52.033   CNC 3   INF   Processing takes 285.024µs
2019-12-30 11:13:52.034   CNC 3   INF   Sleeping for 9.999499989s
2019-12-30 11:14:02.035   CNC 3   INF   Device still active
2019-12-30 11:14:02.036   CNC 3   INF   Offline -> 6 of 150
2019-12-30 11:14:02.036   CNC 3   INF   Processing takes 272.789µs
2019-12-30 11:14:02.036   CNC 3   INF   Sleeping for 9.999473263s
2019-12-30 11:14:12.037   CNC 3   INF   Device still active
2019-12-30 11:14:12.038   CNC 3   INF   Offline -> 7 of 150
2019-12-30 11:14:12.039   CNC 3   INF   Processing takes 944.928µs
2019-12-30 11:14:12.039   CNC 3   INF   Sleeping for 9.998630597s
2019-12-30 11:14:22.039   CNC 3   INF   Device still active
2019-12-30 11:14:22.040   CNC 3   INF   Offline -> 8 of 150
2019-12-30 11:14:22.040   CNC 3   INF   Processing takes 222.212µs
2019-12-30 11:14:22.040   CNC 3   INF   Sleeping for 9.999436713s
2019-12-30 11:14:32.043   CNC 3   INF   Device still active
2019-12-30 11:14:32.044   CNC 3   INF   Offline -> 9 of 150
2019-12-30 11:14:32.044   CNC 3   INF   Processing takes 496.08µs
2019-12-30 11:14:32.045   CNC 3   INF   Sleeping for 9.999114459s
2019-12-30 11:14:42.048   CNC 3   INF   Device still active
2019-12-30 11:14:42.049   CNC 3   INF   Offline -> 10 of 150
2019-12-30 11:14:42.049   CNC 3   INF   Processing takes 658.781µs
2019-12-30 11:14:42.049   CNC 3   INF   Sleeping for 9.999205637s
2019-12-30 11:14:52.053   CNC 3   INF   Device still active
2019-12-30 11:14:52.054   CNC 3   INF   Offline -> 11 of 150
2019-12-30 11:14:52.054   CNC 3   INF   Processing takes 474.855µs
2019-12-30 11:14:52.054   CNC 3   INF   Sleeping for 9.999411337s
