2019-12-30 08:58:50.098   CNC 6   INF   Device created
2019-12-30 09:01:28.845   CNC 6   INF   Device created
2019-12-30 09:03:14.473   CNC 6   INF   Device created
2019-12-30 09:05:43.854   CNC 6   INF   Device created
2019-12-30 09:07:12.645   CNC 6   INF   Device created
2019-12-30 09:08:30.080   CNC 6   INF   Device created
2019-12-30 09:08:47.003   CNC 6   INF   Device created
2019-12-30 09:11:46.215   CNC 6   INF   Workplace created
2019-12-30 09:11:46.223   CNC 6   INF   Production workplace port created
2019-12-30 09:11:46.225   CNC 6   INF   Amperafe workplace port created
2019-12-30 09:11:46.313   CNC 6   INF   Device created
2019-12-30 09:11:46.315   CNC 6   INF   Digital port created
2019-12-30 09:11:46.316   CNC 6   INF   Analog port created
2019-12-30 09:21:45.542   CNC 6   INF   Device started running
2019-12-30 09:21:45.542   CNC 6   WRN   Device directory not exist, creating
2019-12-30 09:21:45.543   CNC 6   INF   Device directory created
2019-12-30 09:21:45.544   CNC 6   INF   Production -> 0 of 300
2019-12-30 09:21:45.655   CNC 6   INF   Processing takes 111.337112ms
2019-12-30 09:21:45.655   CNC 6   INF   Sleeping for 9.888286101s
2019-12-30 09:25:13.260   CNC 6   INF   Device started running
2019-12-30 09:25:13.260   CNC 6   INF   Device directory exists
2019-12-30 09:25:13.260   CNC 6   INF   Production -> 0 of 300
2019-12-30 09:25:13.371   CNC 6   INF   Processing takes 110.475102ms
2019-12-30 09:25:13.371   CNC 6   INF   Sleeping for 9.889326474s
2019-12-30 09:25:23.261   CNC 6   INF   Device still active
2019-12-30 09:25:23.261   CNC 6   INF   Production -> 1 of 300
2019-12-30 09:25:23.362   CNC 6   INF   Processing takes 100.799041ms
2019-12-30 09:25:23.362   CNC 6   INF   Sleeping for 9.899081798s
2019-12-30 09:25:33.261   CNC 6   INF   Device still active
2019-12-30 09:25:33.261   CNC 6   INF   Production -> 2 of 300
2019-12-30 09:25:33.333   CNC 6   INF   Processing takes 71.86951ms
2019-12-30 09:25:33.333   CNC 6   INF   Sleeping for 9.928032299s
2019-12-30 09:26:12.802   CNC 6   INF   Device started running
2019-12-30 09:26:12.802   CNC 6   INF   Device directory exists
2019-12-30 09:26:12.802   CNC 6   INF   Offline -> 0 of 150
2019-12-30 09:26:12.803   CNC 6   INF   Processing takes 98.586µs
2019-12-30 09:26:12.803   CNC 6   INF   Sleeping for 9.999566287s
2019-12-30 09:26:22.803   CNC 6   INF   Device still active
2019-12-30 09:26:22.803   CNC 6   INF   Offline -> 1 of 150
2019-12-30 09:26:22.803   CNC 6   INF   Processing takes 157.241µs
2019-12-30 09:26:22.803   CNC 6   INF   Sleeping for 9.999640683s
2019-12-30 09:26:32.803   CNC 6   INF   Device still active
2019-12-30 09:26:32.803   CNC 6   INF   Offline -> 2 of 150
2019-12-30 09:26:32.804   CNC 6   INF   Processing takes 417.746µs
2019-12-30 09:26:32.804   CNC 6   INF   Sleeping for 9.99928696s
2019-12-30 09:26:42.805   CNC 6   INF   Device still active
2019-12-30 09:26:42.805   CNC 6   INF   Offline -> 3 of 150
2019-12-30 09:26:42.806   CNC 6   INF   Processing takes 345.711µs
2019-12-30 09:26:42.806   CNC 6   INF   Sleeping for 9.999260402s
2019-12-30 09:26:52.806   CNC 6   INF   Device still active
2019-12-30 09:26:52.806   CNC 6   INF   Offline -> 4 of 150
2019-12-30 09:26:52.807   CNC 6   INF   Processing takes 321.369µs
2019-12-30 09:26:52.807   CNC 6   INF   Sleeping for 9.999381102s
2019-12-30 09:27:02.807   CNC 6   INF   Device still active
2019-12-30 09:27:02.807   CNC 6   INF   Offline -> 5 of 150
2019-12-30 09:27:02.807   CNC 6   INF   Processing takes 374.85µs
2019-12-30 09:27:02.808   CNC 6   INF   Sleeping for 9.999504223s
2019-12-30 09:27:12.808   CNC 6   INF   Device still active
2019-12-30 09:27:12.809   CNC 6   INF   Offline -> 6 of 150
2019-12-30 09:27:12.809   CNC 6   INF   Processing takes 474.645µs
2019-12-30 09:27:12.809   CNC 6   INF   Sleeping for 9.998830196s
2019-12-30 09:27:22.809   CNC 6   INF   Device still active
2019-12-30 09:27:22.809   CNC 6   INF   Offline -> 7 of 150
2019-12-30 09:27:22.810   CNC 6   INF   Processing takes 391.371µs
2019-12-30 09:27:22.810   CNC 6   INF   Sleeping for 9.999252113s
2019-12-30 09:27:32.809   CNC 6   INF   Device still active
2019-12-30 09:27:32.810   CNC 6   INF   Offline -> 8 of 150
2019-12-30 09:27:32.810   CNC 6   INF   Processing takes 338.004µs
2019-12-30 09:27:32.810   CNC 6   INF   Sleeping for 9.999450539s
2019-12-30 09:27:42.815   CNC 6   INF   Device still active
2019-12-30 09:27:42.816   CNC 6   INF   Offline -> 9 of 150
2019-12-30 09:27:42.816   CNC 6   INF   Processing takes 502.965µs
2019-12-30 09:27:42.817   CNC 6   INF   Sleeping for 9.998853254s
2019-12-30 09:27:52.821   CNC 6   INF   Device still active
2019-12-30 09:27:52.823   CNC 6   INF   Offline -> 10 of 150
2019-12-30 09:27:52.823   CNC 6   INF   Processing takes 1.41559ms
2019-12-30 09:27:52.823   CNC 6   INF   Sleeping for 9.998355057s
2019-12-30 09:28:02.826   CNC 6   INF   Device still active
2019-12-30 09:28:02.827   CNC 6   INF   Offline -> 11 of 150
2019-12-30 09:28:02.827   CNC 6   INF   Processing takes 699.864µs
2019-12-30 09:28:02.827   CNC 6   INF   Sleeping for 9.999093678s
2019-12-30 09:28:12.828   CNC 6   INF   Device still active
2019-12-30 09:28:12.828   CNC 6   INF   Offline -> 12 of 150
2019-12-30 09:28:12.829   CNC 6   INF   Processing takes 172.107µs
2019-12-30 09:28:12.829   CNC 6   INF   Sleeping for 9.998844931s
2019-12-30 09:28:22.829   CNC 6   INF   Device still active
2019-12-30 09:28:22.829   CNC 6   INF   Offline -> 13 of 150
2019-12-30 09:28:22.830   CNC 6   INF   Processing takes 206.394µs
2019-12-30 09:28:22.830   CNC 6   INF   Sleeping for 9.999691576s
2019-12-30 09:28:32.834   CNC 6   INF   Device still active
2019-12-30 09:28:32.834   CNC 6   INF   Offline -> 14 of 150
2019-12-30 09:28:32.834   CNC 6   INF   Processing takes 118.829µs
2019-12-30 09:28:32.834   CNC 6   INF   Sleeping for 9.999777566s
2019-12-30 09:28:42.834   CNC 6   INF   Device still active
2019-12-30 09:28:42.834   CNC 6   INF   Offline -> 15 of 150
2019-12-30 09:28:42.835   CNC 6   INF   Processing takes 140.869µs
2019-12-30 09:28:42.835   CNC 6   INF   Sleeping for 9.999769797s
2019-12-30 09:28:52.835   CNC 6   INF   Device still active
2019-12-30 09:28:52.835   CNC 6   INF   Offline -> 16 of 150
2019-12-30 09:28:52.835   CNC 6   INF   Processing takes 119.912µs
2019-12-30 09:28:52.835   CNC 6   INF   Sleeping for 9.999783685s
2019-12-30 09:29:02.835   CNC 6   INF   Device still active
2019-12-30 09:29:02.835   CNC 6   INF   Offline -> 17 of 150
2019-12-30 09:29:02.835   CNC 6   INF   Processing takes 121.497µs
2019-12-30 09:29:02.836   CNC 6   INF   Sleeping for 9.999763836s
2019-12-30 09:29:12.836   CNC 6   INF   Device still active
2019-12-30 09:29:12.836   CNC 6   INF   Offline -> 18 of 150
2019-12-30 09:29:12.836   CNC 6   INF   Processing takes 190.519µs
2019-12-30 09:29:12.836   CNC 6   INF   Sleeping for 9.999607586s
2019-12-30 09:29:22.836   CNC 6   INF   Device still active
2019-12-30 09:29:22.836   CNC 6   INF   Offline -> 19 of 150
2019-12-30 09:29:22.836   CNC 6   INF   Processing takes 109.901µs
2019-12-30 09:29:22.837   CNC 6   INF   Sleeping for 9.999798045s
2019-12-30 09:29:32.841   CNC 6   INF   Device still active
2019-12-30 09:29:32.841   CNC 6   INF   Offline -> 20 of 150
2019-12-30 09:29:32.842   CNC 6   INF   Processing takes 165.078µs
2019-12-30 09:29:32.842   CNC 6   INF   Sleeping for 9.999618047s
2019-12-30 09:29:42.842   CNC 6   INF   Device still active
2019-12-30 09:29:42.842   CNC 6   INF   Offline -> 21 of 150
2019-12-30 09:29:42.842   CNC 6   INF   Processing takes 99.906µs
2019-12-30 09:29:42.842   CNC 6   INF   Sleeping for 9.999677164s
2019-12-30 09:29:52.842   CNC 6   INF   Device still active
2019-12-30 09:29:52.842   CNC 6   INF   Offline -> 22 of 150
2019-12-30 09:29:52.842   CNC 6   INF   Processing takes 147.152µs
2019-12-30 09:29:52.842   CNC 6   INF   Sleeping for 9.999761489s
2019-12-30 09:30:02.843   CNC 6   INF   Device still active
2019-12-30 09:30:02.843   CNC 6   INF   Offline -> 23 of 150
2019-12-30 09:30:02.844   CNC 6   INF   Processing takes 293.136µs
2019-12-30 09:30:02.844   CNC 6   INF   Sleeping for 9.999223602s
2019-12-30 09:30:12.844   CNC 6   INF   Device still active
2019-12-30 09:30:12.844   CNC 6   INF   Offline -> 24 of 150
2019-12-30 09:30:12.844   CNC 6   INF   Processing takes 112.259µs
2019-12-30 09:30:12.844   CNC 6   INF   Sleeping for 9.999792498s
2019-12-30 09:30:22.844   CNC 6   INF   Device still active
2019-12-30 09:30:22.844   CNC 6   INF   Offline -> 25 of 150
2019-12-30 09:30:22.848   CNC 6   INF   Processing takes 96.318µs
2019-12-30 09:30:22.848   CNC 6   INF   Sleeping for 9.996580406s
2019-12-30 09:30:32.849   CNC 6   INF   Device still active
2019-12-30 09:30:32.849   CNC 6   INF   Offline -> 26 of 150
2019-12-30 09:30:32.849   CNC 6   INF   Processing takes 86.307µs
2019-12-30 09:30:32.849   CNC 6   INF   Sleeping for 9.999746778s
2019-12-30 09:30:42.849   CNC 6   INF   Device still active
2019-12-30 09:30:42.849   CNC 6   INF   Offline -> 27 of 150
2019-12-30 09:30:42.849   CNC 6   INF   Processing takes 115.225µs
2019-12-30 09:30:42.850   CNC 6   INF   Sleeping for 9.999711s
2019-12-30 09:30:52.850   CNC 6   INF   Device still active
2019-12-30 09:30:52.850   CNC 6   INF   Offline -> 28 of 150
2019-12-30 09:30:52.850   CNC 6   INF   Processing takes 93.475µs
2019-12-30 09:30:52.850   CNC 6   INF   Sleeping for 9.9998246s
2019-12-30 09:31:02.850   CNC 6   INF   Device still active
2019-12-30 09:31:02.850   CNC 6   INF   Offline -> 29 of 150
2019-12-30 09:31:02.850   CNC 6   INF   Processing takes 127.694µs
2019-12-30 09:31:02.850   CNC 6   INF   Sleeping for 9.999787162s
2019-12-30 09:31:12.853   CNC 6   INF   Device still active
2019-12-30 09:31:12.854   CNC 6   INF   Offline -> 30 of 150
2019-12-30 09:31:12.854   CNC 6   INF   Processing takes 128.165µs
2019-12-30 09:31:12.854   CNC 6   INF   Sleeping for 9.999775581s
2019-12-30 09:31:22.854   CNC 6   INF   Device still active
2019-12-30 09:31:22.854   CNC 6   INF   Offline -> 31 of 150
2019-12-30 09:31:22.855   CNC 6   INF   Processing takes 382.429µs
2019-12-30 09:31:22.855   CNC 6   INF   Sleeping for 9.999497197s
2019-12-30 09:31:32.856   CNC 6   INF   Device still active
2019-12-30 09:31:32.856   CNC 6   INF   Offline -> 32 of 150
2019-12-30 09:31:32.857   CNC 6   INF   Processing takes 289.421µs
2019-12-30 09:31:32.857   CNC 6   INF   Sleeping for 9.999072059s
2019-12-30 09:31:42.857   CNC 6   INF   Device still active
2019-12-30 09:31:42.857   CNC 6   INF   Offline -> 33 of 150
2019-12-30 09:31:42.857   CNC 6   INF   Processing takes 205.787µs
2019-12-30 09:31:42.857   CNC 6   INF   Sleeping for 9.999534054s
2019-12-30 09:31:52.859   CNC 6   INF   Device still active
2019-12-30 09:31:52.859   CNC 6   INF   Offline -> 34 of 150
2019-12-30 09:31:52.860   CNC 6   INF   Processing takes 333.542µs
2019-12-30 09:31:52.860   CNC 6   INF   Sleeping for 9.999398896s
2019-12-30 09:32:02.863   CNC 6   INF   Device still active
2019-12-30 09:32:02.863   CNC 6   INF   Offline -> 35 of 150
2019-12-30 09:32:02.863   CNC 6   INF   Processing takes 306.583µs
2019-12-30 09:32:02.864   CNC 6   INF   Sleeping for 9.99939993s
2019-12-30 09:32:12.865   CNC 6   INF   Device still active
2019-12-30 09:32:12.865   CNC 6   INF   Offline -> 36 of 150
2019-12-30 09:32:12.866   CNC 6   INF   Processing takes 155.546µs
2019-12-30 09:32:12.866   CNC 6   INF   Sleeping for 9.999583364s
2019-12-30 09:32:22.867   CNC 6   INF   Device still active
2019-12-30 09:32:22.867   CNC 6   INF   Offline -> 37 of 150
2019-12-30 09:32:22.867   CNC 6   INF   Processing takes 256.651µs
2019-12-30 09:32:22.867   CNC 6   INF   Sleeping for 9.999320685s
2019-12-30 09:32:32.871   CNC 6   INF   Device still active
2019-12-30 09:32:32.871   CNC 6   INF   Offline -> 38 of 150
2019-12-30 09:32:32.871   CNC 6   INF   Processing takes 275.884µs
2019-12-30 09:32:32.871   CNC 6   INF   Sleeping for 9.999623832s
2019-12-30 09:32:42.872   CNC 6   INF   Device still active
2019-12-30 09:32:42.872   CNC 6   INF   Offline -> 39 of 150
2019-12-30 09:32:42.873   CNC 6   INF   Processing takes 588.335µs
2019-12-30 09:32:42.873   CNC 6   INF   Sleeping for 9.998825709s
2019-12-30 09:32:52.875   CNC 6   INF   Device still active
2019-12-30 09:32:52.875   CNC 6   INF   Offline -> 40 of 150
2019-12-30 09:32:52.876   CNC 6   INF   Processing takes 108.406µs
2019-12-30 09:32:52.876   CNC 6   INF   Sleeping for 9.999659615s
2019-12-30 09:33:02.877   CNC 6   INF   Device still active
2019-12-30 09:33:02.878   CNC 6   INF   Offline -> 41 of 150
2019-12-30 09:33:02.879   CNC 6   INF   Processing takes 334.7µs
2019-12-30 09:33:02.879   CNC 6   INF   Sleeping for 9.998574908s
2019-12-30 09:33:12.879   CNC 6   INF   Device still active
2019-12-30 09:33:12.879   CNC 6   INF   Offline -> 42 of 150
2019-12-30 09:33:12.880   CNC 6   INF   Processing takes 408.873µs
2019-12-30 09:33:12.880   CNC 6   INF   Sleeping for 9.999324074s
2019-12-30 09:33:22.880   CNC 6   INF   Device still active
2019-12-30 09:33:22.880   CNC 6   INF   Offline -> 43 of 150
2019-12-30 09:33:22.880   CNC 6   INF   Processing takes 379.691µs
2019-12-30 09:33:22.881   CNC 6   INF   Sleeping for 9.999423738s
2019-12-30 09:33:32.881   CNC 6   INF   Device still active
2019-12-30 09:33:32.881   CNC 6   INF   Offline -> 44 of 150
2019-12-30 09:33:32.882   CNC 6   INF   Processing takes 342.799µs
2019-12-30 09:33:32.882   CNC 6   INF   Sleeping for 9.999473842s
2019-12-30 09:33:42.884   CNC 6   INF   Device still active
2019-12-30 09:33:42.884   CNC 6   INF   Offline -> 45 of 150
2019-12-30 09:33:42.886   CNC 6   INF   Processing takes 321.54µs
2019-12-30 09:33:42.886   CNC 6   INF   Sleeping for 9.998583575s
2019-12-30 09:33:52.889   CNC 6   INF   Device still active
2019-12-30 09:33:52.890   CNC 6   INF   Offline -> 46 of 150
2019-12-30 09:33:52.890   CNC 6   INF   Processing takes 234.408µs
2019-12-30 09:33:52.890   CNC 6   INF   Sleeping for 9.999621406s
2019-12-30 09:34:02.890   CNC 6   INF   Device still active
2019-12-30 09:34:02.891   CNC 6   INF   Offline -> 47 of 150
2019-12-30 09:34:02.891   CNC 6   INF   Processing takes 259.566µs
2019-12-30 09:34:02.891   CNC 6   INF   Sleeping for 9.999616601s
2019-12-30 09:34:12.894   CNC 6   INF   Device still active
2019-12-30 09:34:12.894   CNC 6   INF   Offline -> 48 of 150
2019-12-30 09:34:12.894   CNC 6   INF   Processing takes 96.74µs
2019-12-30 09:34:12.894   CNC 6   INF   Sleeping for 9.999790832s
2019-12-30 09:34:22.894   CNC 6   INF   Device still active
2019-12-30 09:34:22.894   CNC 6   INF   Offline -> 49 of 150
2019-12-30 09:34:22.895   CNC 6   INF   Processing takes 137.078µs
2019-12-30 09:34:22.895   CNC 6   INF   Sleeping for 9.999739583s
2019-12-30 09:34:33.296   CNC 6   INF   Device still active
2019-12-30 09:34:33.296   CNC 6   INF   Offline -> 50 of 150
2019-12-30 09:34:33.296   CNC 6   INF   Processing takes 239.691µs
2019-12-30 09:34:33.297   CNC 6   INF   Sleeping for 9.999552208s
2019-12-30 09:34:43.297   CNC 6   INF   Device still active
2019-12-30 09:34:43.298   CNC 6   INF   Offline -> 51 of 150
2019-12-30 09:34:43.298   CNC 6   INF   Processing takes 347.01µs
2019-12-30 09:34:43.298   CNC 6   INF   Sleeping for 9.99936487s
2019-12-30 09:34:53.302   CNC 6   INF   Device still active
2019-12-30 09:34:53.302   CNC 6   INF   Offline -> 52 of 150
2019-12-30 09:34:53.302   CNC 6   INF   Processing takes 135.813µs
2019-12-30 09:34:53.303   CNC 6   INF   Sleeping for 9.999483314s
2019-12-30 09:35:03.304   CNC 6   INF   Device still active
2019-12-30 09:35:03.304   CNC 6   INF   Offline -> 53 of 150
2019-12-30 09:35:03.305   CNC 6   INF   Processing takes 516.688µs
2019-12-30 09:35:03.305   CNC 6   INF   Sleeping for 9.999060665s
2019-12-30 09:35:13.310   CNC 6   INF   Device still active
2019-12-30 09:35:13.310   CNC 6   INF   Offline -> 54 of 150
2019-12-30 09:35:13.311   CNC 6   INF   Processing takes 243.413µs
2019-12-30 09:35:13.311   CNC 6   INF   Sleeping for 9.999408708s
2019-12-30 09:35:23.313   CNC 6   INF   Device still active
2019-12-30 09:35:23.314   CNC 6   INF   Offline -> 55 of 150
2019-12-30 09:35:23.315   CNC 6   INF   Processing takes 307.832µs
2019-12-30 09:35:23.315   CNC 6   INF   Sleeping for 9.999169757s
2019-12-30 09:35:33.317   CNC 6   INF   Device still active
2019-12-30 09:35:33.317   CNC 6   INF   Offline -> 56 of 150
2019-12-30 09:35:33.317   CNC 6   INF   Processing takes 105.148µs
2019-12-30 09:35:33.317   CNC 6   INF   Sleeping for 9.999757648s
2019-12-30 09:35:43.322   CNC 6   INF   Device still active
2019-12-30 09:35:43.322   CNC 6   INF   Offline -> 57 of 150
2019-12-30 09:35:43.322   CNC 6   INF   Processing takes 218.689µs
2019-12-30 09:35:43.322   CNC 6   INF   Sleeping for 9.999636783s
2019-12-30 09:35:53.323   CNC 6   INF   Device still active
2019-12-30 09:35:53.323   CNC 6   INF   Offline -> 58 of 150
2019-12-30 09:35:53.323   CNC 6   INF   Processing takes 365.829µs
2019-12-30 09:35:53.323   CNC 6   INF   Sleeping for 9.999440594s
2019-12-30 09:36:03.326   CNC 6   INF   Device still active
2019-12-30 09:36:03.326   CNC 6   INF   Offline -> 59 of 150
2019-12-30 09:36:03.327   CNC 6   INF   Processing takes 429.936µs
2019-12-30 09:36:03.328   CNC 6   INF   Sleeping for 9.999048438s
2019-12-30 09:36:13.328   CNC 6   INF   Device still active
2019-12-30 09:36:13.329   CNC 6   INF   Offline -> 60 of 150
2019-12-30 09:36:13.329   CNC 6   INF   Processing takes 165.845µs
2019-12-30 09:36:13.329   CNC 6   INF   Sleeping for 9.999703606s
2019-12-30 09:36:23.332   CNC 6   INF   Device still active
2019-12-30 09:36:23.332   CNC 6   INF   Offline -> 61 of 150
2019-12-30 09:36:23.332   CNC 6   INF   Processing takes 221.997µs
2019-12-30 09:36:23.332   CNC 6   INF   Sleeping for 9.999609584s
2019-12-30 09:36:33.337   CNC 6   INF   Device still active
2019-12-30 09:36:33.337   CNC 6   INF   Offline -> 62 of 150
2019-12-30 09:36:33.338   CNC 6   INF   Processing takes 437.599µs
2019-12-30 09:36:33.338   CNC 6   INF   Sleeping for 9.999159225s
2019-12-30 09:36:43.340   CNC 6   INF   Device still active
2019-12-30 09:36:43.341   CNC 6   INF   Offline -> 63 of 150
2019-12-30 09:36:43.341   CNC 6   INF   Processing takes 525.637µs
2019-12-30 09:36:43.341   CNC 6   INF   Sleeping for 9.999157008s
2019-12-30 09:36:53.346   CNC 6   INF   Device still active
2019-12-30 09:36:53.346   CNC 6   INF   Offline -> 64 of 150
2019-12-30 09:36:53.347   CNC 6   INF   Processing takes 413.58µs
2019-12-30 09:36:53.347   CNC 6   INF   Sleeping for 9.999356126s
2019-12-30 09:37:03.347   CNC 6   INF   Device still active
2019-12-30 09:37:03.347   CNC 6   INF   Offline -> 65 of 150
2019-12-30 09:37:03.347   CNC 6   INF   Processing takes 91.336µs
2019-12-30 09:37:03.347   CNC 6   INF   Sleeping for 9.999813139s
2019-12-30 09:37:13.350   CNC 6   INF   Device still active
2019-12-30 09:37:13.351   CNC 6   INF   Offline -> 66 of 150
2019-12-30 09:37:13.352   CNC 6   INF   Processing takes 1.062438ms
2019-12-30 09:37:13.352   CNC 6   INF   Sleeping for 9.998185331s
2019-12-30 09:37:23.351   CNC 6   INF   Device still active
2019-12-30 09:37:23.351   CNC 6   INF   Offline -> 67 of 150
2019-12-30 09:37:23.352   CNC 6   INF   Processing takes 413.547µs
2019-12-30 09:37:23.352   CNC 6   INF   Sleeping for 9.999436647s
2019-12-30 09:38:59.951   CNC 6   INF   Device started running
2019-12-30 09:38:59.951   CNC 6   INF   Device directory exists
2019-12-30 09:38:59.952   CNC 6   INF   Production -> 0 of 300
2019-12-30 09:39:00.010   CNC 6   INF   Processing takes 58.120264ms
2019-12-30 09:39:00.010   CNC 6   INF   Sleeping for 9.94172429s
2019-12-30 09:39:09.953   CNC 6   INF   Device still active
2019-12-30 09:39:09.953   CNC 6   INF   Production -> 1 of 300
2019-12-30 09:39:10.003   CNC 6   INF   Processing takes 49.491649ms
2019-12-30 09:39:10.003   CNC 6   INF   Sleeping for 9.950407516s
2019-12-30 09:39:19.958   CNC 6   INF   Device still active
2019-12-30 09:39:19.959   CNC 6   INF   Production -> 2 of 300
2019-12-30 09:39:19.998   CNC 6   INF   Processing takes 40.340472ms
2019-12-30 09:39:19.998   CNC 6   INF   Sleeping for 9.959507273s
2019-12-30 09:39:29.964   CNC 6   INF   Device still active
2019-12-30 09:39:29.964   CNC 6   INF   Production -> 3 of 300
2019-12-30 09:39:30.012   CNC 6   INF   Processing takes 47.64242ms
2019-12-30 09:39:30.012   CNC 6   INF   Sleeping for 9.952252165s
2019-12-30 09:39:39.967   CNC 6   INF   Device still active
2019-12-30 09:39:39.967   CNC 6   INF   Production -> 4 of 300
2019-12-30 09:39:40.022   CNC 6   INF   Processing takes 54.874504ms
2019-12-30 09:39:40.022   CNC 6   INF   Sleeping for 9.945037144s
2019-12-30 09:39:49.967   CNC 6   INF   Device still active
2019-12-30 09:39:49.967   CNC 6   INF   Production -> 5 of 300
2019-12-30 09:39:50.011   CNC 6   INF   Processing takes 43.770404ms
2019-12-30 09:39:50.011   CNC 6   INF   Sleeping for 9.956009787s
2019-12-30 09:39:59.970   CNC 6   INF   Device still active
2019-12-30 09:39:59.970   CNC 6   INF   Production -> 6 of 300
2019-12-30 09:40:00.023   CNC 6   INF   Processing takes 52.895717ms
2019-12-30 09:40:00.023   CNC 6   INF   Sleeping for 9.946930865s
2019-12-30 09:40:09.970   CNC 6   INF   Device still active
2019-12-30 09:40:09.970   CNC 6   INF   Production -> 7 of 300
2019-12-30 09:40:10.024   CNC 6   INF   Processing takes 53.857463ms
2019-12-30 09:40:10.024   CNC 6   INF   Sleeping for 9.945986404s
2019-12-30 09:40:19.976   CNC 6   INF   Device still active
2019-12-30 09:40:19.976   CNC 6   INF   Production -> 8 of 300
2019-12-30 09:40:20.033   CNC 6   INF   Processing takes 57.158938ms
2019-12-30 09:40:20.033   CNC 6   INF   Sleeping for 9.94274286s
2019-12-30 09:40:29.976   CNC 6   INF   Device still active
2019-12-30 09:40:29.977   CNC 6   INF   Production -> 9 of 300
2019-12-30 09:40:30.014   CNC 6   INF   Processing takes 37.216201ms
2019-12-30 09:40:30.014   CNC 6   INF   Sleeping for 9.962649281s
2019-12-30 09:40:39.980   CNC 6   INF   Device still active
2019-12-30 09:40:39.980   CNC 6   INF   Production -> 10 of 300
2019-12-30 09:40:40.027   CNC 6   INF   Processing takes 47.523646ms
2019-12-30 09:40:40.027   CNC 6   INF   Sleeping for 9.952365496s
2019-12-30 09:40:49.986   CNC 6   INF   Device still active
2019-12-30 09:40:49.987   CNC 6   INF   Production -> 11 of 300
2019-12-30 09:40:50.148   CNC 6   INF   Processing takes 161.566062ms
2019-12-30 09:40:50.148   CNC 6   INF   Sleeping for 9.838290123s
2019-12-30 09:40:59.987   CNC 6   INF   Device still active
2019-12-30 09:40:59.987   CNC 6   INF   Production -> 12 of 300
2019-12-30 09:41:00.030   CNC 6   INF   Processing takes 43.160467ms
2019-12-30 09:41:00.030   CNC 6   INF   Sleeping for 9.956668689s
2019-12-30 09:41:09.987   CNC 6   INF   Device still active
2019-12-30 09:41:09.988   CNC 6   INF   Production -> 13 of 300
2019-12-30 09:41:10.052   CNC 6   INF   Processing takes 64.988433ms
2019-12-30 09:41:10.053   CNC 6   INF   Sleeping for 9.934927817s
2019-12-30 09:41:19.988   CNC 6   INF   Device still active
2019-12-30 09:41:19.988   CNC 6   INF   Production -> 14 of 300
2019-12-30 09:41:20.053   CNC 6   INF   Processing takes 65.027465ms
2019-12-30 09:41:20.053   CNC 6   INF   Sleeping for 9.934841551s
2019-12-30 09:41:29.988   CNC 6   INF   Device not active
2019-12-30 09:41:29.988   CNC 6   INF   Device not active, stopped running
2019-12-30 09:41:29.991   CNC 6   INF   Device started running
2019-12-30 09:41:29.991   CNC 6   INF   Device directory exists
2019-12-30 09:41:29.991   CNC 6   INF   Production -> 0 of 300
2019-12-30 09:41:30.070   CNC 6   INF   Processing takes 78.864903ms
2019-12-30 09:41:30.070   CNC 6   INF   Sleeping for 9.921045315s
2019-12-30 09:41:39.993   CNC 6   INF   Device still active
2019-12-30 09:41:39.993   CNC 6   INF   Production -> 1 of 300
2019-12-30 09:41:40.137   CNC 6   INF   Processing takes 144.513545ms
2019-12-30 09:41:40.138   CNC 6   INF   Sleeping for 9.855263579s
2019-12-30 09:41:49.993   CNC 6   INF   Device still active
2019-12-30 09:41:49.993   CNC 6   INF   Production -> 2 of 300
2019-12-30 09:41:50.075   CNC 6   INF   Processing takes 81.911986ms
2019-12-30 09:41:50.076   CNC 6   INF   Sleeping for 9.917851333s
2019-12-30 09:41:59.996   CNC 6   INF   Device still active
2019-12-30 09:41:59.996   CNC 6   INF   Production -> 3 of 300
2019-12-30 09:42:00.041   CNC 6   INF   Processing takes 45.086121ms
2019-12-30 09:42:00.041   CNC 6   INF   Sleeping for 9.954765585s
2019-12-30 09:42:10.000   CNC 6   INF   Device still active
2019-12-30 09:42:10.001   CNC 6   INF   Production -> 4 of 300
2019-12-30 09:42:10.071   CNC 6   INF   Processing takes 70.70303ms
2019-12-30 09:42:10.071   CNC 6   INF   Sleeping for 9.929204959s
2019-12-30 09:42:20.001   CNC 6   INF   Device still active
2019-12-30 09:42:20.001   CNC 6   INF   Production -> 5 of 300
2019-12-30 09:42:20.086   CNC 6   INF   Processing takes 85.069704ms
2019-12-30 09:42:20.086   CNC 6   INF   Sleeping for 9.914841071s
2019-12-30 09:42:30.002   CNC 6   INF   Device still active
2019-12-30 09:42:30.002   CNC 6   INF   Production -> 6 of 300
2019-12-30 09:42:30.058   CNC 6   INF   Processing takes 55.228254ms
2019-12-30 09:42:30.058   CNC 6   INF   Sleeping for 9.944675472s
2019-12-30 09:42:40.003   CNC 6   INF   Device still active
2019-12-30 09:42:40.003   CNC 6   INF   Production -> 7 of 300
2019-12-30 09:42:40.087   CNC 6   INF   Processing takes 83.739937ms
2019-12-30 09:42:40.087   CNC 6   INF   Sleeping for 9.916000462s
2019-12-30 09:42:50.005   CNC 6   INF   Device still active
2019-12-30 09:42:50.005   CNC 6   INF   Production -> 8 of 300
2019-12-30 09:42:50.104   CNC 6   INF   Processing takes 99.351695ms
2019-12-30 09:42:50.105   CNC 6   INF   Sleeping for 9.900396007s
2019-12-30 09:43:00.006   CNC 6   INF   Device still active
2019-12-30 09:43:00.006   CNC 6   INF   Production -> 9 of 300
2019-12-30 09:43:00.081   CNC 6   INF   Processing takes 75.593706ms
2019-12-30 09:43:00.081   CNC 6   INF   Sleeping for 9.924299143s
2019-12-30 09:43:10.008   CNC 6   INF   Device still active
2019-12-30 09:43:10.008   CNC 6   INF   Production -> 10 of 300
2019-12-30 09:43:10.087   CNC 6   INF   Processing takes 78.593905ms
2019-12-30 09:43:10.087   CNC 6   INF   Sleeping for 9.92126581s
2019-12-30 09:43:20.008   CNC 6   INF   Device still active
2019-12-30 09:43:20.009   CNC 6   INF   Production -> 11 of 300
2019-12-30 09:43:20.070   CNC 6   INF   Processing takes 61.603829ms
2019-12-30 09:43:20.070   CNC 6   INF   Sleeping for 9.938263111s
2019-12-30 09:43:30.009   CNC 6   INF   Device still active
2019-12-30 09:43:30.009   CNC 6   INF   Production -> 12 of 300
2019-12-30 09:43:30.091   CNC 6   INF   Processing takes 81.52542ms
2019-12-30 09:43:30.091   CNC 6   INF   Sleeping for 9.918374234s
2019-12-30 09:43:40.010   CNC 6   INF   Device still active
2019-12-30 09:43:40.010   CNC 6   INF   Production -> 13 of 300
2019-12-30 09:43:40.072   CNC 6   INF   Processing takes 61.572533ms
2019-12-30 09:43:40.072   CNC 6   INF   Sleeping for 9.938255097s
2019-12-30 09:43:50.012   CNC 6   INF   Device still active
2019-12-30 09:43:50.012   CNC 6   INF   Production -> 14 of 300
2019-12-30 09:43:50.069   CNC 6   INF   Processing takes 56.416423ms
2019-12-30 09:43:50.069   CNC 6   INF   Sleeping for 9.94333166s
2019-12-30 09:44:00.016   CNC 6   INF   Device still active
2019-12-30 09:44:00.016   CNC 6   INF   Production -> 15 of 300
2019-12-30 09:44:00.214   CNC 6   INF   Processing takes 197.701383ms
2019-12-30 09:44:00.214   CNC 6   INF   Sleeping for 9.802099445s
2019-12-30 09:44:10.016   CNC 6   INF   Device still active
2019-12-30 09:44:10.016   CNC 6   INF   Production -> 16 of 300
2019-12-30 09:44:10.080   CNC 6   INF   Processing takes 63.397788ms
2019-12-30 09:44:10.080   CNC 6   INF   Sleeping for 9.936422109s
2019-12-30 09:44:20.019   CNC 6   INF   Device still active
2019-12-30 09:44:20.019   CNC 6   INF   Production -> 17 of 300
2019-12-30 09:44:20.086   CNC 6   INF   Processing takes 67.147915ms
2019-12-30 09:44:20.086   CNC 6   INF   Sleeping for 9.932731656s
2019-12-30 09:44:30.019   CNC 6   INF   Device still active
2019-12-30 09:44:30.019   CNC 6   INF   Production -> 18 of 300
2019-12-30 09:44:30.106   CNC 6   INF   Processing takes 87.039389ms
2019-12-30 09:44:30.106   CNC 6   INF   Sleeping for 9.912839097s
2019-12-30 09:44:40.020   CNC 6   INF   Device still active
2019-12-30 09:44:40.020   CNC 6   INF   Production -> 19 of 300
2019-12-30 09:44:40.096   CNC 6   INF   Processing takes 76.069854ms
2019-12-30 09:44:40.096   CNC 6   INF   Sleeping for 9.923797486s
2019-12-30 09:44:50.021   CNC 6   INF   Device still active
2019-12-30 09:44:50.021   CNC 6   INF   Production -> 20 of 300
2019-12-30 09:44:50.078   CNC 6   INF   Processing takes 56.735754ms
2019-12-30 09:44:50.078   CNC 6   INF   Sleeping for 9.943141585s
2019-12-30 10:31:19.326   CNC 6   INF   Device started running
2019-12-30 10:31:19.327   CNC 6   INF   Device directory exists
2019-12-30 10:31:19.327   CNC 6   INF   Downtime -> 0 of 150
2019-12-30 10:31:19.405   CNC 6   INF   Processing takes 77.618759ms
2019-12-30 10:31:19.417   CNC 6   INF   Sleeping for 9.91024151s
2019-12-30 10:31:29.327   CNC 6   INF   Device still active
2019-12-30 10:31:29.328   CNC 6   INF   Downtime -> 1 of 150
2019-12-30 10:31:29.358   CNC 6   INF   Processing takes 30.059768ms
2019-12-30 10:31:29.358   CNC 6   INF   Sleeping for 9.969739684s
2019-12-30 10:31:39.328   CNC 6   INF   Device still active
2019-12-30 10:31:39.328   CNC 6   INF   Downtime -> 2 of 150
2019-12-30 10:50:38.718   CNC 6   INF   Device started running
2019-12-30 10:50:38.719   CNC 6   INF   Device directory exists
2019-12-30 10:50:38.719   CNC 6   INF   Downtime -> 0 of 150
2019-12-30 10:50:38.806   CNC 6   INF   Processing takes 87.592127ms
2019-12-30 10:50:38.807   CNC 6   INF   Sleeping for 9.912249153s
2019-12-30 10:50:48.721   CNC 6   INF   Device still active
2019-12-30 10:50:48.722   CNC 6   INF   Downtime -> 1 of 150
2019-12-30 10:50:48.756   CNC 6   INF   Processing takes 34.342412ms
2019-12-30 10:50:48.756   CNC 6   INF   Sleeping for 9.965526919s
2019-12-30 10:50:58.723   CNC 6   INF   Device still active
2019-12-30 10:50:58.723   CNC 6   INF   Downtime -> 2 of 150
2019-12-30 10:50:58.811   CNC 6   INF   Processing takes 88.031184ms
2019-12-30 10:50:58.811   CNC 6   INF   Sleeping for 9.91181905s
2019-12-30 10:51:08.726   CNC 6   INF   Device still active
2019-12-30 10:51:08.727   CNC 6   INF   Downtime -> 3 of 150
2019-12-30 10:51:08.776   CNC 6   INF   Processing takes 50.151102ms
2019-12-30 10:51:08.777   CNC 6   INF   Sleeping for 9.949730175s
2019-12-30 10:51:18.728   CNC 6   INF   Device still active
2019-12-30 10:51:18.729   CNC 6   INF   Downtime -> 4 of 150
2019-12-30 10:51:18.789   CNC 6   INF   Processing takes 61.025747ms
2019-12-30 10:51:18.790   CNC 6   INF   Sleeping for 9.938849389s
2019-12-30 10:51:28.734   CNC 6   INF   Device still active
2019-12-30 10:51:28.735   CNC 6   INF   Downtime -> 5 of 150
2019-12-30 10:51:28.789   CNC 6   INF   Processing takes 55.062157ms
2019-12-30 10:51:28.790   CNC 6   INF   Sleeping for 9.944809962s
2019-12-30 10:51:38.735   CNC 6   INF   Device still active
2019-12-30 10:51:38.736   CNC 6   INF   Downtime -> 6 of 150
2019-12-30 10:51:38.785   CNC 6   INF   Processing takes 49.677914ms
2019-12-30 10:51:38.785   CNC 6   INF   Sleeping for 9.95021491s
2019-12-30 10:51:48.736   CNC 6   INF   Device still active
2019-12-30 10:51:48.737   CNC 6   INF   Downtime -> 7 of 150
2019-12-30 10:51:48.801   CNC 6   INF   Processing takes 64.343642ms
2019-12-30 10:51:48.801   CNC 6   INF   Sleeping for 9.935543147s
2019-12-30 10:51:58.737   CNC 6   INF   Device still active
2019-12-30 10:51:58.738   CNC 6   INF   Downtime -> 8 of 150
2019-12-30 10:51:58.821   CNC 6   INF   Processing takes 83.437899ms
2019-12-30 10:51:58.821   CNC 6   INF   Sleeping for 9.916418655s
2019-12-30 10:52:08.740   CNC 6   INF   Device still active
2019-12-30 10:52:08.741   CNC 6   INF   Downtime -> 9 of 150
2019-12-30 10:52:08.794   CNC 6   INF   Processing takes 53.182777ms
2019-12-30 10:52:08.794   CNC 6   INF   Sleeping for 9.946610118s
2019-12-30 10:52:18.741   CNC 6   INF   Device still active
2019-12-30 10:52:18.742   CNC 6   INF   Downtime -> 10 of 150
2019-12-30 10:52:18.782   CNC 6   INF   Processing takes 40.342371ms
2019-12-30 10:52:18.782   CNC 6   INF   Sleeping for 9.959542893s
2019-12-30 10:52:28.744   CNC 6   INF   Device still active
2019-12-30 10:52:28.744   CNC 6   INF   Downtime -> 11 of 150
2019-12-30 10:52:28.784   CNC 6   INF   Processing takes 40.598452ms
2019-12-30 10:52:28.785   CNC 6   INF   Sleeping for 9.959270841s
2019-12-30 10:52:38.750   CNC 6   INF   Device still active
2019-12-30 10:52:38.751   CNC 6   INF   Downtime -> 12 of 150
2019-12-30 10:52:38.789   CNC 6   INF   Processing takes 38.547437ms
2019-12-30 10:52:38.789   CNC 6   INF   Sleeping for 9.961323173s
2019-12-30 10:52:48.752   CNC 6   INF   Device still active
2019-12-30 10:52:48.752   CNC 6   INF   Downtime -> 13 of 150
2019-12-30 10:52:48.837   CNC 6   INF   Processing takes 84.767701ms
2019-12-30 10:52:48.837   CNC 6   INF   Sleeping for 9.915090645s
2019-12-30 10:52:58.752   CNC 6   INF   Device still active
2019-12-30 10:52:58.753   CNC 6   INF   Downtime -> 14 of 150
2019-12-30 10:52:58.795   CNC 6   INF   Processing takes 42.01835ms
2019-12-30 10:52:58.795   CNC 6   INF   Sleeping for 9.957869786s
2019-12-30 10:53:08.755   CNC 6   INF   Device still active
2019-12-30 10:53:08.755   CNC 6   INF   Downtime -> 15 of 150
2019-12-30 10:53:08.792   CNC 6   INF   Processing takes 37.538664ms
2019-12-30 10:53:08.793   CNC 6   INF   Sleeping for 9.962314902s
2019-12-30 10:53:18.759   CNC 6   INF   Device still active
2019-12-30 10:53:18.759   CNC 6   INF   Downtime -> 16 of 150
2019-12-30 10:53:18.802   CNC 6   INF   Processing takes 42.933699ms
2019-12-30 10:53:18.802   CNC 6   INF   Sleeping for 9.95695817s
2019-12-30 10:53:28.761   CNC 6   INF   Device still active
2019-12-30 10:53:28.761   CNC 6   INF   Downtime -> 17 of 150
2019-12-30 10:53:28.820   CNC 6   INF   Processing takes 58.840408ms
2019-12-30 10:53:28.820   CNC 6   INF   Sleeping for 9.940979821s
2019-12-30 10:53:38.762   CNC 6   INF   Device still active
2019-12-30 10:53:38.762   CNC 6   INF   Downtime -> 18 of 150
2019-12-30 10:53:38.791   CNC 6   INF   Processing takes 29.397375ms
2019-12-30 10:53:38.791   CNC 6   INF   Sleeping for 9.970453856s
2019-12-30 10:53:48.766   CNC 6   INF   Device still active
2019-12-30 10:53:48.767   CNC 6   INF   Downtime -> 19 of 150
2019-12-30 10:53:48.832   CNC 6   INF   Processing takes 65.919505ms
2019-12-30 10:53:48.832   CNC 6   INF   Sleeping for 9.933972086s
2019-12-30 10:53:58.767   CNC 6   INF   Device still active
2019-12-30 10:53:58.767   CNC 6   INF   Downtime -> 20 of 150
2019-12-30 10:53:58.823   CNC 6   INF   Processing takes 56.482317ms
2019-12-30 10:53:58.823   CNC 6   INF   Sleeping for 9.943367071s
2019-12-30 10:54:08.769   CNC 6   INF   Device still active
2019-12-30 10:54:08.770   CNC 6   INF   Downtime -> 21 of 150
2019-12-30 10:54:08.824   CNC 6   INF   Processing takes 54.96546ms
2019-12-30 10:54:08.825   CNC 6   INF   Sleeping for 9.944951106s
2019-12-30 10:54:18.771   CNC 6   INF   Device still active
2019-12-30 10:54:18.772   CNC 6   INF   Downtime -> 22 of 150
2019-12-30 10:54:18.825   CNC 6   INF   Processing takes 53.449523ms
2019-12-30 10:54:18.825   CNC 6   INF   Sleeping for 9.94634371s
2019-12-30 10:54:28.774   CNC 6   INF   Device still active
2019-12-30 10:54:28.775   CNC 6   INF   Downtime -> 23 of 150
2019-12-30 10:54:28.826   CNC 6   INF   Processing takes 51.306968ms
2019-12-30 10:54:28.826   CNC 6   INF   Sleeping for 9.948583145s
2019-12-30 10:54:38.775   CNC 6   INF   Device still active
2019-12-30 10:54:38.776   CNC 6   INF   Downtime -> 24 of 150
2019-12-30 10:54:38.815   CNC 6   INF   Processing takes 39.019433ms
2019-12-30 10:54:38.815   CNC 6   INF   Sleeping for 9.960809222s
2019-12-30 10:54:48.777   CNC 6   INF   Device still active
2019-12-30 10:54:48.777   CNC 6   INF   Downtime -> 25 of 150
2019-12-30 10:54:48.838   CNC 6   INF   Processing takes 61.347772ms
2019-12-30 10:54:48.839   CNC 6   INF   Sleeping for 9.938468027s
2019-12-30 10:54:58.777   CNC 6   INF   Device still active
2019-12-30 10:54:58.777   CNC 6   INF   Downtime -> 26 of 150
2019-12-30 10:54:58.819   CNC 6   INF   Processing takes 41.504112ms
2019-12-30 10:54:58.819   CNC 6   INF   Sleeping for 9.958334721s
2019-12-30 10:55:08.779   CNC 6   INF   Device still active
2019-12-30 10:55:08.779   CNC 6   INF   Downtime -> 27 of 150
2019-12-30 10:55:08.817   CNC 6   INF   Processing takes 38.287513ms
2019-12-30 10:55:08.817   CNC 6   INF   Sleeping for 9.9615849s
2019-12-30 10:55:18.782   CNC 6   INF   Device still active
2019-12-30 10:55:18.782   CNC 6   INF   Downtime -> 28 of 150
2019-12-30 10:55:18.813   CNC 6   INF   Processing takes 30.996675ms
2019-12-30 10:55:18.813   CNC 6   INF   Sleeping for 9.968871234s
2019-12-30 10:55:28.786   CNC 6   INF   Device still active
2019-12-30 10:55:28.786   CNC 6   INF   Downtime -> 29 of 150
2019-12-30 10:55:28.852   CNC 6   INF   Processing takes 66.003052ms
2019-12-30 10:55:28.852   CNC 6   INF   Sleeping for 9.933807894s
2019-12-30 10:55:42.170   CNC 6   INF   Device started running
2019-12-30 10:55:42.171   CNC 6   INF   Device directory exists
2019-12-30 10:55:42.172   CNC 6   INF   Production -> 0 of 300
2019-12-30 10:55:42.243   CNC 6   INF   Processing takes 71.777347ms
2019-12-30 10:55:42.243   CNC 6   INF   Sleeping for 9.927993491s
2019-12-30 10:55:52.172   CNC 6   INF   Device still active
2019-12-30 10:55:52.172   CNC 6   INF   Production -> 1 of 300
2019-12-30 10:55:52.258   CNC 6   INF   Processing takes 86.268244ms
2019-12-30 10:55:52.259   CNC 6   INF   Sleeping for 9.913540178s
2019-12-30 10:56:02.172   CNC 6   INF   Device still active
2019-12-30 10:56:02.173   CNC 6   INF   Production -> 2 of 300
2019-12-30 10:56:02.219   CNC 6   INF   Processing takes 46.413691ms
2019-12-30 10:56:02.219   CNC 6   INF   Sleeping for 9.953493044s
2019-12-30 10:56:12.174   CNC 6   INF   Device still active
2019-12-30 10:56:12.174   CNC 6   INF   Production -> 3 of 300
2019-12-30 10:56:12.277   CNC 6   INF   Processing takes 102.91476ms
2019-12-30 10:56:12.277   CNC 6   INF   Sleeping for 9.896889743s
2019-12-30 10:56:22.176   CNC 6   INF   Device still active
2019-12-30 10:56:22.176   CNC 6   INF   Production -> 4 of 300
2019-12-30 10:56:22.257   CNC 6   INF   Processing takes 81.835475ms
2019-12-30 10:56:22.258   CNC 6   INF   Sleeping for 9.918064874s
2019-12-30 10:56:32.177   CNC 6   INF   Device still active
2019-12-30 10:56:32.178   CNC 6   INF   Production -> 5 of 300
2019-12-30 10:56:32.238   CNC 6   INF   Processing takes 60.790845ms
2019-12-30 10:56:32.238   CNC 6   INF   Sleeping for 9.939081781s
2019-12-30 10:56:42.178   CNC 6   INF   Device still active
2019-12-30 10:56:42.178   CNC 6   INF   Production -> 6 of 300
2019-12-30 10:56:42.243   CNC 6   INF   Processing takes 64.801242ms
2019-12-30 10:56:42.243   CNC 6   INF   Sleeping for 9.935044915s
2019-12-30 10:56:52.185   CNC 6   INF   Device still active
2019-12-30 10:56:52.185   CNC 6   INF   Production -> 7 of 300
2019-12-30 10:56:52.251   CNC 6   INF   Processing takes 65.871853ms
2019-12-30 10:56:52.251   CNC 6   INF   Sleeping for 9.934002304s
2019-12-30 10:57:02.187   CNC 6   INF   Device still active
2019-12-30 10:57:02.188   CNC 6   INF   Production -> 8 of 300
2019-12-30 10:57:02.301   CNC 6   INF   Processing takes 113.841736ms
2019-12-30 10:57:02.301   CNC 6   INF   Sleeping for 9.885989068s
2019-12-30 10:57:36.290   CNC 6   INF   Device started running
2019-12-30 10:57:36.290   CNC 6   INF   Device directory exists
2019-12-30 10:57:36.291   CNC 6   INF   Production -> 0 of 300
2019-12-30 10:57:36.386   CNC 6   INF   Processing takes 95.467284ms
2019-12-30 10:57:36.386   CNC 6   INF   Sleeping for 9.904342311s
2019-12-30 10:58:10.040   CNC 6   INF   Device started running
2019-12-30 10:58:10.041   CNC 6   INF   Device directory exists
2019-12-30 10:58:10.041   CNC 6   INF   Offline -> 0 of 150
2019-12-30 10:58:10.041   CNC 6   INF   Processing takes 94.986µs
2019-12-30 10:58:10.042   CNC 6   INF   Sleeping for 9.999246463s
2019-12-30 11:09:08.177   CNC 6   INF   Device started running
2019-12-30 11:09:08.177   CNC 6   INF   Device directory exists
2019-12-30 11:09:08.177   CNC 6   INF   Production -> 0 of 300
2019-12-30 11:09:08.222   CNC 6   INF   Processing takes 44.73889ms
2019-12-30 11:09:08.222   CNC 6   INF   Sleeping for 9.955108275s
2019-12-30 11:09:18.182   CNC 6   INF   Device still active
2019-12-30 11:09:18.183   CNC 6   INF   Production -> 1 of 300
2019-12-30 11:09:18.276   CNC 6   INF   Processing takes 93.920158ms
2019-12-30 11:09:18.277   CNC 6   INF   Sleeping for 9.90595095s
2019-12-30 11:09:28.186   CNC 6   INF   Device still active
2019-12-30 11:09:28.187   CNC 6   INF   Production -> 2 of 300
2019-12-30 11:09:28.291   CNC 6   INF   Processing takes 104.691621ms
2019-12-30 11:09:28.292   CNC 6   INF   Sleeping for 9.895195424s
2019-12-30 11:09:38.192   CNC 6   INF   Device still active
2019-12-30 11:09:38.194   CNC 6   INF   Production -> 3 of 300
2019-12-30 11:09:38.273   CNC 6   INF   Processing takes 80.486577ms
2019-12-30 11:09:38.273   CNC 6   INF   Sleeping for 9.919406478s
2019-12-30 11:09:48.195   CNC 6   INF   Device still active
2019-12-30 11:09:48.195   CNC 6   INF   Production -> 4 of 300
2019-12-30 11:09:48.264   CNC 6   INF   Processing takes 69.341662ms
2019-12-30 11:09:48.264   CNC 6   INF   Sleeping for 9.930454699s
2019-12-30 11:09:58.200   CNC 6   INF   Device still active
2019-12-30 11:09:58.200   CNC 6   INF   Production -> 5 of 300
2019-12-30 11:09:58.281   CNC 6   INF   Processing takes 81.237822ms
2019-12-30 11:09:58.282   CNC 6   INF   Sleeping for 9.918640553s
2019-12-30 11:10:08.205   CNC 6   INF   Device still active
2019-12-30 11:10:08.207   CNC 6   INF   Production -> 6 of 300
2019-12-30 11:10:08.298   CNC 6   INF   Processing takes 92.192022ms
2019-12-30 11:10:08.298   CNC 6   INF   Sleeping for 9.907688433s
2019-12-30 11:10:18.207   CNC 6   INF   Device still active
2019-12-30 11:10:18.207   CNC 6   INF   Production -> 7 of 300
2019-12-30 11:10:18.306   CNC 6   INF   Processing takes 98.691229ms
2019-12-30 11:10:18.306   CNC 6   INF   Sleeping for 9.90120497s
2019-12-30 11:10:28.209   CNC 6   INF   Device still active
2019-12-30 11:10:28.210   CNC 6   INF   Production -> 8 of 300
2019-12-30 11:10:28.277   CNC 6   INF   Processing takes 67.157892ms
2019-12-30 11:10:28.277   CNC 6   INF   Sleeping for 9.932661241s
2019-12-30 11:10:38.210   CNC 6   INF   Device still active
2019-12-30 11:10:38.210   CNC 6   INF   Production -> 9 of 300
2019-12-30 11:10:38.259   CNC 6   INF   Processing takes 49.340143ms
2019-12-30 11:10:38.260   CNC 6   INF   Sleeping for 9.950302942s
2019-12-30 11:10:48.211   CNC 6   INF   Device still active
2019-12-30 11:10:48.211   CNC 6   INF   Production -> 10 of 300
2019-12-30 11:10:48.279   CNC 6   INF   Processing takes 67.401808ms
2019-12-30 11:10:48.279   CNC 6   INF   Sleeping for 9.932450565s
2019-12-30 11:10:58.212   CNC 6   INF   Device still active
2019-12-30 11:10:58.212   CNC 6   INF   Production -> 11 of 300
2019-12-30 11:10:58.264   CNC 6   INF   Processing takes 51.704148ms
2019-12-30 11:10:58.264   CNC 6   INF   Sleeping for 9.948153539s
2019-12-30 11:11:08.215   CNC 6   INF   Device still active
2019-12-30 11:11:08.215   CNC 6   INF   Production -> 12 of 300
2019-12-30 11:11:08.286   CNC 6   INF   Processing takes 70.574ms
2019-12-30 11:11:08.286   CNC 6   INF   Sleeping for 9.92928822s
2019-12-30 11:11:18.218   CNC 6   INF   Device still active
2019-12-30 11:11:18.218   CNC 6   INF   Production -> 13 of 300
2019-12-30 11:11:18.287   CNC 6   INF   Processing takes 68.674608ms
2019-12-30 11:11:18.287   CNC 6   INF   Sleeping for 9.931227854s
2019-12-30 11:11:28.219   CNC 6   INF   Device still active
2019-12-30 11:11:28.220   CNC 6   INF   Production -> 14 of 300
2019-12-30 11:11:28.320   CNC 6   INF   Processing takes 100.538915ms
2019-12-30 11:11:28.320   CNC 6   INF   Sleeping for 9.899309678s
2019-12-30 11:11:38.221   CNC 6   INF   Device still active
2019-12-30 11:11:38.221   CNC 6   INF   Production -> 15 of 300
2019-12-30 11:11:38.292   CNC 6   INF   Processing takes 70.750675ms
2019-12-30 11:11:38.292   CNC 6   INF   Sleeping for 9.929038667s
2019-12-30 11:11:48.225   CNC 6   INF   Device still active
2019-12-30 11:11:48.225   CNC 6   INF   Production -> 16 of 300
2019-12-30 11:11:48.303   CNC 6   INF   Processing takes 77.812023ms
2019-12-30 11:11:48.303   CNC 6   INF   Sleeping for 9.922013133s
2019-12-30 11:11:58.226   CNC 6   INF   Device still active
2019-12-30 11:11:58.226   CNC 6   INF   Production -> 17 of 300
2019-12-30 11:11:58.264   CNC 6   INF   Processing takes 37.875185ms
2019-12-30 11:11:58.264   CNC 6   INF   Sleeping for 9.961918986s
2019-12-30 11:13:02.020   CNC 6   INF   Device started running
2019-12-30 11:13:02.021   CNC 6   INF   Device directory exists
2019-12-30 11:13:02.021   CNC 6   INF   Downtime -> 0 of 150
2019-12-30 11:13:02.075   CNC 6   INF   Processing takes 53.434163ms
2019-12-30 11:13:02.075   CNC 6   INF   Sleeping for 9.945636039s
2019-12-30 11:13:12.022   CNC 6   INF   Device still active
2019-12-30 11:13:12.022   CNC 6   INF   Downtime -> 1 of 150
2019-12-30 11:13:12.090   CNC 6   INF   Processing takes 68.187314ms
2019-12-30 11:13:12.090   CNC 6   INF   Sleeping for 9.931677797s
2019-12-30 11:13:22.025   CNC 6   INF   Device still active
2019-12-30 11:13:22.026   CNC 6   INF   Downtime -> 2 of 150
2019-12-30 11:13:22.066   CNC 6   INF   Processing takes 40.504189ms
2019-12-30 11:13:22.066   CNC 6   INF   Sleeping for 9.959331055s
2019-12-30 11:13:32.028   CNC 6   INF   Device still active
2019-12-30 11:13:32.028   CNC 6   INF   Downtime -> 3 of 150
2019-12-30 11:13:32.061   CNC 6   INF   Processing takes 33.656316ms
2019-12-30 11:13:32.062   CNC 6   INF   Sleeping for 9.96622419s
2019-12-30 11:13:42.030   CNC 6   INF   Device still active
2019-12-30 11:13:42.030   CNC 6   INF   Downtime -> 4 of 150
2019-12-30 11:13:42.090   CNC 6   INF   Processing takes 60.590459ms
2019-12-30 11:13:42.091   CNC 6   INF   Sleeping for 9.939304131s
2019-12-30 11:13:52.033   CNC 6   INF   Device still active
2019-12-30 11:13:52.033   CNC 6   INF   Downtime -> 5 of 150
2019-12-30 11:13:52.104   CNC 6   INF   Processing takes 71.035641ms
2019-12-30 11:13:52.104   CNC 6   INF   Sleeping for 9.928824577s
2019-12-30 11:14:02.036   CNC 6   INF   Device still active
2019-12-30 11:14:02.036   CNC 6   INF   Downtime -> 6 of 150
2019-12-30 11:14:02.109   CNC 6   INF   Processing takes 73.235053ms
2019-12-30 11:14:02.109   CNC 6   INF   Sleeping for 9.926569281s
2019-12-30 11:14:12.038   CNC 6   INF   Device still active
2019-12-30 11:14:12.038   CNC 6   INF   Downtime -> 7 of 150
2019-12-30 11:14:12.072   CNC 6   INF   Processing takes 33.368223ms
2019-12-30 11:14:12.072   CNC 6   INF   Sleeping for 9.966513911s
2019-12-30 11:14:22.039   CNC 6   INF   Device still active
2019-12-30 11:14:22.040   CNC 6   INF   Downtime -> 8 of 150
2019-12-30 11:14:22.091   CNC 6   INF   Processing takes 51.459572ms
2019-12-30 11:14:22.091   CNC 6   INF   Sleeping for 9.948390904s
2019-12-30 11:14:32.044   CNC 6   INF   Device still active
2019-12-30 11:14:32.044   CNC 6   INF   Downtime -> 9 of 150
2019-12-30 11:14:32.073   CNC 6   INF   Processing takes 29.223979ms
2019-12-30 11:14:32.073   CNC 6   INF   Sleeping for 9.970645288s
2019-12-30 11:14:42.048   CNC 6   INF   Device still active
2019-12-30 11:14:42.048   CNC 6   INF   Downtime -> 10 of 150
2019-12-30 11:14:42.097   CNC 6   INF   Processing takes 49.33251ms
2019-12-30 11:14:42.098   CNC 6   INF   Sleeping for 9.950490024s
2019-12-30 11:14:52.053   CNC 6   INF   Device still active
2019-12-30 11:14:52.054   CNC 6   INF   Downtime -> 11 of 150
2019-12-30 11:14:52.095   CNC 6   INF   Processing takes 41.725323ms
2019-12-30 11:14:52.096   CNC 6   INF   Sleeping for 9.957703288s
