2020-02-29 10:01:05.049   CNC 12   INF   Device started running
2020-02-29 10:01:05.049   CNC 12   INF   Device directory exists
2020-02-29 10:01:05.049   CNC 12   INF   Production -> 0 of 300
2020-02-29 10:01:05.240   CNC 12   INF   Processing takes 190.058646ms
2020-02-29 10:01:05.240   CNC 12   INF   Sleeping for 9.809799861s
2020-02-29 10:01:15.050   CNC 12   INF   Device still active
2020-02-29 10:01:15.050   CNC 12   INF   Production -> 1 of 300
2020-02-29 10:01:15.317   CNC 12   INF   Processing takes 267.205612ms
2020-02-29 10:01:15.317   CNC 12   INF   Sleeping for 9.732633025s
2020-02-29 10:01:25.050   CNC 12   INF   Device still active
2020-02-29 10:01:25.050   CNC 12   INF   Production -> 2 of 300
2020-02-29 10:01:25.210   CNC 12   INF   Processing takes 160.217327ms
2020-02-29 10:01:25.211   CNC 12   INF   Sleeping for 9.839639729s
2020-02-29 10:01:35.051   CNC 12   INF   Device not active
2020-02-29 10:01:35.051   CNC 12   INF   Device not active, stopped running
2020-02-29 10:01:35.053   CNC 12   INF   Device started running
2020-02-29 10:01:35.053   CNC 12   INF   Device directory exists
2020-02-29 10:01:35.053   CNC 12   INF   Device not active, stopped running
2020-02-29 10:01:51.081   CNC 12   INF   Device started running
2020-02-29 10:01:51.082   CNC 12   INF   Device directory exists
2020-02-29 10:01:51.082   CNC 12   INF   Downtime -> 0 of 150
2020-02-29 10:01:51.294   CNC 12   INF   Processing takes 212.486308ms
2020-02-29 10:01:51.294   CNC 12   INF   Sleeping for 9.787360375s
2020-02-29 10:02:01.082   CNC 12   INF   Device still active
2020-02-29 10:02:01.082   CNC 12   INF   Downtime -> 1 of 150
2020-02-29 10:02:01.173   CNC 12   INF   Processing takes 90.853342ms
2020-02-29 10:02:01.173   CNC 12   INF   Sleeping for 9.90896975s
2020-02-29 10:02:11.082   CNC 12   INF   Device not active
2020-02-29 10:02:11.082   CNC 12   INF   Device not active, stopped running
2020-02-29 10:02:11.083   CNC 12   INF   Device started running
2020-02-29 10:02:11.084   CNC 12   INF   Device directory exists
2020-02-29 10:02:11.084   CNC 12   INF   Device not active, stopped running
2020-02-29 10:08:40.454   CNC 12   INF   Device started running
2020-02-29 10:08:40.454   CNC 12   INF   Device directory exists
2020-02-29 10:08:40.455   CNC 12   INF   Downtime -> 0 of 150
2020-02-29 10:08:40.603   CNC 12   INF   Processing takes 148.228036ms
2020-02-29 10:08:40.603   CNC 12   INF   Sleeping for 9.851575577s
2020-02-29 10:08:50.455   CNC 12   INF   Device still active
2020-02-29 10:08:50.455   CNC 12   INF   Device not active, stopped running
2020-02-29 10:10:03.350   CNC 12   INF   Device started running
2020-02-29 10:10:03.351   CNC 12   INF   Device directory exists
2020-02-29 10:10:03.351   CNC 12   INF   Poweroff -> 0 of 150
2020-02-29 10:10:03.351   CNC 12   INF   Processing takes 407.749µs
2020-02-29 10:10:03.351   CNC 12   INF   Sleeping for 9.999481107s
2020-02-29 10:10:13.352   CNC 12   INF   Device still active
2020-02-29 10:10:13.353   CNC 12   INF   Poweroff -> 1 of 150
2020-02-29 10:10:13.353   CNC 12   INF   Processing takes 131.058µs
2020-02-29 10:10:13.353   CNC 12   INF   Sleeping for 9.999783184s
2020-02-29 10:10:23.353   CNC 12   INF   Device still active
2020-02-29 10:10:23.354   CNC 12   INF   Device not active, stopped running
