2020-02-29 10:01:05.050   CNC 17   INF   Device started running
2020-02-29 10:01:05.050   CNC 17   INF   Device directory exists
2020-02-29 10:01:05.051   CNC 17   INF   Production -> 0 of 300
2020-02-29 10:01:05.302   CNC 17   INF   Processing takes 251.337475ms
2020-02-29 10:01:05.302   CNC 17   INF   Sleeping for 9.748520322s
2020-02-29 10:01:15.051   CNC 17   INF   Device still active
2020-02-29 10:01:15.051   CNC 17   INF   Production -> 1 of 300
2020-02-29 10:01:15.243   CNC 17   INF   Processing takes 192.002124ms
2020-02-29 10:01:15.243   CNC 17   INF   Sleeping for 9.807851032s
2020-02-29 10:01:25.052   CNC 17   INF   Device not active
2020-02-29 10:01:25.052   CNC 17   INF   Device not active, stopped running
2020-02-29 10:01:25.060   CNC 17   INF   Device started running
2020-02-29 10:01:25.060   CNC 17   INF   Device directory exists
2020-02-29 10:01:25.060   CNC 17   INF   Downtime -> 0 of 150
2020-02-29 10:01:25.204   CNC 17   INF   Processing takes 143.290083ms
2020-02-29 10:01:25.204   CNC 17   INF   Sleeping for 9.856561162s
2020-02-29 10:01:35.061   CNC 17   INF   Device still active
2020-02-29 10:01:35.061   CNC 17   INF   Device not active, stopped running
2020-02-29 10:01:51.081   CNC 17   INF   Device started running
2020-02-29 10:01:51.081   CNC 17   INF   Device directory exists
2020-02-29 10:01:51.082   CNC 17   INF   Poweroff -> 0 of 150
2020-02-29 10:01:51.082   CNC 17   INF   Processing takes 1.145572ms
2020-02-29 10:01:51.082   CNC 17   INF   Sleeping for 9.998678593s
2020-02-29 10:02:01.081   CNC 17   INF   Device still active
2020-02-29 10:02:01.081   CNC 17   INF   Poweroff -> 1 of 150
2020-02-29 10:02:01.081   CNC 17   INF   Processing takes 101.253µs
2020-02-29 10:02:01.081   CNC 17   INF   Sleeping for 9.99982436s
2020-02-29 10:02:11.081   CNC 17   INF   Device not active
2020-02-29 10:02:11.082   CNC 17   INF   Device not active, stopped running
2020-02-29 10:02:11.083   CNC 17   INF   Device started running
2020-02-29 10:02:11.084   CNC 17   INF   Device directory exists
2020-02-29 10:02:11.084   CNC 17   INF   Device not active, stopped running
2020-02-29 10:08:40.454   CNC 17   INF   Device started running
2020-02-29 10:08:40.454   CNC 17   INF   Device directory exists
2020-02-29 10:08:40.454   CNC 17   INF   Production -> 0 of 300
2020-02-29 10:08:40.757   CNC 17   INF   Processing takes 302.90288ms
2020-02-29 10:08:40.757   CNC 17   INF   Sleeping for 9.69692052s
2020-02-29 10:08:50.455   CNC 17   INF   Device still active
2020-02-29 10:08:50.455   CNC 17   INF   Device not active, stopped running
2020-02-29 10:10:03.350   CNC 17   INF   Device started running
2020-02-29 10:10:03.350   CNC 17   INF   Device directory exists
2020-02-29 10:10:03.351   CNC 17   INF   Downtime -> 0 of 150
2020-02-29 10:10:03.514   CNC 17   INF   Processing takes 163.525222ms
2020-02-29 10:10:03.514   CNC 17   INF   Sleeping for 9.836382569s
2020-02-29 10:10:13.351   CNC 17   INF   Device still active
2020-02-29 10:10:13.351   CNC 17   INF   Downtime -> 1 of 150
2020-02-29 10:10:13.532   CNC 17   INF   Processing takes 181.357687ms
2020-02-29 10:10:13.533   CNC 17   INF   Sleeping for 9.818507539s
2020-02-29 10:10:23.353   CNC 17   INF   Device still active
2020-02-29 10:10:23.354   CNC 17   INF   Device not active, stopped running
2020-02-29 10:51:23.121   CNC 17   INF   Device started running
2020-02-29 10:51:23.122   CNC 17   INF   Device directory exists
2020-02-29 10:51:23.122   CNC 17   INF   Downtime -> 0 of 150
2020-02-29 10:51:23.170   CNC 17   INF   Processing takes 48.611534ms
2020-02-29 10:51:23.171   CNC 17   INF   Sleeping for 9.951285735s
2020-02-29 10:51:33.122   CNC 17   INF   Device still active
2020-02-29 10:51:33.122   CNC 17   INF   Device not active, stopped running
2020-02-29 10:51:40.465   CNC 17   INF   Device started running
2020-02-29 10:51:40.465   CNC 17   INF   Device directory exists
2020-02-29 10:51:40.466   CNC 17   INF   Production -> 0 of 300
2020-02-29 10:51:40.630   CNC 17   INF   Processing takes 164.715587ms
2020-02-29 10:51:40.631   CNC 17   INF   Sleeping for 9.835011284s
2020-02-29 10:51:50.466   CNC 17   INF   Device still active
2020-02-29 10:51:50.466   CNC 17   INF   Device not active, stopped running
2020-02-29 10:51:50.479   CNC 17   INF   Device started running
2020-02-29 10:51:50.480   CNC 17   INF   Device directory exists
2020-02-29 10:51:50.480   CNC 17   INF   Device not active, stopped running
2020-02-29 10:51:55.260   CNC 17   INF   Device started running
2020-02-29 10:51:55.260   CNC 17   INF   Device directory exists
2020-02-29 10:51:55.260   CNC 17   INF   Poweroff -> 0 of 150
2020-02-29 10:51:55.260   CNC 17   INF   Processing takes 185.436µs
2020-02-29 10:51:55.260   CNC 17   INF   Sleeping for 9.999699029s
2020-02-29 10:52:05.261   CNC 17   INF   Device still active
2020-02-29 10:52:05.261   CNC 17   INF   Device not active, stopped running
