2019-12-30 08:58:50.183   CNC 8   INF   Device created
2019-12-30 09:01:28.931   CNC 8   INF   Device created
2019-12-30 09:03:14.567   CNC 8   INF   Device created
2019-12-30 09:05:43.941   CNC 8   INF   Device created
2019-12-30 09:07:12.710   CNC 8   INF   Device created
2019-12-30 09:08:30.168   CNC 8   INF   Device created
2019-12-30 09:08:47.073   CNC 8   INF   Device created
2019-12-30 09:11:46.261   CNC 8   INF   Workplace created
2019-12-30 09:11:46.272   CNC 8   INF   Production workplace port created
2019-12-30 09:11:46.275   CNC 8   INF   Amperafe workplace port created
2019-12-30 09:11:46.379   CNC 8   INF   Device created
2019-12-30 09:11:46.380   CNC 8   INF   Digital port created
2019-12-30 09:11:46.382   CNC 8   INF   Analog port created
2019-12-30 09:21:45.541   CNC 8   INF   Device started running
2019-12-30 09:21:45.542   CNC 8   WRN   Device directory not exist, creating
2019-12-30 09:21:45.542   CNC 8   INF   Device directory created
2019-12-30 09:21:45.543   CNC 8   INF   Downtime -> 0 of 150
2019-12-30 09:21:45.652   CNC 8   INF   Processing takes 109.48367ms
2019-12-30 09:21:45.652   CNC 8   INF   Sleeping for 9.890331457s
2019-12-30 09:25:13.260   CNC 8   INF   Device started running
2019-12-30 09:25:13.260   CNC 8   INF   Device directory exists
2019-12-30 09:25:13.260   CNC 8   INF   Production -> 0 of 300
2019-12-30 09:25:13.333   CNC 8   INF   Processing takes 72.872233ms
2019-12-30 09:25:13.333   CNC 8   INF   Sleeping for 9.926986042s
2019-12-30 09:25:23.260   CNC 8   INF   Device still active
2019-12-30 09:25:23.261   CNC 8   INF   Production -> 1 of 300
2019-12-30 09:25:23.375   CNC 8   INF   Processing takes 114.00654ms
2019-12-30 09:25:23.375   CNC 8   INF   Sleeping for 9.885846821s
2019-12-30 09:25:33.261   CNC 8   INF   Device still active
2019-12-30 09:25:33.261   CNC 8   INF   Production -> 2 of 300
2019-12-30 09:25:33.363   CNC 8   INF   Processing takes 102.356176ms
2019-12-30 09:25:33.364   CNC 8   INF   Sleeping for 9.89749348s
2019-12-30 09:26:12.801   CNC 8   INF   Device started running
2019-12-30 09:26:12.802   CNC 8   INF   Device directory exists
2019-12-30 09:26:12.802   CNC 8   INF   Offline -> 0 of 150
2019-12-30 09:26:12.802   CNC 8   INF   Processing takes 84.216µs
2019-12-30 09:26:12.802   CNC 8   INF   Sleeping for 9.999714616s
2019-12-30 09:26:22.802   CNC 8   INF   Device still active
2019-12-30 09:26:22.802   CNC 8   INF   Offline -> 1 of 150
2019-12-30 09:26:22.803   CNC 8   INF   Processing takes 334.089µs
2019-12-30 09:26:22.803   CNC 8   INF   Sleeping for 9.999425367s
2019-12-30 09:26:32.803   CNC 8   INF   Device still active
2019-12-30 09:26:32.803   CNC 8   INF   Offline -> 2 of 150
2019-12-30 09:26:32.804   CNC 8   INF   Processing takes 340.249µs
2019-12-30 09:26:32.804   CNC 8   INF   Sleeping for 9.99926339s
2019-12-30 09:26:42.806   CNC 8   INF   Device still active
2019-12-30 09:26:42.806   CNC 8   INF   Offline -> 3 of 150
2019-12-30 09:26:42.807   CNC 8   INF   Processing takes 298.936µs
2019-12-30 09:26:42.807   CNC 8   INF   Sleeping for 9.99910327s
2019-12-30 09:26:52.806   CNC 8   INF   Device still active
2019-12-30 09:26:52.806   CNC 8   INF   Offline -> 4 of 150
2019-12-30 09:26:52.807   CNC 8   INF   Processing takes 173.512µs
2019-12-30 09:26:52.807   CNC 8   INF   Sleeping for 9.999672221s
2019-12-30 09:27:02.807   CNC 8   INF   Device still active
2019-12-30 09:27:02.807   CNC 8   INF   Offline -> 5 of 150
2019-12-30 09:27:02.808   CNC 8   INF   Processing takes 310.935µs
2019-12-30 09:27:02.808   CNC 8   INF   Sleeping for 9.999538725s
2019-12-30 09:27:12.808   CNC 8   INF   Device still active
2019-12-30 09:27:12.809   CNC 8   INF   Offline -> 6 of 150
2019-12-30 09:27:12.810   CNC 8   INF   Processing takes 893.51µs
2019-12-30 09:27:12.810   CNC 8   INF   Sleeping for 9.998603265s
2019-12-30 09:27:22.809   CNC 8   INF   Device still active
2019-12-30 09:27:22.809   CNC 8   INF   Offline -> 7 of 150
2019-12-30 09:27:22.809   CNC 8   INF   Processing takes 390.606µs
2019-12-30 09:27:22.810   CNC 8   INF   Sleeping for 9.999404122s
2019-12-30 09:27:32.809   CNC 8   INF   Device still active
2019-12-30 09:27:32.810   CNC 8   INF   Offline -> 8 of 150
2019-12-30 09:27:32.810   CNC 8   INF   Processing takes 366.15µs
2019-12-30 09:27:32.810   CNC 8   INF   Sleeping for 9.999400733s
2019-12-30 09:27:42.815   CNC 8   INF   Device still active
2019-12-30 09:27:42.816   CNC 8   INF   Offline -> 9 of 150
2019-12-30 09:27:42.816   CNC 8   INF   Processing takes 492.393µs
2019-12-30 09:27:42.816   CNC 8   INF   Sleeping for 9.999086582s
2019-12-30 09:27:52.820   CNC 8   INF   Device still active
2019-12-30 09:27:52.821   CNC 8   INF   Offline -> 10 of 150
2019-12-30 09:27:52.821   CNC 8   INF   Processing takes 313.765µs
2019-12-30 09:27:52.822   CNC 8   INF   Sleeping for 9.99891773s
2019-12-30 09:28:02.826   CNC 8   INF   Device still active
2019-12-30 09:28:02.826   CNC 8   INF   Offline -> 11 of 150
2019-12-30 09:28:02.827   CNC 8   INF   Processing takes 338.527µs
2019-12-30 09:28:02.827   CNC 8   INF   Sleeping for 9.999379496s
2019-12-30 09:28:12.828   CNC 8   INF   Device still active
2019-12-30 09:28:12.828   CNC 8   INF   Offline -> 12 of 150
2019-12-30 09:28:12.828   CNC 8   INF   Processing takes 323.852µs
2019-12-30 09:28:12.829   CNC 8   INF   Sleeping for 9.999527852s
2019-12-30 09:28:22.829   CNC 8   INF   Device still active
2019-12-30 09:28:22.829   CNC 8   INF   Offline -> 13 of 150
2019-12-30 09:28:22.830   CNC 8   INF   Processing takes 394.395µs
2019-12-30 09:28:22.830   CNC 8   INF   Sleeping for 9.999329705s
2019-12-30 09:28:32.832   CNC 8   INF   Device still active
2019-12-30 09:28:32.832   CNC 8   INF   Offline -> 14 of 150
2019-12-30 09:28:32.833   CNC 8   INF   Processing takes 183.05µs
2019-12-30 09:28:32.833   CNC 8   INF   Sleeping for 9.99952978s
2019-12-30 09:28:42.833   CNC 8   INF   Device still active
2019-12-30 09:28:42.834   CNC 8   INF   Offline -> 15 of 150
2019-12-30 09:28:42.834   CNC 8   INF   Processing takes 596.016µs
2019-12-30 09:28:42.834   CNC 8   INF   Sleeping for 9.999290623s
2019-12-30 09:28:52.834   CNC 8   INF   Device still active
2019-12-30 09:28:52.834   CNC 8   INF   Offline -> 16 of 150
2019-12-30 09:28:52.834   CNC 8   INF   Processing takes 219.137µs
2019-12-30 09:28:52.834   CNC 8   INF   Sleeping for 9.999616131s
2019-12-30 09:29:02.834   CNC 8   INF   Device still active
2019-12-30 09:29:02.834   CNC 8   INF   Offline -> 17 of 150
2019-12-30 09:29:02.835   CNC 8   INF   Processing takes 398.895µs
2019-12-30 09:29:02.835   CNC 8   INF   Sleeping for 9.999108978s
2019-12-30 09:29:12.836   CNC 8   INF   Device still active
2019-12-30 09:29:12.836   CNC 8   INF   Offline -> 18 of 150
2019-12-30 09:29:12.836   CNC 8   INF   Processing takes 128.662µs
2019-12-30 09:29:12.836   CNC 8   INF   Sleeping for 9.999681648s
2019-12-30 09:29:22.837   CNC 8   INF   Device still active
2019-12-30 09:29:22.837   CNC 8   INF   Offline -> 19 of 150
2019-12-30 09:29:22.837   CNC 8   INF   Processing takes 100.326µs
2019-12-30 09:29:22.837   CNC 8   INF   Sleeping for 9.999806369s
2019-12-30 09:29:32.841   CNC 8   INF   Device still active
2019-12-30 09:29:32.841   CNC 8   INF   Offline -> 20 of 150
2019-12-30 09:29:32.842   CNC 8   INF   Processing takes 109.675µs
2019-12-30 09:29:32.842   CNC 8   INF   Sleeping for 9.999624372s
2019-12-30 09:29:42.842   CNC 8   INF   Device still active
2019-12-30 09:29:42.842   CNC 8   INF   Offline -> 21 of 150
2019-12-30 09:29:42.842   CNC 8   INF   Processing takes 114.655µs
2019-12-30 09:29:42.842   CNC 8   INF   Sleeping for 9.999778641s
2019-12-30 09:29:52.842   CNC 8   INF   Device still active
2019-12-30 09:29:52.842   CNC 8   INF   Offline -> 22 of 150
2019-12-30 09:29:52.842   CNC 8   INF   Processing takes 120.182µs
2019-12-30 09:29:52.842   CNC 8   INF   Sleeping for 9.999770031s
2019-12-30 09:30:02.843   CNC 8   INF   Device still active
2019-12-30 09:30:02.844   CNC 8   INF   Offline -> 23 of 150
2019-12-30 09:30:02.844   CNC 8   INF   Processing takes 546.156µs
2019-12-30 09:30:02.845   CNC 8   INF   Sleeping for 9.998950998s
2019-12-30 09:30:12.848   CNC 8   INF   Device still active
2019-12-30 09:30:12.848   CNC 8   INF   Offline -> 24 of 150
2019-12-30 09:30:12.848   CNC 8   INF   Processing takes 90.345µs
2019-12-30 09:30:12.848   CNC 8   INF   Sleeping for 9.999842885s
2019-12-30 09:30:22.849   CNC 8   INF   Device still active
2019-12-30 09:30:22.849   CNC 8   INF   Offline -> 25 of 150
2019-12-30 09:30:22.849   CNC 8   INF   Processing takes 116.685µs
2019-12-30 09:30:22.849   CNC 8   INF   Sleeping for 9.999785442s
2019-12-30 09:30:32.849   CNC 8   INF   Device still active
2019-12-30 09:30:32.849   CNC 8   INF   Offline -> 26 of 150
2019-12-30 09:30:32.849   CNC 8   INF   Processing takes 126.63µs
2019-12-30 09:30:32.849   CNC 8   INF   Sleeping for 9.99977042s
2019-12-30 09:30:42.849   CNC 8   INF   Device still active
2019-12-30 09:30:42.850   CNC 8   INF   Offline -> 27 of 150
2019-12-30 09:30:42.850   CNC 8   INF   Processing takes 152.985µs
2019-12-30 09:30:42.850   CNC 8   INF   Sleeping for 9.999745944s
2019-12-30 09:30:52.853   CNC 8   INF   Device still active
2019-12-30 09:30:52.853   CNC 8   INF   Offline -> 28 of 150
2019-12-30 09:30:52.854   CNC 8   INF   Processing takes 169.753µs
2019-12-30 09:30:52.854   CNC 8   INF   Sleeping for 9.999706909s
2019-12-30 09:31:02.854   CNC 8   INF   Device still active
2019-12-30 09:31:02.854   CNC 8   INF   Offline -> 29 of 150
2019-12-30 09:31:02.855   CNC 8   INF   Processing takes 375.492µs
2019-12-30 09:31:02.855   CNC 8   INF   Sleeping for 9.999448511s
2019-12-30 09:31:12.854   CNC 8   INF   Device still active
2019-12-30 09:31:12.855   CNC 8   INF   Offline -> 30 of 150
2019-12-30 09:31:12.855   CNC 8   INF   Processing takes 107.509µs
2019-12-30 09:31:12.855   CNC 8   INF   Sleeping for 9.999602938s
2019-12-30 09:31:22.855   CNC 8   INF   Device still active
2019-12-30 09:31:22.855   CNC 8   INF   Offline -> 31 of 150
2019-12-30 09:31:22.855   CNC 8   INF   Processing takes 94.929µs
2019-12-30 09:31:22.855   CNC 8   INF   Sleeping for 9.999819191s
2019-12-30 09:31:32.856   CNC 8   INF   Device still active
2019-12-30 09:31:32.856   CNC 8   INF   Offline -> 32 of 150
2019-12-30 09:31:32.856   CNC 8   INF   Processing takes 281.848µs
2019-12-30 09:31:32.857   CNC 8   INF   Sleeping for 9.999447861s
2019-12-30 09:31:42.856   CNC 8   INF   Device still active
2019-12-30 09:31:42.857   CNC 8   INF   Offline -> 33 of 150
2019-12-30 09:31:42.857   CNC 8   INF   Processing takes 360.239µs
2019-12-30 09:31:42.857   CNC 8   INF   Sleeping for 9.999422373s
2019-12-30 09:31:52.859   CNC 8   INF   Device still active
2019-12-30 09:31:52.859   CNC 8   INF   Offline -> 34 of 150
2019-12-30 09:31:52.860   CNC 8   INF   Processing takes 323.66µs
2019-12-30 09:31:52.860   CNC 8   INF   Sleeping for 9.999537404s
2019-12-30 09:32:02.863   CNC 8   INF   Device still active
2019-12-30 09:32:02.863   CNC 8   INF   Offline -> 35 of 150
2019-12-30 09:32:02.863   CNC 8   INF   Processing takes 394.626µs
2019-12-30 09:32:02.864   CNC 8   INF   Sleeping for 9.999345419s
2019-12-30 09:32:12.865   CNC 8   INF   Device still active
2019-12-30 09:32:12.865   CNC 8   INF   Offline -> 36 of 150
2019-12-30 09:32:12.866   CNC 8   INF   Processing takes 384.732µs
2019-12-30 09:32:12.866   CNC 8   INF   Sleeping for 9.999429845s
2019-12-30 09:32:22.866   CNC 8   INF   Device still active
2019-12-30 09:32:22.867   CNC 8   INF   Offline -> 37 of 150
2019-12-30 09:32:22.867   CNC 8   INF   Processing takes 324.176µs
2019-12-30 09:32:22.867   CNC 8   INF   Sleeping for 9.999575515s
2019-12-30 09:32:32.871   CNC 8   INF   Device still active
2019-12-30 09:32:32.871   CNC 8   INF   Offline -> 38 of 150
2019-12-30 09:32:32.871   CNC 8   INF   Processing takes 161.249µs
2019-12-30 09:32:32.871   CNC 8   INF   Sleeping for 9.99951723s
2019-12-30 09:32:42.871   CNC 8   INF   Device still active
2019-12-30 09:32:42.872   CNC 8   INF   Offline -> 39 of 150
2019-12-30 09:32:42.873   CNC 8   INF   Processing takes 682.886µs
2019-12-30 09:32:42.873   CNC 8   INF   Sleeping for 9.998675295s
2019-12-30 09:32:52.875   CNC 8   INF   Device still active
2019-12-30 09:32:52.875   CNC 8   INF   Offline -> 40 of 150
2019-12-30 09:32:52.875   CNC 8   INF   Processing takes 285.844µs
2019-12-30 09:32:52.875   CNC 8   INF   Sleeping for 9.999546862s
2019-12-30 09:33:02.877   CNC 8   INF   Device still active
2019-12-30 09:33:02.878   CNC 8   INF   Offline -> 41 of 150
2019-12-30 09:33:02.880   CNC 8   INF   Processing takes 484.957µs
2019-12-30 09:33:02.880   CNC 8   INF   Sleeping for 9.997881133s
2019-12-30 09:33:12.879   CNC 8   INF   Device still active
2019-12-30 09:33:12.880   CNC 8   INF   Offline -> 42 of 150
2019-12-30 09:33:12.880   CNC 8   INF   Processing takes 393.224µs
2019-12-30 09:33:12.880   CNC 8   INF   Sleeping for 9.999418627s
2019-12-30 09:33:22.880   CNC 8   INF   Device still active
2019-12-30 09:33:22.880   CNC 8   INF   Offline -> 43 of 150
2019-12-30 09:33:22.880   CNC 8   INF   Processing takes 368.902µs
2019-12-30 09:33:22.881   CNC 8   INF   Sleeping for 9.999527917s
2019-12-30 09:33:32.882   CNC 8   INF   Device still active
2019-12-30 09:33:32.882   CNC 8   INF   Offline -> 44 of 150
2019-12-30 09:33:32.882   CNC 8   INF   Processing takes 97.6µs
2019-12-30 09:33:32.882   CNC 8   INF   Sleeping for 9.999745318s
2019-12-30 09:33:42.884   CNC 8   INF   Device still active
2019-12-30 09:33:42.885   CNC 8   INF   Offline -> 45 of 150
2019-12-30 09:33:42.885   CNC 8   INF   Processing takes 277.419µs
2019-12-30 09:33:42.885   CNC 8   INF   Sleeping for 9.999415788s
2019-12-30 09:33:52.889   CNC 8   INF   Device still active
2019-12-30 09:33:52.889   CNC 8   INF   Offline -> 46 of 150
2019-12-30 09:33:52.890   CNC 8   INF   Processing takes 641.405µs
2019-12-30 09:33:52.890   CNC 8   INF   Sleeping for 9.999147732s
2019-12-30 09:34:02.890   CNC 8   INF   Device still active
2019-12-30 09:34:02.891   CNC 8   INF   Offline -> 47 of 150
2019-12-30 09:34:02.891   CNC 8   INF   Processing takes 324.387µs
2019-12-30 09:34:02.891   CNC 8   INF   Sleeping for 9.999479455s
2019-12-30 09:34:12.894   CNC 8   INF   Device still active
2019-12-30 09:34:12.894   CNC 8   INF   Offline -> 48 of 150
2019-12-30 09:34:12.894   CNC 8   INF   Processing takes 121.024µs
2019-12-30 09:34:12.894   CNC 8   INF   Sleeping for 9.999775199s
2019-12-30 09:34:22.894   CNC 8   INF   Device still active
2019-12-30 09:34:22.894   CNC 8   INF   Offline -> 49 of 150
2019-12-30 09:34:22.894   CNC 8   INF   Processing takes 116.967µs
2019-12-30 09:34:22.895   CNC 8   INF   Sleeping for 9.999798294s
2019-12-30 09:34:33.296   CNC 8   INF   Device still active
2019-12-30 09:34:33.296   CNC 8   INF   Offline -> 50 of 150
2019-12-30 09:34:33.297   CNC 8   INF   Processing takes 593.975µs
2019-12-30 09:34:33.297   CNC 8   INF   Sleeping for 9.999277785s
2019-12-30 09:34:43.298   CNC 8   INF   Device still active
2019-12-30 09:34:43.298   CNC 8   INF   Offline -> 51 of 150
2019-12-30 09:34:43.299   CNC 8   INF   Processing takes 399.109µs
2019-12-30 09:34:43.299   CNC 8   INF   Sleeping for 9.999464274s
2019-12-30 09:34:53.302   CNC 8   INF   Device still active
2019-12-30 09:34:53.302   CNC 8   INF   Offline -> 52 of 150
2019-12-30 09:34:53.302   CNC 8   INF   Processing takes 167.45µs
2019-12-30 09:34:53.303   CNC 8   INF   Sleeping for 9.999522234s
2019-12-30 09:35:03.304   CNC 8   INF   Device still active
2019-12-30 09:35:03.305   CNC 8   INF   Offline -> 53 of 150
2019-12-30 09:35:03.305   CNC 8   INF   Processing takes 820.629µs
2019-12-30 09:35:03.306   CNC 8   INF   Sleeping for 9.99882525s
2019-12-30 09:35:13.310   CNC 8   INF   Device still active
2019-12-30 09:35:13.310   CNC 8   INF   Offline -> 54 of 150
2019-12-30 09:35:13.311   CNC 8   INF   Processing takes 613.628µs
2019-12-30 09:35:13.311   CNC 8   INF   Sleeping for 9.999078232s
2019-12-30 09:35:23.313   CNC 8   INF   Device still active
2019-12-30 09:35:23.314   CNC 8   INF   Offline -> 55 of 150
2019-12-30 09:35:23.315   CNC 8   INF   Processing takes 757.131µs
2019-12-30 09:35:23.315   CNC 8   INF   Sleeping for 9.998760656s
2019-12-30 09:35:33.317   CNC 8   INF   Device still active
2019-12-30 09:35:33.317   CNC 8   INF   Offline -> 56 of 150
2019-12-30 09:35:33.317   CNC 8   INF   Processing takes 151.773µs
2019-12-30 09:35:33.317   CNC 8   INF   Sleeping for 9.99972903s
2019-12-30 09:35:43.318   CNC 8   INF   Device still active
2019-12-30 09:35:43.319   CNC 8   INF   Offline -> 57 of 150
2019-12-30 09:35:43.319   CNC 8   INF   Processing takes 482.555µs
2019-12-30 09:35:43.319   CNC 8   INF   Sleeping for 9.999248247s
2019-12-30 09:35:53.322   CNC 8   INF   Device still active
2019-12-30 09:35:53.322   CNC 8   INF   Offline -> 58 of 150
2019-12-30 09:35:53.323   CNC 8   INF   Processing takes 396.316µs
2019-12-30 09:35:53.323   CNC 8   INF   Sleeping for 9.999063835s
2019-12-30 09:36:03.326   CNC 8   INF   Device still active
2019-12-30 09:36:03.326   CNC 8   INF   Offline -> 59 of 150
2019-12-30 09:36:03.327   CNC 8   INF   Processing takes 915.62µs
2019-12-30 09:36:03.328   CNC 8   INF   Sleeping for 9.998278703s
2019-12-30 09:36:13.327   CNC 8   INF   Device still active
2019-12-30 09:36:13.327   CNC 8   INF   Offline -> 60 of 150
2019-12-30 09:36:13.328   CNC 8   INF   Processing takes 356.532µs
2019-12-30 09:36:13.328   CNC 8   INF   Sleeping for 9.999273284s
2019-12-30 09:36:23.332   CNC 8   INF   Device still active
2019-12-30 09:36:23.332   CNC 8   INF   Offline -> 61 of 150
2019-12-30 09:36:23.332   CNC 8   INF   Processing takes 330.778µs
2019-12-30 09:36:23.332   CNC 8   INF   Sleeping for 9.999463146s
2019-12-30 09:36:33.338   CNC 8   INF   Device still active
2019-12-30 09:36:33.338   CNC 8   INF   Offline -> 62 of 150
2019-12-30 09:36:33.338   CNC 8   INF   Processing takes 267.106µs
2019-12-30 09:36:33.339   CNC 8   INF   Sleeping for 9.999462572s
2019-12-30 09:36:43.340   CNC 8   INF   Device still active
2019-12-30 09:36:43.341   CNC 8   INF   Offline -> 63 of 150
2019-12-30 09:36:43.341   CNC 8   INF   Processing takes 342.169µs
2019-12-30 09:36:43.341   CNC 8   INF   Sleeping for 9.999416701s
2019-12-30 09:36:53.346   CNC 8   INF   Device still active
2019-12-30 09:36:53.346   CNC 8   INF   Offline -> 64 of 150
2019-12-30 09:36:53.346   CNC 8   INF   Processing takes 341.226µs
2019-12-30 09:36:53.347   CNC 8   INF   Sleeping for 9.999371589s
2019-12-30 09:37:03.347   CNC 8   INF   Device still active
2019-12-30 09:37:03.347   CNC 8   INF   Offline -> 65 of 150
2019-12-30 09:37:03.347   CNC 8   INF   Processing takes 282.283µs
2019-12-30 09:37:03.347   CNC 8   INF   Sleeping for 9.999624518s
2019-12-30 09:37:13.350   CNC 8   INF   Device still active
2019-12-30 09:37:13.350   CNC 8   INF   Offline -> 66 of 150
2019-12-30 09:37:13.352   CNC 8   INF   Processing takes 428.114µs
2019-12-30 09:37:13.352   CNC 8   INF   Sleeping for 9.997999159s
2019-12-30 09:37:23.351   CNC 8   INF   Device still active
2019-12-30 09:37:23.351   CNC 8   INF   Offline -> 67 of 150
2019-12-30 09:37:23.352   CNC 8   INF   Processing takes 308.811µs
2019-12-30 09:37:23.352   CNC 8   INF   Sleeping for 9.999519933s
2019-12-30 09:38:59.951   CNC 8   INF   Device started running
2019-12-30 09:38:59.951   CNC 8   INF   Device directory exists
2019-12-30 09:38:59.952   CNC 8   INF   Production -> 0 of 300
2019-12-30 09:39:00.028   CNC 8   INF   Processing takes 76.821395ms
2019-12-30 09:39:00.028   CNC 8   INF   Sleeping for 9.923082067s
2019-12-30 09:39:09.953   CNC 8   INF   Device still active
2019-12-30 09:39:09.953   CNC 8   INF   Production -> 1 of 300
2019-12-30 09:39:10.001   CNC 8   INF   Processing takes 47.82171ms
2019-12-30 09:39:10.001   CNC 8   INF   Sleeping for 9.952068906s
2019-12-30 09:39:19.958   CNC 8   INF   Device still active
2019-12-30 09:39:19.959   CNC 8   INF   Production -> 2 of 300
2019-12-30 09:39:20.010   CNC 8   INF   Processing takes 52.651462ms
2019-12-30 09:39:20.010   CNC 8   INF   Sleeping for 9.947216915s
2019-12-30 09:39:29.964   CNC 8   INF   Device still active
2019-12-30 09:39:29.965   CNC 8   INF   Production -> 3 of 300
2019-12-30 09:39:30.017   CNC 8   INF   Processing takes 52.244598ms
2019-12-30 09:39:30.017   CNC 8   INF   Sleeping for 9.947640214s
2019-12-30 09:39:39.967   CNC 8   INF   Device still active
2019-12-30 09:39:39.967   CNC 8   INF   Production -> 4 of 300
2019-12-30 09:39:40.018   CNC 8   INF   Processing takes 50.947115ms
2019-12-30 09:39:40.018   CNC 8   INF   Sleeping for 9.948929468s
2019-12-30 09:39:49.967   CNC 8   INF   Device still active
2019-12-30 09:39:49.969   CNC 8   INF   Production -> 5 of 300
2019-12-30 09:39:50.022   CNC 8   INF   Processing takes 54.633027ms
2019-12-30 09:39:50.023   CNC 8   INF   Sleeping for 9.944957768s
2019-12-30 09:39:59.970   CNC 8   INF   Device still active
2019-12-30 09:39:59.970   CNC 8   INF   Production -> 6 of 300
2019-12-30 09:40:00.012   CNC 8   INF   Processing takes 42.336871ms
2019-12-30 09:40:00.012   CNC 8   INF   Sleeping for 9.957538078s
2019-12-30 09:40:09.970   CNC 8   INF   Device still active
2019-12-30 09:40:09.970   CNC 8   INF   Production -> 7 of 300
2019-12-30 09:40:10.029   CNC 8   INF   Processing takes 58.487958ms
2019-12-30 09:40:10.029   CNC 8   INF   Sleeping for 9.94132527s
2019-12-30 09:40:19.974   CNC 8   INF   Device still active
2019-12-30 09:40:19.975   CNC 8   INF   Production -> 8 of 300
2019-12-30 09:40:20.032   CNC 8   INF   Processing takes 57.180745ms
2019-12-30 09:40:20.032   CNC 8   INF   Sleeping for 9.942558402s
2019-12-30 09:40:29.977   CNC 8   INF   Device still active
2019-12-30 09:40:29.977   CNC 8   INF   Production -> 9 of 300
2019-12-30 09:40:30.031   CNC 8   INF   Processing takes 54.252746ms
2019-12-30 09:40:30.031   CNC 8   INF   Sleeping for 9.945551544s
2019-12-30 09:40:39.979   CNC 8   INF   Device still active
2019-12-30 09:40:39.980   CNC 8   INF   Production -> 10 of 300
2019-12-30 09:40:40.021   CNC 8   INF   Processing takes 41.50101ms
2019-12-30 09:40:40.021   CNC 8   INF   Sleeping for 9.958393713s
2019-12-30 09:40:49.985   CNC 8   INF   Device still active
2019-12-30 09:40:49.985   CNC 8   INF   Production -> 11 of 300
2019-12-30 09:40:50.148   CNC 8   INF   Processing takes 163.073257ms
2019-12-30 09:40:50.148   CNC 8   INF   Sleeping for 9.836777559s
2019-12-30 09:40:59.985   CNC 8   INF   Device still active
2019-12-30 09:40:59.985   CNC 8   INF   Production -> 12 of 300
2019-12-30 09:41:00.038   CNC 8   INF   Processing takes 52.378972ms
2019-12-30 09:41:00.038   CNC 8   INF   Sleeping for 9.947491626s
2019-12-30 09:41:09.987   CNC 8   INF   Device still active
2019-12-30 09:41:09.987   CNC 8   INF   Production -> 13 of 300
2019-12-30 09:41:10.048   CNC 8   INF   Processing takes 61.024877ms
2019-12-30 09:41:10.049   CNC 8   INF   Sleeping for 9.938860398s
2019-12-30 09:41:19.988   CNC 8   INF   Device still active
2019-12-30 09:41:19.988   CNC 8   INF   Production -> 14 of 300
2019-12-30 09:41:20.068   CNC 8   INF   Processing takes 79.626638ms
2019-12-30 09:41:20.068   CNC 8   INF   Sleeping for 9.920229484s
2019-12-30 09:41:29.988   CNC 8   INF   Device not active
2019-12-30 09:41:29.988   CNC 8   INF   Device not active, stopped running
2019-12-30 09:41:29.991   CNC 8   INF   Device started running
2019-12-30 09:41:29.991   CNC 8   INF   Device directory exists
2019-12-30 09:41:29.991   CNC 8   INF   Downtime -> 0 of 150
2019-12-30 09:41:30.053   CNC 8   INF   Processing takes 62.158032ms
2019-12-30 09:41:30.053   CNC 8   INF   Sleeping for 9.937722837s
2019-12-30 09:41:39.993   CNC 8   INF   Device still active
2019-12-30 09:41:39.994   CNC 8   INF   Downtime -> 1 of 150
2019-12-30 09:41:40.042   CNC 8   INF   Processing takes 48.659356ms
2019-12-30 09:41:40.042   CNC 8   INF   Sleeping for 9.950933762s
2019-12-30 09:41:49.995   CNC 8   INF   Device still active
2019-12-30 09:41:49.995   CNC 8   INF   Downtime -> 2 of 150
2019-12-30 09:41:50.072   CNC 8   INF   Processing takes 77.081273ms
2019-12-30 09:41:50.072   CNC 8   INF   Sleeping for 9.922734415s
2019-12-30 09:41:59.996   CNC 8   INF   Device still active
2019-12-30 09:41:59.996   CNC 8   INF   Downtime -> 3 of 150
2019-12-30 09:42:00.036   CNC 8   INF   Processing takes 39.689911ms
2019-12-30 09:42:00.036   CNC 8   INF   Sleeping for 9.960186354s
2019-12-30 09:42:09.996   CNC 8   INF   Device still active
2019-12-30 09:42:09.996   CNC 8   INF   Downtime -> 4 of 150
2019-12-30 09:42:10.027   CNC 8   INF   Processing takes 30.536577ms
2019-12-30 09:42:10.027   CNC 8   INF   Sleeping for 9.969345041s
2019-12-30 09:42:20.000   CNC 8   INF   Device still active
2019-12-30 09:42:20.000   CNC 8   INF   Downtime -> 5 of 150
2019-12-30 09:42:20.065   CNC 8   INF   Processing takes 65.458758ms
2019-12-30 09:42:20.065   CNC 8   INF   Sleeping for 9.934428465s
2019-12-30 09:42:30.003   CNC 8   INF   Device still active
2019-12-30 09:42:30.003   CNC 8   INF   Downtime -> 6 of 150
2019-12-30 09:42:30.057   CNC 8   INF   Processing takes 53.886752ms
2019-12-30 09:42:30.057   CNC 8   INF   Sleeping for 9.946007456s
2019-12-30 09:42:40.003   CNC 8   INF   Device still active
2019-12-30 09:42:40.003   CNC 8   INF   Downtime -> 7 of 150
2019-12-30 09:42:40.064   CNC 8   INF   Processing takes 61.165946ms
2019-12-30 09:42:40.064   CNC 8   INF   Sleeping for 9.938655743s
2019-12-30 09:42:50.005   CNC 8   INF   Device still active
2019-12-30 09:42:50.005   CNC 8   INF   Downtime -> 8 of 150
2019-12-30 09:42:50.062   CNC 8   INF   Processing takes 56.721364ms
2019-12-30 09:42:50.062   CNC 8   INF   Sleeping for 9.943063001s
2019-12-30 09:43:00.005   CNC 8   INF   Device still active
2019-12-30 09:43:00.005   CNC 8   INF   Downtime -> 9 of 150
2019-12-30 09:43:00.048   CNC 8   INF   Processing takes 42.5701ms
2019-12-30 09:43:00.048   CNC 8   INF   Sleeping for 9.957297907s
2019-12-30 09:43:10.008   CNC 8   INF   Device still active
2019-12-30 09:43:10.008   CNC 8   INF   Downtime -> 10 of 150
2019-12-30 09:43:10.080   CNC 8   INF   Processing takes 71.67088ms
2019-12-30 09:43:10.080   CNC 8   INF   Sleeping for 9.928166047s
2019-12-30 09:43:20.008   CNC 8   INF   Device still active
2019-12-30 09:43:20.009   CNC 8   INF   Downtime -> 11 of 150
2019-12-30 09:43:20.062   CNC 8   INF   Processing takes 53.579708ms
2019-12-30 09:43:20.062   CNC 8   INF   Sleeping for 9.946288975s
2019-12-30 09:43:30.009   CNC 8   INF   Device still active
2019-12-30 09:43:30.009   CNC 8   INF   Downtime -> 12 of 150
2019-12-30 09:43:30.070   CNC 8   INF   Processing takes 60.28525ms
2019-12-30 09:43:30.070   CNC 8   INF   Sleeping for 9.939584876s
2019-12-30 09:43:40.010   CNC 8   INF   Device still active
2019-12-30 09:43:40.010   CNC 8   INF   Downtime -> 13 of 150
2019-12-30 09:43:40.042   CNC 8   INF   Processing takes 31.927923ms
2019-12-30 09:43:40.042   CNC 8   INF   Sleeping for 9.967923162s
2019-12-30 09:43:50.012   CNC 8   INF   Device still active
2019-12-30 09:43:50.012   CNC 8   INF   Downtime -> 14 of 150
2019-12-30 09:43:50.048   CNC 8   INF   Processing takes 36.160148ms
2019-12-30 09:43:50.049   CNC 8   INF   Sleeping for 9.963699972s
2019-12-30 09:44:00.016   CNC 8   INF   Device still active
2019-12-30 09:44:00.016   CNC 8   INF   Downtime -> 15 of 150
2019-12-30 09:44:00.156   CNC 8   INF   Processing takes 140.543714ms
2019-12-30 09:44:00.157   CNC 8   INF   Sleeping for 9.859267585s
2019-12-30 09:44:10.017   CNC 8   INF   Device still active
2019-12-30 09:44:10.017   CNC 8   INF   Downtime -> 16 of 150
2019-12-30 09:44:10.076   CNC 8   INF   Processing takes 59.145589ms
2019-12-30 09:44:10.076   CNC 8   INF   Sleeping for 9.940736096s
2019-12-30 09:44:20.019   CNC 8   INF   Device still active
2019-12-30 09:44:20.019   CNC 8   INF   Downtime -> 17 of 150
2019-12-30 09:44:20.056   CNC 8   INF   Processing takes 37.456148ms
2019-12-30 09:44:20.056   CNC 8   INF   Sleeping for 9.962423307s
2019-12-30 09:44:30.019   CNC 8   INF   Device still active
2019-12-30 09:44:30.019   CNC 8   INF   Downtime -> 18 of 150
2019-12-30 09:44:30.054   CNC 8   INF   Processing takes 34.557493ms
2019-12-30 09:44:30.054   CNC 8   INF   Sleeping for 9.965309179s
2019-12-30 09:44:40.020   CNC 8   INF   Device still active
2019-12-30 09:44:40.020   CNC 8   INF   Downtime -> 19 of 150
2019-12-30 09:44:40.081   CNC 8   INF   Processing takes 60.568937ms
2019-12-30 09:44:40.081   CNC 8   INF   Sleeping for 9.9391375s
2019-12-30 09:44:50.021   CNC 8   INF   Device still active
2019-12-30 09:44:50.021   CNC 8   INF   Downtime -> 20 of 150
2019-12-30 09:44:50.067   CNC 8   INF   Processing takes 45.980082ms
2019-12-30 09:44:50.067   CNC 8   INF   Sleeping for 9.953828303s
2019-12-30 10:31:19.326   CNC 8   INF   Device started running
2019-12-30 10:31:19.328   CNC 8   INF   Device directory exists
2019-12-30 10:31:19.328   CNC 8   INF   Production -> 0 of 300
2019-12-30 10:31:19.412   CNC 8   INF   Processing takes 84.616186ms
2019-12-30 10:31:19.412   CNC 8   INF   Sleeping for 9.915260605s
2019-12-30 10:31:29.328   CNC 8   INF   Device still active
2019-12-30 10:31:29.328   CNC 8   INF   Production -> 1 of 300
2019-12-30 10:31:29.402   CNC 8   INF   Processing takes 74.27919ms
2019-12-30 10:31:29.402   CNC 8   INF   Sleeping for 9.92561345s
2019-12-30 10:31:39.328   CNC 8   INF   Device still active
2019-12-30 10:31:39.328   CNC 8   INF   Production -> 2 of 300
2019-12-30 10:50:38.718   CNC 8   INF   Device started running
2019-12-30 10:50:38.718   CNC 8   INF   Device directory exists
2019-12-30 10:50:38.720   CNC 8   INF   Production -> 0 of 300
2019-12-30 10:50:38.784   CNC 8   INF   Processing takes 65.056115ms
2019-12-30 10:50:38.784   CNC 8   INF   Sleeping for 9.934771506s
2019-12-30 10:50:48.721   CNC 8   INF   Device still active
2019-12-30 10:50:48.722   CNC 8   INF   Production -> 1 of 300
2019-12-30 10:50:48.796   CNC 8   INF   Processing takes 74.482748ms
2019-12-30 10:50:48.796   CNC 8   INF   Sleeping for 9.925385323s
2019-12-30 10:50:58.723   CNC 8   INF   Device still active
2019-12-30 10:50:58.723   CNC 8   INF   Production -> 2 of 300
2019-12-30 10:50:58.833   CNC 8   INF   Processing takes 109.481339ms
2019-12-30 10:50:58.833   CNC 8   INF   Sleeping for 9.890397553s
2019-12-30 10:51:08.726   CNC 8   INF   Device still active
2019-12-30 10:51:08.727   CNC 8   INF   Production -> 3 of 300
2019-12-30 10:51:08.782   CNC 8   INF   Processing takes 55.028666ms
2019-12-30 10:51:08.782   CNC 8   INF   Sleeping for 9.944863201s
2019-12-30 10:51:18.728   CNC 8   INF   Device still active
2019-12-30 10:51:18.728   CNC 8   INF   Production -> 4 of 300
2019-12-30 10:51:18.831   CNC 8   INF   Processing takes 103.091674ms
2019-12-30 10:51:18.832   CNC 8   INF   Sleeping for 9.896471004s
2019-12-30 10:51:28.734   CNC 8   INF   Device still active
2019-12-30 10:51:28.734   CNC 8   INF   Production -> 5 of 300
2019-12-30 10:51:28.803   CNC 8   INF   Processing takes 69.21838ms
2019-12-30 10:51:28.803   CNC 8   INF   Sleeping for 9.930694357s
2019-12-30 10:51:38.735   CNC 8   INF   Device still active
2019-12-30 10:51:38.735   CNC 8   INF   Production -> 6 of 300
2019-12-30 10:51:38.774   CNC 8   INF   Processing takes 39.362656ms
2019-12-30 10:51:38.774   CNC 8   INF   Sleeping for 9.960489699s
2019-12-30 10:51:48.736   CNC 8   INF   Device still active
2019-12-30 10:51:48.736   CNC 8   INF   Production -> 7 of 300
2019-12-30 10:51:48.799   CNC 8   INF   Processing takes 63.187192ms
2019-12-30 10:51:48.799   CNC 8   INF   Sleeping for 9.936654705s
2019-12-30 10:51:58.738   CNC 8   INF   Device still active
2019-12-30 10:51:58.738   CNC 8   INF   Production -> 8 of 300
2019-12-30 10:51:58.844   CNC 8   INF   Processing takes 106.078091ms
2019-12-30 10:51:58.844   CNC 8   INF   Sleeping for 9.893810878s
2019-12-30 10:52:08.739   CNC 8   INF   Device still active
2019-12-30 10:52:08.739   CNC 8   INF   Production -> 9 of 300
2019-12-30 10:52:08.820   CNC 8   INF   Processing takes 81.461765ms
2019-12-30 10:52:08.820   CNC 8   INF   Sleeping for 9.918438813s
2019-12-30 10:52:18.740   CNC 8   INF   Device still active
2019-12-30 10:52:18.741   CNC 8   INF   Production -> 10 of 300
2019-12-30 10:52:18.798   CNC 8   INF   Processing takes 57.057673ms
2019-12-30 10:52:18.798   CNC 8   INF   Sleeping for 9.942774618s
2019-12-30 10:52:28.744   CNC 8   INF   Device still active
2019-12-30 10:52:28.744   CNC 8   INF   Production -> 11 of 300
2019-12-30 10:52:28.804   CNC 8   INF   Processing takes 59.750653ms
2019-12-30 10:52:28.804   CNC 8   INF   Sleeping for 9.940090444s
2019-12-30 10:52:38.749   CNC 8   INF   Device still active
2019-12-30 10:52:38.751   CNC 8   INF   Production -> 12 of 300
2019-12-30 10:52:38.794   CNC 8   INF   Processing takes 44.433793ms
2019-12-30 10:52:38.794   CNC 8   INF   Sleeping for 9.95546218s
2019-12-30 10:52:48.752   CNC 8   INF   Device still active
2019-12-30 10:52:48.752   CNC 8   INF   Production -> 13 of 300
2019-12-30 10:52:48.845   CNC 8   INF   Processing takes 93.279971ms
2019-12-30 10:52:48.845   CNC 8   INF   Sleeping for 9.906569061s
2019-12-30 10:52:58.753   CNC 8   INF   Device still active
2019-12-30 10:52:58.754   CNC 8   INF   Production -> 14 of 300
2019-12-30 10:52:58.810   CNC 8   INF   Processing takes 55.923809ms
2019-12-30 10:52:58.810   CNC 8   INF   Sleeping for 9.943948297s
2019-12-30 10:53:08.755   CNC 8   INF   Device still active
2019-12-30 10:53:08.755   CNC 8   INF   Production -> 15 of 300
2019-12-30 10:53:08.832   CNC 8   INF   Processing takes 77.225071ms
2019-12-30 10:53:08.832   CNC 8   INF   Sleeping for 9.922675351s
2019-12-30 10:53:18.759   CNC 8   INF   Device still active
2019-12-30 10:53:18.759   CNC 8   INF   Production -> 16 of 300
2019-12-30 10:53:18.841   CNC 8   INF   Processing takes 81.905649ms
2019-12-30 10:53:18.841   CNC 8   INF   Sleeping for 9.917880839s
2019-12-30 10:53:28.761   CNC 8   INF   Device still active
2019-12-30 10:53:28.761   CNC 8   INF   Production -> 17 of 300
2019-12-30 10:53:28.845   CNC 8   INF   Processing takes 83.985017ms
2019-12-30 10:53:28.845   CNC 8   INF   Sleeping for 9.915874518s
2019-12-30 10:53:38.762   CNC 8   INF   Device still active
2019-12-30 10:53:38.762   CNC 8   INF   Production -> 18 of 300
2019-12-30 10:53:38.821   CNC 8   INF   Processing takes 59.079099ms
2019-12-30 10:53:38.821   CNC 8   INF   Sleeping for 9.940821039s
2019-12-30 10:53:48.766   CNC 8   INF   Device still active
2019-12-30 10:53:48.767   CNC 8   INF   Production -> 19 of 300
2019-12-30 10:53:48.808   CNC 8   INF   Processing takes 41.554042ms
2019-12-30 10:53:48.808   CNC 8   INF   Sleeping for 9.958333279s
2019-12-30 10:53:58.767   CNC 8   INF   Device still active
2019-12-30 10:53:58.767   CNC 8   INF   Production -> 20 of 300
2019-12-30 10:53:58.843   CNC 8   INF   Processing takes 75.751342ms
2019-12-30 10:53:58.843   CNC 8   INF   Sleeping for 9.924168708s
2019-12-30 10:54:08.769   CNC 8   INF   Device still active
2019-12-30 10:54:08.769   CNC 8   INF   Production -> 21 of 300
2019-12-30 10:54:08.837   CNC 8   INF   Processing takes 67.414523ms
2019-12-30 10:54:08.837   CNC 8   INF   Sleeping for 9.93248694s
2019-12-30 10:54:18.771   CNC 8   INF   Device still active
2019-12-30 10:54:18.771   CNC 8   INF   Production -> 22 of 300
2019-12-30 10:54:18.845   CNC 8   INF   Processing takes 73.86269ms
2019-12-30 10:54:18.845   CNC 8   INF   Sleeping for 9.925923018s
2019-12-30 10:54:28.773   CNC 8   INF   Device still active
2019-12-30 10:54:28.774   CNC 8   INF   Production -> 23 of 300
2019-12-30 10:54:28.829   CNC 8   INF   Processing takes 54.975353ms
2019-12-30 10:54:28.829   CNC 8   INF   Sleeping for 9.944921803s
2019-12-30 10:54:38.774   CNC 8   INF   Device still active
2019-12-30 10:54:38.774   CNC 8   INF   Production -> 24 of 300
2019-12-30 10:54:38.848   CNC 8   INF   Processing takes 73.444175ms
2019-12-30 10:54:38.848   CNC 8   INF   Sleeping for 9.926444851s
2019-12-30 10:54:48.776   CNC 8   INF   Device still active
2019-12-30 10:54:48.778   CNC 8   INF   Production -> 25 of 300
2019-12-30 10:54:48.834   CNC 8   INF   Processing takes 56.855373ms
2019-12-30 10:54:48.834   CNC 8   INF   Sleeping for 9.942951265s
2019-12-30 10:54:58.780   CNC 8   INF   Device still active
2019-12-30 10:54:58.780   CNC 8   INF   Production -> 26 of 300
2019-12-30 10:54:58.870   CNC 8   INF   Processing takes 89.628376ms
2019-12-30 10:54:58.871   CNC 8   INF   Sleeping for 9.909814924s
2019-12-30 10:55:08.781   CNC 8   INF   Device still active
2019-12-30 10:55:08.781   CNC 8   INF   Production -> 27 of 300
2019-12-30 10:55:08.857   CNC 8   INF   Processing takes 76.041008ms
2019-12-30 10:55:08.857   CNC 8   INF   Sleeping for 9.92387009s
2019-12-30 10:55:18.781   CNC 8   INF   Device still active
2019-12-30 10:55:18.782   CNC 8   INF   Production -> 28 of 300
2019-12-30 10:55:18.855   CNC 8   INF   Processing takes 73.016394ms
2019-12-30 10:55:18.855   CNC 8   INF   Sleeping for 9.926851778s
2019-12-30 10:55:28.782   CNC 8   INF   Device still active
2019-12-30 10:55:28.782   CNC 8   INF   Production -> 29 of 300
2019-12-30 10:55:28.829   CNC 8   INF   Processing takes 47.273628ms
2019-12-30 10:55:28.829   CNC 8   INF   Sleeping for 9.952616243s
2019-12-30 10:55:42.170   CNC 8   INF   Device started running
2019-12-30 10:55:42.170   CNC 8   INF   Device directory exists
2019-12-30 10:55:42.170   CNC 8   INF   Production -> 0 of 300
2019-12-30 10:55:42.259   CNC 8   INF   Processing takes 88.217242ms
2019-12-30 10:55:42.259   CNC 8   INF   Sleeping for 9.911423961s
2019-12-30 10:55:52.171   CNC 8   INF   Device still active
2019-12-30 10:55:52.172   CNC 8   INF   Production -> 1 of 300
2019-12-30 10:55:52.257   CNC 8   INF   Processing takes 86.493846ms
2019-12-30 10:55:52.258   CNC 8   INF   Sleeping for 9.913350388s
2019-12-30 10:56:02.171   CNC 8   INF   Device still active
2019-12-30 10:56:02.171   CNC 8   INF   Production -> 2 of 300
2019-12-30 10:56:02.261   CNC 8   INF   Processing takes 89.490189ms
2019-12-30 10:56:02.261   CNC 8   INF   Sleeping for 9.910420398s
2019-12-30 10:56:12.173   CNC 8   INF   Device still active
2019-12-30 10:56:12.173   CNC 8   INF   Production -> 3 of 300
2019-12-30 10:56:12.260   CNC 8   INF   Processing takes 86.759613ms
2019-12-30 10:56:12.260   CNC 8   INF   Sleeping for 9.913114214s
2019-12-30 10:56:22.175   CNC 8   INF   Device still active
2019-12-30 10:56:22.176   CNC 8   INF   Production -> 4 of 300
2019-12-30 10:56:22.240   CNC 8   INF   Processing takes 64.727529ms
2019-12-30 10:56:22.240   CNC 8   INF   Sleeping for 9.935147421s
2019-12-30 10:56:32.176   CNC 8   INF   Device still active
2019-12-30 10:56:32.176   CNC 8   INF   Production -> 5 of 300
2019-12-30 10:56:32.228   CNC 8   INF   Processing takes 52.159673ms
2019-12-30 10:56:32.229   CNC 8   INF   Sleeping for 9.94773464s
2019-12-30 10:56:42.178   CNC 8   INF   Device still active
2019-12-30 10:56:42.178   CNC 8   INF   Production -> 6 of 300
2019-12-30 10:56:42.252   CNC 8   INF   Processing takes 73.572336ms
2019-12-30 10:56:42.252   CNC 8   INF   Sleeping for 9.926221918s
2019-12-30 10:56:52.184   CNC 8   INF   Device still active
2019-12-30 10:56:52.185   CNC 8   INF   Production -> 7 of 300
2019-12-30 10:56:52.242   CNC 8   INF   Processing takes 58.197604ms
2019-12-30 10:56:52.242   CNC 8   INF   Sleeping for 9.941692142s
2019-12-30 10:57:02.188   CNC 8   INF   Device still active
2019-12-30 10:57:02.189   CNC 8   INF   Production -> 8 of 300
2019-12-30 10:57:02.307   CNC 8   INF   Processing takes 118.127647ms
2019-12-30 10:57:02.307   CNC 8   INF   Sleeping for 9.881770728s
2019-12-30 10:57:36.290   CNC 8   INF   Device started running
2019-12-30 10:57:36.291   CNC 8   INF   Device directory exists
2019-12-30 10:57:36.291   CNC 8   INF   Production -> 0 of 300
2019-12-30 10:57:36.402   CNC 8   INF   Processing takes 110.882967ms
2019-12-30 10:57:36.402   CNC 8   INF   Sleeping for 9.888796655s
2019-12-30 10:58:10.040   CNC 8   INF   Device started running
2019-12-30 10:58:10.041   CNC 8   INF   Device directory exists
2019-12-30 10:58:10.041   CNC 8   INF   Production -> 0 of 300
2019-12-30 10:58:10.121   CNC 8   INF   Processing takes 79.933857ms
2019-12-30 10:58:10.121   CNC 8   INF   Sleeping for 9.919900324s
2019-12-30 11:09:08.177   CNC 8   INF   Device started running
2019-12-30 11:09:08.177   CNC 8   INF   Device directory exists
2019-12-30 11:09:08.177   CNC 8   INF   Production -> 0 of 300
2019-12-30 11:09:08.254   CNC 8   INF   Processing takes 76.604175ms
2019-12-30 11:09:08.254   CNC 8   INF   Sleeping for 9.92326521s
2019-12-30 11:09:18.182   CNC 8   INF   Device still active
2019-12-30 11:09:18.183   CNC 8   INF   Production -> 1 of 300
2019-12-30 11:09:18.272   CNC 8   INF   Processing takes 88.843025ms
2019-12-30 11:09:18.272   CNC 8   INF   Sleeping for 9.910844238s
2019-12-30 11:09:28.187   CNC 8   INF   Device still active
2019-12-30 11:09:28.187   CNC 8   INF   Production -> 2 of 300
2019-12-30 11:09:28.233   CNC 8   INF   Processing takes 46.051644ms
2019-12-30 11:09:28.234   CNC 8   INF   Sleeping for 9.953447071s
2019-12-30 11:09:38.193   CNC 8   INF   Device still active
2019-12-30 11:09:38.194   CNC 8   INF   Production -> 3 of 300
2019-12-30 11:09:38.276   CNC 8   INF   Processing takes 82.037559ms
2019-12-30 11:09:38.276   CNC 8   INF   Sleeping for 9.917876593s
2019-12-30 11:09:48.195   CNC 8   INF   Device still active
2019-12-30 11:09:48.195   CNC 8   INF   Production -> 4 of 300
2019-12-30 11:09:48.282   CNC 8   INF   Processing takes 86.848829ms
2019-12-30 11:09:48.282   CNC 8   INF   Sleeping for 9.913044587s
2019-12-30 11:09:58.200   CNC 8   INF   Device still active
2019-12-30 11:09:58.201   CNC 8   INF   Production -> 5 of 300
2019-12-30 11:09:58.248   CNC 8   INF   Processing takes 48.309769ms
2019-12-30 11:09:58.248   CNC 8   INF   Sleeping for 9.951546616s
2019-12-30 11:10:08.206   CNC 8   INF   Device still active
2019-12-30 11:10:08.207   CNC 8   INF   Production -> 6 of 300
2019-12-30 11:10:08.267   CNC 8   INF   Processing takes 60.570658ms
2019-12-30 11:10:08.267   CNC 8   INF   Sleeping for 9.939280199s
2019-12-30 11:10:18.207   CNC 8   INF   Device still active
2019-12-30 11:10:18.208   CNC 8   INF   Production -> 7 of 300
2019-12-30 11:10:18.306   CNC 8   INF   Processing takes 98.619381ms
2019-12-30 11:10:18.306   CNC 8   INF   Sleeping for 9.901283995s
2019-12-30 11:10:28.210   CNC 8   INF   Device still active
2019-12-30 11:10:28.210   CNC 8   INF   Production -> 8 of 300
2019-12-30 11:10:28.305   CNC 8   INF   Processing takes 95.42215ms
2019-12-30 11:10:28.305   CNC 8   INF   Sleeping for 9.904417568s
2019-12-30 11:10:38.210   CNC 8   INF   Device still active
2019-12-30 11:10:38.211   CNC 8   INF   Production -> 9 of 300
2019-12-30 11:10:38.341   CNC 8   INF   Processing takes 130.557234ms
2019-12-30 11:10:38.341   CNC 8   INF   Sleeping for 9.869251314s
2019-12-30 11:10:48.211   CNC 8   INF   Device still active
2019-12-30 11:10:48.211   CNC 8   INF   Production -> 10 of 300
2019-12-30 11:10:48.283   CNC 8   INF   Processing takes 71.339305ms
2019-12-30 11:10:48.283   CNC 8   INF   Sleeping for 9.92853831s
2019-12-30 11:10:58.213   CNC 8   INF   Device still active
2019-12-30 11:10:58.213   CNC 8   INF   Production -> 11 of 300
2019-12-30 11:10:58.293   CNC 8   INF   Processing takes 79.875863ms
2019-12-30 11:10:58.293   CNC 8   INF   Sleeping for 9.920028535s
2019-12-30 11:11:08.215   CNC 8   INF   Device still active
2019-12-30 11:11:08.215   CNC 8   INF   Production -> 12 of 300
2019-12-30 11:11:08.264   CNC 8   INF   Processing takes 48.555444ms
2019-12-30 11:11:08.264   CNC 8   INF   Sleeping for 9.951345442s
2019-12-30 11:11:18.218   CNC 8   INF   Device still active
2019-12-30 11:11:18.218   CNC 8   INF   Production -> 13 of 300
2019-12-30 11:11:18.276   CNC 8   INF   Processing takes 58.451753ms
2019-12-30 11:11:18.277   CNC 8   INF   Sleeping for 9.941406876s
2019-12-30 11:11:28.223   CNC 8   INF   Device still active
2019-12-30 11:11:28.223   CNC 8   INF   Production -> 14 of 300
2019-12-30 11:11:28.348   CNC 8   INF   Processing takes 124.814085ms
2019-12-30 11:11:28.348   CNC 8   INF   Sleeping for 9.875021991s
2019-12-30 11:11:38.223   CNC 8   INF   Device still active
2019-12-30 11:11:38.223   CNC 8   INF   Production -> 15 of 300
2019-12-30 11:11:38.312   CNC 8   INF   Processing takes 88.422835ms
2019-12-30 11:11:38.312   CNC 8   INF   Sleeping for 9.911472794s
2019-12-30 11:11:48.224   CNC 8   INF   Device still active
2019-12-30 11:11:48.225   CNC 8   INF   Production -> 16 of 300
2019-12-30 11:11:48.312   CNC 8   INF   Processing takes 87.492509ms
2019-12-30 11:11:48.312   CNC 8   INF   Sleeping for 9.912388834s
2019-12-30 11:11:58.226   CNC 8   INF   Device still active
2019-12-30 11:11:58.227   CNC 8   INF   Production -> 17 of 300
2019-12-30 11:11:58.304   CNC 8   INF   Processing takes 78.204302ms
2019-12-30 11:11:58.304   CNC 8   INF   Sleeping for 9.921661041s
2019-12-30 11:13:02.020   CNC 8   INF   Device started running
2019-12-30 11:13:02.020   CNC 8   INF   Device directory exists
2019-12-30 11:13:02.021   CNC 8   INF   Production -> 0 of 300
2019-12-30 11:13:02.115   CNC 8   INF   Processing takes 94.228708ms
2019-12-30 11:13:02.115   CNC 8   INF   Sleeping for 9.90531023s
2019-12-30 11:13:12.021   CNC 8   INF   Device still active
2019-12-30 11:13:12.021   CNC 8   INF   Production -> 1 of 300
2019-12-30 11:13:12.076   CNC 8   INF   Processing takes 55.267424ms
2019-12-30 11:13:12.076   CNC 8   INF   Sleeping for 9.944560313s
2019-12-30 11:13:22.023   CNC 8   INF   Device still active
2019-12-30 11:13:22.023   CNC 8   INF   Production -> 2 of 300
2019-12-30 11:13:22.085   CNC 8   INF   Processing takes 61.099973ms
2019-12-30 11:13:22.085   CNC 8   INF   Sleeping for 9.938742984s
2019-12-30 11:13:32.025   CNC 8   INF   Device still active
2019-12-30 11:13:32.025   CNC 8   INF   Production -> 3 of 300
2019-12-30 11:13:32.063   CNC 8   INF   Processing takes 38.203338ms
2019-12-30 11:13:32.063   CNC 8   INF   Sleeping for 9.961688837s
2019-12-30 11:13:42.030   CNC 8   INF   Device still active
2019-12-30 11:13:42.031   CNC 8   INF   Production -> 4 of 300
2019-12-30 11:13:42.086   CNC 8   INF   Processing takes 56.321704ms
2019-12-30 11:13:42.087   CNC 8   INF   Sleeping for 9.943561835s
2019-12-30 11:13:52.033   CNC 8   INF   Device still active
2019-12-30 11:13:52.033   CNC 8   INF   Production -> 5 of 300
2019-12-30 11:13:52.125   CNC 8   INF   Processing takes 92.012345ms
2019-12-30 11:13:52.125   CNC 8   INF   Sleeping for 9.907863331s
2019-12-30 11:14:02.036   CNC 8   INF   Device still active
2019-12-30 11:14:02.036   CNC 8   INF   Production -> 6 of 300
2019-12-30 11:14:02.121   CNC 8   INF   Processing takes 84.817869ms
2019-12-30 11:14:02.121   CNC 8   INF   Sleeping for 9.915109796s
2019-12-30 11:14:12.038   CNC 8   INF   Device still active
2019-12-30 11:14:12.039   CNC 8   INF   Production -> 7 of 300
2019-12-30 11:14:12.122   CNC 8   INF   Processing takes 83.276267ms
2019-12-30 11:14:12.122   CNC 8   INF   Sleeping for 9.916599145s
2019-12-30 11:14:22.039   CNC 8   INF   Device still active
2019-12-30 11:14:22.040   CNC 8   INF   Production -> 8 of 300
2019-12-30 11:14:22.100   CNC 8   INF   Processing takes 59.970455ms
2019-12-30 11:14:22.100   CNC 8   INF   Sleeping for 9.939934722s
2019-12-30 11:14:32.044   CNC 8   INF   Device still active
2019-12-30 11:14:32.044   CNC 8   INF   Production -> 9 of 300
2019-12-30 11:14:32.124   CNC 8   INF   Processing takes 79.994035ms
2019-12-30 11:14:32.124   CNC 8   INF   Sleeping for 9.919918225s
2019-12-30 11:14:42.048   CNC 8   INF   Device still active
2019-12-30 11:14:42.049   CNC 8   INF   Production -> 10 of 300
2019-12-30 11:14:42.121   CNC 8   INF   Processing takes 72.39805ms
2019-12-30 11:14:42.121   CNC 8   INF   Sleeping for 9.927471965s
2019-12-30 11:14:52.053   CNC 8   INF   Device still active
2019-12-30 11:14:52.054   CNC 8   INF   Production -> 11 of 300
2019-12-30 11:14:52.092   CNC 8   INF   Processing takes 38.700141ms
2019-12-30 11:14:52.092   CNC 8   INF   Sleeping for 9.96117194s
