2020-02-02 07:52:55.144   CNC 14   INF   Device started running
2020-02-02 07:52:55.144   CNC 14   INF   Device directory exists
2020-02-02 07:52:55.144   CNC 14   INF   Downtime -> 0 of 150
2020-02-02 07:52:55.346   CNC 14   INF   Processing takes 202.132607ms
2020-02-02 07:52:55.346   CNC 14   INF   Sleeping for 9.797710648s
2020-02-02 07:53:05.145   CNC 14   INF   Device still active
2020-02-02 07:53:05.147   CNC 14   INF   Downtime -> 1 of 150
2020-02-02 07:53:05.351   CNC 14   INF   Processing takes 205.650203ms
2020-02-02 07:53:05.351   CNC 14   INF   Sleeping for 9.794160268s
2020-02-02 07:53:15.146   CNC 14   INF   Device still active
2020-02-02 07:53:15.146   CNC 14   INF   Downtime -> 2 of 150
2020-02-02 07:53:15.585   CNC 14   INF   Processing takes 438.7034ms
2020-02-02 07:53:15.585   CNC 14   INF   Sleeping for 9.560948175s
2020-02-02 07:53:25.146   CNC 14   INF   Device still active
2020-02-02 07:53:25.146   CNC 14   INF   Downtime -> 3 of 150
2020-02-02 07:53:25.247   CNC 14   INF   Processing takes 100.080605ms
2020-02-02 07:53:25.247   CNC 14   INF   Sleeping for 9.899373185s
2020-02-02 07:53:35.147   CNC 14   INF   Device still active
2020-02-02 07:53:35.147   CNC 14   INF   Downtime -> 4 of 150
2020-02-02 07:53:35.347   CNC 14   INF   Processing takes 199.663848ms
2020-02-02 07:53:35.347   CNC 14   INF   Sleeping for 9.800167642s
2020-02-02 07:53:45.149   CNC 14   INF   Device still active
2020-02-02 07:53:45.150   CNC 14   INF   Downtime -> 5 of 150
2020-02-02 07:53:45.312   CNC 14   INF   Processing takes 162.488683ms
2020-02-02 07:53:45.313   CNC 14   INF   Sleeping for 9.836907077s
2020-02-02 07:53:55.150   CNC 14   INF   Device still active
2020-02-02 07:53:55.150   CNC 14   INF   Downtime -> 6 of 150
2020-02-02 07:53:55.335   CNC 14   INF   Processing takes 185.063502ms
2020-02-02 07:53:55.335   CNC 14   INF   Sleeping for 9.814505872s
2020-02-02 07:54:05.154   CNC 14   INF   Device still active
2020-02-02 07:54:05.154   CNC 14   INF   Downtime -> 7 of 150
2020-02-02 07:54:05.356   CNC 14   INF   Processing takes 201.88455ms
2020-02-02 07:54:05.356   CNC 14   INF   Sleeping for 9.797967552s
2020-02-02 07:54:15.154   CNC 14   INF   Device still active
2020-02-02 07:54:15.154   CNC 14   INF   Downtime -> 8 of 150
2020-02-02 07:54:15.388   CNC 14   INF   Processing takes 233.946836ms
2020-02-02 07:54:15.388   CNC 14   INF   Sleeping for 9.765904136s
2020-02-02 07:54:25.155   CNC 14   INF   Device still active
2020-02-02 07:54:25.155   CNC 14   INF   Downtime -> 9 of 150
2020-02-02 07:54:25.327   CNC 14   INF   Processing takes 171.485668ms
2020-02-02 07:54:25.327   CNC 14   INF   Sleeping for 9.828393934s
2020-02-02 07:54:35.156   CNC 14   INF   Device still active
2020-02-02 07:54:35.156   CNC 14   INF   Downtime -> 10 of 150
2020-02-02 07:54:35.329   CNC 14   INF   Processing takes 173.17242ms
2020-02-02 07:54:35.329   CNC 14   INF   Sleeping for 9.826664714s
2020-02-02 07:54:45.158   CNC 14   INF   Device still active
2020-02-02 07:54:45.159   CNC 14   INF   Downtime -> 11 of 150
2020-02-02 07:54:45.261   CNC 14   INF   Processing takes 102.185829ms
2020-02-02 07:54:45.261   CNC 14   INF   Sleeping for 9.897699123s
2020-02-02 07:54:55.163   CNC 14   INF   Device still active
2020-02-02 07:54:55.164   CNC 14   INF   Downtime -> 12 of 150
2020-02-02 07:54:55.406   CNC 14   INF   Processing takes 241.954639ms
2020-02-02 07:54:55.406   CNC 14   INF   Sleeping for 9.757642484s
2020-02-02 07:55:05.164   CNC 14   INF   Device still active
2020-02-02 07:55:05.164   CNC 14   INF   Downtime -> 13 of 150
2020-02-02 07:55:05.296   CNC 14   INF   Processing takes 131.520698ms
2020-02-02 07:55:05.296   CNC 14   INF   Sleeping for 9.868399109s
2020-02-02 07:55:15.165   CNC 14   INF   Device still active
2020-02-02 07:55:15.165   CNC 14   INF   Downtime -> 14 of 150
2020-02-02 07:55:15.370   CNC 14   INF   Processing takes 205.321989ms
2020-02-02 07:55:15.370   CNC 14   INF   Sleeping for 9.79453583s
2020-02-02 07:55:25.165   CNC 14   INF   Device still active
2020-02-02 07:55:25.166   CNC 14   INF   Downtime -> 15 of 150
2020-02-02 07:55:25.407   CNC 14   INF   Processing takes 241.300518ms
2020-02-02 07:55:25.407   CNC 14   INF   Sleeping for 9.758579798s
2020-02-02 07:55:35.169   CNC 14   INF   Device still active
2020-02-02 07:55:35.169   CNC 14   INF   Downtime -> 16 of 150
2020-02-02 07:55:35.525   CNC 14   INF   Processing takes 355.978135ms
2020-02-02 07:55:35.526   CNC 14   INF   Sleeping for 9.643593317s
2020-02-02 07:55:45.170   CNC 14   INF   Device still active
2020-02-02 07:55:45.170   CNC 14   INF   Downtime -> 17 of 150
2020-02-02 07:55:45.527   CNC 14   INF   Processing takes 356.919359ms
2020-02-02 07:55:45.527   CNC 14   INF   Sleeping for 9.642929649s
2020-02-02 07:55:55.174   CNC 14   INF   Device still active
2020-02-02 07:55:55.174   CNC 14   INF   Downtime -> 18 of 150
2020-02-02 07:55:55.323   CNC 14   INF   Processing takes 148.904485ms
2020-02-02 07:55:55.324   CNC 14   INF   Sleeping for 9.850395194s
2020-02-02 07:58:28.510   CNC 14   INF   Device started running
2020-02-02 07:58:28.511   CNC 14   INF   Device directory exists
2020-02-02 07:58:28.512   CNC 14   INF   Poweroff -> 0 of 150
2020-02-02 07:58:28.512   CNC 14   INF   Processing takes 661.593µs
2020-02-02 07:58:28.512   CNC 14   INF   Sleeping for 9.99910103s
2020-02-02 07:58:38.515   CNC 14   INF   Device still active
2020-02-02 07:58:38.515   CNC 14   INF   Poweroff -> 1 of 150
2020-02-02 07:58:38.516   CNC 14   INF   Processing takes 245.659µs
2020-02-02 07:58:38.516   CNC 14   INF   Sleeping for 9.999606725s
2020-02-02 07:58:48.518   CNC 14   INF   Device still active
2020-02-02 07:58:48.518   CNC 14   INF   Poweroff -> 2 of 150
2020-02-02 07:58:48.518   CNC 14   INF   Processing takes 185.689µs
2020-02-02 07:58:48.519   CNC 14   INF   Sleeping for 9.99946258s
2020-02-02 07:58:58.523   CNC 14   INF   Device still active
2020-02-02 07:58:58.525   CNC 14   INF   Poweroff -> 3 of 150
2020-02-02 07:58:58.525   CNC 14   INF   Processing takes 1.273416ms
2020-02-02 07:58:58.525   CNC 14   INF   Sleeping for 9.998553582s
2020-02-02 07:59:08.524   CNC 14   INF   Device still active
2020-02-02 07:59:08.524   CNC 14   INF   Poweroff -> 4 of 150
2020-02-02 07:59:08.524   CNC 14   INF   Processing takes 109.9µs
2020-02-02 07:59:08.524   CNC 14   INF   Sleeping for 9.999731604s
2020-02-02 07:59:18.526   CNC 14   INF   Device still active
2020-02-02 07:59:18.527   CNC 14   INF   Poweroff -> 5 of 150
2020-02-02 07:59:18.527   CNC 14   INF   Processing takes 306.784µs
2020-02-02 07:59:18.528   CNC 14   INF   Sleeping for 9.999264853s
2020-02-02 08:00:07.533   CNC 14   INF   Device started running
2020-02-02 08:00:07.533   CNC 14   INF   Device directory exists
2020-02-02 08:00:07.533   CNC 14   INF   Downtime -> 0 of 150
2020-02-02 08:00:07.672   CNC 14   INF   Processing takes 138.776387ms
2020-02-02 08:00:07.672   CNC 14   INF   Sleeping for 9.861089534s
2020-02-02 08:00:17.537   CNC 14   INF   Device still active
2020-02-02 08:00:17.538   CNC 14   INF   Downtime -> 1 of 150
2020-02-02 08:00:17.850   CNC 14   INF   Processing takes 312.66045ms
2020-02-02 08:00:17.851   CNC 14   INF   Sleeping for 9.686473452s
2020-02-02 08:00:27.543   CNC 14   INF   Device still active
2020-02-02 08:00:27.543   CNC 14   INF   Downtime -> 2 of 150
2020-02-02 08:00:27.797   CNC 14   INF   Processing takes 253.400163ms
2020-02-02 08:00:27.797   CNC 14   INF   Sleeping for 9.745945816s
2020-02-02 08:00:37.544   CNC 14   INF   Device still active
2020-02-02 08:00:37.544   CNC 14   INF   Downtime -> 3 of 150
2020-02-02 08:00:37.847   CNC 14   INF   Processing takes 302.832032ms
2020-02-02 08:00:37.847   CNC 14   INF   Sleeping for 9.696933943s
2020-02-02 08:00:47.545   CNC 14   INF   Device still active
2020-02-02 08:00:47.546   CNC 14   INF   Downtime -> 4 of 150
2020-02-02 08:00:47.938   CNC 14   INF   Processing takes 392.696771ms
2020-02-02 08:00:47.939   CNC 14   INF   Sleeping for 9.606620185s
2020-02-02 08:00:57.546   CNC 14   INF   Device still active
2020-02-02 08:00:57.547   CNC 14   INF   Downtime -> 5 of 150
2020-02-02 08:00:57.911   CNC 14   INF   Processing takes 364.455116ms
2020-02-02 08:00:57.911   CNC 14   INF   Sleeping for 9.635455725s
2020-02-02 08:01:07.548   CNC 14   INF   Device still active
2020-02-02 08:01:07.549   CNC 14   INF   Downtime -> 6 of 150
2020-02-02 08:01:07.945   CNC 14   INF   Processing takes 396.160946ms
2020-02-02 08:01:07.945   CNC 14   INF   Sleeping for 9.603558857s
2020-02-02 08:01:17.549   CNC 14   INF   Device still active
2020-02-02 08:01:17.549   CNC 14   INF   Downtime -> 7 of 150
2020-02-02 08:01:17.729   CNC 14   INF   Processing takes 179.697154ms
2020-02-02 08:01:17.729   CNC 14   INF   Sleeping for 9.820199001s
2020-02-02 08:01:27.551   CNC 14   INF   Device still active
2020-02-02 08:01:27.551   CNC 14   INF   Downtime -> 8 of 150
2020-02-02 08:01:27.786   CNC 14   INF   Processing takes 234.475957ms
2020-02-02 08:01:27.786   CNC 14   INF   Sleeping for 9.765406387s
2020-02-02 08:01:37.552   CNC 14   INF   Device still active
2020-02-02 08:01:37.552   CNC 14   INF   Downtime -> 9 of 150
2020-02-02 08:01:37.685   CNC 14   INF   Processing takes 133.011593ms
2020-02-02 08:01:37.686   CNC 14   INF   Sleeping for 9.866811538s
2020-02-02 08:01:47.553   CNC 14   INF   Device still active
2020-02-02 08:01:47.553   CNC 14   INF   Downtime -> 10 of 150
2020-02-02 08:01:47.692   CNC 14   INF   Processing takes 139.082189ms
2020-02-02 08:01:47.692   CNC 14   INF   Sleeping for 9.860807561s
2020-02-02 08:03:09.332   CNC 14   INF   Device started running
2020-02-02 08:03:09.333   CNC 14   INF   Device directory exists
2020-02-02 08:03:09.333   CNC 14   INF   Downtime -> 0 of 150
2020-02-02 08:03:09.515   CNC 14   INF   Processing takes 182.050934ms
2020-02-02 08:03:09.515   CNC 14   INF   Sleeping for 9.817847807s
2020-02-02 08:03:19.338   CNC 14   INF   Device still active
2020-02-02 08:03:19.339   CNC 14   INF   Downtime -> 1 of 150
2020-02-02 08:03:19.874   CNC 14   INF   Processing takes 534.119643ms
2020-02-02 08:03:19.874   CNC 14   INF   Sleeping for 9.464981577s
2020-02-02 08:03:29.342   CNC 14   INF   Device still active
2020-02-02 08:03:29.343   CNC 14   INF   Downtime -> 2 of 150
2020-02-02 08:03:29.637   CNC 14   INF   Processing takes 294.292407ms
2020-02-02 08:03:29.637   CNC 14   INF   Sleeping for 9.705583135s
2020-02-02 08:03:39.343   CNC 14   INF   Device still active
2020-02-02 08:03:39.344   CNC 14   INF   Downtime -> 3 of 150
2020-02-02 08:03:39.600   CNC 14   INF   Processing takes 255.941547ms
2020-02-02 08:03:39.600   CNC 14   INF   Sleeping for 9.743899275s
2020-02-02 08:03:49.344   CNC 14   INF   Device still active
2020-02-02 08:03:49.344   CNC 14   INF   Downtime -> 4 of 150
2020-02-02 08:03:49.500   CNC 14   INF   Processing takes 156.138537ms
2020-02-02 08:03:49.501   CNC 14   INF   Sleeping for 9.843366983s
2020-02-02 08:03:59.344   CNC 14   INF   Device still active
2020-02-02 08:03:59.344   CNC 14   INF   Downtime -> 5 of 150
2020-02-02 08:03:59.562   CNC 14   INF   Processing takes 217.75351ms
2020-02-02 08:03:59.562   CNC 14   INF   Sleeping for 9.782143187s
2020-02-02 08:04:09.348   CNC 14   INF   Device still active
2020-02-02 08:04:09.348   CNC 14   INF   Downtime -> 6 of 150
2020-02-02 08:04:09.533   CNC 14   INF   Processing takes 184.473748ms
2020-02-02 08:04:09.533   CNC 14   INF   Sleeping for 9.815441487s
2020-02-02 08:04:19.348   CNC 14   INF   Device still active
2020-02-02 08:04:19.349   CNC 14   INF   Downtime -> 7 of 150
2020-02-02 08:04:19.452   CNC 14   INF   Processing takes 103.104357ms
2020-02-02 08:04:19.452   CNC 14   INF   Sleeping for 9.89675734s
2020-02-02 08:04:29.349   CNC 14   INF   Device still active
2020-02-02 08:04:29.349   CNC 14   INF   Downtime -> 8 of 150
2020-02-02 08:04:29.473   CNC 14   INF   Processing takes 124.197947ms
2020-02-02 08:04:29.473   CNC 14   INF   Sleeping for 9.875714122s
2020-02-02 08:04:39.350   CNC 14   INF   Device still active
2020-02-02 08:04:39.351   CNC 14   INF   Downtime -> 9 of 150
2020-02-02 08:04:39.634   CNC 14   INF   Processing takes 283.790005ms
2020-02-02 08:04:39.635   CNC 14   INF   Sleeping for 9.715632547s
2020-02-02 08:04:49.354   CNC 14   INF   Device still active
2020-02-02 08:04:49.354   CNC 14   INF   Downtime -> 10 of 150
2020-02-02 08:04:49.679   CNC 14   INF   Processing takes 324.490619ms
2020-02-02 08:04:49.679   CNC 14   INF   Sleeping for 9.675408214s
2020-02-02 08:04:59.356   CNC 14   INF   Device still active
2020-02-02 08:04:59.356   CNC 14   INF   Downtime -> 11 of 150
2020-02-02 08:04:59.630   CNC 14   INF   Processing takes 273.818932ms
2020-02-02 08:04:59.631   CNC 14   INF   Sleeping for 9.725409608s
2020-02-02 08:05:09.357   CNC 14   INF   Device still active
2020-02-02 08:05:09.357   CNC 14   INF   Downtime -> 12 of 150
2020-02-02 08:05:09.560   CNC 14   INF   Processing takes 202.623779ms
2020-02-02 08:05:09.560   CNC 14   INF   Sleeping for 9.797206415s
2020-02-02 08:05:19.360   CNC 14   INF   Device still active
2020-02-02 08:05:19.361   CNC 14   INF   Downtime -> 13 of 150
2020-02-02 08:05:19.565   CNC 14   INF   Processing takes 204.72456ms
2020-02-02 08:05:19.565   CNC 14   INF   Sleeping for 9.795137604s
2020-02-02 08:05:29.366   CNC 14   INF   Device still active
2020-02-02 08:05:29.366   CNC 14   INF   Downtime -> 14 of 150
2020-02-02 08:05:29.608   CNC 14   INF   Processing takes 242.160379ms
2020-02-02 08:05:29.608   CNC 14   INF   Sleeping for 9.757727337s
2020-02-02 08:05:39.368   CNC 14   INF   Device still active
2020-02-02 08:05:39.368   CNC 14   INF   Downtime -> 15 of 150
2020-02-02 08:05:39.559   CNC 14   INF   Processing takes 190.164952ms
2020-02-02 08:05:39.559   CNC 14   INF   Sleeping for 9.808572607s
2020-02-02 08:05:49.372   CNC 14   INF   Device still active
2020-02-02 08:05:49.373   CNC 14   INF   Downtime -> 16 of 150
2020-02-02 08:05:49.639   CNC 14   INF   Processing takes 266.79698ms
2020-02-02 08:05:49.640   CNC 14   INF   Sleeping for 9.73290775s
2020-02-02 08:05:59.373   CNC 14   INF   Device still active
2020-02-02 08:05:59.373   CNC 14   INF   Downtime -> 17 of 150
2020-02-02 08:05:59.488   CNC 14   INF   Processing takes 115.035426ms
2020-02-02 08:05:59.488   CNC 14   INF   Sleeping for 9.884870957s
2020-02-02 08:06:09.374   CNC 14   INF   Device still active
2020-02-02 08:06:09.374   CNC 14   INF   Downtime -> 18 of 150
2020-02-02 08:06:09.552   CNC 14   INF   Processing takes 178.092501ms
2020-02-02 08:06:09.552   CNC 14   INF   Sleeping for 9.821446528s
2020-02-02 08:06:19.374   CNC 14   INF   Device still active
2020-02-02 08:06:19.374   CNC 14   INF   Downtime -> 19 of 150
2020-02-02 08:06:19.717   CNC 14   INF   Processing takes 342.52547ms
2020-02-02 08:06:19.718   CNC 14   INF   Sleeping for 9.656102111s
2020-02-02 08:06:29.379   CNC 14   INF   Device still active
2020-02-02 08:06:29.379   CNC 14   INF   Downtime -> 20 of 150
2020-02-02 08:06:29.499   CNC 14   INF   Processing takes 119.993872ms
2020-02-02 08:06:29.499   CNC 14   INF   Sleeping for 9.879789138s
2020-02-02 08:06:39.379   CNC 14   INF   Device still active
2020-02-02 08:06:39.379   CNC 14   INF   Downtime -> 21 of 150
2020-02-02 08:06:39.501   CNC 14   INF   Processing takes 121.495069ms
2020-02-02 08:06:39.501   CNC 14   INF   Sleeping for 9.878403465s
2020-02-02 08:06:49.380   CNC 14   INF   Device still active
2020-02-02 08:06:49.380   CNC 14   INF   Downtime -> 22 of 150
2020-02-02 08:06:49.523   CNC 14   INF   Processing takes 142.944275ms
2020-02-02 08:06:49.523   CNC 14   INF   Sleeping for 9.856942318s
2020-02-02 08:06:59.384   CNC 14   INF   Device still active
2020-02-02 08:06:59.385   CNC 14   INF   Downtime -> 23 of 150
2020-02-02 08:06:59.505   CNC 14   INF   Processing takes 120.076433ms
2020-02-02 08:06:59.505   CNC 14   INF   Sleeping for 9.879750752s
2020-02-02 08:07:09.385   CNC 14   INF   Device still active
2020-02-02 08:07:09.386   CNC 14   INF   Downtime -> 24 of 150
2020-02-02 08:07:09.533   CNC 14   INF   Processing takes 147.805685ms
2020-02-02 08:07:09.533   CNC 14   INF   Sleeping for 9.852079501s
2020-02-02 08:07:19.387   CNC 14   INF   Device still active
2020-02-02 08:07:19.388   CNC 14   INF   Downtime -> 25 of 150
2020-02-02 08:07:19.710   CNC 14   INF   Processing takes 323.008709ms
2020-02-02 08:07:19.710   CNC 14   INF   Sleeping for 9.676818286s
2020-02-02 08:07:29.390   CNC 14   INF   Device still active
2020-02-02 08:07:29.390   CNC 14   INF   Downtime -> 26 of 150
2020-02-02 08:07:29.510   CNC 14   INF   Processing takes 119.978688ms
2020-02-02 08:07:29.510   CNC 14   INF   Sleeping for 9.87993802s
2020-02-02 08:07:39.391   CNC 14   INF   Device still active
2020-02-02 08:07:39.392   CNC 14   INF   Downtime -> 27 of 150
2020-02-02 08:07:39.639   CNC 14   INF   Processing takes 247.259395ms
2020-02-02 08:07:39.640   CNC 14   INF   Sleeping for 9.751844969s
2020-02-02 08:07:49.393   CNC 14   INF   Device still active
2020-02-02 08:07:49.393   CNC 14   INF   Downtime -> 28 of 150
2020-02-02 08:07:49.571   CNC 14   INF   Processing takes 177.280387ms
2020-02-02 08:07:49.571   CNC 14   INF   Sleeping for 9.822562395s
2020-02-02 08:07:59.395   CNC 14   INF   Device still active
2020-02-02 08:07:59.395   CNC 14   INF   Downtime -> 29 of 150
2020-02-02 08:07:59.600   CNC 14   INF   Processing takes 204.855211ms
2020-02-02 08:07:59.600   CNC 14   INF   Sleeping for 9.795037273s
2020-02-02 08:08:09.396   CNC 14   INF   Device still active
2020-02-02 08:08:09.397   CNC 14   INF   Downtime -> 30 of 150
2020-02-02 08:08:09.578   CNC 14   INF   Processing takes 181.466903ms
2020-02-02 08:08:09.578   CNC 14   INF   Sleeping for 9.818441836s
2020-02-02 08:08:19.399   CNC 14   INF   Device still active
2020-02-02 08:08:19.400   CNC 14   INF   Downtime -> 31 of 150
2020-02-02 08:08:19.562   CNC 14   INF   Processing takes 161.587561ms
2020-02-02 08:08:19.562   CNC 14   INF   Sleeping for 9.838000047s
2020-02-02 08:08:29.400   CNC 14   INF   Device still active
2020-02-02 08:08:29.400   CNC 14   INF   Downtime -> 32 of 150
2020-02-02 08:08:29.411   CNC 14   INF   Processing takes 10.507749ms
2020-02-02 08:08:29.411   CNC 14   INF   Sleeping for 9.989422722s
2020-02-02 08:08:39.404   CNC 14   INF   Device still active
2020-02-02 08:08:39.404   CNC 14   INF   Downtime -> 33 of 150
2020-02-02 08:08:40.714   CNC 14   INF   Processing takes 1.309693094s
2020-02-02 08:08:40.714   CNC 14   INF   Sleeping for 8.690099563s
2020-02-02 08:08:49.408   CNC 14   INF   Device still active
2020-02-02 08:08:49.408   CNC 14   INF   Downtime -> 34 of 150
2020-02-02 08:08:50.728   CNC 14   INF   Processing takes 1.319114258s
2020-02-02 08:08:50.728   CNC 14   INF   Sleeping for 8.68002771s
