2020-02-02 07:52:55.143   CNC 12   INF   Device started running
2020-02-02 07:52:55.145   CNC 12   INF   Device directory exists
2020-02-02 07:52:55.145   CNC 12   INF   Production -> 0 of 300
2020-02-02 07:52:55.431   CNC 12   INF   Processing takes 285.71705ms
2020-02-02 07:52:55.431   CNC 12   INF   Sleeping for 9.714109807s
2020-02-02 07:53:05.146   CNC 12   INF   Device still active
2020-02-02 07:53:05.146   CNC 12   INF   Production -> 1 of 300
2020-02-02 07:53:05.408   CNC 12   INF   Processing takes 261.17382ms
2020-02-02 07:53:05.408   CNC 12   INF   Sleeping for 9.738183035s
2020-02-02 07:53:15.147   CNC 12   INF   Device still active
2020-02-02 07:53:15.147   CNC 12   INF   Production -> 2 of 300
2020-02-02 07:53:15.501   CNC 12   INF   Processing takes 354.371898ms
2020-02-02 07:53:15.501   CNC 12   INF   Sleeping for 9.645434405s
2020-02-02 07:53:25.147   CNC 12   INF   Device still active
2020-02-02 07:53:25.147   CNC 12   INF   Production -> 3 of 300
2020-02-02 07:53:25.401   CNC 12   INF   Processing takes 253.512091ms
2020-02-02 07:53:25.401   CNC 12   INF   Sleeping for 9.746194245s
2020-02-02 07:53:35.148   CNC 12   INF   Device still active
2020-02-02 07:53:35.148   CNC 12   INF   Production -> 4 of 300
2020-02-02 07:53:35.392   CNC 12   INF   Processing takes 243.994246ms
2020-02-02 07:53:35.392   CNC 12   INF   Sleeping for 9.75584984s
2020-02-02 07:53:45.149   CNC 12   INF   Device still active
2020-02-02 07:53:45.149   CNC 12   INF   Production -> 5 of 300
2020-02-02 07:53:45.528   CNC 12   INF   Processing takes 378.583095ms
2020-02-02 07:53:45.528   CNC 12   INF   Sleeping for 9.621280837s
2020-02-02 07:53:55.150   CNC 12   INF   Device still active
2020-02-02 07:53:55.150   CNC 12   INF   Production -> 6 of 300
2020-02-02 07:53:55.478   CNC 12   INF   Processing takes 328.122211ms
2020-02-02 07:53:55.479   CNC 12   INF   Sleeping for 9.67087297s
2020-02-02 07:54:05.150   CNC 12   INF   Device still active
2020-02-02 07:54:05.150   CNC 12   INF   Production -> 7 of 300
2020-02-02 07:54:05.326   CNC 12   INF   Processing takes 175.514776ms
2020-02-02 07:54:05.326   CNC 12   INF   Sleeping for 9.824354319s
2020-02-02 07:54:15.154   CNC 12   INF   Device still active
2020-02-02 07:54:15.154   CNC 12   INF   Production -> 8 of 300
2020-02-02 07:54:15.397   CNC 12   INF   Processing takes 242.69287ms
2020-02-02 07:54:15.397   CNC 12   INF   Sleeping for 9.756675153s
2020-02-02 07:54:25.155   CNC 12   INF   Device still active
2020-02-02 07:54:25.155   CNC 12   INF   Production -> 9 of 300
2020-02-02 07:54:25.420   CNC 12   INF   Processing takes 264.963557ms
2020-02-02 07:54:25.420   CNC 12   INF   Sleeping for 9.734884488s
2020-02-02 07:54:35.158   CNC 12   INF   Device still active
2020-02-02 07:54:35.158   CNC 12   INF   Production -> 10 of 300
2020-02-02 07:54:35.348   CNC 12   INF   Processing takes 189.509802ms
2020-02-02 07:54:35.348   CNC 12   INF   Sleeping for 9.810347758s
2020-02-02 07:54:45.159   CNC 12   INF   Device still active
2020-02-02 07:54:45.159   CNC 12   INF   Production -> 11 of 300
2020-02-02 07:54:45.417   CNC 12   INF   Processing takes 258.446574ms
2020-02-02 07:54:45.417   CNC 12   INF   Sleeping for 9.741343899s
2020-02-02 07:54:55.163   CNC 12   INF   Device still active
2020-02-02 07:54:55.164   CNC 12   INF   Production -> 12 of 300
2020-02-02 07:54:55.493   CNC 12   INF   Processing takes 329.421957ms
2020-02-02 07:54:55.494   CNC 12   INF   Sleeping for 9.669915493s
2020-02-02 07:55:05.164   CNC 12   INF   Device still active
2020-02-02 07:55:05.164   CNC 12   INF   Production -> 13 of 300
2020-02-02 07:55:05.377   CNC 12   INF   Processing takes 213.09004ms
2020-02-02 07:55:05.377   CNC 12   INF   Sleeping for 9.786751583s
2020-02-02 07:55:15.165   CNC 12   INF   Device still active
2020-02-02 07:55:15.165   CNC 12   INF   Production -> 14 of 300
2020-02-02 07:55:15.403   CNC 12   INF   Processing takes 238.623681ms
2020-02-02 07:55:15.404   CNC 12   INF   Sleeping for 9.761191115s
2020-02-02 07:55:25.165   CNC 12   INF   Device still active
2020-02-02 07:55:25.166   CNC 12   INF   Production -> 15 of 300
2020-02-02 07:55:25.505   CNC 12   INF   Processing takes 339.726757ms
2020-02-02 07:55:25.505   CNC 12   INF   Sleeping for 9.660089843s
2020-02-02 07:55:35.169   CNC 12   INF   Device still active
2020-02-02 07:55:35.171   CNC 12   INF   Production -> 16 of 300
2020-02-02 07:55:35.812   CNC 12   INF   Processing takes 642.516828ms
2020-02-02 07:55:35.812   CNC 12   INF   Sleeping for 9.356976022s
2020-02-02 07:55:45.169   CNC 12   INF   Device still active
2020-02-02 07:55:45.171   CNC 12   INF   Production -> 17 of 300
2020-02-02 07:55:45.572   CNC 12   INF   Processing takes 402.026437ms
2020-02-02 07:55:45.573   CNC 12   INF   Sleeping for 9.596718649s
2020-02-02 07:55:55.174   CNC 12   INF   Device still active
2020-02-02 07:55:55.174   CNC 12   INF   Production -> 18 of 300
2020-02-02 07:55:55.440   CNC 12   INF   Processing takes 265.701599ms
2020-02-02 07:55:55.441   CNC 12   INF   Sleeping for 9.733406485s
2020-02-02 07:58:28.510   CNC 12   INF   Device started running
2020-02-02 07:58:28.511   CNC 12   INF   Device directory exists
2020-02-02 07:58:28.511   CNC 12   INF   Production -> 0 of 300
2020-02-02 07:58:28.993   CNC 12   INF   Processing takes 482.3977ms
2020-02-02 07:58:28.994   CNC 12   INF   Sleeping for 9.517458819s
2020-02-02 07:58:38.515   CNC 12   INF   Device still active
2020-02-02 07:58:38.515   CNC 12   INF   Production -> 1 of 300
2020-02-02 07:58:38.893   CNC 12   INF   Processing takes 377.064697ms
2020-02-02 07:58:38.893   CNC 12   INF   Sleeping for 9.622519102s
2020-02-02 07:58:48.517   CNC 12   INF   Device still active
2020-02-02 07:58:48.518   CNC 12   INF   Production -> 2 of 300
2020-02-02 07:58:48.807   CNC 12   INF   Processing takes 289.322495ms
2020-02-02 07:58:48.807   CNC 12   INF   Sleeping for 9.710514318s
2020-02-02 07:58:58.523   CNC 12   INF   Device still active
2020-02-02 07:58:58.524   CNC 12   INF   Production -> 3 of 300
2020-02-02 07:58:58.781   CNC 12   INF   Processing takes 257.198983ms
2020-02-02 07:58:58.781   CNC 12   INF   Sleeping for 9.741893519s
2020-02-02 07:59:08.524   CNC 12   INF   Device still active
2020-02-02 07:59:08.524   CNC 12   INF   Production -> 4 of 300
2020-02-02 07:59:08.629   CNC 12   INF   Processing takes 104.803577ms
2020-02-02 07:59:08.629   CNC 12   INF   Sleeping for 9.895009496s
2020-02-02 07:59:18.526   CNC 12   INF   Device still active
2020-02-02 07:59:18.526   CNC 12   INF   Production -> 5 of 300
2020-02-02 07:59:18.629   CNC 12   INF   Processing takes 103.122138ms
2020-02-02 07:59:18.629   CNC 12   INF   Sleeping for 9.896727773s
2020-02-02 08:00:07.533   CNC 12   INF   Device started running
2020-02-02 08:00:07.533   CNC 12   INF   Device directory exists
2020-02-02 08:00:07.534   CNC 12   INF   Production -> 0 of 300
2020-02-02 08:00:07.765   CNC 12   INF   Processing takes 231.477976ms
2020-02-02 08:00:07.765   CNC 12   INF   Sleeping for 9.768405984s
2020-02-02 08:00:17.537   CNC 12   INF   Device still active
2020-02-02 08:00:17.538   CNC 12   INF   Production -> 1 of 300
2020-02-02 08:00:17.769   CNC 12   INF   Processing takes 231.754964ms
2020-02-02 08:00:17.769   CNC 12   INF   Sleeping for 9.768028497s
2020-02-02 08:00:27.539   CNC 12   INF   Device still active
2020-02-02 08:00:27.540   CNC 12   INF   Production -> 2 of 300
2020-02-02 08:00:27.915   CNC 12   INF   Processing takes 375.735584ms
2020-02-02 08:00:27.915   CNC 12   INF   Sleeping for 9.624124514s
2020-02-02 08:00:37.540   CNC 12   INF   Device still active
2020-02-02 08:00:37.541   CNC 12   INF   Production -> 3 of 300
2020-02-02 08:00:37.722   CNC 12   INF   Processing takes 181.609887ms
2020-02-02 08:00:37.722   CNC 12   INF   Sleeping for 9.818064462s
2020-02-02 08:00:47.545   CNC 12   INF   Device still active
2020-02-02 08:00:47.546   CNC 12   INF   Production -> 4 of 300
2020-02-02 08:00:48.118   CNC 12   INF   Processing takes 572.877544ms
2020-02-02 08:00:48.119   CNC 12   INF   Sleeping for 9.426929159s
2020-02-02 08:00:57.546   CNC 12   INF   Device still active
2020-02-02 08:00:57.547   CNC 12   INF   Production -> 5 of 300
2020-02-02 08:00:58.099   CNC 12   INF   Processing takes 552.498101ms
2020-02-02 08:00:58.099   CNC 12   INF   Sleeping for 9.44720903s
2020-02-02 08:01:07.548   CNC 12   INF   Device still active
2020-02-02 08:01:07.549   CNC 12   INF   Production -> 6 of 300
2020-02-02 08:01:08.114   CNC 12   INF   Processing takes 565.649893ms
2020-02-02 08:01:08.114   CNC 12   INF   Sleeping for 9.434190205s
2020-02-02 08:01:17.549   CNC 12   INF   Device still active
2020-02-02 08:01:17.549   CNC 12   INF   Production -> 7 of 300
2020-02-02 08:01:17.742   CNC 12   INF   Processing takes 192.759169ms
2020-02-02 08:01:17.742   CNC 12   INF   Sleeping for 9.807158566s
2020-02-02 08:01:27.551   CNC 12   INF   Device still active
2020-02-02 08:01:27.551   CNC 12   INF   Production -> 8 of 300
2020-02-02 08:01:27.741   CNC 12   INF   Processing takes 190.074921ms
2020-02-02 08:01:27.741   CNC 12   INF   Sleeping for 9.809809146s
2020-02-02 08:01:37.551   CNC 12   INF   Device still active
2020-02-02 08:01:37.551   CNC 12   INF   Production -> 9 of 300
2020-02-02 08:01:37.733   CNC 12   INF   Processing takes 181.881987ms
2020-02-02 08:01:37.734   CNC 12   INF   Sleeping for 9.817700216s
2020-02-02 08:01:47.553   CNC 12   INF   Device still active
2020-02-02 08:01:47.554   CNC 12   INF   Production -> 10 of 300
2020-02-02 08:01:47.874   CNC 12   INF   Processing takes 320.450932ms
2020-02-02 08:01:47.874   CNC 12   INF   Sleeping for 9.679409713s
2020-02-02 08:03:09.332   CNC 12   INF   Device started running
2020-02-02 08:03:09.332   CNC 12   INF   Device directory exists
2020-02-02 08:03:09.333   CNC 12   INF   Poweroff -> 0 of 150
2020-02-02 08:03:09.333   CNC 12   INF   Processing takes 87.328µs
2020-02-02 08:03:09.333   CNC 12   INF   Sleeping for 9.999737025s
2020-02-02 08:03:19.339   CNC 12   INF   Device still active
2020-02-02 08:03:19.340   CNC 12   INF   Poweroff -> 1 of 150
2020-02-02 08:03:19.341   CNC 12   INF   Processing takes 1.453826ms
2020-02-02 08:03:19.341   CNC 12   INF   Sleeping for 9.998186224s
2020-02-02 08:03:29.342   CNC 12   INF   Device still active
2020-02-02 08:03:29.342   CNC 12   INF   Poweroff -> 2 of 150
2020-02-02 08:03:29.343   CNC 12   INF   Processing takes 271.179µs
2020-02-02 08:03:29.343   CNC 12   INF   Sleeping for 9.999143857s
2020-02-02 08:03:39.343   CNC 12   INF   Device still active
2020-02-02 08:03:39.344   CNC 12   INF   Poweroff -> 3 of 150
2020-02-02 08:03:39.344   CNC 12   INF   Processing takes 377.23µs
2020-02-02 08:03:39.344   CNC 12   INF   Sleeping for 9.99947668s
2020-02-02 08:03:49.344   CNC 12   INF   Device still active
2020-02-02 08:03:49.344   CNC 12   INF   Poweroff -> 4 of 150
2020-02-02 08:03:49.344   CNC 12   INF   Processing takes 97.814µs
2020-02-02 08:03:49.344   CNC 12   INF   Sleeping for 9.999816613s
2020-02-02 08:03:59.345   CNC 12   INF   Device still active
2020-02-02 08:03:59.345   CNC 12   INF   Poweroff -> 5 of 150
2020-02-02 08:03:59.345   CNC 12   INF   Processing takes 70.221µs
2020-02-02 08:03:59.345   CNC 12   INF   Sleeping for 9.999807393s
2020-02-02 08:04:09.348   CNC 12   INF   Device still active
2020-02-02 08:04:09.348   CNC 12   INF   Poweroff -> 6 of 150
2020-02-02 08:04:09.348   CNC 12   INF   Processing takes 85.67µs
2020-02-02 08:04:09.349   CNC 12   INF   Sleeping for 9.999818739s
2020-02-02 08:04:19.349   CNC 12   INF   Device still active
2020-02-02 08:04:19.349   CNC 12   INF   Poweroff -> 7 of 150
2020-02-02 08:04:19.349   CNC 12   INF   Processing takes 243.686µs
2020-02-02 08:04:19.349   CNC 12   INF   Sleeping for 9.999634764s
2020-02-02 08:04:29.350   CNC 12   INF   Device still active
2020-02-02 08:04:29.350   CNC 12   INF   Poweroff -> 8 of 150
2020-02-02 08:04:29.350   CNC 12   INF   Processing takes 85.905µs
2020-02-02 08:04:29.350   CNC 12   INF   Sleeping for 9.999829923s
2020-02-02 08:04:39.350   CNC 12   INF   Device still active
2020-02-02 08:04:39.351   CNC 12   INF   Poweroff -> 9 of 150
2020-02-02 08:04:39.351   CNC 12   INF   Processing takes 165.968µs
2020-02-02 08:04:39.351   CNC 12   INF   Sleeping for 9.999647231s
2020-02-02 08:04:49.356   CNC 12   INF   Device still active
2020-02-02 08:04:49.356   CNC 12   INF   Poweroff -> 10 of 150
2020-02-02 08:04:49.356   CNC 12   INF   Processing takes 90.908µs
2020-02-02 08:04:49.356   CNC 12   INF   Sleeping for 9.999772795s
2020-02-02 08:04:59.357   CNC 12   INF   Device still active
2020-02-02 08:04:59.358   CNC 12   INF   Poweroff -> 11 of 150
2020-02-02 08:04:59.358   CNC 12   INF   Processing takes 174.867µs
2020-02-02 08:04:59.358   CNC 12   INF   Sleeping for 9.99964839s
2020-02-02 08:05:09.359   CNC 12   INF   Device still active
2020-02-02 08:05:09.359   CNC 12   INF   Poweroff -> 12 of 150
2020-02-02 08:05:09.359   CNC 12   INF   Processing takes 78.639µs
2020-02-02 08:05:09.359   CNC 12   INF   Sleeping for 9.999816973s
2020-02-02 08:05:19.360   CNC 12   INF   Device still active
2020-02-02 08:05:19.361   CNC 12   INF   Poweroff -> 13 of 150
2020-02-02 08:05:19.361   CNC 12   INF   Processing takes 515.028µs
2020-02-02 08:05:19.362   CNC 12   INF   Sleeping for 9.999344208s
2020-02-02 08:05:29.363   CNC 12   INF   Device still active
2020-02-02 08:05:29.363   CNC 12   INF   Poweroff -> 14 of 150
2020-02-02 08:05:29.366   CNC 12   INF   Processing takes 796.408µs
2020-02-02 08:05:29.366   CNC 12   INF   Sleeping for 9.996653725s
2020-02-02 08:05:39.368   CNC 12   INF   Device still active
2020-02-02 08:05:39.369   CNC 12   INF   Poweroff -> 15 of 150
2020-02-02 08:05:39.369   CNC 12   INF   Processing takes 982.577µs
2020-02-02 08:05:39.369   CNC 12   INF   Sleeping for 9.998598889s
2020-02-02 08:05:49.372   CNC 12   INF   Device still active
2020-02-02 08:05:49.373   CNC 12   INF   Poweroff -> 16 of 150
2020-02-02 08:05:49.373   CNC 12   INF   Processing takes 275.913µs
2020-02-02 08:05:49.374   CNC 12   INF   Sleeping for 9.999115314s
2020-02-02 08:05:59.373   CNC 12   INF   Device still active
2020-02-02 08:05:59.374   CNC 12   INF   Poweroff -> 17 of 150
2020-02-02 08:05:59.374   CNC 12   INF   Processing takes 113.006µs
2020-02-02 08:05:59.374   CNC 12   INF   Sleeping for 9.999580373s
2020-02-02 08:06:09.374   CNC 12   INF   Device still active
2020-02-02 08:06:09.374   CNC 12   INF   Poweroff -> 18 of 150
2020-02-02 08:06:09.375   CNC 12   INF   Processing takes 118.264µs
2020-02-02 08:06:09.375   CNC 12   INF   Sleeping for 9.999751779s
2020-02-02 08:06:19.375   CNC 12   INF   Device still active
2020-02-02 08:06:19.375   CNC 12   INF   Poweroff -> 19 of 150
2020-02-02 08:06:19.375   CNC 12   INF   Processing takes 339.125µs
2020-02-02 08:06:19.375   CNC 12   INF   Sleeping for 9.999555237s
2020-02-02 08:06:29.378   CNC 12   INF   Device still active
2020-02-02 08:06:29.379   CNC 12   INF   Poweroff -> 20 of 150
2020-02-02 08:06:29.379   CNC 12   INF   Processing takes 404.897µs
2020-02-02 08:06:29.379   CNC 12   INF   Sleeping for 9.999449244s
2020-02-02 08:06:39.379   CNC 12   INF   Device still active
2020-02-02 08:06:39.379   CNC 12   INF   Poweroff -> 21 of 150
2020-02-02 08:06:39.379   CNC 12   INF   Processing takes 377.099µs
2020-02-02 08:06:39.380   CNC 12   INF   Sleeping for 9.999462369s
2020-02-02 08:06:49.380   CNC 12   INF   Device still active
2020-02-02 08:06:49.380   CNC 12   INF   Poweroff -> 22 of 150
2020-02-02 08:06:49.381   CNC 12   INF   Processing takes 363.556µs
2020-02-02 08:06:49.381   CNC 12   INF   Sleeping for 9.99934435s
2020-02-02 08:06:59.384   CNC 12   INF   Device still active
2020-02-02 08:06:59.385   CNC 12   INF   Poweroff -> 23 of 150
2020-02-02 08:06:59.385   CNC 12   INF   Processing takes 215.326µs
2020-02-02 08:06:59.385   CNC 12   INF   Sleeping for 9.99965038s
2020-02-02 08:07:09.385   CNC 12   INF   Device still active
2020-02-02 08:07:09.386   CNC 12   INF   Poweroff -> 24 of 150
2020-02-02 08:07:09.386   CNC 12   INF   Processing takes 271.703µs
2020-02-02 08:07:09.386   CNC 12   INF   Sleeping for 9.999566204s
2020-02-02 08:07:19.386   CNC 12   INF   Device still active
2020-02-02 08:07:19.387   CNC 12   INF   Poweroff -> 25 of 150
2020-02-02 08:07:19.388   CNC 12   INF   Processing takes 371.145µs
2020-02-02 08:07:19.388   CNC 12   INF   Sleeping for 9.998772398s
2020-02-02 08:07:29.390   CNC 12   INF   Device still active
2020-02-02 08:07:29.390   CNC 12   INF   Poweroff -> 26 of 150
2020-02-02 08:07:29.391   CNC 12   INF   Processing takes 92.012µs
2020-02-02 08:07:29.391   CNC 12   INF   Sleeping for 9.999705474s
2020-02-02 08:07:39.392   CNC 12   INF   Device still active
2020-02-02 08:07:39.392   CNC 12   INF   Poweroff -> 27 of 150
2020-02-02 08:07:39.393   CNC 12   INF   Processing takes 339.303µs
2020-02-02 08:07:39.393   CNC 12   INF   Sleeping for 9.999493585s
2020-02-02 08:07:49.393   CNC 12   INF   Device still active
2020-02-02 08:07:49.394   CNC 12   INF   Poweroff -> 28 of 150
2020-02-02 08:07:49.394   CNC 12   INF   Processing takes 546.789µs
2020-02-02 08:07:49.394   CNC 12   INF   Sleeping for 9.999205251s
2020-02-02 08:07:59.395   CNC 12   INF   Device still active
2020-02-02 08:07:59.395   CNC 12   INF   Poweroff -> 29 of 150
2020-02-02 08:07:59.396   CNC 12   INF   Processing takes 353.119µs
2020-02-02 08:07:59.396   CNC 12   INF   Sleeping for 9.999448738s
2020-02-02 08:08:09.396   CNC 12   INF   Device still active
2020-02-02 08:08:09.397   CNC 12   INF   Poweroff -> 30 of 150
2020-02-02 08:08:09.397   CNC 12   INF   Processing takes 192.708µs
2020-02-02 08:08:09.397   CNC 12   INF   Sleeping for 9.99972568s
2020-02-02 08:08:19.399   CNC 12   INF   Device still active
2020-02-02 08:08:19.400   CNC 12   INF   Poweroff -> 31 of 150
2020-02-02 08:08:19.400   CNC 12   INF   Processing takes 220.367µs
2020-02-02 08:08:19.400   CNC 12   INF   Sleeping for 9.999695142s
2020-02-02 08:08:29.401   CNC 12   INF   Device still active
2020-02-02 08:08:29.401   CNC 12   INF   Poweroff -> 32 of 150
2020-02-02 08:08:29.401   CNC 12   INF   Processing takes 514.582µs
2020-02-02 08:08:29.401   CNC 12   INF   Sleeping for 9.999380539s
2020-02-02 08:08:39.405   CNC 12   INF   Device still active
2020-02-02 08:08:39.405   CNC 12   INF   Poweroff -> 33 of 150
2020-02-02 08:08:39.405   CNC 12   INF   Processing takes 126.421µs
2020-02-02 08:08:39.405   CNC 12   INF   Sleeping for 9.999771491s
2020-02-02 08:08:49.408   CNC 12   INF   Device still active
2020-02-02 08:08:49.408   CNC 12   INF   Poweroff -> 34 of 150
2020-02-02 08:08:49.409   CNC 12   INF   Processing takes 211.888µs
2020-02-02 08:08:49.409   CNC 12   INF   Sleeping for 9.999213277s
2020-02-02 08:12:09.380   CNC 12   INF   Device started running
2020-02-02 08:12:09.380   CNC 12   INF   Device directory exists
2020-02-02 08:12:09.381   CNC 12   INF   Poweroff -> 0 of 150
2020-02-02 08:12:09.381   CNC 12   INF   Processing takes 515.55µs
2020-02-02 08:12:09.381   CNC 12   INF   Sleeping for 9.99936714s
2020-02-02 08:12:19.387   CNC 12   INF   Device still active
2020-02-02 08:12:19.388   CNC 12   INF   Poweroff -> 1 of 150
2020-02-02 08:12:19.388   CNC 12   INF   Processing takes 745.084µs
2020-02-02 08:12:19.388   CNC 12   INF   Sleeping for 9.998785165s
2020-02-02 08:12:29.392   CNC 12   INF   Device still active
2020-02-02 08:12:29.392   CNC 12   INF   Poweroff -> 2 of 150
2020-02-02 08:12:29.393   CNC 12   INF   Processing takes 391.749µs
2020-02-02 08:12:29.393   CNC 12   INF   Sleeping for 9.99944401s
2020-02-02 08:12:39.396   CNC 12   INF   Device still active
2020-02-02 08:12:39.396   CNC 12   INF   Poweroff -> 3 of 150
2020-02-02 08:12:39.396   CNC 12   INF   Processing takes 315.932µs
2020-02-02 08:12:39.397   CNC 12   INF   Sleeping for 9.999349971s
2020-02-02 08:12:49.398   CNC 12   INF   Device still active
2020-02-02 08:12:49.399   CNC 12   INF   Poweroff -> 4 of 150
2020-02-02 08:12:49.399   CNC 12   INF   Processing takes 494.34µs
2020-02-02 08:12:49.399   CNC 12   INF   Sleeping for 9.999201485s
2020-02-02 08:12:59.403   CNC 12   INF   Device still active
2020-02-02 08:12:59.404   CNC 12   INF   Poweroff -> 5 of 150
2020-02-02 08:12:59.404   CNC 12   INF   Processing takes 532.803µs
2020-02-02 08:12:59.404   CNC 12   INF   Sleeping for 9.999153368s
2020-02-02 08:13:09.408   CNC 12   INF   Device still active
2020-02-02 08:13:09.409   CNC 12   INF   Poweroff -> 6 of 150
2020-02-02 08:13:09.409   CNC 12   INF   Processing takes 198.965µs
2020-02-02 08:13:09.409   CNC 12   INF   Sleeping for 9.999660711s
2020-02-02 08:13:19.412   CNC 12   INF   Device still active
2020-02-02 08:13:19.412   CNC 12   INF   Poweroff -> 7 of 150
2020-02-02 08:13:19.412   CNC 12   INF   Processing takes 167.564µs
2020-02-02 08:13:19.412   CNC 12   INF   Sleeping for 9.999573477s
2020-02-02 08:13:29.415   CNC 12   INF   Device still active
2020-02-02 08:13:29.415   CNC 12   INF   Poweroff -> 8 of 150
2020-02-02 08:13:29.415   CNC 12   INF   Processing takes 291.896µs
2020-02-02 08:13:29.415   CNC 12   INF   Sleeping for 9.999426086s
2020-02-02 08:13:39.416   CNC 12   INF   Device still active
2020-02-02 08:13:39.416   CNC 12   INF   Poweroff -> 9 of 150
2020-02-02 08:13:39.416   CNC 12   INF   Processing takes 109.939µs
2020-02-02 08:13:39.416   CNC 12   INF   Sleeping for 9.99979231s
2020-02-02 08:13:49.418   CNC 12   INF   Device still active
2020-02-02 08:13:49.420   CNC 12   INF   Poweroff -> 10 of 150
2020-02-02 08:13:49.420   CNC 12   INF   Processing takes 2.038246ms
2020-02-02 08:13:49.420   CNC 12   INF   Sleeping for 9.997793165s
2020-02-02 08:13:59.422   CNC 12   INF   Device still active
2020-02-02 08:13:59.422   CNC 12   INF   Poweroff -> 11 of 150
2020-02-02 08:13:59.422   CNC 12   INF   Processing takes 208.596µs
2020-02-02 08:13:59.422   CNC 12   INF   Sleeping for 9.999638561s
2020-02-02 08:14:09.422   CNC 12   INF   Device still active
2020-02-02 08:14:09.423   CNC 12   INF   Poweroff -> 12 of 150
2020-02-02 08:14:09.423   CNC 12   INF   Processing takes 686.199µs
2020-02-02 08:14:09.423   CNC 12   INF   Sleeping for 9.999192236s
2020-02-02 08:14:19.428   CNC 12   INF   Device still active
2020-02-02 08:14:19.428   CNC 12   INF   Poweroff -> 13 of 150
2020-02-02 08:14:19.428   CNC 12   INF   Processing takes 305.104µs
2020-02-02 08:14:19.429   CNC 12   INF   Sleeping for 9.999496841s
2020-02-02 08:14:29.429   CNC 12   INF   Device still active
2020-02-02 08:14:29.430   CNC 12   INF   Poweroff -> 14 of 150
2020-02-02 08:14:29.430   CNC 12   INF   Processing takes 402.366µs
2020-02-02 08:14:29.430   CNC 12   INF   Sleeping for 9.999338851s
2020-02-02 11:11:35.760   CNC 12   INF   Device started running
2020-02-02 11:11:35.761   CNC 12   INF   Device directory exists
2020-02-02 11:11:35.762   CNC 12   INF   Poweroff -> 0 of 150
2020-02-02 11:11:35.762   CNC 12   INF   Processing takes 208.637µs
2020-02-02 11:11:35.762   CNC 12   INF   Sleeping for 9.999578126s
2020-02-02 11:13:42.722   CNC 12   INF   Device started running
2020-02-02 11:13:42.724   CNC 12   INF   Device directory exists
2020-02-02 11:13:42.724   CNC 12   INF   Production -> 0 of 300
2020-02-02 11:13:42.845   CNC 12   INF   Processing takes 120.670131ms
2020-02-02 11:13:42.845   CNC 12   INF   Sleeping for 9.879192991s
2020-02-02 11:14:02.294   CNC 12   INF   Device started running
2020-02-02 11:14:02.295   CNC 12   INF   Device directory exists
2020-02-02 11:14:02.295   CNC 12   INF   Poweroff -> 0 of 150
2020-02-02 11:14:02.295   CNC 12   INF   Processing takes 131.925µs
2020-02-02 11:14:02.295   CNC 12   INF   Sleeping for 9.999754082s
2020-02-02 11:17:38.053   CNC 12   INF   Device started running
2020-02-02 11:17:38.055   CNC 12   INF   Device directory exists
2020-02-02 11:17:38.055   CNC 12   INF   Downtime -> 0 of 150
2020-02-02 11:17:38.240   CNC 12   INF   Processing takes 184.922202ms
2020-02-02 11:17:38.241   CNC 12   INF   Sleeping for 9.814854479s
2020-02-02 11:19:37.131   CNC 12   INF   Device started running
2020-02-02 11:19:37.132   CNC 12   INF   Device directory exists
2020-02-02 11:19:37.132   CNC 12   INF   Downtime -> 0 of 150
2020-02-02 11:19:37.315   CNC 12   INF   Processing takes 183.214896ms
2020-02-02 11:19:37.315   CNC 12   INF   Sleeping for 9.816614138s
2020-02-02 11:20:19.117   CNC 12   INF   Device started running
2020-02-02 11:20:19.118   CNC 12   INF   Device directory exists
2020-02-02 11:20:19.118   CNC 12   INF   Production -> 0 of 300
2020-02-02 11:20:19.360   CNC 12   INF   Processing takes 242.120958ms
2020-02-02 11:20:19.361   CNC 12   INF   Sleeping for 9.757510477s
