2020-02-29 10:01:05.050   CNC 4   INF   Device started running
2020-02-29 10:01:05.050   CNC 4   INF   Device directory exists
2020-02-29 10:01:05.051   CNC 4   INF   Poweroff -> 0 of 150
2020-02-29 10:01:05.051   CNC 4   INF   Processing takes 441.349µs
2020-02-29 10:01:05.051   CNC 4   INF   Sleeping for 9.999403498s
2020-02-29 10:01:15.051   CNC 4   INF   Device still active
2020-02-29 10:01:15.052   CNC 4   INF   Poweroff -> 1 of 150
2020-02-29 10:01:15.052   CNC 4   INF   Processing takes 325.359µs
2020-02-29 10:01:15.052   CNC 4   INF   Sleeping for 9.999305931s
2020-02-29 10:01:25.052   CNC 4   INF   Device not active
2020-02-29 10:01:25.052   CNC 4   INF   Device not active, stopped running
2020-02-29 10:01:25.060   CNC 4   INF   Device started running
2020-02-29 10:01:25.061   CNC 4   INF   Device directory exists
2020-02-29 10:01:25.061   CNC 4   INF   Production -> 0 of 300
2020-02-29 10:01:25.297   CNC 4   INF   Processing takes 235.835704ms
2020-02-29 10:01:25.297   CNC 4   INF   Sleeping for 9.763845847s
2020-02-29 10:01:35.061   CNC 4   INF   Device still active
2020-02-29 10:01:35.061   CNC 4   INF   Device not active, stopped running
2020-02-29 10:01:51.080   CNC 4   INF   Device started running
2020-02-29 10:01:51.082   CNC 4   INF   Device directory exists
2020-02-29 10:01:51.082   CNC 4   INF   Production -> 0 of 300
2020-02-29 10:01:51.296   CNC 4   INF   Processing takes 214.180247ms
2020-02-29 10:01:51.296   CNC 4   INF   Sleeping for 9.785714156s
2020-02-29 10:02:01.082   CNC 4   INF   Device still active
2020-02-29 10:02:01.082   CNC 4   INF   Production -> 1 of 300
2020-02-29 10:02:01.232   CNC 4   INF   Processing takes 149.642697ms
2020-02-29 10:02:01.232   CNC 4   INF   Sleeping for 9.850270502s
2020-02-29 10:02:11.083   CNC 4   INF   Device still active
2020-02-29 10:02:11.083   CNC 4   INF   Device not active, stopped running
2020-02-29 10:02:11.083   CNC 4   INF   Device started running
2020-02-29 10:02:11.083   CNC 4   INF   Device directory exists
2020-02-29 10:02:11.083   CNC 4   INF   Device not active, stopped running
2020-02-29 10:08:40.455   CNC 4   INF   Device started running
2020-02-29 10:08:40.455   CNC 4   INF   Device directory exists
2020-02-29 10:08:40.456   CNC 4   INF   Production -> 0 of 300
2020-02-29 10:08:40.786   CNC 4   INF   Processing takes 330.030593ms
2020-02-29 10:08:40.787   CNC 4   INF   Sleeping for 9.669115084s
2020-02-29 10:08:50.456   CNC 4   INF   Device still active
2020-02-29 10:08:50.456   CNC 4   INF   Device not active, stopped running
2020-02-29 10:10:03.350   CNC 4   INF   Device started running
2020-02-29 10:10:03.351   CNC 4   INF   Device directory exists
2020-02-29 10:10:03.351   CNC 4   INF   Production -> 0 of 300
2020-02-29 10:10:03.648   CNC 4   INF   Processing takes 296.643774ms
2020-02-29 10:10:03.648   CNC 4   INF   Sleeping for 9.703259568s
2020-02-29 10:10:13.352   CNC 4   INF   Device still active
2020-02-29 10:10:13.352   CNC 4   INF   Production -> 1 of 300
2020-02-29 10:10:13.658   CNC 4   INF   Processing takes 305.737282ms
2020-02-29 10:10:13.658   CNC 4   INF   Sleeping for 9.694115301s
2020-02-29 10:10:23.353   CNC 4   INF   Device still active
2020-02-29 10:10:23.353   CNC 4   INF   Device not active, stopped running
2020-02-29 10:51:23.121   CNC 4   INF   Device started running
2020-02-29 10:51:23.122   CNC 4   INF   Device directory exists
2020-02-29 10:51:23.122   CNC 4   INF   Downtime -> 0 of 150
2020-02-29 10:51:23.169   CNC 4   INF   Processing takes 46.525378ms
2020-02-29 10:51:23.169   CNC 4   INF   Sleeping for 9.953158409s
2020-02-29 10:51:33.122   CNC 4   INF   Device still active
2020-02-29 10:51:33.122   CNC 4   INF   Device not active, stopped running
2020-02-29 10:51:40.465   CNC 4   INF   Device started running
2020-02-29 10:51:40.465   CNC 4   INF   Device directory exists
2020-02-29 10:51:40.465   CNC 4   INF   Production -> 0 of 300
2020-02-29 10:51:40.704   CNC 4   INF   Processing takes 238.39145ms
2020-02-29 10:51:40.704   CNC 4   INF   Sleeping for 9.761271781s
2020-02-29 10:51:50.466   CNC 4   INF   Device still active
2020-02-29 10:51:50.466   CNC 4   INF   Device not active, stopped running
2020-02-29 10:51:50.479   CNC 4   INF   Device started running
2020-02-29 10:51:50.480   CNC 4   INF   Device directory exists
2020-02-29 10:51:50.480   CNC 4   INF   Device not active, stopped running
2020-02-29 10:51:55.260   CNC 4   INF   Device started running
2020-02-29 10:51:55.260   CNC 4   INF   Device directory exists
2020-02-29 10:51:55.260   CNC 4   INF   Production -> 0 of 300
2020-02-29 10:51:55.487   CNC 4   INF   Processing takes 226.389216ms
2020-02-29 10:51:55.487   CNC 4   INF   Sleeping for 9.773482409s
2020-02-29 10:52:05.261   CNC 4   INF   Device still active
2020-02-29 10:52:05.261   CNC 4   INF   Device not active, stopped running
