2019-12-30 08:58:50.396   CNC 13   INF   Device created
2019-12-30 09:01:29.114   CNC 13   INF   Device created
2019-12-30 09:03:14.786   CNC 13   INF   Device created
2019-12-30 09:05:44.194   CNC 13   INF   Device created
2019-12-30 09:07:12.910   CNC 13   INF   Device created
2019-12-30 09:08:30.402   CNC 13   INF   Device created
2019-12-30 09:08:47.293   CNC 13   INF   Device created
2019-12-30 09:11:46.423   CNC 13   INF   Workplace created
2019-12-30 09:11:46.442   CNC 13   INF   Production workplace port created
2019-12-30 09:11:46.445   CNC 13   INF   Amperafe workplace port created
2019-12-30 09:11:46.591   CNC 13   INF   Device created
2019-12-30 09:11:46.596   CNC 13   INF   Digital port created
2019-12-30 09:11:46.601   CNC 13   INF   Analog port created
2019-12-30 09:21:45.541   CNC 13   INF   Device started running
2019-12-30 09:21:45.542   CNC 13   WRN   Device directory not exist, creating
2019-12-30 09:21:45.542   CNC 13   INF   Device directory created
2019-12-30 09:21:45.543   CNC 13   INF   Production -> 0 of 300
2019-12-30 09:21:45.644   CNC 13   INF   Processing takes 101.580234ms
2019-12-30 09:21:45.644   CNC 13   INF   Sleeping for 9.898234343s
2019-12-30 09:25:13.260   CNC 13   INF   Device started running
2019-12-30 09:25:13.260   CNC 13   INF   Device directory exists
2019-12-30 09:25:13.262   CNC 13   INF   Downtime -> 0 of 150
2019-12-30 09:25:13.313   CNC 13   INF   Processing takes 51.048739ms
2019-12-30 09:25:13.313   CNC 13   INF   Sleeping for 9.948776432s
2019-12-30 09:25:23.263   CNC 13   INF   Device still active
2019-12-30 09:25:23.264   CNC 13   INF   Downtime -> 1 of 150
2019-12-30 09:25:23.303   CNC 13   INF   Processing takes 39.819742ms
2019-12-30 09:25:23.304   CNC 13   INF   Sleeping for 9.96002733s
2019-12-30 09:25:33.264   CNC 13   INF   Device still active
2019-12-30 09:25:33.264   CNC 13   INF   Downtime -> 2 of 150
2019-12-30 09:25:33.334   CNC 13   INF   Processing takes 69.713045ms
2019-12-30 09:25:33.334   CNC 13   INF   Sleeping for 9.930183566s
2019-12-30 09:26:12.802   CNC 13   INF   Device started running
2019-12-30 09:26:12.802   CNC 13   INF   Device directory exists
2019-12-30 09:26:12.803   CNC 13   INF   Downtime -> 0 of 150
2019-12-30 09:26:12.857   CNC 13   INF   Processing takes 54.109841ms
2019-12-30 09:26:12.857   CNC 13   INF   Sleeping for 9.945582542s
2019-12-30 09:26:22.803   CNC 13   INF   Device still active
2019-12-30 09:26:22.803   CNC 13   INF   Downtime -> 1 of 150
2019-12-30 09:26:22.839   CNC 13   INF   Processing takes 36.198963ms
2019-12-30 09:26:22.839   CNC 13   INF   Sleeping for 9.963663788s
2019-12-30 09:26:32.803   CNC 13   INF   Device still active
2019-12-30 09:26:32.803   CNC 13   INF   Downtime -> 2 of 150
2019-12-30 09:26:32.870   CNC 13   INF   Processing takes 66.53624ms
2019-12-30 09:26:32.870   CNC 13   INF   Sleeping for 9.933373732s
2019-12-30 09:26:42.806   CNC 13   INF   Device still active
2019-12-30 09:26:42.807   CNC 13   INF   Downtime -> 3 of 150
2019-12-30 09:26:42.867   CNC 13   INF   Processing takes 59.571656ms
2019-12-30 09:26:42.868   CNC 13   INF   Sleeping for 9.939264608s
2019-12-30 09:26:52.807   CNC 13   INF   Device still active
2019-12-30 09:26:52.807   CNC 13   INF   Downtime -> 4 of 150
2019-12-30 09:26:52.875   CNC 13   INF   Processing takes 67.369811ms
2019-12-30 09:26:52.876   CNC 13   INF   Sleeping for 9.931726362s
2019-12-30 09:27:02.808   CNC 13   INF   Device still active
2019-12-30 09:27:02.808   CNC 13   INF   Downtime -> 5 of 150
2019-12-30 09:27:02.858   CNC 13   INF   Processing takes 50.000392ms
2019-12-30 09:27:02.858   CNC 13   INF   Sleeping for 9.94964149s
2019-12-30 09:27:12.808   CNC 13   INF   Device still active
2019-12-30 09:27:12.809   CNC 13   INF   Downtime -> 6 of 150
2019-12-30 09:27:12.857   CNC 13   INF   Processing takes 48.889233ms
2019-12-30 09:27:12.857   CNC 13   INF   Sleeping for 9.950998572s
2019-12-30 09:27:22.809   CNC 13   INF   Device still active
2019-12-30 09:27:22.809   CNC 13   INF   Downtime -> 7 of 150
2019-12-30 09:27:22.853   CNC 13   INF   Processing takes 43.68125ms
2019-12-30 09:27:22.853   CNC 13   INF   Sleeping for 9.95617583s
2019-12-30 09:27:32.809   CNC 13   INF   Device still active
2019-12-30 09:27:32.810   CNC 13   INF   Downtime -> 8 of 150
2019-12-30 09:27:32.845   CNC 13   INF   Processing takes 35.141896ms
2019-12-30 09:27:32.845   CNC 13   INF   Sleeping for 9.964710743s
2019-12-30 09:27:42.815   CNC 13   INF   Device still active
2019-12-30 09:27:42.815   CNC 13   INF   Downtime -> 9 of 150
2019-12-30 09:27:42.868   CNC 13   INF   Processing takes 52.164095ms
2019-12-30 09:27:42.868   CNC 13   INF   Sleeping for 9.947686919s
2019-12-30 09:27:52.820   CNC 13   INF   Device still active
2019-12-30 09:27:52.821   CNC 13   INF   Downtime -> 10 of 150
2019-12-30 09:27:52.890   CNC 13   INF   Processing takes 69.579921ms
2019-12-30 09:27:52.890   CNC 13   INF   Sleeping for 9.930271102s
2019-12-30 09:28:02.826   CNC 13   INF   Device still active
2019-12-30 09:28:02.827   CNC 13   INF   Downtime -> 11 of 150
2019-12-30 09:28:02.875   CNC 13   INF   Processing takes 48.378183ms
2019-12-30 09:28:02.875   CNC 13   INF   Sleeping for 9.951375304s
2019-12-30 09:28:12.828   CNC 13   INF   Device still active
2019-12-30 09:28:12.828   CNC 13   INF   Downtime -> 12 of 150
2019-12-30 09:28:12.892   CNC 13   INF   Processing takes 64.39448ms
2019-12-30 09:28:12.892   CNC 13   INF   Sleeping for 9.935499758s
2019-12-30 09:28:22.829   CNC 13   INF   Device still active
2019-12-30 09:28:22.829   CNC 13   INF   Downtime -> 13 of 150
2019-12-30 09:28:22.864   CNC 13   INF   Processing takes 34.223396ms
2019-12-30 09:28:22.864   CNC 13   INF   Sleeping for 9.96539323s
2019-12-30 09:28:32.833   CNC 13   INF   Device still active
2019-12-30 09:28:32.833   CNC 13   INF   Downtime -> 14 of 150
2019-12-30 09:28:32.880   CNC 13   INF   Processing takes 47.391573ms
2019-12-30 09:28:32.880   CNC 13   INF   Sleeping for 9.952487208s
2019-12-30 09:28:42.833   CNC 13   INF   Device still active
2019-12-30 09:28:42.834   CNC 13   INF   Downtime -> 15 of 150
2019-12-30 09:28:42.857   CNC 13   INF   Processing takes 23.832587ms
2019-12-30 09:28:42.857   CNC 13   INF   Sleeping for 9.97608368s
2019-12-30 09:28:52.834   CNC 13   INF   Device still active
2019-12-30 09:28:52.834   CNC 13   INF   Downtime -> 16 of 150
2019-12-30 09:28:52.865   CNC 13   INF   Processing takes 30.809861ms
2019-12-30 09:28:52.865   CNC 13   INF   Sleeping for 9.969034481s
2019-12-30 09:29:02.834   CNC 13   INF   Device still active
2019-12-30 09:29:02.834   CNC 13   INF   Downtime -> 17 of 150
2019-12-30 09:29:02.893   CNC 13   INF   Processing takes 58.342442ms
2019-12-30 09:29:02.893   CNC 13   INF   Sleeping for 9.941538139s
2019-12-30 09:29:12.836   CNC 13   INF   Device still active
2019-12-30 09:29:12.836   CNC 13   INF   Downtime -> 18 of 150
2019-12-30 09:29:12.877   CNC 13   INF   Processing takes 40.878624ms
2019-12-30 09:29:12.877   CNC 13   INF   Sleeping for 9.959012299s
2019-12-30 09:29:22.836   CNC 13   INF   Device still active
2019-12-30 09:29:22.836   CNC 13   INF   Downtime -> 19 of 150
2019-12-30 09:29:22.899   CNC 13   INF   Processing takes 62.41808ms
2019-12-30 09:29:22.899   CNC 13   INF   Sleeping for 9.937441375s
2019-12-30 09:29:32.838   CNC 13   INF   Device still active
2019-12-30 09:29:32.838   CNC 13   INF   Downtime -> 20 of 150
2019-12-30 09:29:32.896   CNC 13   INF   Processing takes 57.96903ms
2019-12-30 09:29:32.896   CNC 13   INF   Sleeping for 9.941901945s
2019-12-30 09:29:42.840   CNC 13   INF   Device still active
2019-12-30 09:29:42.840   CNC 13   INF   Downtime -> 21 of 150
2019-12-30 09:29:42.901   CNC 13   INF   Processing takes 61.316335ms
2019-12-30 09:29:42.901   CNC 13   INF   Sleeping for 9.938532593s
2019-12-30 09:29:52.840   CNC 13   INF   Device still active
2019-12-30 09:29:52.840   CNC 13   INF   Downtime -> 22 of 150
2019-12-30 09:29:52.906   CNC 13   INF   Processing takes 65.260687ms
2019-12-30 09:29:52.906   CNC 13   INF   Sleeping for 9.934577242s
2019-12-30 09:30:02.841   CNC 13   INF   Device still active
2019-12-30 09:30:02.842   CNC 13   INF   Downtime -> 23 of 150
2019-12-30 09:30:02.924   CNC 13   INF   Processing takes 82.667832ms
2019-12-30 09:30:02.924   CNC 13   INF   Sleeping for 9.917158448s
2019-12-30 09:30:12.842   CNC 13   INF   Device still active
2019-12-30 09:30:12.842   CNC 13   INF   Downtime -> 24 of 150
2019-12-30 09:30:12.876   CNC 13   INF   Processing takes 34.605188ms
2019-12-30 09:30:12.876   CNC 13   INF   Sleeping for 9.965236605s
2019-12-30 09:30:22.842   CNC 13   INF   Device still active
2019-12-30 09:30:22.842   CNC 13   INF   Downtime -> 25 of 150
2019-12-30 09:30:22.899   CNC 13   INF   Processing takes 57.54301ms
2019-12-30 09:30:22.900   CNC 13   INF   Sleeping for 9.94231573s
2019-12-30 09:30:32.845   CNC 13   INF   Device still active
2019-12-30 09:30:32.846   CNC 13   INF   Downtime -> 26 of 150
2019-12-30 09:30:32.893   CNC 13   INF   Processing takes 47.656035ms
2019-12-30 09:30:32.894   CNC 13   INF   Sleeping for 9.95197667s
2019-12-30 09:30:42.849   CNC 13   INF   Device still active
2019-12-30 09:30:42.850   CNC 13   INF   Downtime -> 27 of 150
2019-12-30 09:30:42.906   CNC 13   INF   Processing takes 57.027329ms
2019-12-30 09:30:42.906   CNC 13   INF   Sleeping for 9.942837876s
2019-12-30 09:30:52.853   CNC 13   INF   Device still active
2019-12-30 09:30:52.853   CNC 13   INF   Downtime -> 28 of 150
2019-12-30 09:30:52.905   CNC 13   INF   Processing takes 51.425519ms
2019-12-30 09:30:52.905   CNC 13   INF   Sleeping for 9.948442525s
2019-12-30 09:31:02.854   CNC 13   INF   Device still active
2019-12-30 09:31:02.854   CNC 13   INF   Downtime -> 29 of 150
2019-12-30 09:31:02.892   CNC 13   INF   Processing takes 37.892534ms
2019-12-30 09:31:02.892   CNC 13   INF   Sleeping for 9.961932008s
2019-12-30 09:31:12.855   CNC 13   INF   Device still active
2019-12-30 09:31:12.855   CNC 13   INF   Downtime -> 30 of 150
2019-12-30 09:31:12.910   CNC 13   INF   Processing takes 55.515216ms
2019-12-30 09:31:12.911   CNC 13   INF   Sleeping for 9.944333378s
2019-12-30 09:31:22.856   CNC 13   INF   Device still active
2019-12-30 09:31:22.856   CNC 13   INF   Downtime -> 31 of 150
2019-12-30 09:31:22.895   CNC 13   INF   Processing takes 38.944887ms
2019-12-30 09:31:22.895   CNC 13   INF   Sleeping for 9.960939862s
2019-12-30 09:31:32.857   CNC 13   INF   Device still active
2019-12-30 09:31:32.858   CNC 13   INF   Downtime -> 32 of 150
2019-12-30 09:31:32.882   CNC 13   INF   Processing takes 24.611327ms
2019-12-30 09:31:32.882   CNC 13   INF   Sleeping for 9.975226715s
2019-12-30 09:31:42.857   CNC 13   INF   Device still active
2019-12-30 09:31:42.857   CNC 13   INF   Downtime -> 33 of 150
2019-12-30 09:31:42.912   CNC 13   INF   Processing takes 54.815958ms
2019-12-30 09:31:42.912   CNC 13   INF   Sleeping for 9.945086823s
2019-12-30 09:31:52.860   CNC 13   INF   Device still active
2019-12-30 09:31:52.860   CNC 13   INF   Downtime -> 34 of 150
2019-12-30 09:31:52.911   CNC 13   INF   Processing takes 51.373917ms
2019-12-30 09:31:52.912   CNC 13   INF   Sleeping for 9.948518178s
2019-12-30 09:32:02.864   CNC 13   INF   Device still active
2019-12-30 09:32:02.864   CNC 13   INF   Downtime -> 35 of 150
2019-12-30 09:32:02.914   CNC 13   INF   Processing takes 49.728054ms
2019-12-30 09:32:02.914   CNC 13   INF   Sleeping for 9.950140274s
2019-12-30 09:32:12.866   CNC 13   INF   Device still active
2019-12-30 09:32:12.866   CNC 13   INF   Downtime -> 36 of 150
2019-12-30 09:32:12.913   CNC 13   INF   Processing takes 46.615736ms
2019-12-30 09:32:12.913   CNC 13   INF   Sleeping for 9.953258229s
2019-12-30 09:32:22.868   CNC 13   INF   Device still active
2019-12-30 09:32:22.868   CNC 13   INF   Downtime -> 37 of 150
2019-12-30 09:32:22.909   CNC 13   INF   Processing takes 41.066581ms
2019-12-30 09:32:22.909   CNC 13   INF   Sleeping for 9.958837148s
2019-12-30 09:32:32.871   CNC 13   INF   Device still active
2019-12-30 09:32:32.871   CNC 13   INF   Downtime -> 38 of 150
2019-12-30 09:32:32.927   CNC 13   INF   Processing takes 55.933709ms
2019-12-30 09:32:32.927   CNC 13   INF   Sleeping for 9.94392476s
2019-12-30 09:32:42.871   CNC 13   INF   Device still active
2019-12-30 09:32:42.872   CNC 13   INF   Downtime -> 39 of 150
2019-12-30 09:32:42.902   CNC 13   INF   Processing takes 30.820772ms
2019-12-30 09:32:42.902   CNC 13   INF   Sleeping for 9.969062071s
2019-12-30 09:32:52.875   CNC 13   INF   Device still active
2019-12-30 09:32:52.876   CNC 13   INF   Downtime -> 40 of 150
2019-12-30 09:32:52.914   CNC 13   INF   Processing takes 38.009712ms
2019-12-30 09:32:52.914   CNC 13   INF   Sleeping for 9.961805929s
2019-12-30 09:33:02.877   CNC 13   INF   Device still active
2019-12-30 09:33:02.878   CNC 13   INF   Downtime -> 41 of 150
2019-12-30 09:33:02.960   CNC 13   INF   Processing takes 82.08038ms
2019-12-30 09:33:02.960   CNC 13   INF   Sleeping for 9.917379134s
2019-12-30 09:33:12.880   CNC 13   INF   Device still active
2019-12-30 09:33:12.880   CNC 13   INF   Downtime -> 42 of 150
2019-12-30 09:33:12.913   CNC 13   INF   Processing takes 33.371885ms
2019-12-30 09:33:12.913   CNC 13   INF   Sleeping for 9.966536519s
2019-12-30 09:33:22.880   CNC 13   INF   Device still active
2019-12-30 09:33:22.880   CNC 13   INF   Downtime -> 43 of 150
2019-12-30 09:33:22.907   CNC 13   INF   Processing takes 26.725162ms
2019-12-30 09:33:22.907   CNC 13   INF   Sleeping for 9.973159262s
2019-12-30 09:33:32.881   CNC 13   INF   Device still active
2019-12-30 09:33:32.882   CNC 13   INF   Downtime -> 44 of 150
2019-12-30 09:33:32.943   CNC 13   INF   Processing takes 61.124686ms
2019-12-30 09:33:32.943   CNC 13   INF   Sleeping for 9.938750818s
2019-12-30 09:33:42.884   CNC 13   INF   Device still active
2019-12-30 09:33:42.885   CNC 13   INF   Downtime -> 45 of 150
2019-12-30 09:33:42.916   CNC 13   INF   Processing takes 30.952643ms
2019-12-30 09:33:42.916   CNC 13   INF   Sleeping for 9.968919252s
2019-12-30 09:33:52.890   CNC 13   INF   Device still active
2019-12-30 09:33:52.890   CNC 13   INF   Downtime -> 46 of 150
2019-12-30 09:33:52.985   CNC 13   INF   Processing takes 94.900685ms
2019-12-30 09:33:52.985   CNC 13   INF   Sleeping for 9.904970963s
2019-12-30 09:34:02.891   CNC 13   INF   Device still active
2019-12-30 09:34:02.891   CNC 13   INF   Downtime -> 47 of 150
2019-12-30 09:34:02.923   CNC 13   INF   Processing takes 32.299324ms
2019-12-30 09:34:02.923   CNC 13   INF   Sleeping for 9.967575936s
2019-12-30 09:34:12.891   CNC 13   INF   Device still active
2019-12-30 09:34:12.891   CNC 13   INF   Downtime -> 48 of 150
2019-12-30 09:34:12.928   CNC 13   INF   Processing takes 37.346284ms
2019-12-30 09:34:12.928   CNC 13   INF   Sleeping for 9.962545154s
2019-12-30 09:34:22.891   CNC 13   INF   Device still active
2019-12-30 09:34:22.891   CNC 13   INF   Downtime -> 49 of 150
2019-12-30 09:34:22.936   CNC 13   INF   Processing takes 44.428602ms
2019-12-30 09:34:22.936   CNC 13   INF   Sleeping for 9.955441456s
2019-12-30 09:34:33.296   CNC 13   INF   Device still active
2019-12-30 09:34:33.296   CNC 13   INF   Downtime -> 50 of 150
2019-12-30 09:34:33.317   CNC 13   INF   Processing takes 21.421319ms
2019-12-30 09:34:33.317   CNC 13   INF   Sleeping for 9.978445551s
2019-12-30 09:34:43.298   CNC 13   INF   Device still active
2019-12-30 09:34:43.298   CNC 13   INF   Downtime -> 51 of 150
2019-12-30 09:34:43.316   CNC 13   INF   Processing takes 18.254441ms
2019-12-30 09:34:43.316   CNC 13   INF   Sleeping for 9.981648844s
2019-12-30 09:34:53.302   CNC 13   INF   Device still active
2019-12-30 09:34:53.302   CNC 13   INF   Downtime -> 52 of 150
2019-12-30 09:34:53.334   CNC 13   INF   Processing takes 32.121849ms
2019-12-30 09:34:53.335   CNC 13   INF   Sleeping for 9.96769277s
2019-12-30 09:35:03.305   CNC 13   INF   Device still active
2019-12-30 09:35:03.305   CNC 13   INF   Downtime -> 53 of 150
2019-12-30 09:35:03.338   CNC 13   INF   Processing takes 33.603211ms
2019-12-30 09:35:03.338   CNC 13   INF   Sleeping for 9.966263423s
2019-12-30 09:35:13.310   CNC 13   INF   Device still active
2019-12-30 09:35:13.311   CNC 13   INF   Downtime -> 54 of 150
2019-12-30 09:35:13.344   CNC 13   INF   Processing takes 33.574392ms
2019-12-30 09:35:13.344   CNC 13   INF   Sleeping for 9.966259275s
2019-12-30 09:35:23.314   CNC 13   INF   Device still active
2019-12-30 09:35:23.314   CNC 13   INF   Downtime -> 55 of 150
2019-12-30 09:35:23.369   CNC 13   INF   Processing takes 54.748757ms
2019-12-30 09:35:23.369   CNC 13   INF   Sleeping for 9.945093446s
2019-12-30 09:35:33.317   CNC 13   INF   Device still active
2019-12-30 09:35:33.317   CNC 13   INF   Downtime -> 56 of 150
2019-12-30 09:35:33.336   CNC 13   INF   Processing takes 19.260064ms
2019-12-30 09:35:33.336   CNC 13   INF   Sleeping for 9.980578858s
2019-12-30 09:35:43.319   CNC 13   INF   Device still active
2019-12-30 09:35:43.319   CNC 13   INF   Downtime -> 57 of 150
2019-12-30 09:35:43.344   CNC 13   INF   Processing takes 24.917074ms
2019-12-30 09:35:43.344   CNC 13   INF   Sleeping for 9.974905535s
2019-12-30 09:35:53.322   CNC 13   INF   Device still active
2019-12-30 09:35:53.322   CNC 13   INF   Downtime -> 58 of 150
2019-12-30 09:35:53.349   CNC 13   INF   Processing takes 26.825366ms
2019-12-30 09:35:53.349   CNC 13   INF   Sleeping for 9.972980854s
2019-12-30 09:36:03.326   CNC 13   INF   Device still active
2019-12-30 09:36:03.327   CNC 13   INF   Downtime -> 59 of 150
2019-12-30 09:36:03.357   CNC 13   INF   Processing takes 30.595355ms
2019-12-30 09:36:03.357   CNC 13   INF   Sleeping for 9.969264888s
2019-12-30 09:36:13.327   CNC 13   INF   Device still active
2019-12-30 09:36:13.327   CNC 13   INF   Downtime -> 60 of 150
2019-12-30 09:36:13.352   CNC 13   INF   Processing takes 24.935449ms
2019-12-30 09:36:13.353   CNC 13   INF   Sleeping for 9.974892619s
2019-12-30 09:36:23.332   CNC 13   INF   Device still active
2019-12-30 09:36:23.332   CNC 13   INF   Downtime -> 61 of 150
2019-12-30 09:36:23.359   CNC 13   INF   Processing takes 27.375505ms
2019-12-30 09:36:23.359   CNC 13   INF   Sleeping for 9.972453458s
2019-12-30 09:36:33.337   CNC 13   INF   Device still active
2019-12-30 09:36:33.337   CNC 13   INF   Downtime -> 62 of 150
2019-12-30 09:36:33.364   CNC 13   INF   Processing takes 26.534768ms
2019-12-30 09:36:33.364   CNC 13   INF   Sleeping for 9.973318048s
2019-12-30 09:36:43.341   CNC 13   INF   Device still active
2019-12-30 09:36:43.341   CNC 13   INF   Downtime -> 63 of 150
2019-12-30 09:36:43.371   CNC 13   INF   Processing takes 29.77677ms
2019-12-30 09:36:43.371   CNC 13   INF   Sleeping for 9.970090593s
2019-12-30 09:36:53.346   CNC 13   INF   Device still active
2019-12-30 09:36:53.346   CNC 13   INF   Downtime -> 64 of 150
2019-12-30 09:36:53.371   CNC 13   INF   Processing takes 25.133488ms
2019-12-30 09:36:53.371   CNC 13   INF   Sleeping for 9.974726504s
2019-12-30 09:37:03.346   CNC 13   INF   Device still active
2019-12-30 09:37:03.347   CNC 13   INF   Downtime -> 65 of 150
2019-12-30 09:37:03.381   CNC 13   INF   Processing takes 34.578411ms
2019-12-30 09:37:03.381   CNC 13   INF   Sleeping for 9.96529161s
2019-12-30 09:37:13.350   CNC 13   INF   Device still active
2019-12-30 09:37:13.351   CNC 13   INF   Downtime -> 66 of 150
2019-12-30 09:37:13.369   CNC 13   INF   Processing takes 19.193879ms
2019-12-30 09:37:13.370   CNC 13   INF   Sleeping for 9.98068986s
2019-12-30 09:37:23.351   CNC 13   INF   Device still active
2019-12-30 09:37:23.351   CNC 13   INF   Downtime -> 67 of 150
2019-12-30 09:37:23.384   CNC 13   INF   Processing takes 33.010879ms
2019-12-30 09:37:23.384   CNC 13   INF   Sleeping for 9.966847349s
2019-12-30 09:38:59.951   CNC 13   INF   Device started running
2019-12-30 09:38:59.951   CNC 13   INF   Device directory exists
2019-12-30 09:38:59.952   CNC 13   INF   Production -> 0 of 300
2019-12-30 09:39:00.020   CNC 13   INF   Processing takes 68.563276ms
2019-12-30 09:39:00.020   CNC 13   INF   Sleeping for 9.931244858s
2019-12-30 09:39:09.953   CNC 13   INF   Device still active
2019-12-30 09:39:09.953   CNC 13   INF   Production -> 1 of 300
2019-12-30 09:39:10.011   CNC 13   INF   Processing takes 58.106136ms
2019-12-30 09:39:10.011   CNC 13   INF   Sleeping for 9.941802556s
2019-12-30 09:39:19.958   CNC 13   INF   Device still active
2019-12-30 09:39:19.959   CNC 13   INF   Production -> 2 of 300
2019-12-30 09:39:19.999   CNC 13   INF   Processing takes 40.660809ms
2019-12-30 09:39:19.999   CNC 13   INF   Sleeping for 9.959240786s
2019-12-30 09:39:29.964   CNC 13   INF   Device still active
2019-12-30 09:39:29.966   CNC 13   INF   Production -> 3 of 300
2019-12-30 09:39:30.020   CNC 13   INF   Processing takes 55.867384ms
2019-12-30 09:39:30.020   CNC 13   INF   Sleeping for 9.944039654s
2019-12-30 09:39:39.967   CNC 13   INF   Device still active
2019-12-30 09:39:39.967   CNC 13   INF   Production -> 4 of 300
2019-12-30 09:39:40.020   CNC 13   INF   Processing takes 52.662014ms
2019-12-30 09:39:40.020   CNC 13   INF   Sleeping for 9.947242189s
2019-12-30 09:39:49.967   CNC 13   INF   Device still active
2019-12-30 09:39:49.968   CNC 13   INF   Production -> 5 of 300
2019-12-30 09:39:50.030   CNC 13   INF   Processing takes 62.786384ms
2019-12-30 09:39:50.030   CNC 13   INF   Sleeping for 9.937124559s
2019-12-30 09:39:59.969   CNC 13   INF   Device still active
2019-12-30 09:39:59.970   CNC 13   INF   Production -> 6 of 300
2019-12-30 09:40:00.011   CNC 13   INF   Processing takes 40.832569ms
2019-12-30 09:40:00.011   CNC 13   INF   Sleeping for 9.958947895s
2019-12-30 09:40:09.970   CNC 13   INF   Device still active
2019-12-30 09:40:09.970   CNC 13   INF   Production -> 7 of 300
2019-12-30 09:40:10.041   CNC 13   INF   Processing takes 70.568641ms
2019-12-30 09:40:10.041   CNC 13   INF   Sleeping for 9.929211265s
2019-12-30 09:40:19.975   CNC 13   INF   Device still active
2019-12-30 09:40:19.975   CNC 13   INF   Production -> 8 of 300
2019-12-30 09:40:20.032   CNC 13   INF   Processing takes 56.843158ms
2019-12-30 09:40:20.032   CNC 13   INF   Sleeping for 9.943026494s
2019-12-30 09:40:29.976   CNC 13   INF   Device still active
2019-12-30 09:40:29.977   CNC 13   INF   Production -> 9 of 300
2019-12-30 09:40:30.021   CNC 13   INF   Processing takes 44.136921ms
2019-12-30 09:40:30.021   CNC 13   INF   Sleeping for 9.955686689s
2019-12-30 09:40:39.980   CNC 13   INF   Device still active
2019-12-30 09:40:39.982   CNC 13   INF   Production -> 10 of 300
2019-12-30 09:40:40.019   CNC 13   INF   Processing takes 38.330766ms
2019-12-30 09:40:40.019   CNC 13   INF   Sleeping for 9.961509068s
2019-12-30 09:40:49.985   CNC 13   INF   Device still active
2019-12-30 09:40:49.985   CNC 13   INF   Production -> 11 of 300
2019-12-30 09:40:50.070   CNC 13   INF   Processing takes 85.243666ms
2019-12-30 09:40:50.070   CNC 13   INF   Sleeping for 9.914588103s
2019-12-30 09:40:59.985   CNC 13   INF   Device still active
2019-12-30 09:40:59.986   CNC 13   INF   Production -> 12 of 300
2019-12-30 09:41:00.027   CNC 13   INF   Processing takes 41.771643ms
2019-12-30 09:41:00.027   CNC 13   INF   Sleeping for 9.958115869s
2019-12-30 09:41:09.987   CNC 13   INF   Device still active
2019-12-30 09:41:09.987   CNC 13   INF   Production -> 13 of 300
2019-12-30 09:41:10.052   CNC 13   INF   Processing takes 64.348961ms
2019-12-30 09:41:10.052   CNC 13   INF   Sleeping for 9.935560802s
2019-12-30 09:41:19.988   CNC 13   INF   Device still active
2019-12-30 09:41:19.988   CNC 13   INF   Production -> 14 of 300
2019-12-30 09:41:20.068   CNC 13   INF   Processing takes 80.227197ms
2019-12-30 09:41:20.068   CNC 13   INF   Sleeping for 9.919665685s
2019-12-30 09:41:29.988   CNC 13   INF   Device not active
2019-12-30 09:41:29.988   CNC 13   INF   Device not active, stopped running
2019-12-30 09:41:29.991   CNC 13   INF   Device started running
2019-12-30 09:41:29.991   CNC 13   INF   Device directory exists
2019-12-30 09:41:29.991   CNC 13   INF   Offline -> 0 of 150
2019-12-30 09:41:29.991   CNC 13   INF   Processing takes 134.131µs
2019-12-30 09:41:29.991   CNC 13   INF   Sleeping for 9.999544798s
2019-12-30 09:41:39.993   CNC 13   INF   Device still active
2019-12-30 09:41:39.993   CNC 13   INF   Offline -> 1 of 150
2019-12-30 09:41:39.993   CNC 13   INF   Processing takes 559.772µs
2019-12-30 09:41:39.994   CNC 13   INF   Sleeping for 9.999159276s
2019-12-30 09:41:49.993   CNC 13   INF   Device still active
2019-12-30 09:41:49.993   CNC 13   INF   Offline -> 2 of 150
2019-12-30 09:41:49.994   CNC 13   INF   Processing takes 231.49µs
2019-12-30 09:41:49.995   CNC 13   INF   Sleeping for 9.999643308s
2019-12-30 09:41:59.996   CNC 13   INF   Device still active
2019-12-30 09:41:59.996   CNC 13   INF   Offline -> 3 of 150
2019-12-30 09:41:59.996   CNC 13   INF   Processing takes 345.308µs
2019-12-30 09:41:59.996   CNC 13   INF   Sleeping for 9.999547797s
2019-12-30 09:42:10.002   CNC 13   INF   Device still active
2019-12-30 09:42:10.002   CNC 13   INF   Offline -> 4 of 150
2019-12-30 09:42:10.002   CNC 13   INF   Processing takes 80.593µs
2019-12-30 09:42:10.002   CNC 13   INF   Sleeping for 9.999845367s
2019-12-30 09:42:20.002   CNC 13   INF   Device still active
2019-12-30 09:42:20.002   CNC 13   INF   Offline -> 5 of 150
2019-12-30 09:42:20.002   CNC 13   INF   Processing takes 128.377µs
2019-12-30 09:42:20.002   CNC 13   INF   Sleeping for 9.999696465s
2019-12-30 09:42:30.003   CNC 13   INF   Device still active
2019-12-30 09:42:30.003   CNC 13   INF   Offline -> 6 of 150
2019-12-30 09:42:30.003   CNC 13   INF   Processing takes 130.05µs
2019-12-30 09:42:30.003   CNC 13   INF   Sleeping for 9.999737792s
2019-12-30 09:42:40.007   CNC 13   INF   Device still active
2019-12-30 09:42:40.008   CNC 13   INF   Offline -> 7 of 150
2019-12-30 09:42:40.008   CNC 13   INF   Processing takes 208.157µs
2019-12-30 09:42:40.008   CNC 13   INF   Sleeping for 9.999699108s
2019-12-30 09:42:50.008   CNC 13   INF   Device still active
2019-12-30 09:42:50.009   CNC 13   INF   Offline -> 8 of 150
2019-12-30 09:42:50.009   CNC 13   INF   Processing takes 181.097µs
2019-12-30 09:42:50.009   CNC 13   INF   Sleeping for 9.999690056s
2019-12-30 09:43:00.009   CNC 13   INF   Device still active
2019-12-30 09:43:00.009   CNC 13   INF   Offline -> 9 of 150
2019-12-30 09:43:00.009   CNC 13   INF   Processing takes 139.122µs
2019-12-30 09:43:00.009   CNC 13   INF   Sleeping for 9.9997874s
2019-12-30 09:43:10.011   CNC 13   INF   Device still active
2019-12-30 09:43:10.012   CNC 13   INF   Offline -> 10 of 150
2019-12-30 09:43:10.012   CNC 13   INF   Processing takes 326.107µs
2019-12-30 09:43:10.013   CNC 13   INF   Sleeping for 9.998965953s
2019-12-30 09:43:20.012   CNC 13   INF   Device still active
2019-12-30 09:43:20.012   CNC 13   INF   Offline -> 11 of 150
2019-12-30 09:43:20.012   CNC 13   INF   Processing takes 228.345µs
2019-12-30 09:43:20.012   CNC 13   INF   Sleeping for 9.999690647s
2019-12-30 09:43:30.015   CNC 13   INF   Device still active
2019-12-30 09:43:30.015   CNC 13   INF   Offline -> 12 of 150
2019-12-30 09:43:30.015   CNC 13   INF   Processing takes 310.431µs
2019-12-30 09:43:30.016   CNC 13   INF   Sleeping for 9.999522778s
2019-12-30 09:43:40.016   CNC 13   INF   Device still active
2019-12-30 09:43:40.017   CNC 13   INF   Offline -> 13 of 150
2019-12-30 09:43:40.017   CNC 13   INF   Processing takes 188.666µs
2019-12-30 09:43:40.018   CNC 13   INF   Sleeping for 9.99949601s
2019-12-30 09:43:50.017   CNC 13   INF   Device still active
2019-12-30 09:43:50.018   CNC 13   INF   Offline -> 14 of 150
2019-12-30 09:43:50.018   CNC 13   INF   Processing takes 81.161µs
2019-12-30 09:43:50.018   CNC 13   INF   Sleeping for 9.999810071s
2019-12-30 09:44:00.018   CNC 13   INF   Device still active
2019-12-30 09:44:00.018   CNC 13   INF   Offline -> 15 of 150
2019-12-30 09:44:00.018   CNC 13   INF   Processing takes 165.234µs
2019-12-30 09:44:00.018   CNC 13   INF   Sleeping for 9.999728625s
2019-12-30 09:44:10.018   CNC 13   INF   Device still active
2019-12-30 09:44:10.018   CNC 13   INF   Offline -> 16 of 150
2019-12-30 09:44:10.019   CNC 13   INF   Processing takes 163.7µs
2019-12-30 09:44:10.019   CNC 13   INF   Sleeping for 9.999739812s
2019-12-30 09:44:20.019   CNC 13   INF   Device still active
2019-12-30 09:44:20.019   CNC 13   INF   Offline -> 17 of 150
2019-12-30 09:44:20.019   CNC 13   INF   Processing takes 109.274µs
2019-12-30 09:44:20.019   CNC 13   INF   Sleeping for 9.99974075s
2019-12-30 09:44:30.019   CNC 13   INF   Device still active
2019-12-30 09:44:30.019   CNC 13   INF   Offline -> 18 of 150
2019-12-30 09:44:30.019   CNC 13   INF   Processing takes 297.505µs
2019-12-30 09:44:30.020   CNC 13   INF   Sleeping for 9.999573539s
2019-12-30 09:44:40.020   CNC 13   INF   Device still active
2019-12-30 09:44:40.020   CNC 13   INF   Offline -> 19 of 150
2019-12-30 09:44:40.021   CNC 13   INF   Processing takes 194.094µs
2019-12-30 09:44:40.021   CNC 13   INF   Sleeping for 9.999648455s
2019-12-30 09:44:50.021   CNC 13   INF   Device still active
2019-12-30 09:44:50.021   CNC 13   INF   Offline -> 20 of 150
2019-12-30 09:44:50.021   CNC 13   INF   Processing takes 212.91µs
2019-12-30 09:44:50.021   CNC 13   INF   Sleeping for 9.999628101s
2019-12-30 10:31:19.326   CNC 13   INF   Device started running
2019-12-30 10:31:19.328   CNC 13   INF   Device directory exists
2019-12-30 10:31:19.328   CNC 13   INF   Offline -> 0 of 150
2019-12-30 10:31:19.328   CNC 13   INF   Processing takes 150.554µs
2019-12-30 10:31:19.328   CNC 13   INF   Sleeping for 9.99973694s
2019-12-30 10:31:29.332   CNC 13   INF   Device still active
2019-12-30 10:31:29.332   CNC 13   INF   Offline -> 1 of 150
2019-12-30 10:31:29.332   CNC 13   INF   Processing takes 162.646µs
2019-12-30 10:31:29.332   CNC 13   INF   Sleeping for 9.999717005s
2019-12-30 10:50:38.720   CNC 13   INF   Device started running
2019-12-30 10:50:38.720   CNC 13   INF   Device directory exists
2019-12-30 10:50:38.720   CNC 13   INF   Production -> 0 of 300
2019-12-30 10:50:38.825   CNC 13   INF   Processing takes 105.255533ms
2019-12-30 10:50:38.826   CNC 13   INF   Sleeping for 9.893975011s
2019-12-30 10:50:48.721   CNC 13   INF   Device still active
2019-12-30 10:50:48.722   CNC 13   INF   Production -> 1 of 300
2019-12-30 10:50:48.794   CNC 13   INF   Processing takes 72.616016ms
2019-12-30 10:50:48.794   CNC 13   INF   Sleeping for 9.927287259s
2019-12-30 10:50:58.723   CNC 13   INF   Device still active
2019-12-30 10:50:58.724   CNC 13   INF   Production -> 2 of 300
2019-12-30 10:50:58.859   CNC 13   INF   Processing takes 136.1667ms
2019-12-30 10:50:58.860   CNC 13   INF   Sleeping for 9.863248829s
2019-12-30 10:51:08.727   CNC 13   INF   Device still active
2019-12-30 10:51:08.727   CNC 13   INF   Production -> 3 of 300
2019-12-30 10:51:08.799   CNC 13   INF   Processing takes 72.098183ms
2019-12-30 10:51:08.799   CNC 13   INF   Sleeping for 9.927804734s
2019-12-30 10:51:18.728   CNC 13   INF   Device still active
2019-12-30 10:51:18.729   CNC 13   INF   Production -> 4 of 300
2019-12-30 10:51:18.815   CNC 13   INF   Processing takes 86.807177ms
2019-12-30 10:51:18.815   CNC 13   INF   Sleeping for 9.913056743s
2019-12-30 10:51:28.734   CNC 13   INF   Device still active
2019-12-30 10:51:28.735   CNC 13   INF   Production -> 5 of 300
2019-12-30 10:51:28.801   CNC 13   INF   Processing takes 67.170919ms
2019-12-30 10:51:28.801   CNC 13   INF   Sleeping for 9.932731565s
2019-12-30 10:51:38.735   CNC 13   INF   Device still active
2019-12-30 10:51:38.735   CNC 13   INF   Production -> 6 of 300
2019-12-30 10:51:38.813   CNC 13   INF   Processing takes 77.769014ms
2019-12-30 10:51:38.813   CNC 13   INF   Sleeping for 9.922101779s
2019-12-30 10:51:48.736   CNC 13   INF   Device still active
2019-12-30 10:51:48.736   CNC 13   INF   Production -> 7 of 300
2019-12-30 10:51:48.804   CNC 13   INF   Processing takes 68.367636ms
2019-12-30 10:51:48.804   CNC 13   INF   Sleeping for 9.931531667s
2019-12-30 10:51:58.736   CNC 13   INF   Device still active
2019-12-30 10:51:58.737   CNC 13   INF   Production -> 8 of 300
2019-12-30 10:51:58.808   CNC 13   INF   Processing takes 71.222928ms
2019-12-30 10:51:58.808   CNC 13   INF   Sleeping for 9.928416242s
2019-12-30 10:52:08.741   CNC 13   INF   Device still active
2019-12-30 10:52:08.741   CNC 13   INF   Production -> 9 of 300
2019-12-30 10:52:08.828   CNC 13   INF   Processing takes 86.818894ms
2019-12-30 10:52:08.828   CNC 13   INF   Sleeping for 9.913101127s
2019-12-30 10:52:18.742   CNC 13   INF   Device still active
2019-12-30 10:52:18.742   CNC 13   INF   Production -> 10 of 300
2019-12-30 10:52:18.798   CNC 13   INF   Processing takes 55.214404ms
2019-12-30 10:52:18.798   CNC 13   INF   Sleeping for 9.94463108s
2019-12-30 10:52:28.744   CNC 13   INF   Device still active
2019-12-30 10:52:28.744   CNC 13   INF   Production -> 11 of 300
2019-12-30 10:52:28.834   CNC 13   INF   Processing takes 89.789632ms
2019-12-30 10:52:28.834   CNC 13   INF   Sleeping for 9.910086556s
2019-12-30 10:52:38.750   CNC 13   INF   Device still active
2019-12-30 10:52:38.751   CNC 13   INF   Production -> 12 of 300
2019-12-30 10:52:38.794   CNC 13   INF   Processing takes 44.208411ms
2019-12-30 10:52:38.794   CNC 13   INF   Sleeping for 9.955704336s
2019-12-30 10:52:48.752   CNC 13   INF   Device still active
2019-12-30 10:52:48.752   CNC 13   INF   Production -> 13 of 300
2019-12-30 10:52:48.808   CNC 13   INF   Processing takes 56.464072ms
2019-12-30 10:52:48.808   CNC 13   INF   Sleeping for 9.943412898s
2019-12-30 10:52:58.752   CNC 13   INF   Device still active
2019-12-30 10:52:58.753   CNC 13   INF   Production -> 14 of 300
2019-12-30 10:52:58.818   CNC 13   INF   Processing takes 65.646035ms
2019-12-30 10:52:58.818   CNC 13   INF   Sleeping for 9.934269503s
2019-12-30 10:53:08.754   CNC 13   INF   Device still active
2019-12-30 10:53:08.755   CNC 13   INF   Production -> 15 of 300
2019-12-30 10:53:08.828   CNC 13   INF   Processing takes 72.843311ms
2019-12-30 10:53:08.828   CNC 13   INF   Sleeping for 9.927031919s
2019-12-30 10:53:18.759   CNC 13   INF   Device still active
2019-12-30 10:53:18.759   CNC 13   INF   Production -> 16 of 300
2019-12-30 10:53:18.827   CNC 13   INF   Processing takes 68.089486ms
2019-12-30 10:53:18.827   CNC 13   INF   Sleeping for 9.931770665s
2019-12-30 10:53:28.761   CNC 13   INF   Device still active
2019-12-30 10:53:28.761   CNC 13   INF   Production -> 17 of 300
2019-12-30 10:53:28.850   CNC 13   INF   Processing takes 88.968061ms
2019-12-30 10:53:28.850   CNC 13   INF   Sleeping for 9.910912493s
2019-12-30 10:53:38.762   CNC 13   INF   Device still active
2019-12-30 10:53:38.762   CNC 13   INF   Production -> 18 of 300
2019-12-30 10:53:38.812   CNC 13   INF   Processing takes 50.069469ms
2019-12-30 10:53:38.812   CNC 13   INF   Sleeping for 9.949829249s
2019-12-30 10:53:48.767   CNC 13   INF   Device still active
2019-12-30 10:53:48.767   CNC 13   INF   Production -> 19 of 300
2019-12-30 10:53:48.841   CNC 13   INF   Processing takes 74.07774ms
2019-12-30 10:53:48.841   CNC 13   INF   Sleeping for 9.925818251s
2019-12-30 10:53:58.767   CNC 13   INF   Device still active
2019-12-30 10:53:58.767   CNC 13   INF   Production -> 20 of 300
2019-12-30 10:53:58.836   CNC 13   INF   Processing takes 68.218097ms
2019-12-30 10:53:58.836   CNC 13   INF   Sleeping for 9.931666452s
2019-12-30 10:54:08.768   CNC 13   INF   Device still active
2019-12-30 10:54:08.768   CNC 13   INF   Production -> 21 of 300
2019-12-30 10:54:08.809   CNC 13   INF   Processing takes 40.799648ms
2019-12-30 10:54:08.809   CNC 13   INF   Sleeping for 9.959097438s
2019-12-30 10:54:18.769   CNC 13   INF   Device still active
2019-12-30 10:54:18.769   CNC 13   INF   Production -> 22 of 300
2019-12-30 10:54:18.826   CNC 13   INF   Processing takes 57.062231ms
2019-12-30 10:54:18.826   CNC 13   INF   Sleeping for 9.942847432s
2019-12-30 10:54:28.773   CNC 13   INF   Device still active
2019-12-30 10:54:28.774   CNC 13   INF   Production -> 23 of 300
2019-12-30 10:54:28.813   CNC 13   INF   Processing takes 39.23071ms
2019-12-30 10:54:28.813   CNC 13   INF   Sleeping for 9.960577405s
2019-12-30 10:54:38.774   CNC 13   INF   Device still active
2019-12-30 10:54:38.774   CNC 13   INF   Production -> 24 of 300
2019-12-30 10:54:38.844   CNC 13   INF   Processing takes 70.220849ms
2019-12-30 10:54:38.844   CNC 13   INF   Sleeping for 9.929662849s
2019-12-30 10:54:48.777   CNC 13   INF   Device still active
2019-12-30 10:54:48.777   CNC 13   INF   Production -> 25 of 300
2019-12-30 10:54:48.842   CNC 13   INF   Processing takes 65.204613ms
2019-12-30 10:54:48.842   CNC 13   INF   Sleeping for 9.934701436s
2019-12-30 10:54:58.780   CNC 13   INF   Device still active
2019-12-30 10:54:58.780   CNC 13   INF   Production -> 26 of 300
2019-12-30 10:54:58.874   CNC 13   INF   Processing takes 93.466368ms
2019-12-30 10:54:58.874   CNC 13   INF   Sleeping for 9.906455668s
2019-12-30 10:55:08.781   CNC 13   INF   Device still active
2019-12-30 10:55:08.781   CNC 13   INF   Production -> 27 of 300
2019-12-30 10:55:08.830   CNC 13   INF   Processing takes 49.115189ms
2019-12-30 10:55:08.830   CNC 13   INF   Sleeping for 9.950790646s
2019-12-30 10:55:18.782   CNC 13   INF   Device still active
2019-12-30 10:55:18.782   CNC 13   INF   Production -> 28 of 300
2019-12-30 10:55:18.833   CNC 13   INF   Processing takes 51.742261ms
2019-12-30 10:55:18.833   CNC 13   INF   Sleeping for 9.948127998s
2019-12-30 10:55:28.783   CNC 13   INF   Device still active
2019-12-30 10:55:28.783   CNC 13   INF   Production -> 29 of 300
2019-12-30 10:55:28.838   CNC 13   INF   Processing takes 54.841866ms
2019-12-30 10:55:28.838   CNC 13   INF   Sleeping for 9.945044085s
2019-12-30 10:55:42.170   CNC 13   INF   Device started running
2019-12-30 10:55:42.170   CNC 13   INF   Device directory exists
2019-12-30 10:55:42.170   CNC 13   INF   Offline -> 0 of 150
2019-12-30 10:55:42.171   CNC 13   INF   Processing takes 155.753µs
2019-12-30 10:55:42.171   CNC 13   INF   Sleeping for 9.99969518s
2019-12-30 10:55:52.171   CNC 13   INF   Device still active
2019-12-30 10:55:52.171   CNC 13   INF   Offline -> 1 of 150
2019-12-30 10:55:52.172   CNC 13   INF   Processing takes 554.412µs
2019-12-30 10:55:52.172   CNC 13   INF   Sleeping for 9.999155057s
2019-12-30 10:56:02.172   CNC 13   INF   Device still active
2019-12-30 10:56:02.172   CNC 13   INF   Offline -> 2 of 150
2019-12-30 10:56:02.172   CNC 13   INF   Processing takes 129.32µs
2019-12-30 10:56:02.172   CNC 13   INF   Sleeping for 9.999738787s
2019-12-30 10:56:12.172   CNC 13   INF   Device still active
2019-12-30 10:56:12.173   CNC 13   INF   Offline -> 3 of 150
2019-12-30 10:56:12.174   CNC 13   INF   Processing takes 392.854µs
2019-12-30 10:56:12.174   CNC 13   INF   Sleeping for 9.998858017s
2019-12-30 10:56:22.175   CNC 13   INF   Device still active
2019-12-30 10:56:22.176   CNC 13   INF   Offline -> 4 of 150
2019-12-30 10:56:22.176   CNC 13   INF   Processing takes 308.251µs
2019-12-30 10:56:22.177   CNC 13   INF   Sleeping for 9.99921472s
2019-12-30 10:56:32.177   CNC 13   INF   Device still active
2019-12-30 10:56:32.178   CNC 13   INF   Offline -> 5 of 150
2019-12-30 10:56:32.179   CNC 13   INF   Processing takes 742.839µs
2019-12-30 10:56:32.179   CNC 13   INF   Sleeping for 9.999048357s
2019-12-30 10:56:42.178   CNC 13   INF   Device still active
2019-12-30 10:56:42.178   CNC 13   INF   Offline -> 6 of 150
2019-12-30 10:56:42.179   CNC 13   INF   Processing takes 183.94µs
2019-12-30 10:56:42.179   CNC 13   INF   Sleeping for 9.999696659s
2019-12-30 10:56:52.184   CNC 13   INF   Device still active
2019-12-30 10:56:52.185   CNC 13   INF   Offline -> 7 of 150
2019-12-30 10:56:52.185   CNC 13   INF   Processing takes 1.268054ms
2019-12-30 10:56:52.185   CNC 13   INF   Sleeping for 9.998457456s
2019-12-30 10:57:02.188   CNC 13   INF   Device still active
2019-12-30 10:57:02.188   CNC 13   INF   Offline -> 8 of 150
2019-12-30 10:57:02.189   CNC 13   INF   Processing takes 215.505µs
2019-12-30 10:57:02.189   CNC 13   INF   Sleeping for 9.999638041s
2019-12-30 10:57:36.290   CNC 13   INF   Device started running
2019-12-30 10:57:36.290   CNC 13   INF   Device directory exists
2019-12-30 10:57:36.291   CNC 13   INF   Downtime -> 0 of 150
2019-12-30 10:57:36.335   CNC 13   INF   Processing takes 44.663451ms
2019-12-30 10:57:36.335   CNC 13   INF   Sleeping for 9.955200575s
2019-12-30 10:58:10.041   CNC 13   INF   Device started running
2019-12-30 10:58:10.041   CNC 13   INF   Device directory exists
2019-12-30 10:58:10.041   CNC 13   INF   Downtime -> 0 of 150
2019-12-30 10:58:10.085   CNC 13   INF   Processing takes 44.404628ms
2019-12-30 10:58:10.086   CNC 13   INF   Sleeping for 9.955165947s
2019-12-30 11:09:08.177   CNC 13   INF   Device started running
2019-12-30 11:09:08.178   CNC 13   INF   Device directory exists
2019-12-30 11:09:08.178   CNC 13   INF   Production -> 0 of 300
2019-12-30 11:09:08.235   CNC 13   INF   Processing takes 56.674342ms
2019-12-30 11:09:08.235   CNC 13   INF   Sleeping for 9.943201557s
2019-12-30 11:09:18.182   CNC 13   INF   Device still active
2019-12-30 11:09:18.183   CNC 13   INF   Production -> 1 of 300
2019-12-30 11:09:18.262   CNC 13   INF   Processing takes 79.80045ms
2019-12-30 11:09:18.262   CNC 13   INF   Sleeping for 9.920070387s
2019-12-30 11:09:28.186   CNC 13   INF   Device still active
2019-12-30 11:09:28.187   CNC 13   INF   Production -> 2 of 300
2019-12-30 11:09:28.279   CNC 13   INF   Processing takes 91.86827ms
2019-12-30 11:09:28.279   CNC 13   INF   Sleeping for 9.907842755s
2019-12-30 11:09:38.191   CNC 13   INF   Device still active
2019-12-30 11:09:38.191   CNC 13   INF   Production -> 3 of 300
2019-12-30 11:09:38.243   CNC 13   INF   Processing takes 52.301639ms
2019-12-30 11:09:38.243   CNC 13   INF   Sleeping for 9.947559476s
2019-12-30 11:09:48.195   CNC 13   INF   Device still active
2019-12-30 11:09:48.195   CNC 13   INF   Production -> 4 of 300
2019-12-30 11:09:48.283   CNC 13   INF   Processing takes 88.631948ms
2019-12-30 11:09:48.283   CNC 13   INF   Sleeping for 9.911273957s
2019-12-30 11:09:58.200   CNC 13   INF   Device still active
2019-12-30 11:09:58.200   CNC 13   INF   Production -> 5 of 300
2019-12-30 11:09:58.270   CNC 13   INF   Processing takes 70.573801ms
2019-12-30 11:09:58.271   CNC 13   INF   Sleeping for 9.929305485s
2019-12-30 11:10:08.206   CNC 13   INF   Device still active
2019-12-30 11:10:08.207   CNC 13   INF   Production -> 6 of 300
2019-12-30 11:10:08.282   CNC 13   INF   Processing takes 75.53273ms
2019-12-30 11:10:08.282   CNC 13   INF   Sleeping for 9.924363112s
2019-12-30 11:10:18.207   CNC 13   INF   Device still active
2019-12-30 11:10:18.207   CNC 13   INF   Production -> 7 of 300
2019-12-30 11:10:18.261   CNC 13   INF   Processing takes 54.00498ms
2019-12-30 11:10:18.262   CNC 13   INF   Sleeping for 9.945760761s
2019-12-30 11:10:28.210   CNC 13   INF   Device still active
2019-12-30 11:10:28.210   CNC 13   INF   Production -> 8 of 300
2019-12-30 11:10:28.282   CNC 13   INF   Processing takes 71.692146ms
2019-12-30 11:10:28.282   CNC 13   INF   Sleeping for 9.928189037s
2019-12-30 11:10:38.210   CNC 13   INF   Device still active
2019-12-30 11:10:38.210   CNC 13   INF   Production -> 9 of 300
2019-12-30 11:10:38.317   CNC 13   INF   Processing takes 106.972673ms
2019-12-30 11:10:38.317   CNC 13   INF   Sleeping for 9.892819904s
2019-12-30 11:10:48.212   CNC 13   INF   Device still active
2019-12-30 11:10:48.212   CNC 13   INF   Production -> 10 of 300
2019-12-30 11:10:48.260   CNC 13   INF   Processing takes 47.824125ms
2019-12-30 11:10:48.260   CNC 13   INF   Sleeping for 9.952055532s
2019-12-30 11:10:58.213   CNC 13   INF   Device still active
2019-12-30 11:10:58.214   CNC 13   INF   Production -> 11 of 300
2019-12-30 11:10:58.265   CNC 13   INF   Processing takes 51.931259ms
2019-12-30 11:10:58.265   CNC 13   INF   Sleeping for 9.94795954s
2019-12-30 11:11:08.215   CNC 13   INF   Device still active
2019-12-30 11:11:08.215   CNC 13   INF   Production -> 12 of 300
2019-12-30 11:11:08.273   CNC 13   INF   Processing takes 57.877941ms
2019-12-30 11:11:08.273   CNC 13   INF   Sleeping for 9.941970935s
2019-12-30 11:11:18.218   CNC 13   INF   Device still active
2019-12-30 11:11:18.218   CNC 13   INF   Production -> 13 of 300
2019-12-30 11:11:18.283   CNC 13   INF   Processing takes 64.180701ms
2019-12-30 11:11:18.283   CNC 13   INF   Sleeping for 9.935710743s
2019-12-30 11:11:28.219   CNC 13   INF   Device still active
2019-12-30 11:11:28.220   CNC 13   INF   Production -> 14 of 300
2019-12-30 11:11:28.320   CNC 13   INF   Processing takes 100.556294ms
2019-12-30 11:11:28.320   CNC 13   INF   Sleeping for 9.899228523s
2019-12-30 11:11:38.221   CNC 13   INF   Device still active
2019-12-30 11:11:38.221   CNC 13   INF   Production -> 15 of 300
2019-12-30 11:11:38.282   CNC 13   INF   Processing takes 61.504821ms
2019-12-30 11:11:38.283   CNC 13   INF   Sleeping for 9.938345386s
2019-12-30 11:11:48.225   CNC 13   INF   Device still active
2019-12-30 11:11:48.225   CNC 13   INF   Production -> 16 of 300
2019-12-30 11:11:48.295   CNC 13   INF   Processing takes 69.757609ms
2019-12-30 11:11:48.295   CNC 13   INF   Sleeping for 9.93008196s
2019-12-30 11:11:58.226   CNC 13   INF   Device still active
2019-12-30 11:11:58.227   CNC 13   INF   Production -> 17 of 300
2019-12-30 11:11:58.276   CNC 13   INF   Processing takes 50.018848ms
2019-12-30 11:11:58.277   CNC 13   INF   Sleeping for 9.949861742s
2019-12-30 11:13:02.021   CNC 13   INF   Device started running
2019-12-30 11:13:02.021   CNC 13   INF   Device directory exists
2019-12-30 11:13:02.021   CNC 13   INF   Downtime -> 0 of 150
2019-12-30 11:13:02.066   CNC 13   INF   Processing takes 44.346573ms
2019-12-30 11:13:02.066   CNC 13   INF   Sleeping for 9.954769115s
2019-12-30 11:13:12.022   CNC 13   INF   Device still active
2019-12-30 11:13:12.022   CNC 13   INF   Downtime -> 1 of 150
2019-12-30 11:13:12.082   CNC 13   INF   Processing takes 59.965914ms
2019-12-30 11:13:12.082   CNC 13   INF   Sleeping for 9.939868694s
2019-12-30 11:13:22.026   CNC 13   INF   Device still active
2019-12-30 11:13:22.026   CNC 13   INF   Downtime -> 2 of 150
2019-12-30 11:13:22.075   CNC 13   INF   Processing takes 49.605506ms
2019-12-30 11:13:22.076   CNC 13   INF   Sleeping for 9.950293127s
2019-12-30 11:13:32.028   CNC 13   INF   Device still active
2019-12-30 11:13:32.028   CNC 13   INF   Downtime -> 3 of 150
2019-12-30 11:13:32.101   CNC 13   INF   Processing takes 72.620988ms
2019-12-30 11:13:32.101   CNC 13   INF   Sleeping for 9.927190797s
2019-12-30 11:13:42.030   CNC 13   INF   Device still active
2019-12-30 11:13:42.031   CNC 13   INF   Downtime -> 4 of 150
2019-12-30 11:13:42.065   CNC 13   INF   Processing takes 33.87588ms
2019-12-30 11:13:42.065   CNC 13   INF   Sleeping for 9.966010038s
2019-12-30 11:13:52.033   CNC 13   INF   Device still active
2019-12-30 11:13:52.033   CNC 13   INF   Downtime -> 5 of 150
2019-12-30 11:13:52.080   CNC 13   INF   Processing takes 46.719648ms
2019-12-30 11:13:52.080   CNC 13   INF   Sleeping for 9.953115891s
2019-12-30 11:14:02.036   CNC 13   INF   Device still active
2019-12-30 11:14:02.036   CNC 13   INF   Downtime -> 6 of 150
2019-12-30 11:14:02.092   CNC 13   INF   Processing takes 56.147857ms
2019-12-30 11:14:02.093   CNC 13   INF   Sleeping for 9.943662994s
2019-12-30 11:14:12.037   CNC 13   INF   Device still active
2019-12-30 11:14:12.038   CNC 13   INF   Downtime -> 7 of 150
2019-12-30 11:14:12.096   CNC 13   INF   Processing takes 58.315647ms
2019-12-30 11:14:12.096   CNC 13   INF   Sleeping for 9.941507064s
2019-12-30 11:14:22.038   CNC 13   INF   Device still active
2019-12-30 11:14:22.039   CNC 13   INF   Downtime -> 8 of 150
2019-12-30 11:14:22.069   CNC 13   INF   Processing takes 30.638601ms
2019-12-30 11:14:22.069   CNC 13   INF   Sleeping for 9.969259906s
2019-12-30 11:14:32.043   CNC 13   INF   Device still active
2019-12-30 11:14:32.044   CNC 13   INF   Downtime -> 9 of 150
2019-12-30 11:14:32.073   CNC 13   INF   Processing takes 29.731958ms
2019-12-30 11:14:32.073   CNC 13   INF   Sleeping for 9.970156635s
2019-12-30 11:14:42.048   CNC 13   INF   Device still active
2019-12-30 11:14:42.049   CNC 13   INF   Downtime -> 10 of 150
2019-12-30 11:14:42.112   CNC 13   INF   Processing takes 63.324678ms
2019-12-30 11:14:42.112   CNC 13   INF   Sleeping for 9.936529212s
2019-12-30 11:14:52.053   CNC 13   INF   Device still active
2019-12-30 11:14:52.054   CNC 13   INF   Downtime -> 11 of 150
2019-12-30 11:14:52.132   CNC 13   INF   Processing takes 78.786587ms
2019-12-30 11:14:52.133   CNC 13   INF   Sleeping for 9.920643807s
2019-12-30 11:41:04.009   CNC 13   INF   Device started running
2019-12-30 11:41:04.009   CNC 13   INF   Device directory exists
2019-12-30 11:41:04.009   CNC 13   INF   Downtime -> 0 of 150
2019-12-30 11:41:04.068   CNC 13   INF   Processing takes 58.463231ms
2019-12-30 11:41:04.068   CNC 13   INF   Sleeping for 9.941437915s
2019-12-30 11:41:14.010   CNC 13   INF   Device still active
2019-12-30 11:41:14.010   CNC 13   INF   Downtime -> 1 of 150
2019-12-30 11:41:14.049   CNC 13   INF   Processing takes 39.172843ms
2019-12-30 11:41:14.049   CNC 13   INF   Sleeping for 9.96070885s
2019-12-30 11:41:29.459   CNC 13   INF   Device started running
2019-12-30 11:41:29.460   CNC 13   INF   Device directory exists
2019-12-30 11:41:29.460   CNC 13   INF   Offline -> 0 of 150
2019-12-30 11:41:29.460   CNC 13   INF   Processing takes 339.92µs
2019-12-30 11:41:29.461   CNC 13   INF   Sleeping for 9.999412503s
2019-12-30 11:41:39.461   CNC 13   INF   Device still active
2019-12-30 11:41:39.461   CNC 13   INF   Offline -> 1 of 150
2019-12-30 11:41:39.461   CNC 13   INF   Processing takes 291.238µs
2019-12-30 11:41:39.461   CNC 13   INF   Sleeping for 9.999563161s
2019-12-30 11:41:49.461   CNC 13   INF   Device still active
2019-12-30 11:41:49.462   CNC 13   INF   Offline -> 2 of 150
2019-12-30 11:41:49.463   CNC 13   INF   Processing takes 618.374µs
2019-12-30 11:41:49.463   CNC 13   INF   Sleeping for 9.998703424s
2019-12-30 11:41:59.462   CNC 13   INF   Device still active
2019-12-30 11:41:59.462   CNC 13   INF   Offline -> 3 of 150
2019-12-30 11:41:59.462   CNC 13   INF   Processing takes 192.202µs
2019-12-30 11:41:59.462   CNC 13   INF   Sleeping for 9.999474647s
2019-12-30 11:42:09.467   CNC 13   INF   Device still active
2019-12-30 11:42:09.467   CNC 13   INF   Offline -> 4 of 150
2019-12-30 11:42:09.467   CNC 13   INF   Processing takes 111.392µs
2019-12-30 11:42:09.467   CNC 13   INF   Sleeping for 9.999490409s
2019-12-30 11:42:19.467   CNC 13   INF   Device still active
2019-12-30 11:42:19.468   CNC 13   INF   Offline -> 5 of 150
2019-12-30 11:42:19.469   CNC 13   INF   Processing takes 885.793µs
2019-12-30 11:42:19.469   CNC 13   INF   Sleeping for 9.998806485s
2019-12-30 11:42:29.469   CNC 13   INF   Device still active
2019-12-30 11:42:29.469   CNC 13   INF   Offline -> 6 of 150
2019-12-30 11:42:29.469   CNC 13   INF   Processing takes 376.618µs
2019-12-30 11:42:29.470   CNC 13   INF   Sleeping for 9.999296978s
2019-12-30 11:42:39.471   CNC 13   INF   Device still active
2019-12-30 11:42:39.472   CNC 13   INF   Offline -> 7 of 150
2019-12-30 11:42:39.472   CNC 13   INF   Processing takes 452.834µs
2019-12-30 11:42:39.472   CNC 13   INF   Sleeping for 9.999421476s
2019-12-30 11:42:49.474   CNC 13   INF   Device still active
2019-12-30 11:42:49.474   CNC 13   INF   Offline -> 8 of 150
2019-12-30 11:42:49.475   CNC 13   INF   Processing takes 188.092µs
2019-12-30 11:42:49.475   CNC 13   INF   Sleeping for 9.999276733s
2019-12-30 11:42:59.476   CNC 13   INF   Device still active
2019-12-30 11:42:59.477   CNC 13   INF   Offline -> 9 of 150
2019-12-30 11:42:59.477   CNC 13   INF   Processing takes 312.486µs
2019-12-30 11:42:59.478   CNC 13   INF   Sleeping for 9.999291088s
2019-12-30 11:43:09.481   CNC 13   INF   Device still active
2019-12-30 11:43:09.481   CNC 13   INF   Offline -> 10 of 150
2019-12-30 11:43:09.481   CNC 13   INF   Processing takes 204.919µs
2019-12-30 11:43:09.482   CNC 13   INF   Sleeping for 9.999570131s
2019-12-30 11:43:19.487   CNC 13   INF   Device still active
2019-12-30 11:43:19.488   CNC 13   INF   Offline -> 11 of 150
2019-12-30 11:43:19.488   CNC 13   INF   Processing takes 301.97µs
2019-12-30 11:43:19.488   CNC 13   INF   Sleeping for 9.999463819s
2019-12-30 11:43:29.491   CNC 13   INF   Device still active
2019-12-30 11:43:29.492   CNC 13   INF   Offline -> 12 of 150
2019-12-30 11:43:29.492   CNC 13   INF   Processing takes 246.702µs
2019-12-30 11:43:29.492   CNC 13   INF   Sleeping for 9.999304775s
2019-12-30 11:43:39.492   CNC 13   INF   Device still active
2019-12-30 11:43:39.493   CNC 13   INF   Offline -> 13 of 150
2019-12-30 11:43:39.493   CNC 13   INF   Processing takes 785.569µs
2019-12-30 11:43:39.493   CNC 13   INF   Sleeping for 9.999008272s
2019-12-30 11:43:49.494   CNC 13   INF   Device still active
2019-12-30 11:43:49.494   CNC 13   INF   Offline -> 14 of 150
2019-12-30 11:43:49.494   CNC 13   INF   Processing takes 294.919µs
2019-12-30 11:43:49.494   CNC 13   INF   Sleeping for 9.999497784s
2019-12-30 11:43:59.495   CNC 13   INF   Device still active
2019-12-30 11:43:59.496   CNC 13   INF   Offline -> 15 of 150
2019-12-30 11:43:59.497   CNC 13   INF   Processing takes 1.160925ms
2019-12-30 11:43:59.497   CNC 13   INF   Sleeping for 9.998606629s
2019-12-30 11:44:09.498   CNC 13   INF   Device still active
2019-12-30 11:44:09.498   CNC 13   INF   Offline -> 16 of 150
2019-12-30 11:44:09.500   CNC 13   INF   Processing takes 1.822691ms
2019-12-30 11:44:09.500   CNC 13   INF   Sleeping for 9.997966686s
2019-12-30 11:44:19.501   CNC 13   INF   Device not active
2019-12-30 11:44:19.503   CNC 13   INF   Device not active, stopped running
