2020-02-02 07:52:55.144   CNC 3   INF   Device started running
2020-02-02 07:52:55.144   CNC 3   INF   Device directory exists
2020-02-02 07:52:55.144   CNC 3   INF   Production -> 0 of 300
2020-02-02 07:52:55.233   CNC 3   INF   Processing takes 88.378698ms
2020-02-02 07:52:55.233   CNC 3   INF   Sleeping for 9.911062238s
2020-02-02 07:53:05.145   CNC 3   INF   Device still active
2020-02-02 07:53:05.146   CNC 3   INF   Production -> 1 of 300
2020-02-02 07:53:05.334   CNC 3   INF   Processing takes 188.038536ms
2020-02-02 07:53:05.334   CNC 3   INF   Sleeping for 9.811625212s
2020-02-02 07:53:15.146   CNC 3   INF   Device still active
2020-02-02 07:53:15.146   CNC 3   INF   Production -> 2 of 300
2020-02-02 07:53:15.565   CNC 3   INF   Processing takes 418.814484ms
2020-02-02 07:53:15.565   CNC 3   INF   Sleeping for 9.58086107s
2020-02-02 07:53:25.147   CNC 3   INF   Device still active
2020-02-02 07:53:25.147   CNC 3   INF   Production -> 3 of 300
2020-02-02 07:53:25.378   CNC 3   INF   Processing takes 230.853976ms
2020-02-02 07:53:25.378   CNC 3   INF   Sleeping for 9.768986556s
2020-02-02 07:53:35.147   CNC 3   INF   Device still active
2020-02-02 07:53:35.147   CNC 3   INF   Production -> 4 of 300
2020-02-02 07:53:35.347   CNC 3   INF   Processing takes 199.779832ms
2020-02-02 07:53:35.347   CNC 3   INF   Sleeping for 9.800104046s
2020-02-02 07:53:45.148   CNC 3   INF   Device still active
2020-02-02 07:53:45.149   CNC 3   INF   Production -> 5 of 300
2020-02-02 07:53:45.395   CNC 3   INF   Processing takes 246.399729ms
2020-02-02 07:53:45.395   CNC 3   INF   Sleeping for 9.75349196s
2020-02-02 07:53:55.149   CNC 3   INF   Device still active
2020-02-02 07:53:55.149   CNC 3   INF   Production -> 6 of 300
2020-02-02 07:53:55.409   CNC 3   INF   Processing takes 259.354137ms
2020-02-02 07:53:55.409   CNC 3   INF   Sleeping for 9.740500032s
2020-02-02 07:54:05.154   CNC 3   INF   Device still active
2020-02-02 07:54:05.154   CNC 3   INF   Production -> 7 of 300
2020-02-02 07:54:05.361   CNC 3   INF   Processing takes 207.029061ms
2020-02-02 07:54:05.361   CNC 3   INF   Sleeping for 9.792836118s
2020-02-02 07:54:15.154   CNC 3   INF   Device still active
2020-02-02 07:54:15.154   CNC 3   INF   Production -> 8 of 300
2020-02-02 07:54:15.379   CNC 3   INF   Processing takes 224.574552ms
2020-02-02 07:54:15.379   CNC 3   INF   Sleeping for 9.775270331s
2020-02-02 07:54:25.155   CNC 3   INF   Device still active
2020-02-02 07:54:25.155   CNC 3   INF   Production -> 9 of 300
2020-02-02 07:54:25.408   CNC 3   INF   Processing takes 252.85341ms
2020-02-02 07:54:25.409   CNC 3   INF   Sleeping for 9.746555096s
2020-02-02 07:54:35.158   CNC 3   INF   Device still active
2020-02-02 07:54:35.158   CNC 3   INF   Production -> 10 of 300
2020-02-02 07:54:35.401   CNC 3   INF   Processing takes 242.681735ms
2020-02-02 07:54:35.401   CNC 3   INF   Sleeping for 9.757184099s
2020-02-02 07:54:45.159   CNC 3   INF   Device still active
2020-02-02 07:54:45.159   CNC 3   INF   Production -> 11 of 300
2020-02-02 07:54:45.436   CNC 3   INF   Processing takes 277.392393ms
2020-02-02 07:54:45.437   CNC 3   INF   Sleeping for 9.721984628s
2020-02-02 07:54:55.159   CNC 3   INF   Device still active
2020-02-02 07:54:55.159   CNC 3   INF   Production -> 12 of 300
2020-02-02 07:54:55.475   CNC 3   INF   Processing takes 315.866028ms
2020-02-02 07:54:55.475   CNC 3   INF   Sleeping for 9.683842063s
2020-02-02 07:55:05.159   CNC 3   INF   Device still active
2020-02-02 07:55:05.159   CNC 3   INF   Production -> 13 of 300
2020-02-02 07:55:05.368   CNC 3   INF   Processing takes 208.196659ms
2020-02-02 07:55:05.368   CNC 3   INF   Sleeping for 9.791509286s
2020-02-02 07:55:15.160   CNC 3   INF   Device still active
2020-02-02 07:55:15.160   CNC 3   INF   Production -> 14 of 300
2020-02-02 07:55:15.282   CNC 3   INF   Processing takes 122.354537ms
2020-02-02 07:55:15.282   CNC 3   INF   Sleeping for 9.877555093s
2020-02-02 07:55:25.165   CNC 3   INF   Device still active
2020-02-02 07:55:25.165   CNC 3   INF   Production -> 15 of 300
2020-02-02 07:55:25.465   CNC 3   INF   Processing takes 299.529063ms
2020-02-02 07:55:25.466   CNC 3   INF   Sleeping for 9.699506178s
2020-02-02 07:55:35.169   CNC 3   INF   Device still active
2020-02-02 07:55:35.170   CNC 3   INF   Production -> 16 of 300
2020-02-02 07:55:35.827   CNC 3   INF   Processing takes 658.253355ms
2020-02-02 07:55:35.828   CNC 3   INF   Sleeping for 9.341583382s
2020-02-02 07:55:45.169   CNC 3   INF   Device still active
2020-02-02 07:55:45.170   CNC 3   INF   Production -> 17 of 300
2020-02-02 07:55:45.617   CNC 3   INF   Processing takes 446.865241ms
2020-02-02 07:55:45.617   CNC 3   INF   Sleeping for 9.552906707s
2020-02-02 07:55:55.174   CNC 3   INF   Device still active
2020-02-02 07:55:55.174   CNC 3   INF   Production -> 18 of 300
2020-02-02 07:55:55.347   CNC 3   INF   Processing takes 172.959211ms
2020-02-02 07:55:55.347   CNC 3   INF   Sleeping for 9.826832976s
2020-02-02 07:58:28.509   CNC 3   INF   Device started running
2020-02-02 07:58:28.510   CNC 3   INF   Device directory exists
2020-02-02 07:58:28.511   CNC 3   INF   Production -> 0 of 300
2020-02-02 07:58:28.956   CNC 3   INF   Processing takes 444.971198ms
2020-02-02 07:58:28.956   CNC 3   INF   Sleeping for 9.554886098s
2020-02-02 07:58:38.515   CNC 3   INF   Device still active
2020-02-02 07:58:38.516   CNC 3   INF   Production -> 1 of 300
2020-02-02 07:58:38.895   CNC 3   INF   Processing takes 378.656797ms
2020-02-02 07:58:38.895   CNC 3   INF   Sleeping for 9.620488297s
2020-02-02 07:58:48.517   CNC 3   INF   Device still active
2020-02-02 07:58:48.518   CNC 3   INF   Production -> 2 of 300
2020-02-02 07:58:48.808   CNC 3   INF   Processing takes 289.929232ms
2020-02-02 07:58:48.808   CNC 3   INF   Sleeping for 9.709953721s
2020-02-02 07:58:58.523   CNC 3   INF   Device still active
2020-02-02 07:58:58.525   CNC 3   INF   Production -> 3 of 300
2020-02-02 07:58:58.893   CNC 3   INF   Processing takes 369.557438ms
2020-02-02 07:58:58.893   CNC 3   INF   Sleeping for 9.630218104s
2020-02-02 07:59:08.523   CNC 3   INF   Device still active
2020-02-02 07:59:08.524   CNC 3   INF   Production -> 4 of 300
2020-02-02 07:59:08.649   CNC 3   INF   Processing takes 125.119433ms
2020-02-02 07:59:08.649   CNC 3   INF   Sleeping for 9.874689876s
2020-02-02 07:59:18.527   CNC 3   INF   Device still active
2020-02-02 07:59:18.528   CNC 3   INF   Production -> 5 of 300
2020-02-02 07:59:18.714   CNC 3   INF   Processing takes 186.356971ms
2020-02-02 07:59:18.714   CNC 3   INF   Sleeping for 9.81351048s
2020-02-02 08:00:07.533   CNC 3   INF   Device started running
2020-02-02 08:00:07.534   CNC 3   INF   Device directory exists
2020-02-02 08:00:07.534   CNC 3   INF   Production -> 0 of 300
2020-02-02 08:00:07.765   CNC 3   INF   Processing takes 231.599256ms
2020-02-02 08:00:07.765   CNC 3   INF   Sleeping for 9.768298334s
2020-02-02 08:00:17.537   CNC 3   INF   Device still active
2020-02-02 08:00:17.539   CNC 3   INF   Production -> 1 of 300
2020-02-02 08:00:17.759   CNC 3   INF   Processing takes 221.525231ms
2020-02-02 08:00:17.759   CNC 3   INF   Sleeping for 9.77835347s
2020-02-02 08:00:27.539   CNC 3   INF   Device still active
2020-02-02 08:00:27.540   CNC 3   INF   Production -> 2 of 300
2020-02-02 08:00:27.899   CNC 3   INF   Processing takes 359.167027ms
2020-02-02 08:00:27.899   CNC 3   INF   Sleeping for 9.640696581s
2020-02-02 08:00:37.540   CNC 3   INF   Device still active
2020-02-02 08:00:37.540   CNC 3   INF   Production -> 3 of 300
2020-02-02 08:00:37.974   CNC 3   INF   Processing takes 434.10154ms
2020-02-02 08:00:37.974   CNC 3   INF   Sleeping for 9.565723268s
2020-02-02 08:00:47.545   CNC 3   INF   Device still active
2020-02-02 08:00:47.545   CNC 3   INF   Production -> 4 of 300
2020-02-02 08:00:48.109   CNC 3   INF   Processing takes 563.801002ms
2020-02-02 08:00:48.109   CNC 3   INF   Sleeping for 9.435759967s
2020-02-02 08:00:57.546   CNC 3   INF   Device still active
2020-02-02 08:00:57.547   CNC 3   INF   Production -> 5 of 300
2020-02-02 08:00:58.154   CNC 3   INF   Processing takes 606.828271ms
2020-02-02 08:00:58.154   CNC 3   INF   Sleeping for 9.392394933s
2020-02-02 08:01:07.549   CNC 3   INF   Device still active
2020-02-02 08:01:07.549   CNC 3   INF   Production -> 6 of 300
2020-02-02 08:01:08.081   CNC 3   INF   Processing takes 532.472657ms
2020-02-02 08:01:08.081   CNC 3   INF   Sleeping for 9.467245832s
2020-02-02 08:01:17.549   CNC 3   INF   Device still active
2020-02-02 08:01:17.549   CNC 3   INF   Production -> 7 of 300
2020-02-02 08:01:17.793   CNC 3   INF   Processing takes 243.586781ms
2020-02-02 08:01:17.793   CNC 3   INF   Sleeping for 9.756287785s
2020-02-02 08:01:27.550   CNC 3   INF   Device still active
2020-02-02 08:01:27.551   CNC 3   INF   Production -> 8 of 300
2020-02-02 08:01:27.799   CNC 3   INF   Processing takes 247.945189ms
2020-02-02 08:01:27.799   CNC 3   INF   Sleeping for 9.751955999s
2020-02-02 08:01:37.551   CNC 3   INF   Device still active
2020-02-02 08:01:37.551   CNC 3   INF   Production -> 9 of 300
2020-02-02 08:01:37.800   CNC 3   INF   Processing takes 249.201138ms
2020-02-02 08:01:37.800   CNC 3   INF   Sleeping for 9.750684652s
2020-02-02 08:01:47.553   CNC 3   INF   Device still active
2020-02-02 08:01:47.553   CNC 3   INF   Production -> 10 of 300
2020-02-02 08:01:47.751   CNC 3   INF   Processing takes 198.2628ms
2020-02-02 08:01:47.751   CNC 3   INF   Sleeping for 9.801598525s
2020-02-02 08:03:09.332   CNC 3   INF   Device started running
2020-02-02 08:03:09.333   CNC 3   INF   Device directory exists
2020-02-02 08:03:09.333   CNC 3   INF   Production -> 0 of 300
2020-02-02 08:03:09.537   CNC 3   INF   Processing takes 203.757125ms
2020-02-02 08:03:09.537   CNC 3   INF   Sleeping for 9.796122854s
2020-02-02 08:03:19.339   CNC 3   INF   Device still active
2020-02-02 08:03:19.339   CNC 3   INF   Production -> 1 of 300
2020-02-02 08:03:19.971   CNC 3   INF   Processing takes 632.108291ms
2020-02-02 08:03:19.971   CNC 3   INF   Sleeping for 9.367770937s
2020-02-02 08:03:29.342   CNC 3   INF   Device still active
2020-02-02 08:03:29.342   CNC 3   INF   Production -> 2 of 300
2020-02-02 08:03:29.842   CNC 3   INF   Processing takes 500.322193ms
2020-02-02 08:03:29.843   CNC 3   INF   Sleeping for 9.499524215s
2020-02-02 08:03:39.342   CNC 3   INF   Device still active
2020-02-02 08:03:39.343   CNC 3   INF   Production -> 3 of 300
2020-02-02 08:03:39.558   CNC 3   INF   Processing takes 215.180532ms
2020-02-02 08:03:39.558   CNC 3   INF   Sleeping for 9.784719823s
2020-02-02 08:03:49.343   CNC 3   INF   Device still active
2020-02-02 08:03:49.343   CNC 3   INF   Production -> 4 of 300
2020-02-02 08:03:49.512   CNC 3   INF   Processing takes 168.877535ms
2020-02-02 08:03:49.512   CNC 3   INF   Sleeping for 9.831010346s
2020-02-02 08:03:59.343   CNC 3   INF   Device still active
2020-02-02 08:03:59.344   CNC 3   INF   Production -> 5 of 300
2020-02-02 08:03:59.472   CNC 3   INF   Processing takes 128.440349ms
2020-02-02 08:03:59.472   CNC 3   INF   Sleeping for 9.871475701s
2020-02-02 08:04:09.348   CNC 3   INF   Device still active
2020-02-02 08:04:09.348   CNC 3   INF   Production -> 6 of 300
2020-02-02 08:04:09.529   CNC 3   INF   Processing takes 180.276373ms
2020-02-02 08:04:09.529   CNC 3   INF   Sleeping for 9.819623058s
2020-02-02 08:04:19.349   CNC 3   INF   Device still active
2020-02-02 08:04:19.349   CNC 3   INF   Production -> 7 of 300
2020-02-02 08:04:19.644   CNC 3   INF   Processing takes 295.493995ms
2020-02-02 08:04:19.645   CNC 3   INF   Sleeping for 9.704302307s
2020-02-02 08:04:29.349   CNC 3   INF   Device still active
2020-02-02 08:04:29.350   CNC 3   INF   Production -> 8 of 300
2020-02-02 08:04:29.497   CNC 3   INF   Processing takes 147.459185ms
2020-02-02 08:04:29.497   CNC 3   INF   Sleeping for 9.852453569s
2020-02-02 08:04:39.350   CNC 3   INF   Device still active
2020-02-02 08:04:39.350   CNC 3   INF   Production -> 9 of 300
2020-02-02 08:04:39.769   CNC 3   INF   Processing takes 418.863467ms
2020-02-02 08:04:39.770   CNC 3   INF   Sleeping for 9.580543836s
2020-02-02 08:04:49.354   CNC 3   INF   Device still active
2020-02-02 08:04:49.354   CNC 3   INF   Production -> 10 of 300
2020-02-02 08:04:49.753   CNC 3   INF   Processing takes 398.301049ms
2020-02-02 08:04:49.754   CNC 3   INF   Sleeping for 9.600779437s
2020-02-02 08:04:59.356   CNC 3   INF   Device still active
2020-02-02 08:04:59.358   CNC 3   INF   Production -> 11 of 300
2020-02-02 08:04:59.683   CNC 3   INF   Processing takes 326.926444ms
2020-02-02 08:04:59.683   CNC 3   INF   Sleeping for 9.672911599s
2020-02-02 08:05:09.357   CNC 3   INF   Device still active
2020-02-02 08:05:09.357   CNC 3   INF   Production -> 12 of 300
2020-02-02 08:05:09.672   CNC 3   INF   Processing takes 315.109369ms
2020-02-02 08:05:09.672   CNC 3   INF   Sleeping for 9.684747548s
2020-02-02 08:05:19.360   CNC 3   INF   Device still active
2020-02-02 08:05:19.361   CNC 3   INF   Production -> 13 of 300
2020-02-02 08:05:19.630   CNC 3   INF   Processing takes 268.961281ms
2020-02-02 08:05:19.630   CNC 3   INF   Sleeping for 9.730953227s
2020-02-02 08:05:29.363   CNC 3   INF   Device still active
2020-02-02 08:05:29.363   CNC 3   INF   Production -> 14 of 300
2020-02-02 08:05:29.746   CNC 3   INF   Processing takes 383.059889ms
2020-02-02 08:05:29.746   CNC 3   INF   Sleeping for 9.616794673s
2020-02-02 08:05:39.368   CNC 3   INF   Device still active
2020-02-02 08:05:39.369   CNC 3   INF   Production -> 15 of 300
2020-02-02 08:05:39.592   CNC 3   INF   Processing takes 223.559695ms
2020-02-02 08:05:39.592   CNC 3   INF   Sleeping for 9.776245031s
2020-02-02 08:05:49.372   CNC 3   INF   Device still active
2020-02-02 08:05:49.372   CNC 3   INF   Production -> 16 of 300
2020-02-02 08:05:49.900   CNC 3   INF   Processing takes 527.348091ms
2020-02-02 08:05:49.900   CNC 3   INF   Sleeping for 9.472195338s
2020-02-02 08:05:59.373   CNC 3   INF   Device still active
2020-02-02 08:05:59.373   CNC 3   INF   Production -> 17 of 300
2020-02-02 08:05:59.504   CNC 3   INF   Processing takes 131.491816ms
2020-02-02 08:05:59.504   CNC 3   INF   Sleeping for 9.868421286s
2020-02-02 08:06:09.373   CNC 3   INF   Device still active
2020-02-02 08:06:09.374   CNC 3   INF   Production -> 18 of 300
2020-02-02 08:06:09.581   CNC 3   INF   Processing takes 207.038872ms
2020-02-02 08:06:09.582   CNC 3   INF   Sleeping for 9.792449206s
2020-02-02 08:06:19.374   CNC 3   INF   Device still active
2020-02-02 08:06:19.375   CNC 3   INF   Production -> 19 of 300
2020-02-02 08:06:19.857   CNC 3   INF   Processing takes 482.661016ms
2020-02-02 08:06:19.858   CNC 3   INF   Sleeping for 9.51662662s
2020-02-02 08:06:29.379   CNC 3   INF   Device still active
2020-02-02 08:06:29.379   CNC 3   INF   Production -> 20 of 300
2020-02-02 08:06:29.643   CNC 3   INF   Processing takes 264.545662ms
2020-02-02 08:06:29.643   CNC 3   INF   Sleeping for 9.735303665s
2020-02-02 08:06:39.379   CNC 3   INF   Device still active
2020-02-02 08:06:39.379   CNC 3   INF   Production -> 21 of 300
2020-02-02 08:06:39.534   CNC 3   INF   Processing takes 155.137045ms
2020-02-02 08:06:39.534   CNC 3   INF   Sleeping for 9.84476453s
2020-02-02 08:06:49.380   CNC 3   INF   Device still active
2020-02-02 08:06:49.380   CNC 3   INF   Production -> 22 of 300
2020-02-02 08:06:49.593   CNC 3   INF   Processing takes 212.359461ms
2020-02-02 08:06:49.593   CNC 3   INF   Sleeping for 9.787483268s
2020-02-02 08:06:59.384   CNC 3   INF   Device still active
2020-02-02 08:06:59.385   CNC 3   INF   Production -> 23 of 300
2020-02-02 08:06:59.597   CNC 3   INF   Processing takes 212.483045ms
2020-02-02 08:06:59.597   CNC 3   INF   Sleeping for 9.78744772s
2020-02-02 08:07:09.385   CNC 3   INF   Device still active
2020-02-02 08:07:09.386   CNC 3   INF   Production -> 24 of 300
2020-02-02 08:07:09.583   CNC 3   INF   Processing takes 197.34027ms
2020-02-02 08:07:09.583   CNC 3   INF   Sleeping for 9.802530285s
2020-02-02 08:07:19.388   CNC 3   INF   Device still active
2020-02-02 08:07:19.390   CNC 3   INF   Production -> 25 of 300
2020-02-02 08:07:19.780   CNC 3   INF   Processing takes 391.459419ms
2020-02-02 08:07:19.781   CNC 3   INF   Sleeping for 9.607723732s
2020-02-02 08:07:29.390   CNC 3   INF   Device still active
2020-02-02 08:07:29.390   CNC 3   INF   Production -> 26 of 300
2020-02-02 08:07:29.592   CNC 3   INF   Processing takes 202.355333ms
2020-02-02 08:07:29.593   CNC 3   INF   Sleeping for 9.797573016s
2020-02-02 08:07:39.391   CNC 3   INF   Device still active
2020-02-02 08:07:39.392   CNC 3   INF   Production -> 27 of 300
2020-02-02 08:07:39.731   CNC 3   INF   Processing takes 340.42083ms
2020-02-02 08:07:39.732   CNC 3   INF   Sleeping for 9.659368193s
2020-02-02 08:07:49.393   CNC 3   INF   Device still active
2020-02-02 08:07:49.393   CNC 3   INF   Production -> 28 of 300
2020-02-02 08:07:49.670   CNC 3   INF   Processing takes 276.639887ms
2020-02-02 08:07:49.670   CNC 3   INF   Sleeping for 9.723036117s
2020-02-02 08:07:59.395   CNC 3   INF   Device still active
2020-02-02 08:07:59.395   CNC 3   INF   Production -> 29 of 300
2020-02-02 08:07:59.563   CNC 3   INF   Processing takes 167.227957ms
2020-02-02 08:07:59.563   CNC 3   INF   Sleeping for 9.832571351s
2020-02-02 08:08:09.397   CNC 3   INF   Device still active
2020-02-02 08:08:09.397   CNC 3   INF   Production -> 30 of 300
2020-02-02 08:08:09.492   CNC 3   INF   Processing takes 94.918545ms
2020-02-02 08:08:09.492   CNC 3   INF   Sleeping for 9.904982511s
2020-02-02 08:08:19.399   CNC 3   INF   Device still active
2020-02-02 08:08:19.400   CNC 3   INF   Production -> 31 of 300
2020-02-02 08:08:19.581   CNC 3   INF   Processing takes 180.913842ms
2020-02-02 08:08:19.581   CNC 3   INF   Sleeping for 9.818966057s
2020-02-02 08:08:29.400   CNC 3   INF   Device still active
2020-02-02 08:08:29.401   CNC 3   INF   Production -> 32 of 300
2020-02-02 08:08:29.425   CNC 3   INF   Processing takes 24.807951ms
2020-02-02 08:08:29.425   CNC 3   INF   Sleeping for 9.975129853s
2020-02-02 08:08:39.404   CNC 3   INF   Device still active
2020-02-02 08:08:39.404   CNC 3   INF   Production -> 33 of 300
2020-02-02 08:08:40.714   CNC 3   INF   Processing takes 1.309491252s
2020-02-02 08:08:40.714   CNC 3   INF   Sleeping for 8.690379732s
2020-02-02 08:08:49.408   CNC 3   INF   Device still active
2020-02-02 08:08:49.408   CNC 3   INF   Production -> 34 of 300
2020-02-02 08:08:50.727   CNC 3   INF   Processing takes 1.318387605s
2020-02-02 08:08:50.727   CNC 3   INF   Sleeping for 8.681154294s
2020-02-02 08:12:09.381   CNC 3   INF   Device started running
2020-02-02 08:12:09.381   CNC 3   INF   Device directory exists
2020-02-02 08:12:09.381   CNC 3   INF   Downtime -> 0 of 150
2020-02-02 08:12:09.591   CNC 3   INF   Processing takes 210.147482ms
2020-02-02 08:12:09.591   CNC 3   INF   Sleeping for 9.789758237s
2020-02-02 08:12:19.386   CNC 3   INF   Device still active
2020-02-02 08:12:19.387   CNC 3   INF   Downtime -> 1 of 150
2020-02-02 08:12:19.811   CNC 3   INF   Processing takes 423.783809ms
2020-02-02 08:12:19.812   CNC 3   INF   Sleeping for 9.575415153s
2020-02-02 08:12:29.392   CNC 3   INF   Device still active
2020-02-02 08:12:29.392   CNC 3   INF   Downtime -> 2 of 150
2020-02-02 08:12:29.870   CNC 3   INF   Processing takes 478.069205ms
2020-02-02 08:12:29.870   CNC 3   INF   Sleeping for 9.521782034s
2020-02-02 08:12:39.395   CNC 3   INF   Device still active
2020-02-02 08:12:39.396   CNC 3   INF   Downtime -> 3 of 150
2020-02-02 08:12:39.679   CNC 3   INF   Processing takes 283.130043ms
2020-02-02 08:12:39.679   CNC 3   INF   Sleeping for 9.716745856s
2020-02-02 08:12:49.399   CNC 3   INF   Device still active
2020-02-02 08:12:49.399   CNC 3   INF   Downtime -> 4 of 150
2020-02-02 08:12:49.610   CNC 3   INF   Processing takes 210.780109ms
2020-02-02 08:12:49.610   CNC 3   INF   Sleeping for 9.789057909s
2020-02-02 08:12:59.403   CNC 3   INF   Device still active
2020-02-02 08:12:59.404   CNC 3   INF   Downtime -> 5 of 150
2020-02-02 08:12:59.675   CNC 3   INF   Processing takes 271.741454ms
2020-02-02 08:12:59.675   CNC 3   INF   Sleeping for 9.727957015s
2020-02-02 08:13:09.407   CNC 3   INF   Device still active
2020-02-02 08:13:09.407   CNC 3   INF   Downtime -> 6 of 150
2020-02-02 08:13:09.823   CNC 3   INF   Processing takes 415.742952ms
2020-02-02 08:13:09.823   CNC 3   INF   Sleeping for 9.583583905s
2020-02-02 08:13:19.411   CNC 3   INF   Device still active
2020-02-02 08:13:19.412   CNC 3   INF   Downtime -> 7 of 150
2020-02-02 08:13:19.821   CNC 3   INF   Processing takes 409.079741ms
2020-02-02 08:13:19.821   CNC 3   INF   Sleeping for 9.590804064s
2020-02-02 08:13:29.415   CNC 3   INF   Device still active
2020-02-02 08:13:29.415   CNC 3   INF   Downtime -> 8 of 150
2020-02-02 08:13:29.629   CNC 3   INF   Processing takes 213.632063ms
2020-02-02 08:13:29.629   CNC 3   INF   Sleeping for 9.786250459s
2020-02-02 08:13:39.416   CNC 3   INF   Device still active
2020-02-02 08:13:39.416   CNC 3   INF   Downtime -> 9 of 150
2020-02-02 08:13:39.633   CNC 3   INF   Processing takes 216.721976ms
2020-02-02 08:13:39.633   CNC 3   INF   Sleeping for 9.783136169s
2020-02-02 08:13:49.417   CNC 3   INF   Device still active
2020-02-02 08:13:49.418   CNC 3   INF   Downtime -> 10 of 150
2020-02-02 08:13:50.131   CNC 3   INF   Processing takes 713.082054ms
2020-02-02 08:13:50.131   CNC 3   INF   Sleeping for 9.286485308s
2020-02-02 08:13:59.421   CNC 3   INF   Device still active
2020-02-02 08:13:59.421   CNC 3   INF   Downtime -> 11 of 150
2020-02-02 08:13:59.731   CNC 3   INF   Processing takes 310.251397ms
2020-02-02 08:13:59.732   CNC 3   INF   Sleeping for 9.689108021s
2020-02-02 08:14:09.422   CNC 3   INF   Device still active
2020-02-02 08:14:09.423   CNC 3   INF   Downtime -> 12 of 150
2020-02-02 08:14:09.624   CNC 3   INF   Processing takes 201.711065ms
2020-02-02 08:14:09.624   CNC 3   INF   Sleeping for 9.798154307s
2020-02-02 08:14:19.428   CNC 3   INF   Device still active
2020-02-02 08:14:19.429   CNC 3   INF   Downtime -> 13 of 150
2020-02-02 08:14:19.517   CNC 3   INF   Processing takes 89.10523ms
2020-02-02 08:14:19.517   CNC 3   INF   Sleeping for 9.910785048s
2020-02-02 08:14:29.430   CNC 3   INF   Device still active
2020-02-02 08:14:29.430   CNC 3   INF   Downtime -> 14 of 150
2020-02-02 08:14:29.519   CNC 3   INF   Processing takes 89.2279ms
2020-02-02 08:14:29.519   CNC 3   INF   Sleeping for 9.91064905s
