2019-12-30 08:58:50.251   CNC 10   INF   Device created
2019-12-30 09:01:29.005   CNC 10   INF   Device created
2019-12-30 09:03:14.650   CNC 10   INF   Device created
2019-12-30 09:05:44.033   CNC 10   INF   Device created
2019-12-30 09:07:12.780   CNC 10   INF   Device created
2019-12-30 09:08:30.257   CNC 10   INF   Device created
2019-12-30 09:08:47.154   CNC 10   INF   Device created
2019-12-30 09:11:46.318   CNC 10   INF   Workplace created
2019-12-30 09:11:46.332   CNC 10   INF   Production workplace port created
2019-12-30 09:11:46.334   CNC 10   INF   Amperafe workplace port created
2019-12-30 09:11:46.452   CNC 10   INF   Device created
2019-12-30 09:11:46.457   CNC 10   INF   Digital port created
2019-12-30 09:11:46.461   CNC 10   INF   Analog port created
2019-12-30 09:21:45.541   CNC 10   INF   Device started running
2019-12-30 09:21:45.542   CNC 10   WRN   Device directory not exist, creating
2019-12-30 09:21:45.542   CNC 10   INF   Device directory created
2019-12-30 09:21:45.543   CNC 10   INF   Production -> 0 of 300
2019-12-30 09:21:45.622   CNC 10   INF   Processing takes 79.900469ms
2019-12-30 09:21:45.623   CNC 10   INF   Sleeping for 9.919750873s
2019-12-30 09:25:13.260   CNC 10   INF   Device started running
2019-12-30 09:25:13.260   CNC 10   INF   Device directory exists
2019-12-30 09:25:13.260   CNC 10   INF   Production -> 0 of 300
2019-12-30 09:25:13.357   CNC 10   INF   Processing takes 96.32979ms
2019-12-30 09:25:13.357   CNC 10   INF   Sleeping for 9.903536502s
2019-12-30 09:25:23.261   CNC 10   INF   Device still active
2019-12-30 09:25:23.261   CNC 10   INF   Production -> 1 of 300
2019-12-30 09:25:23.304   CNC 10   INF   Processing takes 42.916389ms
2019-12-30 09:25:23.304   CNC 10   INF   Sleeping for 9.956981715s
2019-12-30 09:25:33.261   CNC 10   INF   Device still active
2019-12-30 09:25:33.261   CNC 10   INF   Production -> 2 of 300
2019-12-30 09:25:33.355   CNC 10   INF   Processing takes 93.886498ms
2019-12-30 09:25:33.355   CNC 10   INF   Sleeping for 9.905999513s
2019-12-30 09:26:12.802   CNC 10   INF   Device started running
2019-12-30 09:26:12.802   CNC 10   INF   Device directory exists
2019-12-30 09:26:12.803   CNC 10   INF   Offline -> 0 of 150
2019-12-30 09:26:12.803   CNC 10   INF   Processing takes 100.054µs
2019-12-30 09:26:12.803   CNC 10   INF   Sleeping for 9.999824305s
2019-12-30 09:26:22.803   CNC 10   INF   Device still active
2019-12-30 09:26:22.803   CNC 10   INF   Offline -> 1 of 150
2019-12-30 09:26:22.803   CNC 10   INF   Processing takes 181.754µs
2019-12-30 09:26:22.804   CNC 10   INF   Sleeping for 9.99963239s
2019-12-30 09:26:32.804   CNC 10   INF   Device still active
2019-12-30 09:26:32.804   CNC 10   INF   Offline -> 2 of 150
2019-12-30 09:26:32.804   CNC 10   INF   Processing takes 95.261µs
2019-12-30 09:26:32.804   CNC 10   INF   Sleeping for 9.999487894s
2019-12-30 09:26:42.805   CNC 10   INF   Device still active
2019-12-30 09:26:42.806   CNC 10   INF   Offline -> 3 of 150
2019-12-30 09:26:42.806   CNC 10   INF   Processing takes 432.639µs
2019-12-30 09:26:42.807   CNC 10   INF   Sleeping for 9.999065188s
2019-12-30 09:26:52.806   CNC 10   INF   Device still active
2019-12-30 09:26:52.806   CNC 10   INF   Offline -> 4 of 150
2019-12-30 09:26:52.807   CNC 10   INF   Processing takes 278.046µs
2019-12-30 09:26:52.807   CNC 10   INF   Sleeping for 9.999433667s
2019-12-30 09:27:02.807   CNC 10   INF   Device still active
2019-12-30 09:27:02.807   CNC 10   INF   Offline -> 5 of 150
2019-12-30 09:27:02.808   CNC 10   INF   Processing takes 496.015µs
2019-12-30 09:27:02.808   CNC 10   INF   Sleeping for 9.999162212s
2019-12-30 09:27:12.808   CNC 10   INF   Device still active
2019-12-30 09:27:12.809   CNC 10   INF   Offline -> 6 of 150
2019-12-30 09:27:12.809   CNC 10   INF   Processing takes 626.779µs
2019-12-30 09:27:12.809   CNC 10   INF   Sleeping for 9.999286542s
2019-12-30 09:27:22.813   CNC 10   INF   Device still active
2019-12-30 09:27:22.813   CNC 10   INF   Offline -> 7 of 150
2019-12-30 09:27:22.813   CNC 10   INF   Processing takes 260.785µs
2019-12-30 09:27:22.813   CNC 10   INF   Sleeping for 9.999621686s
2019-12-30 09:27:32.813   CNC 10   INF   Device still active
2019-12-30 09:27:32.814   CNC 10   INF   Offline -> 8 of 150
2019-12-30 09:27:32.814   CNC 10   INF   Processing takes 108.299µs
2019-12-30 09:27:32.814   CNC 10   INF   Sleeping for 9.999794617s
2019-12-30 09:27:42.815   CNC 10   INF   Device still active
2019-12-30 09:27:42.815   CNC 10   INF   Offline -> 9 of 150
2019-12-30 09:27:42.816   CNC 10   INF   Processing takes 466.455µs
2019-12-30 09:27:42.817   CNC 10   INF   Sleeping for 9.999001165s
2019-12-30 09:27:52.820   CNC 10   INF   Device still active
2019-12-30 09:27:52.823   CNC 10   INF   Offline -> 10 of 150
2019-12-30 09:27:52.823   CNC 10   INF   Processing takes 2.236057ms
2019-12-30 09:27:52.823   CNC 10   INF   Sleeping for 9.997518269s
2019-12-30 09:28:02.826   CNC 10   INF   Device still active
2019-12-30 09:28:02.826   CNC 10   INF   Offline -> 11 of 150
2019-12-30 09:28:02.827   CNC 10   INF   Processing takes 348.083µs
2019-12-30 09:28:02.827   CNC 10   INF   Sleeping for 9.999388983s
2019-12-30 09:28:12.828   CNC 10   INF   Device still active
2019-12-30 09:28:12.828   CNC 10   INF   Offline -> 12 of 150
2019-12-30 09:28:12.828   CNC 10   INF   Processing takes 677.56µs
2019-12-30 09:28:12.829   CNC 10   INF   Sleeping for 9.99921224s
2019-12-30 09:28:22.829   CNC 10   INF   Device still active
2019-12-30 09:28:22.829   CNC 10   INF   Offline -> 13 of 150
2019-12-30 09:28:22.831   CNC 10   INF   Processing takes 324.111µs
2019-12-30 09:28:22.831   CNC 10   INF   Sleeping for 9.998591373s
2019-12-30 09:28:32.832   CNC 10   INF   Device still active
2019-12-30 09:28:32.832   CNC 10   INF   Offline -> 14 of 150
2019-12-30 09:28:32.833   CNC 10   INF   Processing takes 373.954µs
2019-12-30 09:28:32.833   CNC 10   INF   Sleeping for 9.999330659s
2019-12-30 09:28:42.833   CNC 10   INF   Device still active
2019-12-30 09:28:42.834   CNC 10   INF   Offline -> 15 of 150
2019-12-30 09:28:42.834   CNC 10   INF   Processing takes 694.739µs
2019-12-30 09:28:42.834   CNC 10   INF   Sleeping for 9.999167519s
2019-12-30 09:28:52.834   CNC 10   INF   Device still active
2019-12-30 09:28:52.834   CNC 10   INF   Offline -> 16 of 150
2019-12-30 09:28:52.834   CNC 10   INF   Processing takes 357.86µs
2019-12-30 09:28:52.834   CNC 10   INF   Sleeping for 9.999465567s
2019-12-30 09:29:02.834   CNC 10   INF   Device still active
2019-12-30 09:29:02.834   CNC 10   INF   Offline -> 17 of 150
2019-12-30 09:29:02.835   CNC 10   INF   Processing takes 340.621µs
2019-12-30 09:29:02.835   CNC 10   INF   Sleeping for 9.999310639s
2019-12-30 09:29:12.836   CNC 10   INF   Device still active
2019-12-30 09:29:12.836   CNC 10   INF   Offline -> 18 of 150
2019-12-30 09:29:12.836   CNC 10   INF   Processing takes 158.163µs
2019-12-30 09:29:12.837   CNC 10   INF   Sleeping for 9.99962173s
2019-12-30 09:29:22.836   CNC 10   INF   Device still active
2019-12-30 09:29:22.836   CNC 10   INF   Offline -> 19 of 150
2019-12-30 09:29:22.836   CNC 10   INF   Processing takes 82.789µs
2019-12-30 09:29:22.837   CNC 10   INF   Sleeping for 9.999822994s
2019-12-30 09:29:32.838   CNC 10   INF   Device still active
2019-12-30 09:29:32.838   CNC 10   INF   Offline -> 20 of 150
2019-12-30 09:29:32.839   CNC 10   INF   Processing takes 376.126µs
2019-12-30 09:29:32.839   CNC 10   INF   Sleeping for 9.999466014s
2019-12-30 09:29:42.839   CNC 10   INF   Device still active
2019-12-30 09:29:42.840   CNC 10   INF   Offline -> 21 of 150
2019-12-30 09:29:42.840   CNC 10   INF   Processing takes 282.795µs
2019-12-30 09:29:42.840   CNC 10   INF   Sleeping for 9.999594027s
2019-12-30 09:29:52.840   CNC 10   INF   Device still active
2019-12-30 09:29:52.840   CNC 10   INF   Offline -> 22 of 150
2019-12-30 09:29:52.841   CNC 10   INF   Processing takes 179.789µs
2019-12-30 09:29:52.841   CNC 10   INF   Sleeping for 9.999548783s
2019-12-30 09:30:02.841   CNC 10   INF   Device still active
2019-12-30 09:30:02.842   CNC 10   INF   Offline -> 23 of 150
2019-12-30 09:30:02.843   CNC 10   INF   Processing takes 1.256024ms
2019-12-30 09:30:02.844   CNC 10   INF   Sleeping for 9.997823165s
2019-12-30 09:30:12.842   CNC 10   INF   Device still active
2019-12-30 09:30:12.842   CNC 10   INF   Offline -> 24 of 150
2019-12-30 09:30:12.842   CNC 10   INF   Processing takes 126.166µs
2019-12-30 09:30:12.842   CNC 10   INF   Sleeping for 9.99981934s
2019-12-30 09:30:22.844   CNC 10   INF   Device still active
2019-12-30 09:30:22.844   CNC 10   INF   Offline -> 25 of 150
2019-12-30 09:30:22.848   CNC 10   INF   Processing takes 87.118µs
2019-12-30 09:30:22.848   CNC 10   INF   Sleeping for 9.99656294s
2019-12-30 09:30:32.845   CNC 10   INF   Device still active
2019-12-30 09:30:32.846   CNC 10   INF   Offline -> 26 of 150
2019-12-30 09:30:32.846   CNC 10   INF   Processing takes 269.535µs
2019-12-30 09:30:32.846   CNC 10   INF   Sleeping for 9.999639161s
2019-12-30 09:30:42.849   CNC 10   INF   Device still active
2019-12-30 09:30:42.850   CNC 10   INF   Offline -> 27 of 150
2019-12-30 09:30:42.850   CNC 10   INF   Processing takes 443.612µs
2019-12-30 09:30:42.850   CNC 10   INF   Sleeping for 9.999361662s
2019-12-30 09:30:52.853   CNC 10   INF   Device still active
2019-12-30 09:30:52.854   CNC 10   INF   Offline -> 28 of 150
2019-12-30 09:30:52.854   CNC 10   INF   Processing takes 211.396µs
2019-12-30 09:30:52.854   CNC 10   INF   Sleeping for 9.999626827s
2019-12-30 09:31:02.854   CNC 10   INF   Device still active
2019-12-30 09:31:02.854   CNC 10   INF   Offline -> 29 of 150
2019-12-30 09:31:02.855   CNC 10   INF   Processing takes 136.759µs
2019-12-30 09:31:02.855   CNC 10   INF   Sleeping for 9.999755909s
2019-12-30 09:31:12.855   CNC 10   INF   Device still active
2019-12-30 09:31:12.855   CNC 10   INF   Offline -> 30 of 150
2019-12-30 09:31:12.855   CNC 10   INF   Processing takes 84.572µs
2019-12-30 09:31:12.855   CNC 10   INF   Sleeping for 9.999802859s
2019-12-30 09:31:22.856   CNC 10   INF   Device still active
2019-12-30 09:31:22.856   CNC 10   INF   Offline -> 31 of 150
2019-12-30 09:31:22.856   CNC 10   INF   Processing takes 93.284µs
2019-12-30 09:31:22.856   CNC 10   INF   Sleeping for 9.999818358s
2019-12-30 09:31:32.857   CNC 10   INF   Device still active
2019-12-30 09:31:32.857   CNC 10   INF   Offline -> 32 of 150
2019-12-30 09:31:32.858   CNC 10   INF   Processing takes 498.025µs
2019-12-30 09:31:32.858   CNC 10   INF   Sleeping for 9.999363088s
2019-12-30 09:31:42.857   CNC 10   INF   Device still active
2019-12-30 09:31:42.857   CNC 10   INF   Offline -> 33 of 150
2019-12-30 09:31:42.857   CNC 10   INF   Processing takes 135.336µs
2019-12-30 09:31:42.858   CNC 10   INF   Sleeping for 9.999751085s
2019-12-30 09:31:52.860   CNC 10   INF   Device still active
2019-12-30 09:31:52.860   CNC 10   INF   Offline -> 34 of 150
2019-12-30 09:31:52.860   CNC 10   INF   Processing takes 180.182µs
2019-12-30 09:31:52.861   CNC 10   INF   Sleeping for 9.999674776s
2019-12-30 09:32:02.864   CNC 10   INF   Device still active
2019-12-30 09:32:02.864   CNC 10   INF   Offline -> 35 of 150
2019-12-30 09:32:02.864   CNC 10   INF   Processing takes 118.281µs
2019-12-30 09:32:02.864   CNC 10   INF   Sleeping for 9.999749017s
2019-12-30 09:32:12.866   CNC 10   INF   Device still active
2019-12-30 09:32:12.866   CNC 10   INF   Offline -> 36 of 150
2019-12-30 09:32:12.866   CNC 10   INF   Processing takes 151.336µs
2019-12-30 09:32:12.866   CNC 10   INF   Sleeping for 9.999779395s
2019-12-30 09:32:22.867   CNC 10   INF   Device still active
2019-12-30 09:32:22.868   CNC 10   INF   Offline -> 37 of 150
2019-12-30 09:32:22.868   CNC 10   INF   Processing takes 132.563µs
2019-12-30 09:32:22.868   CNC 10   INF   Sleeping for 9.999762326s
2019-12-30 09:32:32.871   CNC 10   INF   Device still active
2019-12-30 09:32:32.871   CNC 10   INF   Offline -> 38 of 150
2019-12-30 09:32:32.871   CNC 10   INF   Processing takes 281.624µs
2019-12-30 09:32:32.871   CNC 10   INF   Sleeping for 9.999480467s
2019-12-30 09:32:42.872   CNC 10   INF   Device still active
2019-12-30 09:32:42.872   CNC 10   INF   Offline -> 39 of 150
2019-12-30 09:32:42.872   CNC 10   INF   Processing takes 594.859µs
2019-12-30 09:32:42.873   CNC 10   INF   Sleeping for 9.998924733s
2019-12-30 09:32:52.875   CNC 10   INF   Device still active
2019-12-30 09:32:52.875   CNC 10   INF   Offline -> 40 of 150
2019-12-30 09:32:52.875   CNC 10   INF   Processing takes 101.921µs
2019-12-30 09:32:52.876   CNC 10   INF   Sleeping for 9.999789955s
2019-12-30 09:33:02.877   CNC 10   INF   Device still active
2019-12-30 09:33:02.878   CNC 10   INF   Offline -> 41 of 150
2019-12-30 09:33:02.879   CNC 10   INF   Processing takes 1.045343ms
2019-12-30 09:33:02.879   CNC 10   INF   Sleeping for 9.998489659s
2019-12-30 09:33:12.880   CNC 10   INF   Device still active
2019-12-30 09:33:12.880   CNC 10   INF   Offline -> 42 of 150
2019-12-30 09:33:12.880   CNC 10   INF   Processing takes 378.879µs
2019-12-30 09:33:12.880   CNC 10   INF   Sleeping for 9.999485469s
2019-12-30 09:33:22.880   CNC 10   INF   Device still active
2019-12-30 09:33:22.881   CNC 10   INF   Offline -> 43 of 150
2019-12-30 09:33:22.881   CNC 10   INF   Processing takes 395.327µs
2019-12-30 09:33:22.881   CNC 10   INF   Sleeping for 9.999220995s
2019-12-30 09:33:32.881   CNC 10   INF   Device still active
2019-12-30 09:33:32.882   CNC 10   INF   Offline -> 44 of 150
2019-12-30 09:33:32.882   CNC 10   INF   Processing takes 501.033µs
2019-12-30 09:33:32.882   CNC 10   INF   Sleeping for 9.999153293s
2019-12-30 09:33:42.885   CNC 10   INF   Device still active
2019-12-30 09:33:42.885   CNC 10   INF   Offline -> 45 of 150
2019-12-30 09:33:42.885   CNC 10   INF   Processing takes 460.814µs
2019-12-30 09:33:42.886   CNC 10   INF   Sleeping for 9.999349685s
2019-12-30 09:33:52.889   CNC 10   INF   Device still active
2019-12-30 09:33:52.890   CNC 10   INF   Offline -> 46 of 150
2019-12-30 09:33:52.891   CNC 10   INF   Processing takes 1.008886ms
2019-12-30 09:33:52.891   CNC 10   INF   Sleeping for 9.998782254s
2019-12-30 09:34:02.890   CNC 10   INF   Device still active
2019-12-30 09:34:02.890   CNC 10   INF   Offline -> 47 of 150
2019-12-30 09:34:02.891   CNC 10   INF   Processing takes 138.86µs
2019-12-30 09:34:02.891   CNC 10   INF   Sleeping for 9.99972707s
2019-12-30 09:34:12.891   CNC 10   INF   Device still active
2019-12-30 09:34:12.891   CNC 10   INF   Offline -> 48 of 150
2019-12-30 09:34:12.891   CNC 10   INF   Processing takes 111.381µs
2019-12-30 09:34:12.891   CNC 10   INF   Sleeping for 9.999778099s
2019-12-30 09:34:22.894   CNC 10   INF   Device still active
2019-12-30 09:34:22.894   CNC 10   INF   Offline -> 49 of 150
2019-12-30 09:34:22.895   CNC 10   INF   Processing takes 126.548µs
2019-12-30 09:34:22.895   CNC 10   INF   Sleeping for 9.999709698s
2019-12-30 09:34:33.296   CNC 10   INF   Device still active
2019-12-30 09:34:33.296   CNC 10   INF   Offline -> 50 of 150
2019-12-30 09:34:33.296   CNC 10   INF   Processing takes 426.225µs
2019-12-30 09:34:33.297   CNC 10   INF   Sleeping for 9.999361231s
2019-12-30 09:34:43.298   CNC 10   INF   Device still active
2019-12-30 09:34:43.298   CNC 10   INF   Offline -> 51 of 150
2019-12-30 09:34:43.298   CNC 10   INF   Processing takes 199.718µs
2019-12-30 09:34:43.298   CNC 10   INF   Sleeping for 9.999433597s
2019-12-30 09:34:53.302   CNC 10   INF   Device still active
2019-12-30 09:34:53.302   CNC 10   INF   Offline -> 52 of 150
2019-12-30 09:34:53.303   CNC 10   INF   Processing takes 258.162µs
2019-12-30 09:34:53.303   CNC 10   INF   Sleeping for 9.999586109s
2019-12-30 09:35:03.304   CNC 10   INF   Device still active
2019-12-30 09:35:03.305   CNC 10   INF   Offline -> 53 of 150
2019-12-30 09:35:03.305   CNC 10   INF   Processing takes 644.359µs
2019-12-30 09:35:03.305   CNC 10   INF   Sleeping for 9.99903705s
2019-12-30 09:35:13.310   CNC 10   INF   Device still active
2019-12-30 09:35:13.310   CNC 10   INF   Offline -> 54 of 150
2019-12-30 09:35:13.311   CNC 10   INF   Processing takes 783.009µs
2019-12-30 09:35:13.311   CNC 10   INF   Sleeping for 9.998988436s
2019-12-30 09:35:23.314   CNC 10   INF   Device still active
2019-12-30 09:35:23.314   CNC 10   INF   Offline -> 55 of 150
2019-12-30 09:35:23.314   CNC 10   INF   Processing takes 182.487µs
2019-12-30 09:35:23.315   CNC 10   INF   Sleeping for 9.999030828s
2019-12-30 09:35:33.317   CNC 10   INF   Device still active
2019-12-30 09:35:33.317   CNC 10   INF   Offline -> 56 of 150
2019-12-30 09:35:33.317   CNC 10   INF   Processing takes 142.707µs
2019-12-30 09:35:33.317   CNC 10   INF   Sleeping for 9.999746771s
2019-12-30 09:35:43.322   CNC 10   INF   Device still active
2019-12-30 09:35:43.322   CNC 10   INF   Offline -> 57 of 150
2019-12-30 09:35:43.322   CNC 10   INF   Processing takes 149.765µs
2019-12-30 09:35:43.322   CNC 10   INF   Sleeping for 9.999707403s
2019-12-30 09:35:53.323   CNC 10   INF   Device still active
2019-12-30 09:35:53.323   CNC 10   INF   Offline -> 58 of 150
2019-12-30 09:35:53.323   CNC 10   INF   Processing takes 322.153µs
2019-12-30 09:35:53.323   CNC 10   INF   Sleeping for 9.999488629s
2019-12-30 09:36:03.326   CNC 10   INF   Device still active
2019-12-30 09:36:03.327   CNC 10   INF   Offline -> 59 of 150
2019-12-30 09:36:03.328   CNC 10   INF   Processing takes 1.259511ms
2019-12-30 09:36:03.328   CNC 10   INF   Sleeping for 9.998496899s
2019-12-30 09:36:13.327   CNC 10   INF   Device still active
2019-12-30 09:36:13.327   CNC 10   INF   Offline -> 60 of 150
2019-12-30 09:36:13.327   CNC 10   INF   Processing takes 306.198µs
2019-12-30 09:36:13.328   CNC 10   INF   Sleeping for 9.999423956s
2019-12-30 09:36:23.332   CNC 10   INF   Device still active
2019-12-30 09:36:23.332   CNC 10   INF   Offline -> 61 of 150
2019-12-30 09:36:23.332   CNC 10   INF   Processing takes 208.813µs
2019-12-30 09:36:23.332   CNC 10   INF   Sleeping for 9.999571149s
2019-12-30 09:36:33.337   CNC 10   INF   Device still active
2019-12-30 09:36:33.338   CNC 10   INF   Offline -> 62 of 150
2019-12-30 09:36:33.338   CNC 10   INF   Processing takes 634.655µs
2019-12-30 09:36:33.338   CNC 10   INF   Sleeping for 9.999188805s
2019-12-30 09:36:43.340   CNC 10   INF   Device still active
2019-12-30 09:36:43.341   CNC 10   INF   Offline -> 63 of 150
2019-12-30 09:36:43.341   CNC 10   INF   Processing takes 270.913µs
2019-12-30 09:36:43.341   CNC 10   INF   Sleeping for 9.999499376s
2019-12-30 09:36:53.346   CNC 10   INF   Device still active
2019-12-30 09:36:53.346   CNC 10   INF   Offline -> 64 of 150
2019-12-30 09:36:53.347   CNC 10   INF   Processing takes 275.195µs
2019-12-30 09:36:53.347   CNC 10   INF   Sleeping for 9.999521359s
2019-12-30 09:37:03.347   CNC 10   INF   Device still active
2019-12-30 09:37:03.347   CNC 10   INF   Offline -> 65 of 150
2019-12-30 09:37:03.347   CNC 10   INF   Processing takes 103.361µs
2019-12-30 09:37:03.347   CNC 10   INF   Sleeping for 9.999667893s
2019-12-30 09:37:13.351   CNC 10   INF   Device still active
2019-12-30 09:37:13.351   CNC 10   INF   Offline -> 66 of 150
2019-12-30 09:37:13.352   CNC 10   INF   Processing takes 232.048µs
2019-12-30 09:37:13.352   CNC 10   INF   Sleeping for 9.999217219s
2019-12-30 09:37:23.352   CNC 10   INF   Device still active
2019-12-30 09:37:23.352   CNC 10   INF   Offline -> 67 of 150
2019-12-30 09:37:23.352   CNC 10   INF   Processing takes 230.826µs
2019-12-30 09:37:23.352   CNC 10   INF   Sleeping for 9.999636445s
2019-12-30 09:38:59.951   CNC 10   INF   Device started running
2019-12-30 09:38:59.951   CNC 10   INF   Device directory exists
2019-12-30 09:38:59.951   CNC 10   INF   Production -> 0 of 300
2019-12-30 09:39:00.021   CNC 10   INF   Processing takes 70.168282ms
2019-12-30 09:39:00.021   CNC 10   INF   Sleeping for 9.929717105s
2019-12-30 09:39:09.953   CNC 10   INF   Device still active
2019-12-30 09:39:09.953   CNC 10   INF   Production -> 1 of 300
2019-12-30 09:39:10.001   CNC 10   INF   Processing takes 47.978874ms
2019-12-30 09:39:10.001   CNC 10   INF   Sleeping for 9.951846342s
2019-12-30 09:39:19.958   CNC 10   INF   Device still active
2019-12-30 09:39:19.959   CNC 10   INF   Production -> 2 of 300
2019-12-30 09:39:20.011   CNC 10   INF   Processing takes 52.381568ms
2019-12-30 09:39:20.011   CNC 10   INF   Sleeping for 9.947515125s
2019-12-30 09:39:29.964   CNC 10   INF   Device still active
2019-12-30 09:39:29.965   CNC 10   INF   Production -> 3 of 300
2019-12-30 09:39:30.011   CNC 10   INF   Processing takes 46.80663ms
2019-12-30 09:39:30.011   CNC 10   INF   Sleeping for 9.953060021s
2019-12-30 09:39:39.967   CNC 10   INF   Device still active
2019-12-30 09:39:39.967   CNC 10   INF   Production -> 4 of 300
2019-12-30 09:39:40.020   CNC 10   INF   Processing takes 53.335565ms
2019-12-30 09:39:40.020   CNC 10   INF   Sleeping for 9.946578532s
2019-12-30 09:39:49.967   CNC 10   INF   Device still active
2019-12-30 09:39:49.968   CNC 10   INF   Production -> 5 of 300
2019-12-30 09:39:50.027   CNC 10   INF   Processing takes 59.685011ms
2019-12-30 09:39:50.027   CNC 10   INF   Sleeping for 9.940225662s
2019-12-30 09:39:59.968   CNC 10   INF   Device still active
2019-12-30 09:39:59.968   CNC 10   INF   Production -> 6 of 300
2019-12-30 09:40:00.016   CNC 10   INF   Processing takes 47.851433ms
2019-12-30 09:40:00.016   CNC 10   INF   Sleeping for 9.952011053s
2019-12-30 09:40:09.969   CNC 10   INF   Device still active
2019-12-30 09:40:09.969   CNC 10   INF   Production -> 7 of 300
2019-12-30 09:40:10.042   CNC 10   INF   Processing takes 73.585096ms
2019-12-30 09:40:10.043   CNC 10   INF   Sleeping for 9.926188827s
2019-12-30 09:40:19.974   CNC 10   INF   Device still active
2019-12-30 09:40:19.975   CNC 10   INF   Production -> 8 of 300
2019-12-30 09:40:20.051   CNC 10   INF   Processing takes 75.745485ms
2019-12-30 09:40:20.051   CNC 10   INF   Sleeping for 9.924103073s
2019-12-30 09:40:29.977   CNC 10   INF   Device still active
2019-12-30 09:40:29.977   CNC 10   INF   Production -> 9 of 300
2019-12-30 09:40:30.036   CNC 10   INF   Processing takes 59.578031ms
2019-12-30 09:40:30.036   CNC 10   INF   Sleeping for 9.940318422s
2019-12-30 09:40:39.980   CNC 10   INF   Device still active
2019-12-30 09:40:39.981   CNC 10   INF   Production -> 10 of 300
2019-12-30 09:40:40.025   CNC 10   INF   Processing takes 45.63686ms
2019-12-30 09:40:40.025   CNC 10   INF   Sleeping for 9.954247605s
2019-12-30 09:40:49.985   CNC 10   INF   Device still active
2019-12-30 09:40:49.989   CNC 10   INF   Production -> 11 of 300
2019-12-30 09:40:50.147   CNC 10   INF   Processing takes 162.251728ms
2019-12-30 09:40:50.147   CNC 10   INF   Sleeping for 9.837561553s
2019-12-30 09:40:59.985   CNC 10   INF   Device still active
2019-12-30 09:40:59.986   CNC 10   INF   Production -> 12 of 300
2019-12-30 09:41:00.039   CNC 10   INF   Processing takes 54.047311ms
2019-12-30 09:41:00.040   CNC 10   INF   Sleeping for 9.945860099s
2019-12-30 09:41:09.987   CNC 10   INF   Device still active
2019-12-30 09:41:09.987   CNC 10   INF   Production -> 13 of 300
2019-12-30 09:41:10.050   CNC 10   INF   Processing takes 63.039706ms
2019-12-30 09:41:10.050   CNC 10   INF   Sleeping for 9.936862967s
2019-12-30 09:41:19.987   CNC 10   INF   Device still active
2019-12-30 09:41:19.987   CNC 10   INF   Production -> 14 of 300
2019-12-30 09:41:20.045   CNC 10   INF   Processing takes 58.05636ms
2019-12-30 09:41:20.046   CNC 10   INF   Sleeping for 9.941796007s
2019-12-30 09:41:29.988   CNC 10   INF   Device not active
2019-12-30 09:41:29.988   CNC 10   INF   Device not active, stopped running
2019-12-30 09:41:29.991   CNC 10   INF   Device started running
2019-12-30 09:41:29.991   CNC 10   INF   Device directory exists
2019-12-30 09:41:29.991   CNC 10   INF   Offline -> 0 of 150
2019-12-30 09:41:29.992   CNC 10   INF   Processing takes 302.665µs
2019-12-30 09:41:29.992   CNC 10   INF   Sleeping for 9.999042085s
2019-12-30 09:41:39.993   CNC 10   INF   Device still active
2019-12-30 09:41:39.994   CNC 10   INF   Offline -> 1 of 150
2019-12-30 09:41:39.994   CNC 10   INF   Processing takes 764.395µs
2019-12-30 09:41:39.994   CNC 10   INF   Sleeping for 9.999073845s
2019-12-30 09:41:49.993   CNC 10   INF   Device still active
2019-12-30 09:41:49.994   CNC 10   INF   Offline -> 2 of 150
2019-12-30 09:41:49.994   CNC 10   INF   Processing takes 150.483µs
2019-12-30 09:41:49.994   CNC 10   INF   Sleeping for 9.999136643s
2019-12-30 09:41:59.996   CNC 10   INF   Device still active
2019-12-30 09:41:59.996   CNC 10   INF   Offline -> 3 of 150
2019-12-30 09:41:59.997   CNC 10   INF   Processing takes 554.046µs
2019-12-30 09:41:59.997   CNC 10   INF   Sleeping for 9.999300092s
2019-12-30 09:42:10.000   CNC 10   INF   Device still active
2019-12-30 09:42:10.001   CNC 10   INF   Offline -> 4 of 150
2019-12-30 09:42:10.001   CNC 10   INF   Processing takes 107.925µs
2019-12-30 09:42:10.001   CNC 10   INF   Sleeping for 9.99951703s
2019-12-30 09:42:20.002   CNC 10   INF   Device still active
2019-12-30 09:42:20.002   CNC 10   INF   Offline -> 5 of 150
2019-12-30 09:42:20.002   CNC 10   INF   Processing takes 415.591µs
2019-12-30 09:42:20.003   CNC 10   INF   Sleeping for 9.999475245s
2019-12-30 09:42:30.003   CNC 10   INF   Device still active
2019-12-30 09:42:30.003   CNC 10   INF   Offline -> 6 of 150
2019-12-30 09:42:30.003   CNC 10   INF   Processing takes 551.459µs
2019-12-30 09:42:30.004   CNC 10   INF   Sleeping for 9.999224763s
2019-12-30 09:42:40.003   CNC 10   INF   Device still active
2019-12-30 09:42:40.003   CNC 10   INF   Offline -> 7 of 150
2019-12-30 09:42:40.004   CNC 10   INF   Processing takes 483.879µs
2019-12-30 09:42:40.004   CNC 10   INF   Sleeping for 9.99893725s
2019-12-30 09:42:50.005   CNC 10   INF   Device still active
2019-12-30 09:42:50.006   CNC 10   INF   Offline -> 8 of 150
2019-12-30 09:42:50.007   CNC 10   INF   Processing takes 1.303805ms
2019-12-30 09:42:50.007   CNC 10   INF   Sleeping for 9.997842671s
2019-12-30 09:43:00.006   CNC 10   INF   Device still active
2019-12-30 09:43:00.006   CNC 10   INF   Offline -> 9 of 150
2019-12-30 09:43:00.006   CNC 10   INF   Processing takes 130.747µs
2019-12-30 09:43:00.006   CNC 10   INF   Sleeping for 9.999708258s
2019-12-30 09:43:10.011   CNC 10   INF   Device still active
2019-12-30 09:43:10.011   CNC 10   INF   Offline -> 10 of 150
2019-12-30 09:43:10.012   CNC 10   INF   Processing takes 669.393µs
2019-12-30 09:43:10.013   CNC 10   INF   Sleeping for 9.998365552s
2019-12-30 09:43:20.012   CNC 10   INF   Device still active
2019-12-30 09:43:20.012   CNC 10   INF   Offline -> 11 of 150
2019-12-30 09:43:20.012   CNC 10   INF   Processing takes 113.249µs
2019-12-30 09:43:20.012   CNC 10   INF   Sleeping for 9.999734471s
2019-12-30 09:43:30.012   CNC 10   INF   Device still active
2019-12-30 09:43:30.012   CNC 10   INF   Offline -> 12 of 150
2019-12-30 09:43:30.013   CNC 10   INF   Processing takes 168.442µs
2019-12-30 09:43:30.013   CNC 10   INF   Sleeping for 9.999676834s
2019-12-30 09:43:40.016   CNC 10   INF   Device still active
2019-12-30 09:43:40.017   CNC 10   INF   Offline -> 13 of 150
2019-12-30 09:43:40.018   CNC 10   INF   Processing takes 390.953µs
2019-12-30 09:43:40.018   CNC 10   INF   Sleeping for 9.998785179s
2019-12-30 09:43:50.017   CNC 10   INF   Device still active
2019-12-30 09:43:50.017   CNC 10   INF   Offline -> 14 of 150
2019-12-30 09:43:50.017   CNC 10   INF   Processing takes 108.184µs
2019-12-30 09:43:50.017   CNC 10   INF   Sleeping for 9.999667165s
2019-12-30 09:44:00.020   CNC 10   INF   Device still active
2019-12-30 09:44:00.020   CNC 10   INF   Offline -> 15 of 150
2019-12-30 09:44:00.020   CNC 10   INF   Processing takes 164.566µs
2019-12-30 09:44:00.020   CNC 10   INF   Sleeping for 9.999673921s
2019-12-30 09:44:10.020   CNC 10   INF   Device still active
2019-12-30 09:44:10.020   CNC 10   INF   Offline -> 16 of 150
2019-12-30 09:44:10.020   CNC 10   INF   Processing takes 121.208µs
2019-12-30 09:44:10.021   CNC 10   INF   Sleeping for 9.999769633s
2019-12-30 09:44:20.025   CNC 10   INF   Device still active
2019-12-30 09:44:20.025   CNC 10   INF   Offline -> 17 of 150
2019-12-30 09:44:20.025   CNC 10   INF   Processing takes 172.127µs
2019-12-30 09:44:20.025   CNC 10   INF   Sleeping for 9.999710745s
2019-12-30 09:44:30.026   CNC 10   INF   Device still active
2019-12-30 09:44:30.026   CNC 10   INF   Offline -> 18 of 150
2019-12-30 09:44:30.026   CNC 10   INF   Processing takes 91.332µs
2019-12-30 09:44:30.026   CNC 10   INF   Sleeping for 9.999824972s
2019-12-30 09:44:40.026   CNC 10   INF   Device still active
2019-12-30 09:44:40.026   CNC 10   INF   Offline -> 19 of 150
2019-12-30 09:44:40.026   CNC 10   INF   Processing takes 99.346µs
2019-12-30 09:44:40.026   CNC 10   INF   Sleeping for 9.999810214s
2019-12-30 09:44:50.027   CNC 10   INF   Device still active
2019-12-30 09:44:50.027   CNC 10   INF   Offline -> 20 of 150
2019-12-30 09:44:50.027   CNC 10   INF   Processing takes 98.443µs
2019-12-30 09:44:50.027   CNC 10   INF   Sleeping for 9.999817011s
2019-12-30 10:31:19.326   CNC 10   INF   Device started running
2019-12-30 10:31:19.327   CNC 10   INF   Device directory exists
2019-12-30 10:31:19.327   CNC 10   INF   Offline -> 0 of 150
2019-12-30 10:31:19.328   CNC 10   INF   Processing takes 288.045µs
2019-12-30 10:31:19.328   CNC 10   INF   Sleeping for 9.999560071s
2019-12-30 10:31:29.332   CNC 10   INF   Device still active
2019-12-30 10:31:29.332   CNC 10   INF   Offline -> 1 of 150
2019-12-30 10:31:29.332   CNC 10   INF   Processing takes 144.48µs
2019-12-30 10:31:29.332   CNC 10   INF   Sleeping for 9.999721457s
2019-12-30 10:50:38.718   CNC 10   INF   Device started running
2019-12-30 10:50:38.718   CNC 10   INF   Device directory exists
2019-12-30 10:50:38.719   CNC 10   INF   Downtime -> 0 of 150
2019-12-30 10:50:38.755   CNC 10   INF   Processing takes 36.203188ms
2019-12-30 10:50:38.755   CNC 10   INF   Sleeping for 9.963505199s
2019-12-30 10:50:48.722   CNC 10   INF   Device still active
2019-12-30 10:50:48.722   CNC 10   INF   Downtime -> 1 of 150
2019-12-30 10:50:48.766   CNC 10   INF   Processing takes 44.155016ms
2019-12-30 10:50:48.766   CNC 10   INF   Sleeping for 9.955664347s
2019-12-30 10:50:58.724   CNC 10   INF   Device still active
2019-12-30 10:50:58.724   CNC 10   INF   Downtime -> 2 of 150
2019-12-30 10:50:58.805   CNC 10   INF   Processing takes 81.423722ms
2019-12-30 10:50:58.805   CNC 10   INF   Sleeping for 9.91840007s
2019-12-30 10:51:08.727   CNC 10   INF   Device still active
2019-12-30 10:51:08.727   CNC 10   INF   Downtime -> 3 of 150
2019-12-30 10:51:08.779   CNC 10   INF   Processing takes 52.30152ms
2019-12-30 10:51:08.779   CNC 10   INF   Sleeping for 9.947579123s
2019-12-30 10:51:18.729   CNC 10   INF   Device still active
2019-12-30 10:51:18.730   CNC 10   INF   Downtime -> 4 of 150
2019-12-30 10:51:18.797   CNC 10   INF   Processing takes 67.242592ms
2019-12-30 10:51:18.797   CNC 10   INF   Sleeping for 9.93261794s
2019-12-30 10:51:28.734   CNC 10   INF   Device still active
2019-12-30 10:51:28.734   CNC 10   INF   Downtime -> 5 of 150
2019-12-30 10:51:28.763   CNC 10   INF   Processing takes 28.873006ms
2019-12-30 10:51:28.763   CNC 10   INF   Sleeping for 9.970984964s
2019-12-30 10:51:38.735   CNC 10   INF   Device still active
2019-12-30 10:51:38.735   CNC 10   INF   Downtime -> 6 of 150
2019-12-30 10:51:38.781   CNC 10   INF   Processing takes 45.790731ms
2019-12-30 10:51:38.781   CNC 10   INF   Sleeping for 9.954103894s
2019-12-30 10:51:48.735   CNC 10   INF   Device still active
2019-12-30 10:51:48.736   CNC 10   INF   Downtime -> 7 of 150
2019-12-30 10:51:48.811   CNC 10   INF   Processing takes 74.973995ms
2019-12-30 10:51:48.811   CNC 10   INF   Sleeping for 9.924891884s
2019-12-30 10:51:58.736   CNC 10   INF   Device still active
2019-12-30 10:51:58.737   CNC 10   INF   Downtime -> 8 of 150
2019-12-30 10:51:58.811   CNC 10   INF   Processing takes 74.176115ms
2019-12-30 10:51:58.811   CNC 10   INF   Sleeping for 9.925626716s
2019-12-30 10:52:08.740   CNC 10   INF   Device still active
2019-12-30 10:52:08.741   CNC 10   INF   Downtime -> 9 of 150
2019-12-30 10:52:08.774   CNC 10   INF   Processing takes 33.629329ms
2019-12-30 10:52:08.774   CNC 10   INF   Sleeping for 9.966236716s
2019-12-30 10:52:18.746   CNC 10   INF   Device still active
2019-12-30 10:52:18.746   CNC 10   INF   Downtime -> 10 of 150
2019-12-30 10:52:18.804   CNC 10   INF   Processing takes 58.488804ms
2019-12-30 10:52:18.804   CNC 10   INF   Sleeping for 9.941439032s
2019-12-30 10:52:28.746   CNC 10   INF   Device still active
2019-12-30 10:52:28.746   CNC 10   INF   Downtime -> 11 of 150
2019-12-30 10:52:28.814   CNC 10   INF   Processing takes 67.311705ms
2019-12-30 10:52:28.814   CNC 10   INF   Sleeping for 9.932561719s
2019-12-30 10:52:38.750   CNC 10   INF   Device still active
2019-12-30 10:52:38.750   CNC 10   INF   Downtime -> 12 of 150
2019-12-30 10:52:38.795   CNC 10   INF   Processing takes 45.123884ms
2019-12-30 10:52:38.795   CNC 10   INF   Sleeping for 9.954767404s
2019-12-30 10:52:48.752   CNC 10   INF   Device still active
2019-12-30 10:52:48.752   CNC 10   INF   Downtime -> 13 of 150
2019-12-30 10:52:48.836   CNC 10   INF   Processing takes 84.096135ms
2019-12-30 10:52:48.836   CNC 10   INF   Sleeping for 9.915737136s
2019-12-30 10:52:58.752   CNC 10   INF   Device still active
2019-12-30 10:52:58.753   CNC 10   INF   Downtime -> 14 of 150
2019-12-30 10:52:58.783   CNC 10   INF   Processing takes 30.460784ms
2019-12-30 10:52:58.783   CNC 10   INF   Sleeping for 9.969413699s
2019-12-30 10:53:08.754   CNC 10   INF   Device still active
2019-12-30 10:53:08.755   CNC 10   INF   Downtime -> 15 of 150
2019-12-30 10:53:08.813   CNC 10   INF   Processing takes 58.444075ms
2019-12-30 10:53:08.813   CNC 10   INF   Sleeping for 9.941314589s
2019-12-30 10:53:18.759   CNC 10   INF   Device still active
2019-12-30 10:53:18.759   CNC 10   INF   Downtime -> 16 of 150
2019-12-30 10:53:18.796   CNC 10   INF   Processing takes 36.548184ms
2019-12-30 10:53:18.796   CNC 10   INF   Sleeping for 9.96332362s
2019-12-30 10:53:28.761   CNC 10   INF   Device still active
2019-12-30 10:53:28.761   CNC 10   INF   Downtime -> 17 of 150
2019-12-30 10:53:28.786   CNC 10   INF   Processing takes 24.923939ms
2019-12-30 10:53:28.786   CNC 10   INF   Sleeping for 9.974690658s
2019-12-30 10:53:38.762   CNC 10   INF   Device still active
2019-12-30 10:53:38.762   CNC 10   INF   Downtime -> 18 of 150
2019-12-30 10:53:38.796   CNC 10   INF   Processing takes 33.879897ms
2019-12-30 10:53:38.796   CNC 10   INF   Sleeping for 9.966010431s
2019-12-30 10:53:48.766   CNC 10   INF   Device still active
2019-12-30 10:53:48.766   CNC 10   INF   Downtime -> 19 of 150
2019-12-30 10:53:48.800   CNC 10   INF   Processing takes 34.051973ms
2019-12-30 10:53:48.800   CNC 10   INF   Sleeping for 9.965835628s
2019-12-30 10:53:58.768   CNC 10   INF   Device still active
2019-12-30 10:53:58.768   CNC 10   INF   Downtime -> 20 of 150
2019-12-30 10:53:58.830   CNC 10   INF   Processing takes 61.922474ms
2019-12-30 10:53:58.830   CNC 10   INF   Sleeping for 9.937923295s
2019-12-30 10:54:08.769   CNC 10   INF   Device still active
2019-12-30 10:54:08.771   CNC 10   INF   Downtime -> 21 of 150
2019-12-30 10:54:08.823   CNC 10   INF   Processing takes 54.038717ms
2019-12-30 10:54:08.823   CNC 10   INF   Sleeping for 9.945856313s
2019-12-30 10:54:18.770   CNC 10   INF   Device still active
2019-12-30 10:54:18.770   CNC 10   INF   Downtime -> 22 of 150
2019-12-30 10:54:18.803   CNC 10   INF   Processing takes 33.526307ms
2019-12-30 10:54:18.803   CNC 10   INF   Sleeping for 9.96629033s
2019-12-30 10:54:28.774   CNC 10   INF   Device still active
2019-12-30 10:54:28.775   CNC 10   INF   Downtime -> 23 of 150
2019-12-30 10:54:28.795   CNC 10   INF   Processing takes 20.631851ms
2019-12-30 10:54:28.795   CNC 10   INF   Sleeping for 9.979253851s
2019-12-30 10:54:38.775   CNC 10   INF   Device still active
2019-12-30 10:54:38.776   CNC 10   INF   Downtime -> 24 of 150
2019-12-30 10:54:38.847   CNC 10   INF   Processing takes 71.212821ms
2019-12-30 10:54:38.847   CNC 10   INF   Sleeping for 9.928666762s
2019-12-30 10:54:48.777   CNC 10   INF   Device still active
2019-12-30 10:54:48.778   CNC 10   INF   Downtime -> 25 of 150
2019-12-30 10:54:48.820   CNC 10   INF   Processing takes 42.621213ms
2019-12-30 10:54:48.820   CNC 10   INF   Sleeping for 9.957087068s
2019-12-30 10:54:58.778   CNC 10   INF   Device still active
2019-12-30 10:54:58.778   CNC 10   INF   Downtime -> 26 of 150
2019-12-30 10:54:58.837   CNC 10   INF   Processing takes 59.687724ms
2019-12-30 10:54:58.837   CNC 10   INF   Sleeping for 9.94020377s
2019-12-30 10:55:08.779   CNC 10   INF   Device still active
2019-12-30 10:55:08.779   CNC 10   INF   Downtime -> 27 of 150
2019-12-30 10:55:08.826   CNC 10   INF   Processing takes 47.114748ms
2019-12-30 10:55:08.826   CNC 10   INF   Sleeping for 9.952756658s
2019-12-30 10:55:18.781   CNC 10   INF   Device still active
2019-12-30 10:55:18.782   CNC 10   INF   Downtime -> 28 of 150
2019-12-30 10:55:18.834   CNC 10   INF   Processing takes 52.770603ms
2019-12-30 10:55:18.834   CNC 10   INF   Sleeping for 9.947139405s
2019-12-30 10:55:28.786   CNC 10   INF   Device still active
2019-12-30 10:55:28.786   CNC 10   INF   Downtime -> 29 of 150
2019-12-30 10:55:28.845   CNC 10   INF   Processing takes 58.720719ms
2019-12-30 10:55:28.845   CNC 10   INF   Sleeping for 9.941182103s
2019-12-30 10:55:42.171   CNC 10   INF   Device started running
2019-12-30 10:55:42.171   CNC 10   INF   Device directory exists
2019-12-30 10:55:42.172   CNC 10   INF   Production -> 0 of 300
2019-12-30 10:55:42.289   CNC 10   INF   Processing takes 117.851232ms
2019-12-30 10:55:42.289   CNC 10   INF   Sleeping for 9.88199619s
2019-12-30 10:55:52.172   CNC 10   INF   Device still active
2019-12-30 10:55:52.172   CNC 10   INF   Production -> 1 of 300
2019-12-30 10:55:52.260   CNC 10   INF   Processing takes 87.918775ms
2019-12-30 10:55:52.260   CNC 10   INF   Sleeping for 9.911968158s
2019-12-30 10:56:02.172   CNC 10   INF   Device still active
2019-12-30 10:56:02.172   CNC 10   INF   Production -> 2 of 300
2019-12-30 10:56:02.260   CNC 10   INF   Processing takes 87.443347ms
2019-12-30 10:56:02.260   CNC 10   INF   Sleeping for 9.912460633s
2019-12-30 10:56:12.173   CNC 10   INF   Device still active
2019-12-30 10:56:12.174   CNC 10   INF   Production -> 3 of 300
2019-12-30 10:56:12.284   CNC 10   INF   Processing takes 111.003985ms
2019-12-30 10:56:12.284   CNC 10   INF   Sleeping for 9.888535119s
2019-12-30 10:56:22.176   CNC 10   INF   Device still active
2019-12-30 10:56:22.176   CNC 10   INF   Production -> 4 of 300
2019-12-30 10:56:22.235   CNC 10   INF   Processing takes 58.589864ms
2019-12-30 10:56:22.235   CNC 10   INF   Sleeping for 9.941281826s
2019-12-30 10:56:32.177   CNC 10   INF   Device still active
2019-12-30 10:56:32.178   CNC 10   INF   Production -> 5 of 300
2019-12-30 10:56:32.261   CNC 10   INF   Processing takes 83.428667ms
2019-12-30 10:56:32.261   CNC 10   INF   Sleeping for 9.916457608s
2019-12-30 10:56:42.181   CNC 10   INF   Device still active
2019-12-30 10:56:42.181   CNC 10   INF   Production -> 6 of 300
2019-12-30 10:56:42.276   CNC 10   INF   Processing takes 94.656821ms
2019-12-30 10:56:42.276   CNC 10   INF   Sleeping for 9.905234839s
2019-12-30 10:56:52.184   CNC 10   INF   Device still active
2019-12-30 10:56:52.185   CNC 10   INF   Production -> 7 of 300
2019-12-30 10:56:52.241   CNC 10   INF   Processing takes 56.315101ms
2019-12-30 10:56:52.241   CNC 10   INF   Sleeping for 9.943593825s
2019-12-30 10:57:02.186   CNC 10   INF   Device still active
2019-12-30 10:57:02.188   CNC 10   INF   Production -> 8 of 300
2019-12-30 10:57:02.305   CNC 10   INF   Processing takes 118.819804ms
2019-12-30 10:57:02.306   CNC 10   INF   Sleeping for 9.881010137s
2019-12-30 10:57:36.289   CNC 10   INF   Device started running
2019-12-30 10:57:36.290   CNC 10   INF   Device directory exists
2019-12-30 10:57:36.291   CNC 10   INF   Downtime -> 0 of 150
2019-12-30 10:57:36.361   CNC 10   INF   Processing takes 70.412438ms
2019-12-30 10:57:36.361   CNC 10   INF   Sleeping for 9.929342831s
2019-12-30 10:58:10.040   CNC 10   INF   Device started running
2019-12-30 10:58:10.040   CNC 10   INF   Device directory exists
2019-12-30 10:58:10.041   CNC 10   INF   Offline -> 0 of 150
2019-12-30 10:58:10.041   CNC 10   INF   Processing takes 104.91µs
2019-12-30 10:58:10.041   CNC 10   INF   Sleeping for 9.999444851s
2019-12-30 11:09:08.177   CNC 10   INF   Device started running
2019-12-30 11:09:08.177   CNC 10   INF   Device directory exists
2019-12-30 11:09:08.178   CNC 10   INF   Downtime -> 0 of 150
2019-12-30 11:09:08.200   CNC 10   INF   Processing takes 22.560055ms
2019-12-30 11:09:08.200   CNC 10   INF   Sleeping for 9.977220717s
2019-12-30 11:09:18.182   CNC 10   INF   Device still active
2019-12-30 11:09:18.183   CNC 10   INF   Downtime -> 1 of 150
2019-12-30 11:09:18.260   CNC 10   INF   Processing takes 77.132438ms
2019-12-30 11:09:18.260   CNC 10   INF   Sleeping for 9.9225168s
2019-12-30 11:09:28.187   CNC 10   INF   Device still active
2019-12-30 11:09:28.187   CNC 10   INF   Downtime -> 2 of 150
2019-12-30 11:09:28.251   CNC 10   INF   Processing takes 63.796049ms
2019-12-30 11:09:28.251   CNC 10   INF   Sleeping for 9.936058769s
2019-12-30 11:09:38.193   CNC 10   INF   Device still active
2019-12-30 11:09:38.194   CNC 10   INF   Downtime -> 3 of 150
2019-12-30 11:09:38.256   CNC 10   INF   Processing takes 61.92066ms
2019-12-30 11:09:38.256   CNC 10   INF   Sleeping for 9.937716033s
2019-12-30 11:09:48.195   CNC 10   INF   Device still active
2019-12-30 11:09:48.195   CNC 10   INF   Downtime -> 4 of 150
2019-12-30 11:09:48.226   CNC 10   INF   Processing takes 31.178294ms
2019-12-30 11:09:48.226   CNC 10   INF   Sleeping for 9.968682866s
2019-12-30 11:09:58.200   CNC 10   INF   Device still active
2019-12-30 11:09:58.200   CNC 10   INF   Downtime -> 5 of 150
2019-12-30 11:09:58.255   CNC 10   INF   Processing takes 54.760942ms
2019-12-30 11:09:58.255   CNC 10   INF   Sleeping for 9.945121576s
2019-12-30 11:10:08.206   CNC 10   INF   Device still active
2019-12-30 11:10:08.207   CNC 10   INF   Downtime -> 6 of 150
2019-12-30 11:10:08.259   CNC 10   INF   Processing takes 53.072068ms
2019-12-30 11:10:08.259   CNC 10   INF   Sleeping for 9.946831148s
2019-12-30 11:10:18.207   CNC 10   INF   Device still active
2019-12-30 11:10:18.208   CNC 10   INF   Downtime -> 7 of 150
2019-12-30 11:10:18.257   CNC 10   INF   Processing takes 49.964852ms
2019-12-30 11:10:18.257   CNC 10   INF   Sleeping for 9.949910097s
2019-12-30 11:10:28.209   CNC 10   INF   Device still active
2019-12-30 11:10:28.210   CNC 10   INF   Downtime -> 8 of 150
2019-12-30 11:10:28.261   CNC 10   INF   Processing takes 51.712665ms
2019-12-30 11:10:28.261   CNC 10   INF   Sleeping for 9.94812283s
2019-12-30 11:10:38.210   CNC 10   INF   Device still active
2019-12-30 11:10:38.210   CNC 10   INF   Downtime -> 9 of 150
2019-12-30 11:10:38.230   CNC 10   INF   Processing takes 20.153128ms
2019-12-30 11:10:38.230   CNC 10   INF   Sleeping for 9.979702358s
2019-12-30 11:10:48.211   CNC 10   INF   Device still active
2019-12-30 11:10:48.211   CNC 10   INF   Downtime -> 10 of 150
2019-12-30 11:10:48.259   CNC 10   INF   Processing takes 48.1275ms
2019-12-30 11:10:48.260   CNC 10   INF   Sleeping for 9.951729746s
2019-12-30 11:10:58.214   CNC 10   INF   Device still active
2019-12-30 11:10:58.215   CNC 10   INF   Downtime -> 11 of 150
2019-12-30 11:10:58.242   CNC 10   INF   Processing takes 27.902965ms
2019-12-30 11:10:58.242   CNC 10   INF   Sleeping for 9.971947424s
2019-12-30 11:11:08.215   CNC 10   INF   Device still active
2019-12-30 11:11:08.215   CNC 10   INF   Downtime -> 12 of 150
2019-12-30 11:11:08.276   CNC 10   INF   Processing takes 60.363966ms
2019-12-30 11:11:08.276   CNC 10   INF   Sleeping for 9.939486589s
2019-12-30 11:11:18.218   CNC 10   INF   Device still active
2019-12-30 11:11:18.218   CNC 10   INF   Downtime -> 13 of 150
2019-12-30 11:11:18.253   CNC 10   INF   Processing takes 34.532502ms
2019-12-30 11:11:18.253   CNC 10   INF   Sleeping for 9.965276144s
2019-12-30 11:11:28.219   CNC 10   INF   Device still active
2019-12-30 11:11:28.220   CNC 10   INF   Downtime -> 14 of 150
2019-12-30 11:11:28.299   CNC 10   INF   Processing takes 79.917393ms
2019-12-30 11:11:28.300   CNC 10   INF   Sleeping for 9.919776376s
2019-12-30 11:11:38.221   CNC 10   INF   Device still active
2019-12-30 11:11:38.221   CNC 10   INF   Downtime -> 15 of 150
2019-12-30 11:11:38.290   CNC 10   INF   Processing takes 69.102662ms
2019-12-30 11:11:38.290   CNC 10   INF   Sleeping for 9.930382716s
2019-12-30 11:11:48.224   CNC 10   INF   Device still active
2019-12-30 11:11:48.224   CNC 10   INF   Downtime -> 16 of 150
2019-12-30 11:11:48.251   CNC 10   INF   Processing takes 26.427579ms
2019-12-30 11:11:48.251   CNC 10   INF   Sleeping for 9.9734271s
2019-12-30 11:11:58.226   CNC 10   INF   Device still active
2019-12-30 11:11:58.227   CNC 10   INF   Downtime -> 17 of 150
2019-12-30 11:11:58.270   CNC 10   INF   Processing takes 43.327714ms
2019-12-30 11:11:58.270   CNC 10   INF   Sleeping for 9.956557391s
2019-12-30 11:13:02.021   CNC 10   INF   Device started running
2019-12-30 11:13:02.022   CNC 10   INF   Device directory exists
2019-12-30 11:13:02.022   CNC 10   INF   Production -> 0 of 300
2019-12-30 11:13:02.092   CNC 10   INF   Processing takes 70.53128ms
2019-12-30 11:13:02.092   CNC 10   INF   Sleeping for 9.929295581s
2019-12-30 11:13:12.022   CNC 10   INF   Device still active
2019-12-30 11:13:12.022   CNC 10   INF   Production -> 1 of 300
2019-12-30 11:13:12.114   CNC 10   INF   Processing takes 91.615879ms
2019-12-30 11:13:12.114   CNC 10   INF   Sleeping for 9.908288785s
2019-12-30 11:13:22.025   CNC 10   INF   Device still active
2019-12-30 11:13:22.026   CNC 10   INF   Production -> 2 of 300
2019-12-30 11:13:22.071   CNC 10   INF   Processing takes 45.265593ms
2019-12-30 11:13:22.071   CNC 10   INF   Sleeping for 9.954633594s
2019-12-30 11:13:32.026   CNC 10   INF   Device still active
2019-12-30 11:13:32.026   CNC 10   INF   Production -> 3 of 300
2019-12-30 11:13:32.085   CNC 10   INF   Processing takes 59.405156ms
2019-12-30 11:13:32.086   CNC 10   INF   Sleeping for 9.940487708s
2019-12-30 11:13:42.029   CNC 10   INF   Device still active
2019-12-30 11:13:42.031   CNC 10   INF   Production -> 4 of 300
2019-12-30 11:13:42.112   CNC 10   INF   Processing takes 81.819966ms
2019-12-30 11:13:42.112   CNC 10   INF   Sleeping for 9.918061032s
2019-12-30 11:13:52.033   CNC 10   INF   Device still active
2019-12-30 11:13:52.033   CNC 10   INF   Production -> 5 of 300
2019-12-30 11:13:52.101   CNC 10   INF   Processing takes 68.235752ms
2019-12-30 11:13:52.101   CNC 10   INF   Sleeping for 9.931555475s
2019-12-30 11:14:02.036   CNC 10   INF   Device still active
2019-12-30 11:14:02.036   CNC 10   INF   Production -> 6 of 300
2019-12-30 11:14:02.111   CNC 10   INF   Processing takes 75.155873ms
2019-12-30 11:14:02.111   CNC 10   INF   Sleeping for 9.92471132s
2019-12-30 11:14:12.038   CNC 10   INF   Device still active
2019-12-30 11:14:12.038   CNC 10   INF   Production -> 7 of 300
2019-12-30 11:14:12.099   CNC 10   INF   Processing takes 60.453258ms
2019-12-30 11:14:12.099   CNC 10   INF   Sleeping for 9.939439418s
2019-12-30 11:14:22.040   CNC 10   INF   Device still active
2019-12-30 11:14:22.040   CNC 10   INF   Production -> 8 of 300
2019-12-30 11:14:22.120   CNC 10   INF   Processing takes 80.420547ms
2019-12-30 11:14:22.120   CNC 10   INF   Sleeping for 9.919461715s
2019-12-30 11:14:32.044   CNC 10   INF   Device still active
2019-12-30 11:14:32.044   CNC 10   INF   Production -> 9 of 300
2019-12-30 11:14:32.115   CNC 10   INF   Processing takes 71.309889ms
2019-12-30 11:14:32.116   CNC 10   INF   Sleeping for 9.928527134s
2019-12-30 11:14:42.048   CNC 10   INF   Device still active
2019-12-30 11:14:42.048   CNC 10   INF   Production -> 10 of 300
2019-12-30 11:14:42.127   CNC 10   INF   Processing takes 79.045406ms
2019-12-30 11:14:42.127   CNC 10   INF   Sleeping for 9.920830377s
2019-12-30 11:14:52.053   CNC 10   INF   Device still active
2019-12-30 11:14:52.053   CNC 10   INF   Production -> 11 of 300
2019-12-30 11:14:52.144   CNC 10   INF   Processing takes 90.631888ms
2019-12-30 11:14:52.144   CNC 10   INF   Sleeping for 9.909186137s
2019-12-30 11:41:04.009   CNC 10   INF   Device started running
2019-12-30 11:41:04.009   CNC 10   INF   Device directory exists
2019-12-30 11:41:04.010   CNC 10   INF   Offline -> 0 of 150
2019-12-30 11:41:04.011   CNC 10   INF   Processing takes 258.538µs
2019-12-30 11:41:04.011   CNC 10   INF   Sleeping for 9.998533432s
2019-12-30 11:41:14.011   CNC 10   INF   Device still active
2019-12-30 11:41:14.011   CNC 10   INF   Offline -> 1 of 150
2019-12-30 11:41:14.011   CNC 10   INF   Processing takes 164.883µs
2019-12-30 11:41:14.011   CNC 10   INF   Sleeping for 9.999663557s
2019-12-30 11:41:29.459   CNC 10   INF   Device started running
2019-12-30 11:41:29.459   CNC 10   INF   Device directory exists
2019-12-30 11:41:29.460   CNC 10   INF   Offline -> 0 of 150
2019-12-30 11:41:29.460   CNC 10   INF   Processing takes 261.342µs
2019-12-30 11:41:29.460   CNC 10   INF   Sleeping for 9.999608562s
2019-12-30 11:41:39.460   CNC 10   INF   Device still active
2019-12-30 11:41:39.461   CNC 10   INF   Offline -> 1 of 150
2019-12-30 11:41:39.461   CNC 10   INF   Processing takes 101.038µs
2019-12-30 11:41:39.461   CNC 10   INF   Sleeping for 9.999784067s
2019-12-30 11:41:49.461   CNC 10   INF   Device still active
2019-12-30 11:41:49.462   CNC 10   INF   Offline -> 2 of 150
2019-12-30 11:41:49.462   CNC 10   INF   Processing takes 213.216µs
2019-12-30 11:41:49.462   CNC 10   INF   Sleeping for 9.99960025s
2019-12-30 11:41:59.463   CNC 10   INF   Device still active
2019-12-30 11:41:59.463   CNC 10   INF   Offline -> 3 of 150
2019-12-30 11:41:59.463   CNC 10   INF   Processing takes 215.048µs
2019-12-30 11:41:59.463   CNC 10   INF   Sleeping for 9.999309375s
2019-12-30 11:42:09.467   CNC 10   INF   Device still active
2019-12-30 11:42:09.467   CNC 10   INF   Offline -> 4 of 150
2019-12-30 11:42:09.467   CNC 10   INF   Processing takes 109.287µs
2019-12-30 11:42:09.467   CNC 10   INF   Sleeping for 9.999688508s
2019-12-30 11:42:19.468   CNC 10   INF   Device still active
2019-12-30 11:42:19.469   CNC 10   INF   Offline -> 5 of 150
2019-12-30 11:42:19.469   CNC 10   INF   Processing takes 293.789µs
2019-12-30 11:42:19.469   CNC 10   INF   Sleeping for 9.999518473s
2019-12-30 11:42:29.474   CNC 10   INF   Device still active
2019-12-30 11:42:29.474   CNC 10   INF   Offline -> 6 of 150
2019-12-30 11:42:29.474   CNC 10   INF   Processing takes 99.81µs
2019-12-30 11:42:29.474   CNC 10   INF   Sleeping for 9.999808656s
2019-12-30 11:42:39.474   CNC 10   INF   Device still active
2019-12-30 11:42:39.474   CNC 10   INF   Offline -> 7 of 150
2019-12-30 11:42:39.474   CNC 10   INF   Processing takes 145.472µs
2019-12-30 11:42:39.474   CNC 10   INF   Sleeping for 9.999786843s
2019-12-30 11:42:49.475   CNC 10   INF   Device still active
2019-12-30 11:42:49.475   CNC 10   INF   Offline -> 8 of 150
2019-12-30 11:42:49.475   CNC 10   INF   Processing takes 183.705µs
2019-12-30 11:42:49.475   CNC 10   INF   Sleeping for 9.999688607s
2019-12-30 11:42:59.476   CNC 10   INF   Device still active
2019-12-30 11:42:59.477   CNC 10   INF   Offline -> 9 of 150
2019-12-30 11:42:59.477   CNC 10   INF   Processing takes 698.639µs
2019-12-30 11:42:59.477   CNC 10   INF   Sleeping for 9.999111959s
2019-12-30 11:43:09.481   CNC 10   INF   Device still active
2019-12-30 11:43:09.481   CNC 10   INF   Offline -> 10 of 150
2019-12-30 11:43:09.482   CNC 10   INF   Processing takes 385.232µs
2019-12-30 11:43:09.482   CNC 10   INF   Sleeping for 9.999304688s
2019-12-30 11:43:19.487   CNC 10   INF   Device still active
2019-12-30 11:43:19.488   CNC 10   INF   Offline -> 11 of 150
2019-12-30 11:43:19.488   CNC 10   INF   Processing takes 194.968µs
2019-12-30 11:43:19.488   CNC 10   INF   Sleeping for 9.999493367s
2019-12-30 11:43:29.493   CNC 10   INF   Device still active
2019-12-30 11:43:29.493   CNC 10   INF   Offline -> 12 of 150
2019-12-30 11:43:29.493   CNC 10   INF   Processing takes 196.328µs
2019-12-30 11:43:29.493   CNC 10   INF   Sleeping for 9.999686399s
2019-12-30 11:43:39.493   CNC 10   INF   Device still active
2019-12-30 11:43:39.493   CNC 10   INF   Offline -> 13 of 150
2019-12-30 11:43:39.494   CNC 10   INF   Processing takes 458.972µs
2019-12-30 11:43:39.494   CNC 10   INF   Sleeping for 9.99937703s
2019-12-30 11:43:49.494   CNC 10   INF   Device still active
2019-12-30 11:43:49.494   CNC 10   INF   Offline -> 14 of 150
2019-12-30 11:43:49.494   CNC 10   INF   Processing takes 196.395µs
2019-12-30 11:43:49.494   CNC 10   INF   Sleeping for 9.999552812s
2019-12-30 11:43:59.495   CNC 10   INF   Device still active
2019-12-30 11:43:59.496   CNC 10   INF   Offline -> 15 of 150
2019-12-30 11:43:59.497   CNC 10   INF   Processing takes 741.225µs
2019-12-30 11:43:59.497   CNC 10   INF   Sleeping for 9.998701244s
2019-12-30 11:44:09.498   CNC 10   INF   Device still active
2019-12-30 11:44:09.498   CNC 10   INF   Offline -> 16 of 150
2019-12-30 11:44:09.500   CNC 10   INF   Processing takes 1.836068ms
2019-12-30 11:44:09.500   CNC 10   INF   Sleeping for 9.998003377s
2019-12-30 11:44:19.502   CNC 10   INF   Device not active
2019-12-30 11:44:19.502   CNC 10   INF   Device not active, stopped running
