2019-12-30 08:58:50.514   CNC 15   INF   Device created
2019-12-30 09:01:29.197   CNC 15   INF   Device created
2019-12-30 09:03:14.886   CNC 15   INF   Device created
2019-12-30 09:05:44.299   CNC 15   INF   Device created
2019-12-30 09:07:13.006   CNC 15   INF   Device created
2019-12-30 09:08:30.493   CNC 15   INF   Device created
2019-12-30 09:08:47.397   CNC 15   INF   Device created
2019-12-30 09:11:46.507   CNC 15   INF   Workplace created
2019-12-30 09:11:46.527   CNC 15   INF   Production workplace port created
2019-12-30 09:11:46.533   CNC 15   INF   Amperafe workplace port created
2019-12-30 09:11:46.701   CNC 15   INF   Device created
2019-12-30 09:11:46.706   CNC 15   INF   Digital port created
2019-12-30 09:11:46.711   CNC 15   INF   Analog port created
2019-12-30 09:21:45.542   CNC 15   INF   Device started running
2019-12-30 09:21:45.542   CNC 15   WRN   Device directory not exist, creating
2019-12-30 09:21:45.542   CNC 15   INF   Device directory created
2019-12-30 09:21:45.542   CNC 15   INF   Downtime -> 0 of 150
2019-12-30 09:21:45.619   CNC 15   INF   Processing takes 76.230899ms
2019-12-30 09:21:45.619   CNC 15   INF   Sleeping for 9.923602652s
2019-12-30 09:25:13.260   CNC 15   INF   Device started running
2019-12-30 09:25:13.260   CNC 15   INF   Device directory exists
2019-12-30 09:25:13.260   CNC 15   INF   Production -> 0 of 300
2019-12-30 09:25:13.348   CNC 15   INF   Processing takes 88.228099ms
2019-12-30 09:25:13.348   CNC 15   INF   Sleeping for 9.91163993s
2019-12-30 09:25:23.261   CNC 15   INF   Device still active
2019-12-30 09:25:23.262   CNC 15   INF   Production -> 1 of 300
2019-12-30 09:25:23.355   CNC 15   INF   Processing takes 93.372643ms
2019-12-30 09:25:23.355   CNC 15   INF   Sleeping for 9.906082666s
2019-12-30 09:25:33.261   CNC 15   INF   Device still active
2019-12-30 09:25:33.261   CNC 15   INF   Production -> 2 of 300
2019-12-30 09:25:33.359   CNC 15   INF   Processing takes 97.635994ms
2019-12-30 09:25:33.359   CNC 15   INF   Sleeping for 9.902263163s
2019-12-30 09:26:12.802   CNC 15   INF   Device started running
2019-12-30 09:26:12.802   CNC 15   INF   Device directory exists
2019-12-30 09:26:12.802   CNC 15   INF   Downtime -> 0 of 150
2019-12-30 09:26:12.848   CNC 15   INF   Processing takes 46.197541ms
2019-12-30 09:26:12.849   CNC 15   INF   Sleeping for 9.952933053s
2019-12-30 09:26:22.802   CNC 15   INF   Device still active
2019-12-30 09:26:22.803   CNC 15   INF   Downtime -> 1 of 150
2019-12-30 09:26:22.849   CNC 15   INF   Processing takes 46.855173ms
2019-12-30 09:26:22.849   CNC 15   INF   Sleeping for 9.953045342s
2019-12-30 09:26:32.803   CNC 15   INF   Device still active
2019-12-30 09:26:32.803   CNC 15   INF   Downtime -> 2 of 150
2019-12-30 09:26:32.846   CNC 15   INF   Processing takes 43.221449ms
2019-12-30 09:26:32.846   CNC 15   INF   Sleeping for 9.956633985s
2019-12-30 09:26:42.805   CNC 15   INF   Device still active
2019-12-30 09:26:42.806   CNC 15   INF   Downtime -> 3 of 150
2019-12-30 09:26:42.875   CNC 15   INF   Processing takes 69.730129ms
2019-12-30 09:26:42.875   CNC 15   INF   Sleeping for 9.929931687s
2019-12-30 09:26:52.806   CNC 15   INF   Device still active
2019-12-30 09:26:52.806   CNC 15   INF   Downtime -> 4 of 150
2019-12-30 09:26:52.854   CNC 15   INF   Processing takes 48.346858ms
2019-12-30 09:26:52.854   CNC 15   INF   Sleeping for 9.951521431s
2019-12-30 09:27:02.807   CNC 15   INF   Device still active
2019-12-30 09:27:02.807   CNC 15   INF   Downtime -> 5 of 150
2019-12-30 09:27:02.863   CNC 15   INF   Processing takes 55.971155ms
2019-12-30 09:27:02.863   CNC 15   INF   Sleeping for 9.943871694s
2019-12-30 09:27:12.809   CNC 15   INF   Device still active
2019-12-30 09:27:12.809   CNC 15   INF   Downtime -> 6 of 150
2019-12-30 09:27:12.869   CNC 15   INF   Processing takes 59.793382ms
2019-12-30 09:27:12.869   CNC 15   INF   Sleeping for 9.940074668s
2019-12-30 09:27:22.809   CNC 15   INF   Device still active
2019-12-30 09:27:22.809   CNC 15   INF   Downtime -> 7 of 150
2019-12-30 09:27:22.854   CNC 15   INF   Processing takes 44.503874ms
2019-12-30 09:27:22.854   CNC 15   INF   Sleeping for 9.955384777s
2019-12-30 09:27:32.809   CNC 15   INF   Device still active
2019-12-30 09:27:32.810   CNC 15   INF   Downtime -> 8 of 150
2019-12-30 09:27:32.852   CNC 15   INF   Processing takes 42.641633ms
2019-12-30 09:27:32.852   CNC 15   INF   Sleeping for 9.957187622s
2019-12-30 09:27:42.815   CNC 15   INF   Device still active
2019-12-30 09:27:42.817   CNC 15   INF   Downtime -> 9 of 150
2019-12-30 09:27:42.897   CNC 15   INF   Processing takes 81.198193ms
2019-12-30 09:27:42.897   CNC 15   INF   Sleeping for 9.918608938s
2019-12-30 09:27:52.820   CNC 15   INF   Device still active
2019-12-30 09:27:52.822   CNC 15   INF   Downtime -> 10 of 150
2019-12-30 09:27:52.907   CNC 15   INF   Processing takes 86.079158ms
2019-12-30 09:27:52.907   CNC 15   INF   Sleeping for 9.913452122s
2019-12-30 09:28:02.826   CNC 15   INF   Device still active
2019-12-30 09:28:02.827   CNC 15   INF   Downtime -> 11 of 150
2019-12-30 09:28:02.881   CNC 15   INF   Processing takes 54.40635ms
2019-12-30 09:28:02.881   CNC 15   INF   Sleeping for 9.945442844s
2019-12-30 09:28:12.827   CNC 15   INF   Device still active
2019-12-30 09:28:12.828   CNC 15   INF   Downtime -> 12 of 150
2019-12-30 09:28:12.875   CNC 15   INF   Processing takes 47.169849ms
2019-12-30 09:28:12.875   CNC 15   INF   Sleeping for 9.952732181s
2019-12-30 09:28:22.829   CNC 15   INF   Device still active
2019-12-30 09:28:22.829   CNC 15   INF   Downtime -> 13 of 150
2019-12-30 09:28:22.886   CNC 15   INF   Processing takes 56.917807ms
2019-12-30 09:28:22.886   CNC 15   INF   Sleeping for 9.942959257s
2019-12-30 09:28:32.833   CNC 15   INF   Device still active
2019-12-30 09:28:32.833   CNC 15   INF   Downtime -> 14 of 150
2019-12-30 09:28:32.873   CNC 15   INF   Processing takes 39.918514ms
2019-12-30 09:28:32.873   CNC 15   INF   Sleeping for 9.959959456s
2019-12-30 09:28:42.833   CNC 15   INF   Device still active
2019-12-30 09:28:42.833   CNC 15   INF   Downtime -> 15 of 150
2019-12-30 09:28:42.866   CNC 15   INF   Processing takes 32.48303ms
2019-12-30 09:28:42.866   CNC 15   INF   Sleeping for 9.967361186s
2019-12-30 09:28:52.834   CNC 15   INF   Device still active
2019-12-30 09:28:52.834   CNC 15   INF   Downtime -> 16 of 150
2019-12-30 09:28:52.868   CNC 15   INF   Processing takes 34.539059ms
2019-12-30 09:28:52.868   CNC 15   INF   Sleeping for 9.965341549s
2019-12-30 09:29:02.834   CNC 15   INF   Device still active
2019-12-30 09:29:02.834   CNC 15   INF   Downtime -> 17 of 150
2019-12-30 09:29:02.885   CNC 15   INF   Processing takes 51.05516ms
2019-12-30 09:29:02.885   CNC 15   INF   Sleeping for 9.948853731s
2019-12-30 09:29:12.834   CNC 15   INF   Device still active
2019-12-30 09:29:12.835   CNC 15   INF   Downtime -> 18 of 150
2019-12-30 09:29:12.873   CNC 15   INF   Processing takes 38.596837ms
2019-12-30 09:29:12.873   CNC 15   INF   Sleeping for 9.961276854s
2019-12-30 09:29:22.835   CNC 15   INF   Device still active
2019-12-30 09:29:22.835   CNC 15   INF   Downtime -> 19 of 150
2019-12-30 09:29:22.889   CNC 15   INF   Processing takes 53.222934ms
2019-12-30 09:29:22.889   CNC 15   INF   Sleeping for 9.94659096s
2019-12-30 09:29:32.838   CNC 15   INF   Device still active
2019-12-30 09:29:32.838   CNC 15   INF   Downtime -> 20 of 150
2019-12-30 09:29:32.927   CNC 15   INF   Processing takes 88.41358ms
2019-12-30 09:29:32.927   CNC 15   INF   Sleeping for 9.9114204s
2019-12-30 09:29:42.839   CNC 15   INF   Device still active
2019-12-30 09:29:42.840   CNC 15   INF   Downtime -> 21 of 150
2019-12-30 09:29:42.880   CNC 15   INF   Processing takes 40.293898ms
2019-12-30 09:29:42.880   CNC 15   INF   Sleeping for 9.959273909s
2019-12-30 09:29:52.840   CNC 15   INF   Device still active
2019-12-30 09:29:52.841   CNC 15   INF   Downtime -> 22 of 150
2019-12-30 09:29:52.890   CNC 15   INF   Processing takes 48.994116ms
2019-12-30 09:29:52.890   CNC 15   INF   Sleeping for 9.950790199s
2019-12-30 09:30:02.843   CNC 15   INF   Device still active
2019-12-30 09:30:02.843   CNC 15   INF   Downtime -> 23 of 150
2019-12-30 09:30:02.908   CNC 15   INF   Processing takes 64.694206ms
2019-12-30 09:30:02.908   CNC 15   INF   Sleeping for 9.93513873s
2019-12-30 09:30:12.843   CNC 15   INF   Device still active
2019-12-30 09:30:12.843   CNC 15   INF   Downtime -> 24 of 150
2019-12-30 09:30:12.890   CNC 15   INF   Processing takes 46.07976ms
2019-12-30 09:30:12.890   CNC 15   INF   Sleeping for 9.953822192s
2019-12-30 09:30:22.844   CNC 15   INF   Device still active
2019-12-30 09:30:22.844   CNC 15   INF   Downtime -> 25 of 150
2019-12-30 09:30:22.913   CNC 15   INF   Processing takes 69.560022ms
2019-12-30 09:30:22.914   CNC 15   INF   Sleeping for 9.930351966s
2019-12-30 09:30:32.845   CNC 15   INF   Device still active
2019-12-30 09:30:32.846   CNC 15   INF   Downtime -> 26 of 150
2019-12-30 09:30:32.907   CNC 15   INF   Processing takes 61.462387ms
2019-12-30 09:30:32.907   CNC 15   INF   Sleeping for 9.938410543s
2019-12-30 09:30:42.846   CNC 15   INF   Device still active
2019-12-30 09:30:42.846   CNC 15   INF   Downtime -> 27 of 150
2019-12-30 09:30:42.877   CNC 15   INF   Processing takes 30.729386ms
2019-12-30 09:30:42.877   CNC 15   INF   Sleeping for 9.969168417s
2019-12-30 09:30:52.848   CNC 15   INF   Device still active
2019-12-30 09:30:52.848   CNC 15   INF   Downtime -> 28 of 150
2019-12-30 09:30:52.897   CNC 15   INF   Processing takes 48.375433ms
2019-12-30 09:30:52.897   CNC 15   INF   Sleeping for 9.951443021s
2019-12-30 09:31:02.850   CNC 15   INF   Device still active
2019-12-30 09:31:02.850   CNC 15   INF   Downtime -> 29 of 150
2019-12-30 09:31:02.883   CNC 15   INF   Processing takes 33.094663ms
2019-12-30 09:31:02.883   CNC 15   INF   Sleeping for 9.966647199s
2019-12-30 09:31:12.853   CNC 15   INF   Device still active
2019-12-30 09:31:12.853   CNC 15   INF   Downtime -> 30 of 150
2019-12-30 09:31:12.888   CNC 15   INF   Processing takes 34.655931ms
2019-12-30 09:31:12.888   CNC 15   INF   Sleeping for 9.965235119s
2019-12-30 09:31:22.854   CNC 15   INF   Device still active
2019-12-30 09:31:22.854   CNC 15   INF   Downtime -> 31 of 150
2019-12-30 09:31:22.890   CNC 15   INF   Processing takes 35.875976ms
2019-12-30 09:31:22.890   CNC 15   INF   Sleeping for 9.963988194s
2019-12-30 09:31:32.856   CNC 15   INF   Device still active
2019-12-30 09:31:32.857   CNC 15   INF   Downtime -> 32 of 150
2019-12-30 09:31:32.914   CNC 15   INF   Processing takes 57.607592ms
2019-12-30 09:31:32.914   CNC 15   INF   Sleeping for 9.942302954s
2019-12-30 09:31:42.857   CNC 15   INF   Device still active
2019-12-30 09:31:42.857   CNC 15   INF   Downtime -> 33 of 150
2019-12-30 09:31:42.881   CNC 15   INF   Processing takes 24.176296ms
2019-12-30 09:31:42.881   CNC 15   INF   Sleeping for 9.975660372s
2019-12-30 09:31:52.860   CNC 15   INF   Device still active
2019-12-30 09:31:52.860   CNC 15   INF   Downtime -> 34 of 150
2019-12-30 09:31:52.901   CNC 15   INF   Processing takes 41.481303ms
2019-12-30 09:31:52.901   CNC 15   INF   Sleeping for 9.958417513s
2019-12-30 09:32:02.863   CNC 15   INF   Device still active
2019-12-30 09:32:02.863   CNC 15   INF   Downtime -> 35 of 150
2019-12-30 09:32:02.940   CNC 15   INF   Processing takes 76.063331ms
2019-12-30 09:32:02.940   CNC 15   INF   Sleeping for 9.923837914s
2019-12-30 09:32:12.865   CNC 15   INF   Device still active
2019-12-30 09:32:12.866   CNC 15   INF   Downtime -> 36 of 150
2019-12-30 09:32:12.905   CNC 15   INF   Processing takes 39.443666ms
2019-12-30 09:32:12.905   CNC 15   INF   Sleeping for 9.960283968s
2019-12-30 09:32:22.867   CNC 15   INF   Device still active
2019-12-30 09:32:22.867   CNC 15   INF   Downtime -> 37 of 150
2019-12-30 09:32:22.909   CNC 15   INF   Processing takes 42.621325ms
2019-12-30 09:32:22.910   CNC 15   INF   Sleeping for 9.95727429s
2019-12-30 09:32:32.871   CNC 15   INF   Device still active
2019-12-30 09:32:32.871   CNC 15   INF   Downtime -> 38 of 150
2019-12-30 09:32:32.907   CNC 15   INF   Processing takes 36.336859ms
2019-12-30 09:32:32.907   CNC 15   INF   Sleeping for 9.963519035s
2019-12-30 09:32:42.871   CNC 15   INF   Device still active
2019-12-30 09:32:42.872   CNC 15   INF   Downtime -> 39 of 150
2019-12-30 09:32:42.918   CNC 15   INF   Processing takes 46.139458ms
2019-12-30 09:32:42.918   CNC 15   INF   Sleeping for 9.953739507s
2019-12-30 09:32:52.875   CNC 15   INF   Device still active
2019-12-30 09:32:52.875   CNC 15   INF   Downtime -> 40 of 150
2019-12-30 09:32:52.902   CNC 15   INF   Processing takes 26.616867ms
2019-12-30 09:32:52.902   CNC 15   INF   Sleeping for 9.973259358s
2019-12-30 09:33:02.878   CNC 15   INF   Device still active
2019-12-30 09:33:02.879   CNC 15   INF   Downtime -> 41 of 150
2019-12-30 09:33:02.918   CNC 15   INF   Processing takes 40.428145ms
2019-12-30 09:33:02.919   CNC 15   INF   Sleeping for 9.959324516s
2019-12-30 09:33:12.879   CNC 15   INF   Device still active
2019-12-30 09:33:12.879   CNC 15   INF   Downtime -> 42 of 150
2019-12-30 09:33:12.918   CNC 15   INF   Processing takes 38.987765ms
2019-12-30 09:33:12.919   CNC 15   INF   Sleeping for 9.96084718s
2019-12-30 09:33:22.880   CNC 15   INF   Device still active
2019-12-30 09:33:22.881   CNC 15   INF   Downtime -> 43 of 150
2019-12-30 09:33:22.952   CNC 15   INF   Processing takes 72.300682ms
2019-12-30 09:33:22.952   CNC 15   INF   Sleeping for 9.92759769s
2019-12-30 09:33:32.881   CNC 15   INF   Device still active
2019-12-30 09:33:32.882   CNC 15   INF   Downtime -> 44 of 150
2019-12-30 09:33:32.936   CNC 15   INF   Processing takes 54.967826ms
2019-12-30 09:33:32.937   CNC 15   INF   Sleeping for 9.944911676s
2019-12-30 09:33:42.884   CNC 15   INF   Device still active
2019-12-30 09:33:42.885   CNC 15   INF   Downtime -> 45 of 150
2019-12-30 09:33:42.931   CNC 15   INF   Processing takes 46.832047ms
2019-12-30 09:33:42.931   CNC 15   INF   Sleeping for 9.95303042s
2019-12-30 09:33:52.886   CNC 15   INF   Device still active
2019-12-30 09:33:52.889   CNC 15   INF   Downtime -> 46 of 150
2019-12-30 09:33:53.006   CNC 15   INF   Processing takes 118.405992ms
2019-12-30 09:33:53.007   CNC 15   INF   Sleeping for 9.881296299s
2019-12-30 09:34:02.889   CNC 15   INF   Device still active
2019-12-30 09:34:02.889   CNC 15   INF   Downtime -> 47 of 150
2019-12-30 09:34:02.939   CNC 15   INF   Processing takes 50.414109ms
2019-12-30 09:34:02.939   CNC 15   INF   Sleeping for 9.949455176s
2019-12-30 09:34:12.889   CNC 15   INF   Device still active
2019-12-30 09:34:12.889   CNC 15   INF   Downtime -> 48 of 150
2019-12-30 09:34:12.918   CNC 15   INF   Processing takes 29.156527ms
2019-12-30 09:34:12.918   CNC 15   INF   Sleeping for 9.970766685s
2019-12-30 09:34:22.890   CNC 15   INF   Device still active
2019-12-30 09:34:22.890   CNC 15   INF   Downtime -> 49 of 150
2019-12-30 09:34:22.925   CNC 15   INF   Processing takes 34.632899ms
2019-12-30 09:34:22.925   CNC 15   INF   Sleeping for 9.965279963s
2019-12-30 09:34:32.891   CNC 15   INF   Device still active
2019-12-30 09:34:32.891   CNC 15   INF   Downtime -> 50 of 150
2019-12-30 09:34:33.296   CNC 15   INF   Processing takes 17.152875ms
2019-12-30 09:34:33.296   CNC 15   INF   Sleeping for 9.595423137s
2019-12-30 09:34:42.892   CNC 15   INF   Device still active
2019-12-30 09:34:42.892   CNC 15   INF   Downtime -> 51 of 150
2019-12-30 09:34:42.924   CNC 15   INF   Processing takes 32.550235ms
2019-12-30 09:34:42.924   CNC 15   INF   Sleeping for 9.967349895s
2019-12-30 09:34:52.895   CNC 15   INF   Device still active
2019-12-30 09:34:52.896   CNC 15   INF   Downtime -> 52 of 150
2019-12-30 09:34:52.967   CNC 15   INF   Processing takes 71.415682ms
2019-12-30 09:34:52.967   CNC 15   INF   Sleeping for 9.928432068s
2019-12-30 09:35:02.898   CNC 15   INF   Device still active
2019-12-30 09:35:02.898   CNC 15   INF   Downtime -> 53 of 150
2019-12-30 09:35:02.925   CNC 15   INF   Processing takes 27.168676ms
2019-12-30 09:35:02.925   CNC 15   INF   Sleeping for 9.972749899s
2019-12-30 09:35:12.898   CNC 15   INF   Device still active
2019-12-30 09:35:12.898   CNC 15   INF   Downtime -> 54 of 150
2019-12-30 09:35:12.952   CNC 15   INF   Processing takes 53.481873ms
2019-12-30 09:35:12.952   CNC 15   INF   Sleeping for 9.946389117s
2019-12-30 09:35:22.899   CNC 15   INF   Device still active
2019-12-30 09:35:22.899   CNC 15   INF   Downtime -> 55 of 150
2019-12-30 09:35:22.949   CNC 15   INF   Processing takes 49.960121ms
2019-12-30 09:35:22.949   CNC 15   INF   Sleeping for 9.949919088s
2019-12-30 09:35:32.903   CNC 15   INF   Device still active
2019-12-30 09:35:32.904   CNC 15   INF   Downtime -> 56 of 150
2019-12-30 09:35:32.924   CNC 15   INF   Processing takes 20.567883ms
2019-12-30 09:35:32.924   CNC 15   INF   Sleeping for 9.979290156s
2019-12-30 09:35:42.909   CNC 15   INF   Device still active
2019-12-30 09:35:42.909   CNC 15   INF   Downtime -> 57 of 150
2019-12-30 09:35:42.940   CNC 15   INF   Processing takes 30.911135ms
2019-12-30 09:35:42.940   CNC 15   INF   Sleeping for 9.968981395s
2019-12-30 09:35:52.910   CNC 15   INF   Device still active
2019-12-30 09:35:52.911   CNC 15   INF   Downtime -> 58 of 150
2019-12-30 09:35:52.937   CNC 15   INF   Processing takes 26.399518ms
2019-12-30 09:35:52.937   CNC 15   INF   Sleeping for 9.97340187s
2019-12-30 09:36:02.911   CNC 15   INF   Device still active
2019-12-30 09:36:02.911   CNC 15   INF   Downtime -> 59 of 150
2019-12-30 09:36:02.946   CNC 15   INF   Processing takes 34.767292ms
2019-12-30 09:36:02.946   CNC 15   INF   Sleeping for 9.965139716s
2019-12-30 09:36:12.911   CNC 15   INF   Device still active
2019-12-30 09:36:12.911   CNC 15   INF   Downtime -> 60 of 150
2019-12-30 09:36:12.934   CNC 15   INF   Processing takes 22.916534ms
2019-12-30 09:36:12.935   CNC 15   INF   Sleeping for 9.976949213s
2019-12-30 09:36:22.914   CNC 15   INF   Device still active
2019-12-30 09:36:22.915   CNC 15   INF   Downtime -> 61 of 150
2019-12-30 09:36:22.947   CNC 15   INF   Processing takes 32.23409ms
2019-12-30 09:36:22.947   CNC 15   INF   Sleeping for 9.967674126s
2019-12-30 09:36:32.915   CNC 15   INF   Device still active
2019-12-30 09:36:32.915   CNC 15   INF   Downtime -> 62 of 150
2019-12-30 09:36:32.947   CNC 15   INF   Processing takes 32.161262ms
2019-12-30 09:36:32.947   CNC 15   INF   Sleeping for 9.967734738s
2019-12-30 09:36:42.916   CNC 15   INF   Device still active
2019-12-30 09:36:42.916   CNC 15   INF   Downtime -> 63 of 150
2019-12-30 09:36:42.943   CNC 15   INF   Processing takes 27.23042ms
2019-12-30 09:36:42.943   CNC 15   INF   Sleeping for 9.972674724s
2019-12-30 09:36:52.916   CNC 15   INF   Device still active
2019-12-30 09:36:52.916   CNC 15   INF   Downtime -> 64 of 150
2019-12-30 09:36:52.948   CNC 15   INF   Processing takes 32.340671ms
2019-12-30 09:36:52.949   CNC 15   INF   Sleeping for 9.967537293s
2019-12-30 09:37:02.918   CNC 15   INF   Device still active
2019-12-30 09:37:02.918   CNC 15   INF   Downtime -> 65 of 150
2019-12-30 09:37:02.949   CNC 15   INF   Processing takes 30.430061ms
2019-12-30 09:37:02.949   CNC 15   INF   Sleeping for 9.969453369s
2019-12-30 09:37:12.919   CNC 15   INF   Device still active
2019-12-30 09:37:12.919   CNC 15   INF   Downtime -> 66 of 150
2019-12-30 09:37:12.948   CNC 15   INF   Processing takes 28.931991ms
2019-12-30 09:37:12.949   CNC 15   INF   Sleeping for 9.970869076s
2019-12-30 09:37:22.920   CNC 15   INF   Device still active
2019-12-30 09:37:22.920   CNC 15   INF   Downtime -> 67 of 150
2019-12-30 09:37:22.945   CNC 15   INF   Processing takes 24.23451ms
2019-12-30 09:37:22.945   CNC 15   INF   Sleeping for 9.975635974s
2019-12-30 09:38:59.951   CNC 15   INF   Device started running
2019-12-30 09:38:59.951   CNC 15   INF   Device directory exists
2019-12-30 09:38:59.952   CNC 15   INF   Downtime -> 0 of 150
2019-12-30 09:38:59.980   CNC 15   INF   Processing takes 28.993968ms
2019-12-30 09:38:59.980   CNC 15   INF   Sleeping for 9.970872395s
2019-12-30 09:39:09.953   CNC 15   INF   Device still active
2019-12-30 09:39:09.953   CNC 15   INF   Downtime -> 1 of 150
2019-12-30 09:39:09.985   CNC 15   INF   Processing takes 32.05592ms
2019-12-30 09:39:09.986   CNC 15   INF   Sleeping for 9.967782577s
2019-12-30 09:39:19.958   CNC 15   INF   Device still active
2019-12-30 09:39:19.958   CNC 15   INF   Downtime -> 2 of 150
2019-12-30 09:39:19.984   CNC 15   INF   Processing takes 25.927207ms
2019-12-30 09:39:19.984   CNC 15   INF   Sleeping for 9.973955411s
2019-12-30 09:39:29.963   CNC 15   INF   Device still active
2019-12-30 09:39:29.964   CNC 15   INF   Downtime -> 3 of 150
2019-12-30 09:39:29.997   CNC 15   INF   Processing takes 33.475369ms
2019-12-30 09:39:29.997   CNC 15   INF   Sleeping for 9.966452233s
2019-12-30 09:39:39.967   CNC 15   INF   Device still active
2019-12-30 09:39:39.967   CNC 15   INF   Downtime -> 4 of 150
2019-12-30 09:39:39.996   CNC 15   INF   Processing takes 29.282153ms
2019-12-30 09:39:39.996   CNC 15   INF   Sleeping for 9.970624099s
2019-12-30 09:39:49.967   CNC 15   INF   Device still active
2019-12-30 09:39:49.967   CNC 15   INF   Downtime -> 5 of 150
2019-12-30 09:39:49.997   CNC 15   INF   Processing takes 29.267829ms
2019-12-30 09:39:49.997   CNC 15   INF   Sleeping for 9.970626368s
2019-12-30 09:39:59.969   CNC 15   INF   Device still active
2019-12-30 09:39:59.970   CNC 15   INF   Downtime -> 6 of 150
2019-12-30 09:39:59.999   CNC 15   INF   Processing takes 29.102639ms
2019-12-30 09:39:59.999   CNC 15   INF   Sleeping for 9.97082138s
2019-12-30 09:40:09.971   CNC 15   INF   Device still active
2019-12-30 09:40:09.971   CNC 15   INF   Downtime -> 7 of 150
2019-12-30 09:40:10.041   CNC 15   INF   Processing takes 70.252118ms
2019-12-30 09:40:10.041   CNC 15   INF   Sleeping for 9.929565338s
2019-12-30 09:40:19.974   CNC 15   INF   Device still active
2019-12-30 09:40:19.975   CNC 15   INF   Downtime -> 8 of 150
2019-12-30 09:40:20.041   CNC 15   INF   Processing takes 66.340345ms
2019-12-30 09:40:20.041   CNC 15   INF   Sleeping for 9.933194821s
2019-12-30 09:40:29.976   CNC 15   INF   Device still active
2019-12-30 09:40:29.976   CNC 15   INF   Downtime -> 9 of 150
2019-12-30 09:40:30.045   CNC 15   INF   Processing takes 68.471693ms
2019-12-30 09:40:30.045   CNC 15   INF   Sleeping for 9.931413276s
2019-12-30 09:40:39.979   CNC 15   INF   Device still active
2019-12-30 09:40:39.980   CNC 15   INF   Downtime -> 10 of 150
2019-12-30 09:40:40.010   CNC 15   INF   Processing takes 30.757638ms
2019-12-30 09:40:40.010   CNC 15   INF   Sleeping for 9.969136251s
2019-12-30 09:40:49.985   CNC 15   INF   Device still active
2019-12-30 09:40:49.985   CNC 15   INF   Downtime -> 11 of 150
2019-12-30 09:40:50.107   CNC 15   INF   Processing takes 122.395861ms
2019-12-30 09:40:50.108   CNC 15   INF   Sleeping for 9.876730435s
2019-12-30 09:40:59.985   CNC 15   INF   Device still active
2019-12-30 09:40:59.986   CNC 15   INF   Downtime -> 12 of 150
2019-12-30 09:41:00.026   CNC 15   INF   Processing takes 40.778342ms
2019-12-30 09:41:00.026   CNC 15   INF   Sleeping for 9.959087638s
2019-12-30 09:41:09.987   CNC 15   INF   Device still active
2019-12-30 09:41:09.987   CNC 15   INF   Downtime -> 13 of 150
2019-12-30 09:41:10.043   CNC 15   INF   Processing takes 56.108214ms
2019-12-30 09:41:10.043   CNC 15   INF   Sleeping for 9.943714607s
2019-12-30 09:41:19.987   CNC 15   INF   Device still active
2019-12-30 09:41:19.988   CNC 15   INF   Downtime -> 14 of 150
2019-12-30 09:41:20.039   CNC 15   INF   Processing takes 51.758277ms
2019-12-30 09:41:20.039   CNC 15   INF   Sleeping for 9.94812557s
2019-12-30 09:41:29.988   CNC 15   INF   Device not active
2019-12-30 09:41:29.988   CNC 15   INF   Device not active, stopped running
2019-12-30 09:41:29.991   CNC 15   INF   Device started running
2019-12-30 09:41:29.991   CNC 15   INF   Device directory exists
2019-12-30 09:41:29.992   CNC 15   INF   Downtime -> 0 of 150
2019-12-30 09:41:30.036   CNC 15   INF   Processing takes 43.986614ms
2019-12-30 09:41:30.036   CNC 15   INF   Sleeping for 9.955627398s
2019-12-30 09:41:39.993   CNC 15   INF   Device still active
2019-12-30 09:41:39.993   CNC 15   INF   Downtime -> 1 of 150
2019-12-30 09:41:40.111   CNC 15   INF   Processing takes 117.381802ms
2019-12-30 09:41:40.111   CNC 15   INF   Sleeping for 9.881614654s
2019-12-30 09:41:49.993   CNC 15   INF   Device still active
2019-12-30 09:41:49.993   CNC 15   INF   Downtime -> 2 of 150
2019-12-30 09:41:50.055   CNC 15   INF   Processing takes 61.818274ms
2019-12-30 09:41:50.055   CNC 15   INF   Sleeping for 9.938066293s
2019-12-30 09:41:59.996   CNC 15   INF   Device still active
2019-12-30 09:41:59.997   CNC 15   INF   Downtime -> 3 of 150
2019-12-30 09:42:00.037   CNC 15   INF   Processing takes 39.974868ms
2019-12-30 09:42:00.037   CNC 15   INF   Sleeping for 9.959916489s
2019-12-30 09:42:10.000   CNC 15   INF   Device still active
2019-12-30 09:42:10.001   CNC 15   INF   Downtime -> 4 of 150
2019-12-30 09:42:10.069   CNC 15   INF   Processing takes 68.487386ms
2019-12-30 09:42:10.069   CNC 15   INF   Sleeping for 9.93142043s
2019-12-30 09:42:20.001   CNC 15   INF   Device still active
2019-12-30 09:42:20.001   CNC 15   INF   Downtime -> 5 of 150
2019-12-30 09:42:20.060   CNC 15   INF   Processing takes 59.390214ms
2019-12-30 09:42:20.060   CNC 15   INF   Sleeping for 9.940520083s
2019-12-30 09:42:30.002   CNC 15   INF   Device still active
2019-12-30 09:42:30.003   CNC 15   INF   Downtime -> 6 of 150
2019-12-30 09:42:30.046   CNC 15   INF   Processing takes 43.252291ms
2019-12-30 09:42:30.046   CNC 15   INF   Sleeping for 9.956650613s
2019-12-30 09:42:40.003   CNC 15   INF   Device still active
2019-12-30 09:42:40.003   CNC 15   INF   Downtime -> 7 of 150
2019-12-30 09:42:40.040   CNC 15   INF   Processing takes 37.125572ms
2019-12-30 09:42:40.041   CNC 15   INF   Sleeping for 9.962587812s
2019-12-30 09:42:50.005   CNC 15   INF   Device still active
2019-12-30 09:42:50.005   CNC 15   INF   Downtime -> 8 of 150
2019-12-30 09:42:50.050   CNC 15   INF   Processing takes 44.874341ms
2019-12-30 09:42:50.050   CNC 15   INF   Sleeping for 9.954986592s
2019-12-30 09:43:00.005   CNC 15   INF   Device still active
2019-12-30 09:43:00.006   CNC 15   INF   Downtime -> 9 of 150
2019-12-30 09:43:00.081   CNC 15   INF   Processing takes 75.979881ms
2019-12-30 09:43:00.082   CNC 15   INF   Sleeping for 9.92393181s
2019-12-30 09:43:10.008   CNC 15   INF   Device still active
2019-12-30 09:43:10.008   CNC 15   INF   Downtime -> 10 of 150
2019-12-30 09:43:10.086   CNC 15   INF   Processing takes 77.69252ms
2019-12-30 09:43:10.086   CNC 15   INF   Sleeping for 9.922184457s
2019-12-30 09:43:20.008   CNC 15   INF   Device still active
2019-12-30 09:43:20.009   CNC 15   INF   Downtime -> 11 of 150
2019-12-30 09:43:20.049   CNC 15   INF   Processing takes 40.785941ms
2019-12-30 09:43:20.049   CNC 15   INF   Sleeping for 9.959086357s
2019-12-30 09:43:30.009   CNC 15   INF   Device still active
2019-12-30 09:43:30.009   CNC 15   INF   Downtime -> 12 of 150
2019-12-30 09:43:30.070   CNC 15   INF   Processing takes 60.307586ms
2019-12-30 09:43:30.070   CNC 15   INF   Sleeping for 9.939575782s
2019-12-30 09:43:40.010   CNC 15   INF   Device still active
2019-12-30 09:43:40.010   CNC 15   INF   Downtime -> 13 of 150
2019-12-30 09:43:40.076   CNC 15   INF   Processing takes 65.862613ms
2019-12-30 09:43:40.076   CNC 15   INF   Sleeping for 9.934008534s
2019-12-30 09:43:50.012   CNC 15   INF   Device still active
2019-12-30 09:43:50.012   CNC 15   INF   Downtime -> 14 of 150
2019-12-30 09:43:50.085   CNC 15   INF   Processing takes 72.582024ms
2019-12-30 09:43:50.085   CNC 15   INF   Sleeping for 9.927299821s
2019-12-30 09:44:00.016   CNC 15   INF   Device still active
2019-12-30 09:44:00.016   CNC 15   INF   Downtime -> 15 of 150
2019-12-30 09:44:00.149   CNC 15   INF   Processing takes 133.196841ms
2019-12-30 09:44:00.149   CNC 15   INF   Sleeping for 9.86653465s
2019-12-30 09:44:10.016   CNC 15   INF   Device still active
2019-12-30 09:44:10.016   CNC 15   INF   Downtime -> 16 of 150
2019-12-30 09:44:10.076   CNC 15   INF   Processing takes 59.529861ms
2019-12-30 09:44:10.076   CNC 15   INF   Sleeping for 9.940363679s
2019-12-30 09:44:20.019   CNC 15   INF   Device still active
2019-12-30 09:44:20.019   CNC 15   INF   Downtime -> 17 of 150
2019-12-30 09:44:20.055   CNC 15   INF   Processing takes 36.06775ms
2019-12-30 09:44:20.055   CNC 15   INF   Sleeping for 9.963608308s
2019-12-30 09:44:30.019   CNC 15   INF   Device still active
2019-12-30 09:44:30.019   CNC 15   INF   Downtime -> 18 of 150
2019-12-30 09:44:30.076   CNC 15   INF   Processing takes 56.584086ms
2019-12-30 09:44:30.076   CNC 15   INF   Sleeping for 9.943304697s
2019-12-30 09:44:40.020   CNC 15   INF   Device still active
2019-12-30 09:44:40.020   CNC 15   INF   Downtime -> 19 of 150
2019-12-30 09:44:40.044   CNC 15   INF   Processing takes 24.139211ms
2019-12-30 09:44:40.044   CNC 15   INF   Sleeping for 9.975736805s
2019-12-30 09:44:50.021   CNC 15   INF   Device still active
2019-12-30 09:44:50.021   CNC 15   INF   Downtime -> 20 of 150
2019-12-30 09:44:50.048   CNC 15   INF   Processing takes 27.115744ms
2019-12-30 09:44:50.048   CNC 15   INF   Sleeping for 9.972776622s
2019-12-30 10:31:19.326   CNC 15   INF   Device started running
2019-12-30 10:31:19.327   CNC 15   INF   Device directory exists
2019-12-30 10:31:19.327   CNC 15   INF   Production -> 0 of 300
2019-12-30 10:31:19.389   CNC 15   INF   Processing takes 61.800461ms
2019-12-30 10:31:19.389   CNC 15   INF   Sleeping for 9.93809094s
2019-12-30 10:31:29.331   CNC 15   INF   Device still active
2019-12-30 10:31:29.331   CNC 15   INF   Production -> 1 of 300
2019-12-30 10:31:29.402   CNC 15   INF   Processing takes 70.282811ms
2019-12-30 10:31:29.402   CNC 15   INF   Sleeping for 9.929584175s
2019-12-30 10:31:39.332   CNC 15   INF   Device not active
2019-12-30 10:31:39.332   CNC 15   INF   Device not active, stopped running
2019-12-30 10:50:38.718   CNC 15   INF   Device started running
2019-12-30 10:50:38.718   CNC 15   INF   Device directory exists
2019-12-30 10:50:38.720   CNC 15   INF   Downtime -> 0 of 150
2019-12-30 10:50:38.788   CNC 15   INF   Processing takes 69.693075ms
2019-12-30 10:50:38.788   CNC 15   INF   Sleeping for 9.930202757s
2019-12-30 10:50:48.722   CNC 15   INF   Device still active
2019-12-30 10:50:48.722   CNC 15   INF   Downtime -> 1 of 150
2019-12-30 10:50:48.785   CNC 15   INF   Processing takes 63.325046ms
2019-12-30 10:50:48.785   CNC 15   INF   Sleeping for 9.936516164s
2019-12-30 10:50:58.723   CNC 15   INF   Device still active
2019-12-30 10:50:58.723   CNC 15   INF   Downtime -> 2 of 150
2019-12-30 10:50:58.822   CNC 15   INF   Processing takes 98.700498ms
2019-12-30 10:50:58.822   CNC 15   INF   Sleeping for 9.901158951s
2019-12-30 10:51:08.726   CNC 15   INF   Device still active
2019-12-30 10:51:08.727   CNC 15   INF   Downtime -> 3 of 150
2019-12-30 10:51:08.752   CNC 15   INF   Processing takes 26.105893ms
2019-12-30 10:51:08.752   CNC 15   INF   Sleeping for 9.973791493s
2019-12-30 10:51:18.728   CNC 15   INF   Device still active
2019-12-30 10:51:18.729   CNC 15   INF   Downtime -> 4 of 150
2019-12-30 10:51:18.806   CNC 15   INF   Processing takes 77.271592ms
2019-12-30 10:51:18.806   CNC 15   INF   Sleeping for 9.922384704s
2019-12-30 10:51:28.734   CNC 15   INF   Device still active
2019-12-30 10:51:28.734   CNC 15   INF   Downtime -> 5 of 150
2019-12-30 10:51:28.769   CNC 15   INF   Processing takes 34.521906ms
2019-12-30 10:51:28.769   CNC 15   INF   Sleeping for 9.965356171s
2019-12-30 10:51:38.735   CNC 15   INF   Device still active
2019-12-30 10:51:38.735   CNC 15   INF   Downtime -> 6 of 150
2019-12-30 10:51:38.763   CNC 15   INF   Processing takes 27.866982ms
2019-12-30 10:51:38.763   CNC 15   INF   Sleeping for 9.972008785s
2019-12-30 10:51:48.736   CNC 15   INF   Device still active
2019-12-30 10:51:48.737   CNC 15   INF   Downtime -> 7 of 150
2019-12-30 10:51:48.789   CNC 15   INF   Processing takes 53.24305ms
2019-12-30 10:51:48.789   CNC 15   INF   Sleeping for 9.946590373s
2019-12-30 10:51:58.738   CNC 15   INF   Device still active
2019-12-30 10:51:58.738   CNC 15   INF   Downtime -> 8 of 150
2019-12-30 10:51:58.808   CNC 15   INF   Processing takes 69.784674ms
2019-12-30 10:51:58.808   CNC 15   INF   Sleeping for 9.9299146s
2019-12-30 10:52:08.740   CNC 15   INF   Device still active
2019-12-30 10:52:08.740   CNC 15   INF   Downtime -> 9 of 150
2019-12-30 10:52:08.781   CNC 15   INF   Processing takes 41.595295ms
2019-12-30 10:52:08.782   CNC 15   INF   Sleeping for 9.958288629s
2019-12-30 10:52:18.740   CNC 15   INF   Device still active
2019-12-30 10:52:18.741   CNC 15   INF   Downtime -> 10 of 150
2019-12-30 10:52:18.779   CNC 15   INF   Processing takes 38.526661ms
2019-12-30 10:52:18.779   CNC 15   INF   Sleeping for 9.96135207s
2019-12-30 10:52:28.743   CNC 15   INF   Device still active
2019-12-30 10:52:28.744   CNC 15   INF   Downtime -> 11 of 150
2019-12-30 10:52:28.775   CNC 15   INF   Processing takes 31.115369ms
2019-12-30 10:52:28.775   CNC 15   INF   Sleeping for 9.968751785s
2019-12-30 10:52:38.750   CNC 15   INF   Device still active
2019-12-30 10:52:38.750   CNC 15   INF   Downtime -> 12 of 150
2019-12-30 10:52:38.804   CNC 15   INF   Processing takes 54.074378ms
2019-12-30 10:52:38.804   CNC 15   INF   Sleeping for 9.945790604s
2019-12-30 10:52:48.752   CNC 15   INF   Device still active
2019-12-30 10:52:48.752   CNC 15   INF   Downtime -> 13 of 150
2019-12-30 10:52:48.775   CNC 15   INF   Processing takes 22.708183ms
2019-12-30 10:52:48.775   CNC 15   INF   Sleeping for 9.977112167s
2019-12-30 10:52:58.752   CNC 15   INF   Device still active
2019-12-30 10:52:58.753   CNC 15   INF   Downtime -> 14 of 150
2019-12-30 10:52:58.806   CNC 15   INF   Processing takes 53.197395ms
2019-12-30 10:52:58.806   CNC 15   INF   Sleeping for 9.946689951s
2019-12-30 10:53:08.755   CNC 15   INF   Device still active
2019-12-30 10:53:08.756   CNC 15   INF   Downtime -> 15 of 150
2019-12-30 10:53:08.799   CNC 15   INF   Processing takes 44.41773ms
2019-12-30 10:53:08.800   CNC 15   INF   Sleeping for 9.955418565s
2019-12-30 10:53:18.759   CNC 15   INF   Device still active
2019-12-30 10:53:18.759   CNC 15   INF   Downtime -> 16 of 150
2019-12-30 10:53:18.799   CNC 15   INF   Processing takes 39.622611ms
2019-12-30 10:53:18.799   CNC 15   INF   Sleeping for 9.960267287s
2019-12-30 10:53:28.761   CNC 15   INF   Device still active
2019-12-30 10:53:28.761   CNC 15   INF   Downtime -> 17 of 150
2019-12-30 10:53:28.839   CNC 15   INF   Processing takes 77.62463ms
2019-12-30 10:53:28.839   CNC 15   INF   Sleeping for 9.922258384s
2019-12-30 10:53:38.762   CNC 15   INF   Device still active
2019-12-30 10:53:38.762   CNC 15   INF   Downtime -> 18 of 150
2019-12-30 10:53:38.816   CNC 15   INF   Processing takes 53.412789ms
2019-12-30 10:53:38.816   CNC 15   INF   Sleeping for 9.946463877s
2019-12-30 10:53:48.766   CNC 15   INF   Device still active
2019-12-30 10:53:48.767   CNC 15   INF   Downtime -> 19 of 150
2019-12-30 10:53:48.796   CNC 15   INF   Processing takes 29.674019ms
2019-12-30 10:53:48.796   CNC 15   INF   Sleeping for 9.97021473s
2019-12-30 10:53:58.768   CNC 15   INF   Device still active
2019-12-30 10:53:58.768   CNC 15   INF   Downtime -> 20 of 150
2019-12-30 10:53:58.842   CNC 15   INF   Processing takes 74.206963ms
2019-12-30 10:53:58.843   CNC 15   INF   Sleeping for 9.925553287s
2019-12-30 10:54:08.771   CNC 15   INF   Device still active
2019-12-30 10:54:08.771   CNC 15   INF   Downtime -> 21 of 150
2019-12-30 10:54:08.834   CNC 15   INF   Processing takes 62.815231ms
2019-12-30 10:54:08.834   CNC 15   INF   Sleeping for 9.937054676s
2019-12-30 10:54:18.771   CNC 15   INF   Device still active
2019-12-30 10:54:18.771   CNC 15   INF   Downtime -> 22 of 150
2019-12-30 10:54:18.833   CNC 15   INF   Processing takes 61.938533ms
2019-12-30 10:54:18.833   CNC 15   INF   Sleeping for 9.937939616s
2019-12-30 10:54:28.774   CNC 15   INF   Device still active
2019-12-30 10:54:28.775   CNC 15   INF   Downtime -> 23 of 150
2019-12-30 10:54:28.842   CNC 15   INF   Processing takes 67.408615ms
2019-12-30 10:54:28.842   CNC 15   INF   Sleeping for 9.932480515s
2019-12-30 10:54:38.775   CNC 15   INF   Device still active
2019-12-30 10:54:38.775   CNC 15   INF   Downtime -> 24 of 150
2019-12-30 10:54:38.828   CNC 15   INF   Processing takes 52.9474ms
2019-12-30 10:54:38.828   CNC 15   INF   Sleeping for 9.946934302s
2019-12-30 10:54:48.777   CNC 15   INF   Device still active
2019-12-30 10:54:48.777   CNC 15   INF   Downtime -> 25 of 150
2019-12-30 10:54:48.838   CNC 15   INF   Processing takes 60.780306ms
2019-12-30 10:54:48.838   CNC 15   INF   Sleeping for 9.939100837s
2019-12-30 10:54:58.780   CNC 15   INF   Device still active
2019-12-30 10:54:58.781   CNC 15   INF   Downtime -> 26 of 150
2019-12-30 10:54:58.853   CNC 15   INF   Processing takes 72.811638ms
2019-12-30 10:54:58.853   CNC 15   INF   Sleeping for 9.927075388s
2019-12-30 10:55:08.785   CNC 15   INF   Device still active
2019-12-30 10:55:08.785   CNC 15   INF   Downtime -> 27 of 150
2019-12-30 10:55:08.829   CNC 15   INF   Processing takes 44.308802ms
2019-12-30 10:55:08.829   CNC 15   INF   Sleeping for 9.955565956s
2019-12-30 10:55:18.785   CNC 15   INF   Device still active
2019-12-30 10:55:18.785   CNC 15   INF   Downtime -> 28 of 150
2019-12-30 10:55:18.840   CNC 15   INF   Processing takes 54.969867ms
2019-12-30 10:55:18.841   CNC 15   INF   Sleeping for 9.944472011s
2019-12-30 10:55:28.786   CNC 15   INF   Device still active
2019-12-30 10:55:28.786   CNC 15   INF   Downtime -> 29 of 150
2019-12-30 10:55:28.843   CNC 15   INF   Processing takes 57.384994ms
2019-12-30 10:55:28.843   CNC 15   INF   Sleeping for 9.9425097s
2019-12-30 10:55:42.170   CNC 15   INF   Device started running
2019-12-30 10:55:42.170   CNC 15   INF   Device directory exists
2019-12-30 10:55:42.171   CNC 15   INF   Downtime -> 0 of 150
2019-12-30 10:55:42.196   CNC 15   INF   Processing takes 25.114929ms
2019-12-30 10:55:42.196   CNC 15   INF   Sleeping for 9.974770412s
2019-12-30 10:55:52.172   CNC 15   INF   Device still active
2019-12-30 10:55:52.172   CNC 15   INF   Downtime -> 1 of 150
2019-12-30 10:55:52.214   CNC 15   INF   Processing takes 42.392438ms
2019-12-30 10:55:52.214   CNC 15   INF   Sleeping for 9.95749062s
2019-12-30 10:56:02.173   CNC 15   INF   Device still active
2019-12-30 10:56:02.173   CNC 15   INF   Downtime -> 2 of 150
2019-12-30 10:56:02.262   CNC 15   INF   Processing takes 88.851547ms
2019-12-30 10:56:02.262   CNC 15   INF   Sleeping for 9.911070444s
2019-12-30 10:56:12.173   CNC 15   INF   Device still active
2019-12-30 10:56:12.174   CNC 15   INF   Downtime -> 3 of 150
2019-12-30 10:56:12.240   CNC 15   INF   Processing takes 66.09077ms
2019-12-30 10:56:12.240   CNC 15   INF   Sleeping for 9.933744546s
2019-12-30 10:56:22.175   CNC 15   INF   Device still active
2019-12-30 10:56:22.176   CNC 15   INF   Downtime -> 4 of 150
2019-12-30 10:56:22.206   CNC 15   INF   Processing takes 31.015901ms
2019-12-30 10:56:22.207   CNC 15   INF   Sleeping for 9.968823735s
2019-12-30 10:56:32.176   CNC 15   INF   Device still active
2019-12-30 10:56:32.177   CNC 15   INF   Downtime -> 5 of 150
2019-12-30 10:56:32.207   CNC 15   INF   Processing takes 30.32225ms
2019-12-30 10:56:32.207   CNC 15   INF   Sleeping for 9.969529961s
2019-12-30 10:56:42.181   CNC 15   INF   Device still active
2019-12-30 10:56:42.181   CNC 15   INF   Downtime -> 6 of 150
2019-12-30 10:56:42.258   CNC 15   INF   Processing takes 76.500045ms
2019-12-30 10:56:42.258   CNC 15   INF   Sleeping for 9.923364946s
2019-12-30 10:56:52.184   CNC 15   INF   Device still active
2019-12-30 10:56:52.185   CNC 15   INF   Downtime -> 7 of 150
2019-12-30 10:56:52.230   CNC 15   INF   Processing takes 46.104366ms
2019-12-30 10:56:52.230   CNC 15   INF   Sleeping for 9.953760395s
2019-12-30 10:57:02.187   CNC 15   INF   Device still active
2019-12-30 10:57:02.188   CNC 15   INF   Downtime -> 8 of 150
2019-12-30 10:57:02.281   CNC 15   INF   Processing takes 93.0498ms
2019-12-30 10:57:02.281   CNC 15   INF   Sleeping for 9.906504545s
2019-12-30 10:57:36.290   CNC 15   INF   Device started running
2019-12-30 10:57:36.290   CNC 15   INF   Device directory exists
2019-12-30 10:57:36.290   CNC 15   INF   Production -> 0 of 300
2019-12-30 10:57:36.399   CNC 15   INF   Processing takes 108.263892ms
2019-12-30 10:57:36.399   CNC 15   INF   Sleeping for 9.891530551s
2019-12-30 10:58:10.041   CNC 15   INF   Device started running
2019-12-30 10:58:10.041   CNC 15   INF   Device directory exists
2019-12-30 10:58:10.041   CNC 15   INF   Offline -> 0 of 150
2019-12-30 10:58:10.041   CNC 15   INF   Processing takes 216.381µs
2019-12-30 10:58:10.041   CNC 15   INF   Sleeping for 9.99966605s
2019-12-30 11:09:08.177   CNC 15   INF   Device started running
2019-12-30 11:09:08.177   CNC 15   INF   Device directory exists
2019-12-30 11:09:08.178   CNC 15   INF   Offline -> 0 of 150
2019-12-30 11:09:08.178   CNC 15   INF   Processing takes 999.526µs
2019-12-30 11:09:08.179   CNC 15   INF   Sleeping for 9.998842175s
2019-12-30 11:09:18.182   CNC 15   INF   Device still active
2019-12-30 11:09:18.183   CNC 15   INF   Offline -> 1 of 150
2019-12-30 11:09:18.183   CNC 15   INF   Processing takes 345.392µs
2019-12-30 11:09:18.183   CNC 15   INF   Sleeping for 9.999171924s
2019-12-30 11:09:28.187   CNC 15   INF   Device still active
2019-12-30 11:09:28.188   CNC 15   INF   Offline -> 2 of 150
2019-12-30 11:09:28.188   CNC 15   INF   Processing takes 842.49µs
2019-12-30 11:09:28.188   CNC 15   INF   Sleeping for 9.998970003s
2019-12-30 11:09:38.191   CNC 15   INF   Device still active
2019-12-30 11:09:38.192   CNC 15   INF   Offline -> 3 of 150
2019-12-30 11:09:38.194   CNC 15   INF   Processing takes 867.672µs
2019-12-30 11:09:38.195   CNC 15   INF   Sleeping for 9.997338004s
2019-12-30 11:09:48.195   CNC 15   INF   Device still active
2019-12-30 11:09:48.195   CNC 15   INF   Offline -> 4 of 150
2019-12-30 11:09:48.195   CNC 15   INF   Processing takes 175.744µs
2019-12-30 11:09:48.195   CNC 15   INF   Sleeping for 9.999705381s
2019-12-30 11:09:58.200   CNC 15   INF   Device still active
2019-12-30 11:09:58.200   CNC 15   INF   Offline -> 5 of 150
2019-12-30 11:09:58.201   CNC 15   INF   Processing takes 648.039µs
2019-12-30 11:09:58.201   CNC 15   INF   Sleeping for 9.998883215s
2019-12-30 11:10:08.206   CNC 15   INF   Device still active
2019-12-30 11:10:08.207   CNC 15   INF   Offline -> 6 of 150
2019-12-30 11:10:08.207   CNC 15   INF   Processing takes 632.231µs
2019-12-30 11:10:08.207   CNC 15   INF   Sleeping for 9.999172585s
2019-12-30 11:10:18.207   CNC 15   INF   Device still active
2019-12-30 11:10:18.209   CNC 15   INF   Offline -> 7 of 150
2019-12-30 11:10:18.209   CNC 15   INF   Processing takes 1.421321ms
2019-12-30 11:10:18.210   CNC 15   INF   Sleeping for 9.998085445s
2019-12-30 11:10:28.209   CNC 15   INF   Device still active
2019-12-30 11:10:28.210   CNC 15   INF   Offline -> 8 of 150
2019-12-30 11:10:28.210   CNC 15   INF   Processing takes 644.773µs
2019-12-30 11:10:28.210   CNC 15   INF   Sleeping for 9.999074284s
2019-12-30 11:10:38.210   CNC 15   INF   Device still active
2019-12-30 11:10:38.210   CNC 15   INF   Offline -> 9 of 150
2019-12-30 11:10:38.210   CNC 15   INF   Processing takes 462.691µs
2019-12-30 11:10:38.211   CNC 15   INF   Sleeping for 9.999337194s
2019-12-30 11:10:48.211   CNC 15   INF   Device still active
2019-12-30 11:10:48.211   CNC 15   INF   Offline -> 10 of 150
2019-12-30 11:10:48.211   CNC 15   INF   Processing takes 344.878µs
2019-12-30 11:10:48.212   CNC 15   INF   Sleeping for 9.999405483s
2019-12-30 11:10:58.213   CNC 15   INF   Device still active
2019-12-30 11:10:58.213   CNC 15   INF   Offline -> 11 of 150
2019-12-30 11:10:58.214   CNC 15   INF   Processing takes 431.127µs
2019-12-30 11:10:58.214   CNC 15   INF   Sleeping for 9.998986979s
2019-12-30 11:11:08.215   CNC 15   INF   Device still active
2019-12-30 11:11:08.215   CNC 15   INF   Offline -> 12 of 150
2019-12-30 11:11:08.216   CNC 15   INF   Processing takes 223.909µs
2019-12-30 11:11:08.216   CNC 15   INF   Sleeping for 9.999666453s
2019-12-30 11:11:18.218   CNC 15   INF   Device still active
2019-12-30 11:11:18.218   CNC 15   INF   Offline -> 13 of 150
2019-12-30 11:11:18.219   CNC 15   INF   Processing takes 283.052µs
2019-12-30 11:11:18.219   CNC 15   INF   Sleeping for 9.999610886s
2019-12-30 11:11:28.219   CNC 15   INF   Device still active
2019-12-30 11:11:28.220   CNC 15   INF   Offline -> 14 of 150
2019-12-30 11:11:28.220   CNC 15   INF   Processing takes 709.579µs
2019-12-30 11:11:28.221   CNC 15   INF   Sleeping for 9.99884658s
2019-12-30 11:11:38.222   CNC 15   INF   Device still active
2019-12-30 11:11:38.222   CNC 15   INF   Offline -> 15 of 150
2019-12-30 11:11:38.222   CNC 15   INF   Processing takes 154.672µs
2019-12-30 11:11:38.222   CNC 15   INF   Sleeping for 9.999737275s
2019-12-30 11:11:48.225   CNC 15   INF   Device still active
2019-12-30 11:11:48.225   CNC 15   INF   Offline -> 16 of 150
2019-12-30 11:11:48.225   CNC 15   INF   Processing takes 145.251µs
2019-12-30 11:11:48.225   CNC 15   INF   Sleeping for 9.999577113s
2019-12-30 11:11:58.226   CNC 15   INF   Device still active
2019-12-30 11:11:58.226   CNC 15   INF   Offline -> 17 of 150
2019-12-30 11:11:58.227   CNC 15   INF   Processing takes 317.403µs
2019-12-30 11:11:58.227   CNC 15   INF   Sleeping for 9.999162769s
2019-12-30 11:13:02.021   CNC 15   INF   Device started running
2019-12-30 11:13:02.021   CNC 15   INF   Device directory exists
2019-12-30 11:13:02.021   CNC 15   INF   Downtime -> 0 of 150
2019-12-30 11:13:02.084   CNC 15   INF   Processing takes 62.258062ms
2019-12-30 11:13:02.084   CNC 15   INF   Sleeping for 9.937588763s
2019-12-30 11:13:12.022   CNC 15   INF   Device still active
2019-12-30 11:13:12.022   CNC 15   INF   Downtime -> 1 of 150
2019-12-30 11:13:12.043   CNC 15   INF   Processing takes 20.827971ms
2019-12-30 11:13:12.043   CNC 15   INF   Sleeping for 9.978966861s
2019-12-30 11:13:22.026   CNC 15   INF   Device still active
2019-12-30 11:13:22.027   CNC 15   INF   Downtime -> 2 of 150
2019-12-30 11:13:22.098   CNC 15   INF   Processing takes 71.74986ms
2019-12-30 11:13:22.098   CNC 15   INF   Sleeping for 9.928154468s
2019-12-30 11:13:32.028   CNC 15   INF   Device still active
2019-12-30 11:13:32.028   CNC 15   INF   Downtime -> 3 of 150
2019-12-30 11:13:32.093   CNC 15   INF   Processing takes 64.604861ms
2019-12-30 11:13:32.093   CNC 15   INF   Sleeping for 9.935275347s
2019-12-30 11:13:42.032   CNC 15   INF   Device still active
2019-12-30 11:13:42.032   CNC 15   INF   Downtime -> 4 of 150
2019-12-30 11:13:42.086   CNC 15   INF   Processing takes 54.241077ms
2019-12-30 11:13:42.086   CNC 15   INF   Sleeping for 9.945614834s
2019-12-30 11:13:52.033   CNC 15   INF   Device still active
2019-12-30 11:13:52.033   CNC 15   INF   Downtime -> 5 of 150
2019-12-30 11:13:52.089   CNC 15   INF   Processing takes 56.007606ms
2019-12-30 11:13:52.089   CNC 15   INF   Sleeping for 9.94387223s
2019-12-30 11:14:02.035   CNC 15   INF   Device still active
2019-12-30 11:14:02.036   CNC 15   INF   Downtime -> 6 of 150
2019-12-30 11:14:02.075   CNC 15   INF   Processing takes 39.945081ms
2019-12-30 11:14:02.076   CNC 15   INF   Sleeping for 9.959916509s
2019-12-30 11:14:12.038   CNC 15   INF   Device still active
2019-12-30 11:14:12.038   CNC 15   INF   Downtime -> 7 of 150
2019-12-30 11:14:12.072   CNC 15   INF   Processing takes 33.736444ms
2019-12-30 11:14:12.072   CNC 15   INF   Sleeping for 9.966075449s
2019-12-30 11:14:22.038   CNC 15   INF   Device still active
2019-12-30 11:14:22.038   CNC 15   INF   Downtime -> 8 of 150
2019-12-30 11:14:22.092   CNC 15   INF   Processing takes 54.252784ms
2019-12-30 11:14:22.093   CNC 15   INF   Sleeping for 9.94555008s
2019-12-30 11:14:32.044   CNC 15   INF   Device still active
2019-12-30 11:14:32.044   CNC 15   INF   Downtime -> 9 of 150
2019-12-30 11:14:32.103   CNC 15   INF   Processing takes 58.784476ms
2019-12-30 11:14:32.103   CNC 15   INF   Sleeping for 9.940949564s
2019-12-30 11:14:42.049   CNC 15   INF   Device still active
2019-12-30 11:14:42.049   CNC 15   INF   Downtime -> 10 of 150
2019-12-30 11:14:42.120   CNC 15   INF   Processing takes 71.331592ms
2019-12-30 11:14:42.120   CNC 15   INF   Sleeping for 9.928515799s
2019-12-30 11:14:52.054   CNC 15   INF   Device still active
2019-12-30 11:14:52.054   CNC 15   INF   Downtime -> 11 of 150
2019-12-30 11:14:52.079   CNC 15   INF   Processing takes 25.158041ms
2019-12-30 11:14:52.079   CNC 15   INF   Sleeping for 9.974716855s
2019-12-30 11:41:04.009   CNC 15   INF   Device started running
2019-12-30 11:41:04.009   CNC 15   INF   Device directory exists
2019-12-30 11:41:04.010   CNC 15   INF   Downtime -> 0 of 150
2019-12-30 11:41:04.056   CNC 15   INF   Processing takes 46.768276ms
2019-12-30 11:41:04.056   CNC 15   INF   Sleeping for 9.95309254s
2019-12-30 11:41:14.011   CNC 15   INF   Device still active
2019-12-30 11:41:14.011   CNC 15   INF   Downtime -> 1 of 150
2019-12-30 11:41:14.087   CNC 15   INF   Processing takes 76.255728ms
2019-12-30 11:41:14.087   CNC 15   INF   Sleeping for 9.923535794s
2019-12-30 11:41:29.459   CNC 15   INF   Device started running
2019-12-30 11:41:29.459   CNC 15   INF   Device directory exists
2019-12-30 11:41:29.459   CNC 15   INF   Downtime -> 0 of 150
2019-12-30 11:41:29.516   CNC 15   INF   Processing takes 56.41157ms
2019-12-30 11:41:29.516   CNC 15   INF   Sleeping for 9.943117992s
2019-12-30 11:41:39.460   CNC 15   INF   Device still active
2019-12-30 11:41:39.460   CNC 15   INF   Downtime -> 1 of 150
2019-12-30 11:41:39.535   CNC 15   INF   Processing takes 74.869899ms
2019-12-30 11:41:39.535   CNC 15   INF   Sleeping for 9.925026759s
2019-12-30 11:41:49.461   CNC 15   INF   Device still active
2019-12-30 11:41:49.461   CNC 15   INF   Downtime -> 2 of 150
2019-12-30 11:41:49.523   CNC 15   INF   Processing takes 61.60717ms
2019-12-30 11:41:49.523   CNC 15   INF   Sleeping for 9.938008985s
2019-12-30 11:41:59.461   CNC 15   INF   Device still active
2019-12-30 11:41:59.462   CNC 15   INF   Downtime -> 3 of 150
2019-12-30 11:41:59.593   CNC 15   INF   Processing takes 130.952575ms
2019-12-30 11:41:59.593   CNC 15   INF   Sleeping for 9.868829016s
2019-12-30 11:42:09.467   CNC 15   INF   Device still active
2019-12-30 11:42:09.467   CNC 15   INF   Downtime -> 4 of 150
2019-12-30 11:42:09.494   CNC 15   INF   Processing takes 27.321087ms
2019-12-30 11:42:09.494   CNC 15   INF   Sleeping for 9.972544895s
2019-12-30 11:42:19.468   CNC 15   INF   Device still active
2019-12-30 11:42:19.468   CNC 15   INF   Downtime -> 5 of 150
2019-12-30 11:42:19.501   CNC 15   INF   Processing takes 32.469853ms
2019-12-30 11:42:19.501   CNC 15   INF   Sleeping for 9.967392133s
2019-12-30 11:42:29.469   CNC 15   INF   Device still active
2019-12-30 11:42:29.469   CNC 15   INF   Downtime -> 6 of 150
2019-12-30 11:42:29.514   CNC 15   INF   Processing takes 45.125558ms
2019-12-30 11:42:29.514   CNC 15   INF   Sleeping for 9.954417292s
2019-12-30 11:42:39.471   CNC 15   INF   Device still active
2019-12-30 11:42:39.472   CNC 15   INF   Downtime -> 7 of 150
2019-12-30 11:42:39.546   CNC 15   INF   Processing takes 74.039397ms
2019-12-30 11:42:39.546   CNC 15   INF   Sleeping for 9.925863244s
2019-12-30 11:42:49.473   CNC 15   INF   Device still active
2019-12-30 11:42:49.475   CNC 15   INF   Downtime -> 8 of 150
2019-12-30 11:42:49.512   CNC 15   INF   Processing takes 38.76588ms
2019-12-30 11:42:49.513   CNC 15   INF   Sleeping for 9.960981891s
2019-12-30 11:42:59.476   CNC 15   INF   Device still active
2019-12-30 11:42:59.477   CNC 15   INF   Downtime -> 9 of 150
2019-12-30 11:42:59.946   CNC 15   INF   Processing takes 469.668217ms
2019-12-30 11:42:59.947   CNC 15   INF   Sleeping for 9.529591217s
2019-12-30 11:43:09.481   CNC 15   INF   Device still active
2019-12-30 11:43:09.482   CNC 15   INF   Downtime -> 10 of 150
2019-12-30 11:43:09.754   CNC 15   INF   Processing takes 272.386046ms
2019-12-30 11:43:09.754   CNC 15   INF   Sleeping for 9.727116303s
2019-12-30 11:43:19.487   CNC 15   INF   Device still active
2019-12-30 11:43:19.487   CNC 15   INF   Downtime -> 11 of 150
2019-12-30 11:43:19.552   CNC 15   INF   Processing takes 64.908462ms
2019-12-30 11:43:19.552   CNC 15   INF   Sleeping for 9.934921924s
2019-12-30 11:43:29.492   CNC 15   INF   Device still active
2019-12-30 11:43:29.492   CNC 15   INF   Downtime -> 12 of 150
2019-12-30 11:43:29.617   CNC 15   INF   Processing takes 125.142376ms
2019-12-30 11:43:29.617   CNC 15   INF   Sleeping for 9.874710729s
2019-12-30 11:43:39.492   CNC 15   INF   Device still active
2019-12-30 11:43:39.492   CNC 15   INF   Downtime -> 13 of 150
2019-12-30 11:43:39.733   CNC 15   INF   Processing takes 239.974716ms
2019-12-30 11:43:39.733   CNC 15   INF   Sleeping for 9.759555315s
2019-12-30 11:43:49.494   CNC 15   INF   Device still active
2019-12-30 11:43:49.494   CNC 15   INF   Downtime -> 14 of 150
2019-12-30 11:43:49.622   CNC 15   INF   Processing takes 128.499083ms
2019-12-30 11:43:49.623   CNC 15   INF   Sleeping for 9.870924078s
2019-12-30 11:43:59.495   CNC 15   INF   Device still active
2019-12-30 11:43:59.496   CNC 15   INF   Downtime -> 15 of 150
2019-12-30 11:43:59.616   CNC 15   INF   Processing takes 120.580282ms
2019-12-30 11:43:59.616   CNC 15   INF   Sleeping for 9.879266633s
2019-12-30 11:44:09.498   CNC 15   INF   Device still active
2019-12-30 11:44:09.500   CNC 15   INF   Downtime -> 16 of 150
2019-12-30 11:44:09.537   CNC 15   INF   Processing takes 37.161643ms
2019-12-30 11:44:09.537   CNC 15   INF   Sleeping for 9.962666691s
2019-12-30 11:44:19.503   CNC 15   INF   Device not active
2019-12-30 11:44:19.503   CNC 15   INF   Device not active, stopped running
