2020-02-29 10:01:05.050   CNC 5   INF   Device started running
2020-02-29 10:01:05.051   CNC 5   INF   Device directory exists
2020-02-29 10:01:05.051   CNC 5   INF   Poweroff -> 0 of 150
2020-02-29 10:01:05.051   CNC 5   INF   Processing takes 142.817µs
2020-02-29 10:01:05.051   CNC 5   INF   Sleeping for 9.999740138s
2020-02-29 10:01:15.052   CNC 5   INF   Device still active
2020-02-29 10:01:15.052   CNC 5   INF   Poweroff -> 1 of 150
2020-02-29 10:01:15.052   CNC 5   INF   Processing takes 125.734µs
2020-02-29 10:01:15.052   CNC 5   INF   Sleeping for 9.999739933s
2020-02-29 10:01:25.052   CNC 5   INF   Device not active
2020-02-29 10:01:25.052   CNC 5   INF   Device not active, stopped running
2020-02-29 10:01:25.060   CNC 5   INF   Device started running
2020-02-29 10:01:25.060   CNC 5   INF   Device directory exists
2020-02-29 10:01:25.061   CNC 5   INF   Production -> 0 of 300
2020-02-29 10:01:25.300   CNC 5   INF   Processing takes 239.140832ms
2020-02-29 10:01:25.300   CNC 5   INF   Sleeping for 9.760255972s
2020-02-29 10:01:35.061   CNC 5   INF   Device still active
2020-02-29 10:01:35.061   CNC 5   INF   Device not active, stopped running
2020-02-29 10:01:51.080   CNC 5   INF   Device started running
2020-02-29 10:01:51.081   CNC 5   INF   Device directory exists
2020-02-29 10:01:51.082   CNC 5   INF   Downtime -> 0 of 150
2020-02-29 10:01:51.277   CNC 5   INF   Processing takes 195.984343ms
2020-02-29 10:01:51.278   CNC 5   INF   Sleeping for 9.803682646s
2020-02-29 10:02:01.081   CNC 5   INF   Device still active
2020-02-29 10:02:01.082   CNC 5   INF   Downtime -> 1 of 150
2020-02-29 10:02:01.136   CNC 5   INF   Processing takes 54.567098ms
2020-02-29 10:02:01.136   CNC 5   INF   Sleeping for 9.945165679s
2020-02-29 10:02:11.082   CNC 5   INF   Device not active
2020-02-29 10:02:11.082   CNC 5   INF   Device not active, stopped running
2020-02-29 10:02:11.083   CNC 5   INF   Device started running
2020-02-29 10:02:11.083   CNC 5   INF   Device directory exists
2020-02-29 10:02:11.083   CNC 5   INF   Device not active, stopped running
2020-02-29 10:08:40.455   CNC 5   INF   Device started running
2020-02-29 10:08:40.455   CNC 5   INF   Device directory exists
2020-02-29 10:08:40.455   CNC 5   INF   Production -> 0 of 300
2020-02-29 10:08:40.716   CNC 5   INF   Processing takes 261.3456ms
2020-02-29 10:08:40.717   CNC 5   INF   Sleeping for 9.73832673s
2020-02-29 10:08:50.455   CNC 5   INF   Device still active
2020-02-29 10:08:50.455   CNC 5   INF   Device not active, stopped running
2020-02-29 10:10:03.350   CNC 5   INF   Device started running
2020-02-29 10:10:03.351   CNC 5   INF   Device directory exists
2020-02-29 10:10:03.351   CNC 5   INF   Production -> 0 of 300
2020-02-29 10:10:03.640   CNC 5   INF   Processing takes 289.329609ms
2020-02-29 10:10:03.640   CNC 5   INF   Sleeping for 9.710559689s
2020-02-29 10:10:13.351   CNC 5   INF   Device still active
2020-02-29 10:10:13.352   CNC 5   INF   Production -> 1 of 300
2020-02-29 10:10:13.623   CNC 5   INF   Processing takes 271.643538ms
2020-02-29 10:10:13.623   CNC 5   INF   Sleeping for 9.728271536s
2020-02-29 10:10:23.353   CNC 5   INF   Device still active
2020-02-29 10:10:23.353   CNC 5   INF   Device not active, stopped running
2020-02-29 10:51:23.120   CNC 5   INF   Device started running
2020-02-29 10:51:23.122   CNC 5   INF   Device directory exists
2020-02-29 10:51:23.122   CNC 5   INF   Production -> 0 of 300
2020-02-29 10:51:23.262   CNC 5   INF   Processing takes 140.425967ms
2020-02-29 10:51:23.263   CNC 5   INF   Sleeping for 9.85942812s
2020-02-29 10:51:33.122   CNC 5   INF   Device still active
2020-02-29 10:51:33.122   CNC 5   INF   Device not active, stopped running
2020-02-29 10:51:40.465   CNC 5   INF   Device started running
2020-02-29 10:51:40.465   CNC 5   INF   Device directory exists
2020-02-29 10:51:40.465   CNC 5   INF   Downtime -> 0 of 150
2020-02-29 10:51:40.675   CNC 5   INF   Processing takes 209.934299ms
2020-02-29 10:51:40.675   CNC 5   INF   Sleeping for 9.789724175s
2020-02-29 10:51:50.465   CNC 5   INF   Device still active
2020-02-29 10:51:50.466   CNC 5   INF   Device not active, stopped running
2020-02-29 10:51:50.479   CNC 5   INF   Device started running
2020-02-29 10:51:50.479   CNC 5   INF   Device directory exists
2020-02-29 10:51:50.480   CNC 5   INF   Device not active, stopped running
2020-02-29 10:51:55.259   CNC 5   INF   Device started running
2020-02-29 10:51:55.260   CNC 5   INF   Device directory exists
2020-02-29 10:51:55.260   CNC 5   INF   Production -> 0 of 300
2020-02-29 10:51:55.552   CNC 5   INF   Processing takes 292.358441ms
2020-02-29 10:51:55.552   CNC 5   INF   Sleeping for 9.707501875s
2020-02-29 10:52:05.260   CNC 5   INF   Device still active
2020-02-29 10:52:05.260   CNC 5   INF   Device not active, stopped running
