2019-12-30 08:58:50.142   CNC 7   INF   Device created
2019-12-30 09:01:28.892   CNC 7   INF   Device created
2019-12-30 09:03:14.518   CNC 7   INF   Device created
2019-12-30 09:05:43.899   CNC 7   INF   Device created
2019-12-30 09:07:12.679   CNC 7   INF   Device created
2019-12-30 09:08:30.126   CNC 7   INF   Device created
2019-12-30 09:08:47.039   CNC 7   INF   Device created
2019-12-30 09:11:46.237   CNC 7   INF   Workplace created
2019-12-30 09:11:46.249   CNC 7   INF   Production workplace port created
2019-12-30 09:11:46.250   CNC 7   INF   Amperafe workplace port created
2019-12-30 09:11:46.347   CNC 7   INF   Device created
2019-12-30 09:11:46.349   CNC 7   INF   Digital port created
2019-12-30 09:11:46.351   CNC 7   INF   Analog port created
2019-12-30 09:21:45.541   CNC 7   INF   Device started running
2019-12-30 09:21:45.542   CNC 7   WRN   Device directory not exist, creating
2019-12-30 09:21:45.542   CNC 7   INF   Device directory created
2019-12-30 09:21:45.543   CNC 7   INF   Production -> 0 of 300
2019-12-30 09:21:45.674   CNC 7   INF   Processing takes 131.55676ms
2019-12-30 09:21:45.674   CNC 7   INF   Sleeping for 9.868156979s
2019-12-30 09:25:13.260   CNC 7   INF   Device started running
2019-12-30 09:25:13.260   CNC 7   INF   Device directory exists
2019-12-30 09:25:13.260   CNC 7   INF   Downtime -> 0 of 150
2019-12-30 09:25:13.306   CNC 7   INF   Processing takes 46.133298ms
2019-12-30 09:25:13.306   CNC 7   INF   Sleeping for 9.953704803s
2019-12-30 09:25:23.261   CNC 7   INF   Device still active
2019-12-30 09:25:23.262   CNC 7   INF   Downtime -> 1 of 150
2019-12-30 09:25:23.361   CNC 7   INF   Processing takes 99.833006ms
2019-12-30 09:25:23.361   CNC 7   INF   Sleeping for 9.899677779s
2019-12-30 09:25:33.261   CNC 7   INF   Device still active
2019-12-30 09:25:33.261   CNC 7   INF   Downtime -> 2 of 150
2019-12-30 09:25:33.303   CNC 7   INF   Processing takes 41.762226ms
2019-12-30 09:25:33.304   CNC 7   INF   Sleeping for 9.957762784s
2019-12-30 09:26:12.801   CNC 7   INF   Device started running
2019-12-30 09:26:12.802   CNC 7   INF   Device directory exists
2019-12-30 09:26:12.802   CNC 7   INF   Production -> 0 of 300
2019-12-30 09:26:12.860   CNC 7   INF   Processing takes 58.234618ms
2019-12-30 09:26:12.860   CNC 7   INF   Sleeping for 9.941642018s
2019-12-30 09:26:22.802   CNC 7   INF   Device still active
2019-12-30 09:26:22.802   CNC 7   INF   Production -> 1 of 300
2019-12-30 09:26:22.863   CNC 7   INF   Processing takes 60.510684ms
2019-12-30 09:26:22.863   CNC 7   INF   Sleeping for 9.939073572s
2019-12-30 09:26:32.803   CNC 7   INF   Device still active
2019-12-30 09:26:32.803   CNC 7   INF   Production -> 2 of 300
2019-12-30 09:26:32.866   CNC 7   INF   Processing takes 62.648886ms
2019-12-30 09:26:32.866   CNC 7   INF   Sleeping for 9.937219204s
2019-12-30 09:26:42.806   CNC 7   INF   Device still active
2019-12-30 09:26:42.806   CNC 7   INF   Production -> 3 of 300
2019-12-30 09:26:42.898   CNC 7   INF   Processing takes 91.666047ms
2019-12-30 09:26:42.898   CNC 7   INF   Sleeping for 9.908059008s
2019-12-30 09:26:52.806   CNC 7   INF   Device still active
2019-12-30 09:26:52.806   CNC 7   INF   Production -> 4 of 300
2019-12-30 09:26:52.884   CNC 7   INF   Processing takes 77.953437ms
2019-12-30 09:26:52.884   CNC 7   INF   Sleeping for 9.921920735s
2019-12-30 09:27:02.807   CNC 7   INF   Device still active
2019-12-30 09:27:02.808   CNC 7   INF   Production -> 5 of 300
2019-12-30 09:27:02.895   CNC 7   INF   Processing takes 86.8688ms
2019-12-30 09:27:02.895   CNC 7   INF   Sleeping for 9.912662057s
2019-12-30 09:27:12.808   CNC 7   INF   Device still active
2019-12-30 09:27:12.809   CNC 7   INF   Production -> 6 of 300
2019-12-30 09:27:12.861   CNC 7   INF   Processing takes 52.478297ms
2019-12-30 09:27:12.861   CNC 7   INF   Sleeping for 9.947391322s
2019-12-30 09:27:22.813   CNC 7   INF   Device still active
2019-12-30 09:27:22.813   CNC 7   INF   Production -> 7 of 300
2019-12-30 09:27:22.873   CNC 7   INF   Processing takes 60.021865ms
2019-12-30 09:27:22.873   CNC 7   INF   Sleeping for 9.939813655s
2019-12-30 09:27:32.813   CNC 7   INF   Device still active
2019-12-30 09:27:32.814   CNC 7   INF   Production -> 8 of 300
2019-12-30 09:27:32.860   CNC 7   INF   Processing takes 46.417643ms
2019-12-30 09:27:32.860   CNC 7   INF   Sleeping for 9.953493917s
2019-12-30 09:27:42.817   CNC 7   INF   Device still active
2019-12-30 09:27:42.817   CNC 7   INF   Production -> 9 of 300
2019-12-30 09:27:42.897   CNC 7   INF   Processing takes 80.393501ms
2019-12-30 09:27:42.897   CNC 7   INF   Sleeping for 9.919479083s
2019-12-30 09:27:52.822   CNC 7   INF   Device still active
2019-12-30 09:27:52.822   CNC 7   INF   Production -> 10 of 300
2019-12-30 09:27:52.915   CNC 7   INF   Processing takes 93.036661ms
2019-12-30 09:27:52.915   CNC 7   INF   Sleeping for 9.906813268s
2019-12-30 09:28:02.826   CNC 7   INF   Device still active
2019-12-30 09:28:02.827   CNC 7   INF   Production -> 11 of 300
2019-12-30 09:28:02.923   CNC 7   INF   Processing takes 96.459622ms
2019-12-30 09:28:02.923   CNC 7   INF   Sleeping for 9.903406873s
2019-12-30 09:28:12.828   CNC 7   INF   Device still active
2019-12-30 09:28:12.828   CNC 7   INF   Production -> 12 of 300
2019-12-30 09:28:12.887   CNC 7   INF   Processing takes 58.954536ms
2019-12-30 09:28:12.888   CNC 7   INF   Sleeping for 9.9408915s
2019-12-30 09:28:22.829   CNC 7   INF   Device still active
2019-12-30 09:28:22.830   CNC 7   INF   Production -> 13 of 300
2019-12-30 09:28:22.920   CNC 7   INF   Processing takes 90.840415ms
2019-12-30 09:28:22.921   CNC 7   INF   Sleeping for 9.908350757s
2019-12-30 09:28:32.832   CNC 7   INF   Device still active
2019-12-30 09:28:32.833   CNC 7   INF   Production -> 14 of 300
2019-12-30 09:28:32.867   CNC 7   INF   Processing takes 34.586521ms
2019-12-30 09:28:32.867   CNC 7   INF   Sleeping for 9.965299969s
2019-12-30 09:28:42.834   CNC 7   INF   Device still active
2019-12-30 09:28:42.834   CNC 7   INF   Production -> 15 of 300
2019-12-30 09:28:42.880   CNC 7   INF   Processing takes 46.030796ms
2019-12-30 09:28:42.880   CNC 7   INF   Sleeping for 9.953880867s
2019-12-30 09:28:52.834   CNC 7   INF   Device still active
2019-12-30 09:28:52.834   CNC 7   INF   Production -> 16 of 300
2019-12-30 09:28:52.887   CNC 7   INF   Processing takes 53.485023ms
2019-12-30 09:28:52.888   CNC 7   INF   Sleeping for 9.946415853s
2019-12-30 09:29:02.834   CNC 7   INF   Device still active
2019-12-30 09:29:02.835   CNC 7   INF   Production -> 17 of 300
2019-12-30 09:29:02.894   CNC 7   INF   Processing takes 59.304966ms
2019-12-30 09:29:02.894   CNC 7   INF   Sleeping for 9.940610444s
2019-12-30 09:29:12.835   CNC 7   INF   Device still active
2019-12-30 09:29:12.835   CNC 7   INF   Production -> 18 of 300
2019-12-30 09:29:12.896   CNC 7   INF   Processing takes 61.043371ms
2019-12-30 09:29:12.896   CNC 7   INF   Sleeping for 9.938830876s
2019-12-30 09:29:22.835   CNC 7   INF   Device still active
2019-12-30 09:29:22.835   CNC 7   INF   Production -> 19 of 300
2019-12-30 09:29:22.935   CNC 7   INF   Processing takes 99.323784ms
2019-12-30 09:29:22.935   CNC 7   INF   Sleeping for 9.900509288s
2019-12-30 09:29:32.838   CNC 7   INF   Device still active
2019-12-30 09:29:32.838   CNC 7   INF   Production -> 20 of 300
2019-12-30 09:29:32.948   CNC 7   INF   Processing takes 109.255411ms
2019-12-30 09:29:32.948   CNC 7   INF   Sleeping for 9.890338275s
2019-12-30 09:29:42.840   CNC 7   INF   Device still active
2019-12-30 09:29:42.840   CNC 7   INF   Production -> 21 of 300
2019-12-30 09:29:42.943   CNC 7   INF   Processing takes 102.905094ms
2019-12-30 09:29:42.943   CNC 7   INF   Sleeping for 9.896878241s
2019-12-30 09:29:52.840   CNC 7   INF   Device still active
2019-12-30 09:29:52.840   CNC 7   INF   Production -> 22 of 300
2019-12-30 09:29:52.900   CNC 7   INF   Processing takes 59.819081ms
2019-12-30 09:29:52.900   CNC 7   INF   Sleeping for 9.93972669s
2019-12-30 09:30:02.841   CNC 7   INF   Device still active
2019-12-30 09:30:02.841   CNC 7   INF   Production -> 23 of 300
2019-12-30 09:30:02.935   CNC 7   INF   Processing takes 94.352225ms
2019-12-30 09:30:02.936   CNC 7   INF   Sleeping for 9.905156388s
2019-12-30 09:30:12.841   CNC 7   INF   Device still active
2019-12-30 09:30:12.841   CNC 7   INF   Production -> 24 of 300
2019-12-30 09:30:12.901   CNC 7   INF   Processing takes 59.499381ms
2019-12-30 09:30:12.902   CNC 7   INF   Sleeping for 9.939844147s
2019-12-30 09:30:22.842   CNC 7   INF   Device still active
2019-12-30 09:30:22.842   CNC 7   INF   Production -> 25 of 300
2019-12-30 09:30:22.885   CNC 7   INF   Processing takes 42.819104ms
2019-12-30 09:30:22.885   CNC 7   INF   Sleeping for 9.957051937s
2019-12-30 09:30:32.845   CNC 7   INF   Device still active
2019-12-30 09:30:32.846   CNC 7   INF   Production -> 26 of 300
2019-12-30 09:30:32.919   CNC 7   INF   Processing takes 73.623127ms
2019-12-30 09:30:32.919   CNC 7   INF   Sleeping for 9.926280574s
2019-12-30 09:30:42.849   CNC 7   INF   Device still active
2019-12-30 09:30:42.849   CNC 7   INF   Production -> 27 of 300
2019-12-30 09:30:42.914   CNC 7   INF   Processing takes 65.121791ms
2019-12-30 09:30:42.914   CNC 7   INF   Sleeping for 9.934742925s
2019-12-30 09:30:52.853   CNC 7   INF   Device still active
2019-12-30 09:30:52.854   CNC 7   INF   Production -> 28 of 300
2019-12-30 09:30:52.925   CNC 7   INF   Processing takes 71.594153ms
2019-12-30 09:30:52.925   CNC 7   INF   Sleeping for 9.928238632s
2019-12-30 09:31:02.854   CNC 7   INF   Device still active
2019-12-30 09:31:02.854   CNC 7   INF   Production -> 29 of 300
2019-12-30 09:31:02.943   CNC 7   INF   Processing takes 89.207565ms
2019-12-30 09:31:02.943   CNC 7   INF   Sleeping for 9.910598978s
2019-12-30 09:31:12.854   CNC 7   INF   Device still active
2019-12-30 09:31:12.854   CNC 7   INF   Production -> 30 of 300
2019-12-30 09:31:12.936   CNC 7   INF   Processing takes 81.808022ms
2019-12-30 09:31:12.936   CNC 7   INF   Sleeping for 9.918105644s
2019-12-30 09:31:22.855   CNC 7   INF   Device still active
2019-12-30 09:31:22.855   CNC 7   INF   Production -> 31 of 300
2019-12-30 09:31:22.912   CNC 7   INF   Processing takes 57.188188ms
2019-12-30 09:31:22.912   CNC 7   INF   Sleeping for 9.942715155s
2019-12-30 09:31:32.856   CNC 7   INF   Device still active
2019-12-30 09:31:32.857   CNC 7   INF   Production -> 32 of 300
2019-12-30 09:31:32.899   CNC 7   INF   Processing takes 42.769474ms
2019-12-30 09:31:32.899   CNC 7   INF   Sleeping for 9.957095006s
2019-12-30 09:31:42.857   CNC 7   INF   Device still active
2019-12-30 09:31:42.857   CNC 7   INF   Production -> 33 of 300
2019-12-30 09:31:42.905   CNC 7   INF   Processing takes 47.740188ms
2019-12-30 09:31:42.905   CNC 7   INF   Sleeping for 9.952092651s
2019-12-30 09:31:52.859   CNC 7   INF   Device still active
2019-12-30 09:31:52.859   CNC 7   INF   Production -> 34 of 300
2019-12-30 09:31:52.899   CNC 7   INF   Processing takes 39.181769ms
2019-12-30 09:31:52.899   CNC 7   INF   Sleeping for 9.960728736s
2019-12-30 09:32:02.863   CNC 7   INF   Device still active
2019-12-30 09:32:02.863   CNC 7   INF   Production -> 35 of 300
2019-12-30 09:32:02.931   CNC 7   INF   Processing takes 67.952731ms
2019-12-30 09:32:02.931   CNC 7   INF   Sleeping for 9.931878833s
2019-12-30 09:32:12.865   CNC 7   INF   Device still active
2019-12-30 09:32:12.865   CNC 7   INF   Production -> 36 of 300
2019-12-30 09:32:12.922   CNC 7   INF   Processing takes 57.199038ms
2019-12-30 09:32:12.923   CNC 7   INF   Sleeping for 9.942674041s
2019-12-30 09:32:22.866   CNC 7   INF   Device still active
2019-12-30 09:32:22.866   CNC 7   INF   Production -> 37 of 300
2019-12-30 09:32:22.932   CNC 7   INF   Processing takes 65.820052ms
2019-12-30 09:32:22.932   CNC 7   INF   Sleeping for 9.934017431s
2019-12-30 09:32:32.870   CNC 7   INF   Device still active
2019-12-30 09:32:32.871   CNC 7   INF   Production -> 38 of 300
2019-12-30 09:32:32.922   CNC 7   INF   Processing takes 50.953592ms
2019-12-30 09:32:32.922   CNC 7   INF   Sleeping for 9.948891834s
2019-12-30 09:32:42.871   CNC 7   INF   Device still active
2019-12-30 09:32:42.872   CNC 7   INF   Production -> 39 of 300
2019-12-30 09:32:42.928   CNC 7   INF   Processing takes 56.657735ms
2019-12-30 09:32:42.928   CNC 7   INF   Sleeping for 9.943239331s
2019-12-30 09:32:52.875   CNC 7   INF   Device still active
2019-12-30 09:32:52.875   CNC 7   INF   Production -> 40 of 300
2019-12-30 09:32:52.919   CNC 7   INF   Processing takes 43.312748ms
2019-12-30 09:32:52.919   CNC 7   INF   Sleeping for 9.956279402s
2019-12-30 09:33:02.878   CNC 7   INF   Device still active
2019-12-30 09:33:02.879   CNC 7   INF   Production -> 41 of 300
2019-12-30 09:33:02.964   CNC 7   INF   Processing takes 86.572968ms
2019-12-30 09:33:02.965   CNC 7   INF   Sleeping for 9.912955984s
2019-12-30 09:33:12.879   CNC 7   INF   Device still active
2019-12-30 09:33:12.879   CNC 7   INF   Production -> 42 of 300
2019-12-30 09:33:12.931   CNC 7   INF   Processing takes 51.830902ms
2019-12-30 09:33:12.931   CNC 7   INF   Sleeping for 9.947986235s
2019-12-30 09:33:22.880   CNC 7   INF   Device still active
2019-12-30 09:33:22.881   CNC 7   INF   Production -> 43 of 300
2019-12-30 09:33:22.960   CNC 7   INF   Processing takes 79.637919ms
2019-12-30 09:33:22.960   CNC 7   INF   Sleeping for 9.920245923s
2019-12-30 09:33:32.881   CNC 7   INF   Device still active
2019-12-30 09:33:32.882   CNC 7   INF   Production -> 44 of 300
2019-12-30 09:33:32.933   CNC 7   INF   Processing takes 51.430275ms
2019-12-30 09:33:32.933   CNC 7   INF   Sleeping for 9.948479963s
2019-12-30 09:33:42.884   CNC 7   INF   Device still active
2019-12-30 09:33:42.884   CNC 7   INF   Production -> 45 of 300
2019-12-30 09:33:42.931   CNC 7   INF   Processing takes 46.347559ms
2019-12-30 09:33:42.931   CNC 7   INF   Sleeping for 9.953523364s
2019-12-30 09:33:52.888   CNC 7   INF   Device still active
2019-12-30 09:33:52.888   CNC 7   INF   Production -> 46 of 300
2019-12-30 09:33:53.011   CNC 7   INF   Processing takes 122.417449ms
2019-12-30 09:33:53.011   CNC 7   INF   Sleeping for 9.877178331s
2019-12-30 09:34:02.888   CNC 7   INF   Device still active
2019-12-30 09:34:02.889   CNC 7   INF   Production -> 47 of 300
2019-12-30 09:34:02.948   CNC 7   INF   Processing takes 59.632231ms
2019-12-30 09:34:02.948   CNC 7   INF   Sleeping for 9.940253629s
2019-12-30 09:34:12.889   CNC 7   INF   Device still active
2019-12-30 09:34:12.889   CNC 7   INF   Production -> 48 of 300
2019-12-30 09:34:12.942   CNC 7   INF   Processing takes 52.920364ms
2019-12-30 09:34:12.942   CNC 7   INF   Sleeping for 9.946987521s
2019-12-30 09:34:22.890   CNC 7   INF   Device still active
2019-12-30 09:34:22.890   CNC 7   INF   Production -> 49 of 300
2019-12-30 09:34:22.954   CNC 7   INF   Processing takes 64.175661ms
2019-12-30 09:34:22.955   CNC 7   INF   Sleeping for 9.935718543s
2019-12-30 09:34:32.891   CNC 7   INF   Device still active
2019-12-30 09:34:32.891   CNC 7   INF   Production -> 50 of 300
2019-12-30 09:34:33.296   CNC 7   INF   Processing takes 33.669954ms
2019-12-30 09:34:33.296   CNC 7   INF   Sleeping for 9.595289648s
2019-12-30 09:34:42.892   CNC 7   INF   Device still active
2019-12-30 09:34:42.892   CNC 7   INF   Production -> 51 of 300
2019-12-30 09:34:42.932   CNC 7   INF   Processing takes 40.433098ms
2019-12-30 09:34:42.932   CNC 7   INF   Sleeping for 9.959420705s
2019-12-30 09:34:52.895   CNC 7   INF   Device still active
2019-12-30 09:34:52.896   CNC 7   INF   Production -> 52 of 300
2019-12-30 09:34:52.989   CNC 7   INF   Processing takes 93.444589ms
2019-12-30 09:34:52.989   CNC 7   INF   Sleeping for 9.906406343s
2019-12-30 09:35:02.898   CNC 7   INF   Device still active
2019-12-30 09:35:02.898   CNC 7   INF   Production -> 53 of 300
2019-12-30 09:35:02.931   CNC 7   INF   Processing takes 33.326358ms
2019-12-30 09:35:02.931   CNC 7   INF   Sleeping for 9.966557992s
2019-12-30 09:35:12.898   CNC 7   INF   Device still active
2019-12-30 09:35:12.898   CNC 7   INF   Production -> 54 of 300
2019-12-30 09:35:12.936   CNC 7   INF   Processing takes 37.837328ms
2019-12-30 09:35:12.936   CNC 7   INF   Sleeping for 9.962059294s
2019-12-30 09:35:22.898   CNC 7   INF   Device still active
2019-12-30 09:35:22.899   CNC 7   INF   Production -> 55 of 300
2019-12-30 09:35:22.956   CNC 7   INF   Processing takes 57.374552ms
2019-12-30 09:35:22.956   CNC 7   INF   Sleeping for 9.942472912s
2019-12-30 09:35:32.904   CNC 7   INF   Device still active
2019-12-30 09:35:32.904   CNC 7   INF   Production -> 56 of 300
2019-12-30 09:35:32.938   CNC 7   INF   Processing takes 34.628518ms
2019-12-30 09:35:32.938   CNC 7   INF   Sleeping for 9.965233341s
2019-12-30 09:35:42.909   CNC 7   INF   Device still active
2019-12-30 09:35:42.909   CNC 7   INF   Production -> 57 of 300
2019-12-30 09:35:42.952   CNC 7   INF   Processing takes 42.860702ms
2019-12-30 09:35:42.952   CNC 7   INF   Sleeping for 9.956869782s
2019-12-30 09:35:52.910   CNC 7   INF   Device still active
2019-12-30 09:35:52.911   CNC 7   INF   Production -> 58 of 300
2019-12-30 09:35:52.950   CNC 7   INF   Processing takes 39.672483ms
2019-12-30 09:35:52.950   CNC 7   INF   Sleeping for 9.960191774s
2019-12-30 09:36:02.911   CNC 7   INF   Device still active
2019-12-30 09:36:02.911   CNC 7   INF   Production -> 59 of 300
2019-12-30 09:36:02.962   CNC 7   INF   Processing takes 50.800216ms
2019-12-30 09:36:02.962   CNC 7   INF   Sleeping for 9.949079158s
2019-12-30 09:36:12.911   CNC 7   INF   Device still active
2019-12-30 09:36:12.911   CNC 7   INF   Production -> 60 of 300
2019-12-30 09:36:12.949   CNC 7   INF   Processing takes 37.627915ms
2019-12-30 09:36:12.949   CNC 7   INF   Sleeping for 9.962241283s
2019-12-30 09:36:22.914   CNC 7   INF   Device still active
2019-12-30 09:36:22.915   CNC 7   INF   Production -> 61 of 300
2019-12-30 09:36:22.957   CNC 7   INF   Processing takes 42.268058ms
2019-12-30 09:36:22.957   CNC 7   INF   Sleeping for 9.957619797s
2019-12-30 09:36:32.915   CNC 7   INF   Device still active
2019-12-30 09:36:32.915   CNC 7   INF   Production -> 62 of 300
2019-12-30 09:36:32.956   CNC 7   INF   Processing takes 40.503145ms
2019-12-30 09:36:32.956   CNC 7   INF   Sleeping for 9.959359285s
2019-12-30 09:36:42.916   CNC 7   INF   Device still active
2019-12-30 09:36:42.916   CNC 7   INF   Production -> 63 of 300
2019-12-30 09:36:42.954   CNC 7   INF   Processing takes 37.952631ms
2019-12-30 09:36:42.954   CNC 7   INF   Sleeping for 9.961917884s
2019-12-30 09:36:52.916   CNC 7   INF   Device still active
2019-12-30 09:36:52.916   CNC 7   INF   Production -> 64 of 300
2019-12-30 09:36:52.952   CNC 7   INF   Processing takes 36.33645ms
2019-12-30 09:36:52.953   CNC 7   INF   Sleeping for 9.963412664s
2019-12-30 09:37:02.918   CNC 7   INF   Device still active
2019-12-30 09:37:02.918   CNC 7   INF   Production -> 65 of 300
2019-12-30 09:37:02.966   CNC 7   INF   Processing takes 47.451271ms
2019-12-30 09:37:02.966   CNC 7   INF   Sleeping for 9.952400727s
2019-12-30 09:37:12.919   CNC 7   INF   Device still active
2019-12-30 09:37:12.919   CNC 7   INF   Production -> 66 of 300
2019-12-30 09:37:12.956   CNC 7   INF   Processing takes 36.731848ms
2019-12-30 09:37:12.956   CNC 7   INF   Sleeping for 9.963179477s
2019-12-30 09:37:22.920   CNC 7   INF   Device still active
2019-12-30 09:37:22.920   CNC 7   INF   Production -> 67 of 300
2019-12-30 09:37:22.958   CNC 7   INF   Processing takes 37.362448ms
2019-12-30 09:37:22.958   CNC 7   INF   Sleeping for 9.962408993s
2019-12-30 09:38:59.951   CNC 7   INF   Device started running
2019-12-30 09:38:59.951   CNC 7   INF   Device directory exists
2019-12-30 09:38:59.952   CNC 7   INF   Offline -> 0 of 150
2019-12-30 09:38:59.952   CNC 7   INF   Processing takes 445.066µs
2019-12-30 09:38:59.953   CNC 7   INF   Sleeping for 9.999099166s
2019-12-30 09:39:09.953   CNC 7   INF   Device still active
2019-12-30 09:39:09.953   CNC 7   INF   Offline -> 1 of 150
2019-12-30 09:39:09.953   CNC 7   INF   Processing takes 327.903µs
2019-12-30 09:39:09.954   CNC 7   INF   Sleeping for 9.999456521s
2019-12-30 09:39:19.958   CNC 7   INF   Device still active
2019-12-30 09:39:19.958   CNC 7   INF   Offline -> 2 of 150
2019-12-30 09:39:19.958   CNC 7   INF   Processing takes 451.039µs
2019-12-30 09:39:19.959   CNC 7   INF   Sleeping for 9.999118919s
2019-12-30 09:39:29.964   CNC 7   INF   Device still active
2019-12-30 09:39:29.966   CNC 7   INF   Offline -> 3 of 150
2019-12-30 09:39:29.966   CNC 7   INF   Processing takes 1.73106ms
2019-12-30 09:39:29.966   CNC 7   INF   Sleeping for 9.998014789s
2019-12-30 09:39:39.964   CNC 7   INF   Device still active
2019-12-30 09:39:39.965   CNC 7   INF   Offline -> 4 of 150
2019-12-30 09:39:39.965   CNC 7   INF   Processing takes 173.416µs
2019-12-30 09:39:39.965   CNC 7   INF   Sleeping for 9.999676135s
2019-12-30 09:39:49.967   CNC 7   INF   Device still active
2019-12-30 09:39:49.967   CNC 7   INF   Offline -> 5 of 150
2019-12-30 09:39:49.968   CNC 7   INF   Processing takes 458.023µs
2019-12-30 09:39:49.969   CNC 7   INF   Sleeping for 9.998787992s
2019-12-30 09:39:59.970   CNC 7   INF   Device still active
2019-12-30 09:39:59.970   CNC 7   INF   Offline -> 6 of 150
2019-12-30 09:39:59.970   CNC 7   INF   Processing takes 196.388µs
2019-12-30 09:39:59.970   CNC 7   INF   Sleeping for 9.999601394s
2019-12-30 09:40:09.970   CNC 7   INF   Device still active
2019-12-30 09:40:09.971   CNC 7   INF   Offline -> 7 of 150
2019-12-30 09:40:09.971   CNC 7   INF   Processing takes 582.803µs
2019-12-30 09:40:09.971   CNC 7   INF   Sleeping for 9.999184112s
2019-12-30 09:40:19.975   CNC 7   INF   Device still active
2019-12-30 09:40:19.975   CNC 7   INF   Offline -> 8 of 150
2019-12-30 09:40:19.976   CNC 7   INF   Processing takes 405.54µs
2019-12-30 09:40:19.976   CNC 7   INF   Sleeping for 9.999216591s
2019-12-30 09:40:29.976   CNC 7   INF   Device still active
2019-12-30 09:40:29.977   CNC 7   INF   Offline -> 9 of 150
2019-12-30 09:40:29.977   CNC 7   INF   Processing takes 274.633µs
2019-12-30 09:40:29.977   CNC 7   INF   Sleeping for 9.99960592s
2019-12-30 09:40:39.980   CNC 7   INF   Device still active
2019-12-30 09:40:39.980   CNC 7   INF   Offline -> 10 of 150
2019-12-30 09:40:39.981   CNC 7   INF   Processing takes 374.634µs
2019-12-30 09:40:39.981   CNC 7   INF   Sleeping for 9.998766518s
2019-12-30 09:40:49.985   CNC 7   INF   Device still active
2019-12-30 09:40:49.985   CNC 7   INF   Offline -> 11 of 150
2019-12-30 09:40:49.989   CNC 7   INF   Processing takes 297.304µs
2019-12-30 09:40:49.990   CNC 7   INF   Sleeping for 9.995286161s
2019-12-30 09:40:59.985   CNC 7   INF   Device still active
2019-12-30 09:40:59.986   CNC 7   INF   Offline -> 12 of 150
2019-12-30 09:40:59.986   CNC 7   INF   Processing takes 215.029µs
2019-12-30 09:40:59.986   CNC 7   INF   Sleeping for 9.999627644s
2019-12-30 09:41:09.987   CNC 7   INF   Device still active
2019-12-30 09:41:09.987   CNC 7   INF   Offline -> 13 of 150
2019-12-30 09:41:09.988   CNC 7   INF   Processing takes 406.629µs
2019-12-30 09:41:09.988   CNC 7   INF   Sleeping for 9.999199503s
2019-12-30 09:41:19.988   CNC 7   INF   Device still active
2019-12-30 09:41:19.988   CNC 7   INF   Offline -> 14 of 150
2019-12-30 09:41:19.988   CNC 7   INF   Processing takes 139.402µs
2019-12-30 09:41:19.988   CNC 7   INF   Sleeping for 9.999704902s
2019-12-30 09:41:29.988   CNC 7   INF   Device not active
2019-12-30 09:41:29.988   CNC 7   INF   Device not active, stopped running
2019-12-30 09:41:29.991   CNC 7   INF   Device started running
2019-12-30 09:41:29.991   CNC 7   INF   Device directory exists
2019-12-30 09:41:29.991   CNC 7   INF   Production -> 0 of 300
2019-12-30 09:41:30.068   CNC 7   INF   Processing takes 77.07605ms
2019-12-30 09:41:30.068   CNC 7   INF   Sleeping for 9.922796511s
2019-12-30 09:41:39.993   CNC 7   INF   Device still active
2019-12-30 09:41:39.993   CNC 7   INF   Production -> 1 of 300
2019-12-30 09:41:40.064   CNC 7   INF   Processing takes 70.573224ms
2019-12-30 09:41:40.064   CNC 7   INF   Sleeping for 9.929110198s
2019-12-30 09:41:49.993   CNC 7   INF   Device still active
2019-12-30 09:41:49.994   CNC 7   INF   Production -> 2 of 300
2019-12-30 09:41:50.066   CNC 7   INF   Processing takes 72.305551ms
2019-12-30 09:41:50.066   CNC 7   INF   Sleeping for 9.927548856s
2019-12-30 09:41:59.996   CNC 7   INF   Device still active
2019-12-30 09:41:59.996   CNC 7   INF   Production -> 3 of 300
2019-12-30 09:42:00.065   CNC 7   INF   Processing takes 68.931852ms
2019-12-30 09:42:00.065   CNC 7   INF   Sleeping for 9.930950461s
2019-12-30 09:42:09.996   CNC 7   INF   Device still active
2019-12-30 09:42:09.996   CNC 7   INF   Production -> 4 of 300
2019-12-30 09:42:10.060   CNC 7   INF   Processing takes 63.159938ms
2019-12-30 09:42:10.060   CNC 7   INF   Sleeping for 9.936720917s
2019-12-30 09:42:20.000   CNC 7   INF   Device still active
2019-12-30 09:42:20.000   CNC 7   INF   Production -> 5 of 300
2019-12-30 09:42:20.055   CNC 7   INF   Processing takes 55.386585ms
2019-12-30 09:42:20.055   CNC 7   INF   Sleeping for 9.944479987s
2019-12-30 09:42:30.003   CNC 7   INF   Device still active
2019-12-30 09:42:30.003   CNC 7   INF   Production -> 6 of 300
2019-12-30 09:42:30.054   CNC 7   INF   Processing takes 50.790163ms
2019-12-30 09:42:30.054   CNC 7   INF   Sleeping for 9.949046294s
2019-12-30 09:42:40.003   CNC 7   INF   Device still active
2019-12-30 09:42:40.003   CNC 7   INF   Production -> 7 of 300
2019-12-30 09:42:40.076   CNC 7   INF   Processing takes 72.515798ms
2019-12-30 09:42:40.076   CNC 7   INF   Sleeping for 9.927383314s
2019-12-30 09:42:50.005   CNC 7   INF   Device still active
2019-12-30 09:42:50.005   CNC 7   INF   Production -> 8 of 300
2019-12-30 09:42:50.123   CNC 7   INF   Processing takes 118.495655ms
2019-12-30 09:42:50.124   CNC 7   INF   Sleeping for 9.881326553s
2019-12-30 09:43:00.005   CNC 7   INF   Device still active
2019-12-30 09:43:00.005   CNC 7   INF   Production -> 9 of 300
2019-12-30 09:43:00.099   CNC 7   INF   Processing takes 94.053754ms
2019-12-30 09:43:00.099   CNC 7   INF   Sleeping for 9.905851612s
2019-12-30 09:43:10.008   CNC 7   INF   Device still active
2019-12-30 09:43:10.008   CNC 7   INF   Production -> 10 of 300
2019-12-30 09:43:10.085   CNC 7   INF   Processing takes 76.935816ms
2019-12-30 09:43:10.085   CNC 7   INF   Sleeping for 9.922817527s
2019-12-30 09:43:20.008   CNC 7   INF   Device still active
2019-12-30 09:43:20.009   CNC 7   INF   Production -> 11 of 300
2019-12-30 09:43:20.067   CNC 7   INF   Processing takes 58.811679ms
2019-12-30 09:43:20.068   CNC 7   INF   Sleeping for 9.941046818s
2019-12-30 09:43:30.009   CNC 7   INF   Device still active
2019-12-30 09:43:30.009   CNC 7   INF   Production -> 12 of 300
2019-12-30 09:43:30.068   CNC 7   INF   Processing takes 59.196993ms
2019-12-30 09:43:30.069   CNC 7   INF   Sleeping for 9.940680138s
2019-12-30 09:43:40.010   CNC 7   INF   Device still active
2019-12-30 09:43:40.010   CNC 7   INF   Production -> 13 of 300
2019-12-30 09:43:40.117   CNC 7   INF   Processing takes 106.539143ms
2019-12-30 09:43:40.117   CNC 7   INF   Sleeping for 9.893355988s
2019-12-30 09:43:50.012   CNC 7   INF   Device still active
2019-12-30 09:43:50.012   CNC 7   INF   Production -> 14 of 300
2019-12-30 09:43:50.062   CNC 7   INF   Processing takes 49.853893ms
2019-12-30 09:43:50.062   CNC 7   INF   Sleeping for 9.949996999s
2019-12-30 09:44:00.016   CNC 7   INF   Device still active
2019-12-30 09:44:00.016   CNC 7   INF   Production -> 15 of 300
2019-12-30 09:44:00.211   CNC 7   INF   Processing takes 194.648177ms
2019-12-30 09:44:00.211   CNC 7   INF   Sleeping for 9.80518332s
2019-12-30 09:44:10.017   CNC 7   INF   Device still active
2019-12-30 09:44:10.017   CNC 7   INF   Production -> 16 of 300
2019-12-30 09:44:10.060   CNC 7   INF   Processing takes 43.645907ms
2019-12-30 09:44:10.060   CNC 7   INF   Sleeping for 9.956232009s
2019-12-30 09:44:20.019   CNC 7   INF   Device still active
2019-12-30 09:44:20.019   CNC 7   INF   Production -> 17 of 300
2019-12-30 09:44:20.084   CNC 7   INF   Processing takes 64.89343ms
2019-12-30 09:44:20.084   CNC 7   INF   Sleeping for 9.934996174s
2019-12-30 09:44:30.019   CNC 7   INF   Device still active
2019-12-30 09:44:30.019   CNC 7   INF   Production -> 18 of 300
2019-12-30 09:44:30.087   CNC 7   INF   Processing takes 67.497105ms
2019-12-30 09:44:30.087   CNC 7   INF   Sleeping for 9.932408468s
2019-12-30 09:44:40.020   CNC 7   INF   Device still active
2019-12-30 09:44:40.020   CNC 7   INF   Production -> 19 of 300
2019-12-30 09:44:40.078   CNC 7   INF   Processing takes 58.046266ms
2019-12-30 09:44:40.078   CNC 7   INF   Sleeping for 9.941776617s
2019-12-30 09:44:50.021   CNC 7   INF   Device still active
2019-12-30 09:44:50.021   CNC 7   INF   Production -> 20 of 300
2019-12-30 09:44:50.070   CNC 7   INF   Processing takes 49.225105ms
2019-12-30 09:44:50.070   CNC 7   INF   Sleeping for 9.950624978s
2019-12-30 10:31:19.326   CNC 7   INF   Device started running
2019-12-30 10:31:19.327   CNC 7   INF   Device directory exists
2019-12-30 10:31:19.327   CNC 7   INF   Offline -> 0 of 150
2019-12-30 10:31:19.327   CNC 7   INF   Processing takes 273.438µs
2019-12-30 10:31:19.327   CNC 7   INF   Sleeping for 9.999593276s
2019-12-30 10:31:29.332   CNC 7   INF   Device still active
2019-12-30 10:31:29.332   CNC 7   INF   Offline -> 1 of 150
2019-12-30 10:31:29.332   CNC 7   INF   Processing takes 237.215µs
2019-12-30 10:31:29.332   CNC 7   INF   Sleeping for 9.999569107s
2019-12-30 10:50:38.718   CNC 7   INF   Device started running
2019-12-30 10:50:38.719   CNC 7   INF   Device directory exists
2019-12-30 10:50:38.720   CNC 7   INF   Production -> 0 of 300
2019-12-30 10:50:38.790   CNC 7   INF   Processing takes 70.099904ms
2019-12-30 10:50:38.790   CNC 7   INF   Sleeping for 9.929789171s
2019-12-30 10:50:48.721   CNC 7   INF   Device still active
2019-12-30 10:50:48.722   CNC 7   INF   Production -> 1 of 300
2019-12-30 10:50:48.798   CNC 7   INF   Processing takes 76.49611ms
2019-12-30 10:50:48.798   CNC 7   INF   Sleeping for 9.923403184s
2019-12-30 10:50:58.724   CNC 7   INF   Device still active
2019-12-30 10:50:58.724   CNC 7   INF   Production -> 2 of 300
2019-12-30 10:50:58.844   CNC 7   INF   Processing takes 120.3423ms
2019-12-30 10:50:58.844   CNC 7   INF   Sleeping for 9.879438157s
2019-12-30 10:51:08.727   CNC 7   INF   Device still active
2019-12-30 10:51:08.727   CNC 7   INF   Production -> 3 of 300
2019-12-30 10:51:08.799   CNC 7   INF   Processing takes 72.365187ms
2019-12-30 10:51:08.800   CNC 7   INF   Sleeping for 9.927557794s
2019-12-30 10:51:18.728   CNC 7   INF   Device still active
2019-12-30 10:51:18.729   CNC 7   INF   Production -> 4 of 300
2019-12-30 10:51:18.824   CNC 7   INF   Processing takes 95.677757ms
2019-12-30 10:51:18.824   CNC 7   INF   Sleeping for 9.904199306s
2019-12-30 10:51:28.734   CNC 7   INF   Device still active
2019-12-30 10:51:28.735   CNC 7   INF   Production -> 5 of 300
2019-12-30 10:51:28.788   CNC 7   INF   Processing takes 53.786289ms
2019-12-30 10:51:28.788   CNC 7   INF   Sleeping for 9.946084808s
2019-12-30 10:51:38.735   CNC 7   INF   Device still active
2019-12-30 10:51:38.736   CNC 7   INF   Production -> 6 of 300
2019-12-30 10:51:38.780   CNC 7   INF   Processing takes 44.468476ms
2019-12-30 10:51:38.780   CNC 7   INF   Sleeping for 9.955366596s
2019-12-30 10:51:48.736   CNC 7   INF   Device still active
2019-12-30 10:51:48.737   CNC 7   INF   Production -> 7 of 300
2019-12-30 10:51:48.811   CNC 7   INF   Processing takes 74.610701ms
2019-12-30 10:51:48.811   CNC 7   INF   Sleeping for 9.925300008s
2019-12-30 10:51:58.737   CNC 7   INF   Device still active
2019-12-30 10:51:58.738   CNC 7   INF   Production -> 8 of 300
2019-12-30 10:51:58.820   CNC 7   INF   Processing takes 82.065205ms
2019-12-30 10:51:58.820   CNC 7   INF   Sleeping for 9.917794119s
2019-12-30 10:52:08.740   CNC 7   INF   Device still active
2019-12-30 10:52:08.740   CNC 7   INF   Production -> 9 of 300
2019-12-30 10:52:08.803   CNC 7   INF   Processing takes 62.328473ms
2019-12-30 10:52:08.803   CNC 7   INF   Sleeping for 9.937470298s
2019-12-30 10:52:18.742   CNC 7   INF   Device still active
2019-12-30 10:52:18.742   CNC 7   INF   Production -> 10 of 300
2019-12-30 10:52:18.813   CNC 7   INF   Processing takes 71.080356ms
2019-12-30 10:52:18.813   CNC 7   INF   Sleeping for 9.928829439s
2019-12-30 10:52:28.743   CNC 7   INF   Device still active
2019-12-30 10:52:28.744   CNC 7   INF   Production -> 11 of 300
2019-12-30 10:52:28.790   CNC 7   INF   Processing takes 45.935069ms
2019-12-30 10:52:28.790   CNC 7   INF   Sleeping for 9.953948994s
2019-12-30 10:52:38.750   CNC 7   INF   Device still active
2019-12-30 10:52:38.750   CNC 7   INF   Production -> 12 of 300
2019-12-30 10:52:38.832   CNC 7   INF   Processing takes 82.392026ms
2019-12-30 10:52:38.832   CNC 7   INF   Sleeping for 9.917493645s
2019-12-30 10:52:48.751   CNC 7   INF   Device still active
2019-12-30 10:52:48.752   CNC 7   INF   Production -> 13 of 300
2019-12-30 10:52:48.827   CNC 7   INF   Processing takes 75.094347ms
2019-12-30 10:52:48.827   CNC 7   INF   Sleeping for 9.924789403s
2019-12-30 10:52:58.752   CNC 7   INF   Device still active
2019-12-30 10:52:58.753   CNC 7   INF   Production -> 14 of 300
2019-12-30 10:52:58.816   CNC 7   INF   Processing takes 63.540072ms
2019-12-30 10:52:58.816   CNC 7   INF   Sleeping for 9.936362332s
2019-12-30 10:53:08.754   CNC 7   INF   Device still active
2019-12-30 10:53:08.756   CNC 7   INF   Production -> 15 of 300
2019-12-30 10:53:08.813   CNC 7   INF   Processing takes 58.400352ms
2019-12-30 10:53:08.813   CNC 7   INF   Sleeping for 9.941401369s
2019-12-30 10:53:18.759   CNC 7   INF   Device still active
2019-12-30 10:53:18.759   CNC 7   INF   Production -> 16 of 300
2019-12-30 10:53:18.818   CNC 7   INF   Processing takes 59.203983ms
2019-12-30 10:53:18.818   CNC 7   INF   Sleeping for 9.940645046s
2019-12-30 10:53:28.761   CNC 7   INF   Device still active
2019-12-30 10:53:28.761   CNC 7   INF   Production -> 17 of 300
2019-12-30 10:53:28.839   CNC 7   INF   Processing takes 77.648456ms
2019-12-30 10:53:28.839   CNC 7   INF   Sleeping for 9.922194039s
2019-12-30 10:53:38.762   CNC 7   INF   Device still active
2019-12-30 10:53:38.762   CNC 7   INF   Production -> 18 of 300
2019-12-30 10:53:38.821   CNC 7   INF   Processing takes 58.760237ms
2019-12-30 10:53:38.821   CNC 7   INF   Sleeping for 9.941134154s
2019-12-30 10:53:48.766   CNC 7   INF   Device still active
2019-12-30 10:53:48.766   CNC 7   INF   Production -> 19 of 300
2019-12-30 10:53:48.806   CNC 7   INF   Processing takes 39.398501ms
2019-12-30 10:53:48.806   CNC 7   INF   Sleeping for 9.960507135s
2019-12-30 10:53:58.768   CNC 7   INF   Device still active
2019-12-30 10:53:58.768   CNC 7   INF   Production -> 20 of 300
2019-12-30 10:53:58.859   CNC 7   INF   Processing takes 90.522302ms
2019-12-30 10:53:58.859   CNC 7   INF   Sleeping for 9.90938538s
2019-12-30 10:54:08.770   CNC 7   INF   Device still active
2019-12-30 10:54:08.771   CNC 7   INF   Production -> 21 of 300
2019-12-30 10:54:08.846   CNC 7   INF   Processing takes 76.575592ms
2019-12-30 10:54:08.846   CNC 7   INF   Sleeping for 9.923331948s
2019-12-30 10:54:18.770   CNC 7   INF   Device still active
2019-12-30 10:54:18.770   CNC 7   INF   Production -> 22 of 300
2019-12-30 10:54:18.820   CNC 7   INF   Processing takes 49.684359ms
2019-12-30 10:54:18.820   CNC 7   INF   Sleeping for 9.949912263s
2019-12-30 10:54:28.773   CNC 7   INF   Device still active
2019-12-30 10:54:28.775   CNC 7   INF   Production -> 23 of 300
2019-12-30 10:54:28.861   CNC 7   INF   Processing takes 86.942703ms
2019-12-30 10:54:28.861   CNC 7   INF   Sleeping for 9.912957804s
2019-12-30 10:54:38.774   CNC 7   INF   Device still active
2019-12-30 10:54:38.774   CNC 7   INF   Production -> 24 of 300
2019-12-30 10:54:38.834   CNC 7   INF   Processing takes 59.945622ms
2019-12-30 10:54:38.834   CNC 7   INF   Sleeping for 9.93992214s
2019-12-30 10:54:48.776   CNC 7   INF   Device still active
2019-12-30 10:54:48.778   CNC 7   INF   Production -> 25 of 300
2019-12-30 10:54:48.861   CNC 7   INF   Processing takes 83.845525ms
2019-12-30 10:54:48.861   CNC 7   INF   Sleeping for 9.916057297s
2019-12-30 10:54:58.778   CNC 7   INF   Device still active
2019-12-30 10:54:58.778   CNC 7   INF   Production -> 26 of 300
2019-12-30 10:54:58.844   CNC 7   INF   Processing takes 66.152467ms
2019-12-30 10:54:58.844   CNC 7   INF   Sleeping for 9.933645145s
2019-12-30 10:55:08.779   CNC 7   INF   Device still active
2019-12-30 10:55:08.779   CNC 7   INF   Production -> 27 of 300
2019-12-30 10:55:08.834   CNC 7   INF   Processing takes 55.33911ms
2019-12-30 10:55:08.834   CNC 7   INF   Sleeping for 9.944548664s
2019-12-30 10:55:18.779   CNC 7   INF   Device still active
2019-12-30 10:55:18.779   CNC 7   INF   Production -> 28 of 300
2019-12-30 10:55:18.814   CNC 7   INF   Processing takes 35.085455ms
2019-12-30 10:55:18.814   CNC 7   INF   Sleeping for 9.964819755s
2019-12-30 10:55:28.781   CNC 7   INF   Device still active
2019-12-30 10:55:28.781   CNC 7   INF   Production -> 29 of 300
2019-12-30 10:55:28.825   CNC 7   INF   Processing takes 43.656577ms
2019-12-30 10:55:28.825   CNC 7   INF   Sleeping for 9.956217819s
2019-12-30 10:55:42.170   CNC 7   INF   Device started running
2019-12-30 10:55:42.171   CNC 7   INF   Device directory exists
2019-12-30 10:55:42.171   CNC 7   INF   Production -> 0 of 300
2019-12-30 10:55:42.254   CNC 7   INF   Processing takes 83.718991ms
2019-12-30 10:55:42.255   CNC 7   INF   Sleeping for 9.916109142s
2019-12-30 10:55:52.171   CNC 7   INF   Device still active
2019-12-30 10:55:52.172   CNC 7   INF   Production -> 1 of 300
2019-12-30 10:55:52.254   CNC 7   INF   Processing takes 82.703454ms
2019-12-30 10:55:52.254   CNC 7   INF   Sleeping for 9.917202853s
2019-12-30 10:56:02.172   CNC 7   INF   Device still active
2019-12-30 10:56:02.172   CNC 7   INF   Production -> 2 of 300
2019-12-30 10:56:02.246   CNC 7   INF   Processing takes 73.847889ms
2019-12-30 10:56:02.246   CNC 7   INF   Sleeping for 9.926049694s
2019-12-30 10:56:12.172   CNC 7   INF   Device still active
2019-12-30 10:56:12.173   CNC 7   INF   Production -> 3 of 300
2019-12-30 10:56:12.247   CNC 7   INF   Processing takes 74.17458ms
2019-12-30 10:56:12.247   CNC 7   INF   Sleeping for 9.925535718s
2019-12-30 10:56:22.175   CNC 7   INF   Device still active
2019-12-30 10:56:22.176   CNC 7   INF   Production -> 4 of 300
2019-12-30 10:56:22.249   CNC 7   INF   Processing takes 73.195559ms
2019-12-30 10:56:22.249   CNC 7   INF   Sleeping for 9.926707159s
2019-12-30 10:56:32.177   CNC 7   INF   Device still active
2019-12-30 10:56:32.178   CNC 7   INF   Production -> 5 of 300
2019-12-30 10:56:32.224   CNC 7   INF   Processing takes 45.883508ms
2019-12-30 10:56:32.224   CNC 7   INF   Sleeping for 9.9539825s
2019-12-30 10:56:42.181   CNC 7   INF   Device still active
2019-12-30 10:56:42.182   CNC 7   INF   Production -> 6 of 300
2019-12-30 10:56:42.252   CNC 7   INF   Processing takes 70.262698ms
2019-12-30 10:56:42.252   CNC 7   INF   Sleeping for 9.929516197s
2019-12-30 10:56:52.185   CNC 7   INF   Device still active
2019-12-30 10:56:52.185   CNC 7   INF   Production -> 7 of 300
2019-12-30 10:56:52.242   CNC 7   INF   Processing takes 57.298924ms
2019-12-30 10:56:52.242   CNC 7   INF   Sleeping for 9.942568815s
2019-12-30 10:57:02.187   CNC 7   INF   Device still active
2019-12-30 10:57:02.188   CNC 7   INF   Production -> 8 of 300
2019-12-30 10:57:02.298   CNC 7   INF   Processing takes 109.491997ms
2019-12-30 10:57:02.298   CNC 7   INF   Sleeping for 9.890341835s
2019-12-30 10:57:36.290   CNC 7   INF   Device started running
2019-12-30 10:57:36.290   CNC 7   INF   Device directory exists
2019-12-30 10:57:36.291   CNC 7   INF   Downtime -> 0 of 150
2019-12-30 10:57:36.377   CNC 7   INF   Processing takes 85.884711ms
2019-12-30 10:57:36.377   CNC 7   INF   Sleeping for 9.913915568s
2019-12-30 10:58:10.041   CNC 7   INF   Device started running
2019-12-30 10:58:10.041   CNC 7   INF   Device directory exists
2019-12-30 10:58:10.041   CNC 7   INF   Production -> 0 of 300
2019-12-30 10:58:10.122   CNC 7   INF   Processing takes 80.065832ms
2019-12-30 10:58:10.122   CNC 7   INF   Sleeping for 9.919825536s
2019-12-30 11:09:08.177   CNC 7   INF   Device started running
2019-12-30 11:09:08.177   CNC 7   INF   Device directory exists
2019-12-30 11:09:08.177   CNC 7   INF   Production -> 0 of 300
2019-12-30 11:09:08.223   CNC 7   INF   Processing takes 45.838233ms
2019-12-30 11:09:08.223   CNC 7   INF   Sleeping for 9.95401136s
2019-12-30 11:09:18.183   CNC 7   INF   Device still active
2019-12-30 11:09:18.183   CNC 7   INF   Production -> 1 of 300
2019-12-30 11:09:18.282   CNC 7   INF   Processing takes 98.91057ms
2019-12-30 11:09:18.282   CNC 7   INF   Sleeping for 9.90095499s
2019-12-30 11:09:28.187   CNC 7   INF   Device still active
2019-12-30 11:09:28.187   CNC 7   INF   Production -> 2 of 300
2019-12-30 11:09:28.230   CNC 7   INF   Processing takes 43.425915ms
2019-12-30 11:09:28.230   CNC 7   INF   Sleeping for 9.956442146s
2019-12-30 11:09:38.192   CNC 7   INF   Device still active
2019-12-30 11:09:38.193   CNC 7   INF   Production -> 3 of 300
2019-12-30 11:09:38.282   CNC 7   INF   Processing takes 89.650075ms
2019-12-30 11:09:38.282   CNC 7   INF   Sleeping for 9.910203239s
2019-12-30 11:09:48.195   CNC 7   INF   Device still active
2019-12-30 11:09:48.195   CNC 7   INF   Production -> 4 of 300
2019-12-30 11:09:48.281   CNC 7   INF   Processing takes 86.228979ms
2019-12-30 11:09:48.281   CNC 7   INF   Sleeping for 9.913653288s
2019-12-30 11:09:58.200   CNC 7   INF   Device still active
2019-12-30 11:09:58.201   CNC 7   INF   Production -> 5 of 300
2019-12-30 11:09:58.282   CNC 7   INF   Processing takes 81.787667ms
2019-12-30 11:09:58.282   CNC 7   INF   Sleeping for 9.918116578s
2019-12-30 11:10:08.206   CNC 7   INF   Device still active
2019-12-30 11:10:08.207   CNC 7   INF   Production -> 6 of 300
2019-12-30 11:10:08.283   CNC 7   INF   Processing takes 76.784594ms
2019-12-30 11:10:08.283   CNC 7   INF   Sleeping for 9.923112148s
2019-12-30 11:10:18.207   CNC 7   INF   Device still active
2019-12-30 11:10:18.207   CNC 7   INF   Production -> 7 of 300
2019-12-30 11:10:18.257   CNC 7   INF   Processing takes 49.911392ms
2019-12-30 11:10:18.257   CNC 7   INF   Sleeping for 9.949957687s
2019-12-30 11:10:28.209   CNC 7   INF   Device still active
2019-12-30 11:10:28.210   CNC 7   INF   Production -> 8 of 300
2019-12-30 11:10:28.313   CNC 7   INF   Processing takes 103.185771ms
2019-12-30 11:10:28.313   CNC 7   INF   Sleeping for 9.896265263s
2019-12-30 11:10:38.210   CNC 7   INF   Device still active
2019-12-30 11:10:38.210   CNC 7   INF   Production -> 9 of 300
2019-12-30 11:10:38.307   CNC 7   INF   Processing takes 97.209597ms
2019-12-30 11:10:38.307   CNC 7   INF   Sleeping for 9.902482622s
2019-12-30 11:10:48.211   CNC 7   INF   Device still active
2019-12-30 11:10:48.212   CNC 7   INF   Production -> 10 of 300
2019-12-30 11:10:48.264   CNC 7   INF   Processing takes 52.295726ms
2019-12-30 11:10:48.264   CNC 7   INF   Sleeping for 9.947577857s
2019-12-30 11:10:58.213   CNC 7   INF   Device still active
2019-12-30 11:10:58.215   CNC 7   INF   Production -> 11 of 300
2019-12-30 11:10:58.266   CNC 7   INF   Processing takes 52.689556ms
2019-12-30 11:10:58.266   CNC 7   INF   Sleeping for 9.947214803s
2019-12-30 11:11:08.215   CNC 7   INF   Device still active
2019-12-30 11:11:08.215   CNC 7   INF   Production -> 12 of 300
2019-12-30 11:11:08.263   CNC 7   INF   Processing takes 47.999623ms
2019-12-30 11:11:08.263   CNC 7   INF   Sleeping for 9.951865018s
2019-12-30 11:11:18.218   CNC 7   INF   Device still active
2019-12-30 11:11:18.218   CNC 7   INF   Production -> 13 of 300
2019-12-30 11:11:18.294   CNC 7   INF   Processing takes 75.836005ms
2019-12-30 11:11:18.294   CNC 7   INF   Sleeping for 9.924062909s
2019-12-30 11:11:28.220   CNC 7   INF   Device still active
2019-12-30 11:11:28.223   CNC 7   INF   Production -> 14 of 300
2019-12-30 11:11:28.349   CNC 7   INF   Processing takes 128.413155ms
2019-12-30 11:11:28.349   CNC 7   INF   Sleeping for 9.871482038s
2019-12-30 11:11:38.221   CNC 7   INF   Device still active
2019-12-30 11:11:38.221   CNC 7   INF   Production -> 15 of 300
2019-12-30 11:11:38.273   CNC 7   INF   Processing takes 51.3553ms
2019-12-30 11:11:38.273   CNC 7   INF   Sleeping for 9.948528829s
2019-12-30 11:11:48.225   CNC 7   INF   Device still active
2019-12-30 11:11:48.225   CNC 7   INF   Production -> 16 of 300
2019-12-30 11:11:48.323   CNC 7   INF   Processing takes 97.721057ms
2019-12-30 11:11:48.323   CNC 7   INF   Sleeping for 9.902150049s
2019-12-30 11:11:58.226   CNC 7   INF   Device still active
2019-12-30 11:11:58.227   CNC 7   INF   Production -> 17 of 300
2019-12-30 11:11:58.291   CNC 7   INF   Processing takes 65.000833ms
2019-12-30 11:11:58.291   CNC 7   INF   Sleeping for 9.93490107s
2019-12-30 11:13:02.020   CNC 7   INF   Device started running
2019-12-30 11:13:02.021   CNC 7   INF   Device directory exists
2019-12-30 11:13:02.021   CNC 7   INF   Downtime -> 0 of 150
2019-12-30 11:13:02.092   CNC 7   INF   Processing takes 71.448986ms
2019-12-30 11:13:02.092   CNC 7   INF   Sleeping for 9.928408646s
2019-12-30 11:13:12.022   CNC 7   INF   Device still active
2019-12-30 11:13:12.022   CNC 7   INF   Downtime -> 1 of 150
2019-12-30 11:13:12.103   CNC 7   INF   Processing takes 80.78687ms
2019-12-30 11:13:12.103   CNC 7   INF   Sleeping for 9.91912039s
2019-12-30 11:13:22.026   CNC 7   INF   Device still active
2019-12-30 11:13:22.026   CNC 7   INF   Downtime -> 2 of 150
2019-12-30 11:13:22.096   CNC 7   INF   Processing takes 70.039493ms
2019-12-30 11:13:22.096   CNC 7   INF   Sleeping for 9.92987209s
2019-12-30 11:13:32.028   CNC 7   INF   Device still active
2019-12-30 11:13:32.028   CNC 7   INF   Downtime -> 3 of 150
2019-12-30 11:13:32.082   CNC 7   INF   Processing takes 53.85318ms
2019-12-30 11:13:32.082   CNC 7   INF   Sleeping for 9.946053293s
2019-12-30 11:13:42.030   CNC 7   INF   Device still active
2019-12-30 11:13:42.030   CNC 7   INF   Downtime -> 4 of 150
2019-12-30 11:13:42.100   CNC 7   INF   Processing takes 70.31965ms
2019-12-30 11:13:42.100   CNC 7   INF   Sleeping for 9.929512437s
2019-12-30 11:13:52.033   CNC 7   INF   Device still active
2019-12-30 11:13:52.033   CNC 7   INF   Downtime -> 5 of 150
2019-12-30 11:13:52.068   CNC 7   INF   Processing takes 34.822362ms
2019-12-30 11:13:52.068   CNC 7   INF   Sleeping for 9.96505239s
2019-12-30 11:14:02.036   CNC 7   INF   Device still active
2019-12-30 11:14:02.036   CNC 7   INF   Downtime -> 6 of 150
2019-12-30 11:14:02.101   CNC 7   INF   Processing takes 64.843401ms
2019-12-30 11:14:02.101   CNC 7   INF   Sleeping for 9.935055678s
2019-12-30 11:14:12.038   CNC 7   INF   Device still active
2019-12-30 11:14:12.039   CNC 7   INF   Downtime -> 7 of 150
2019-12-30 11:14:12.068   CNC 7   INF   Processing takes 30.023655ms
2019-12-30 11:14:12.068   CNC 7   INF   Sleeping for 9.969860211s
2019-12-30 11:14:22.040   CNC 7   INF   Device still active
2019-12-30 11:14:22.040   CNC 7   INF   Downtime -> 8 of 150
2019-12-30 11:14:22.094   CNC 7   INF   Processing takes 54.210627ms
2019-12-30 11:14:22.094   CNC 7   INF   Sleeping for 9.945651887s
2019-12-30 11:14:32.044   CNC 7   INF   Device still active
2019-12-30 11:14:32.044   CNC 7   INF   Downtime -> 9 of 150
2019-12-30 11:14:32.103   CNC 7   INF   Processing takes 59.438114ms
2019-12-30 11:14:32.103   CNC 7   INF   Sleeping for 9.940441197s
2019-12-30 11:14:42.048   CNC 7   INF   Device still active
2019-12-30 11:14:42.049   CNC 7   INF   Downtime -> 10 of 150
2019-12-30 11:14:42.079   CNC 7   INF   Processing takes 30.836695ms
2019-12-30 11:14:42.079   CNC 7   INF   Sleeping for 9.969008868s
2019-12-30 11:14:52.053   CNC 7   INF   Device still active
2019-12-30 11:14:52.054   CNC 7   INF   Downtime -> 11 of 150
2019-12-30 11:14:52.114   CNC 7   INF   Processing takes 60.660443ms
2019-12-30 11:14:52.114   CNC 7   INF   Sleeping for 9.939222135s
