2019-12-30 08:58:50.291   CNC 11   INF   Device created
2019-12-30 09:01:29.042   CNC 11   INF   Device created
2019-12-30 09:03:14.700   CNC 11   INF   Device created
2019-12-30 09:05:44.084   CNC 11   INF   Device created
2019-12-30 09:07:12.818   CNC 11   INF   Device created
2019-12-30 09:08:30.304   CNC 11   INF   Device created
2019-12-30 09:08:47.197   CNC 11   INF   Device created
2019-12-30 09:11:46.352   CNC 11   INF   Workplace created
2019-12-30 09:11:46.366   CNC 11   INF   Production workplace port created
2019-12-30 09:11:46.371   CNC 11   INF   Amperafe workplace port created
2019-12-30 09:11:46.501   CNC 11   INF   Device created
2019-12-30 09:11:46.503   CNC 11   INF   Digital port created
2019-12-30 09:11:46.504   CNC 11   INF   Analog port created
2019-12-30 09:21:45.542   CNC 11   INF   Device started running
2019-12-30 09:21:45.542   CNC 11   WRN   Device directory not exist, creating
2019-12-30 09:21:45.543   CNC 11   INF   Device directory created
2019-12-30 09:21:45.543   CNC 11   INF   Downtime -> 0 of 150
2019-12-30 09:21:45.603   CNC 11   INF   Processing takes 59.826924ms
2019-12-30 09:21:45.603   CNC 11   INF   Sleeping for 9.940019409s
2019-12-30 09:25:13.259   CNC 11   INF   Device started running
2019-12-30 09:25:13.260   CNC 11   INF   Device directory exists
2019-12-30 09:25:13.260   CNC 11   INF   Production -> 0 of 300
2019-12-30 09:25:13.388   CNC 11   INF   Processing takes 127.923709ms
2019-12-30 09:25:13.388   CNC 11   INF   Sleeping for 9.871970198s
2019-12-30 09:25:23.261   CNC 11   INF   Device still active
2019-12-30 09:25:23.261   CNC 11   INF   Production -> 1 of 300
2019-12-30 09:25:23.324   CNC 11   INF   Processing takes 63.04796ms
2019-12-30 09:25:23.324   CNC 11   INF   Sleeping for 9.936298618s
2019-12-30 09:25:33.261   CNC 11   INF   Device still active
2019-12-30 09:25:33.261   CNC 11   INF   Production -> 2 of 300
2019-12-30 09:25:33.322   CNC 11   INF   Processing takes 60.481524ms
2019-12-30 09:25:33.322   CNC 11   INF   Sleeping for 9.939247178s
2019-12-30 09:26:12.801   CNC 11   INF   Device started running
2019-12-30 09:26:12.802   CNC 11   INF   Device directory exists
2019-12-30 09:26:12.802   CNC 11   INF   Offline -> 0 of 150
2019-12-30 09:26:12.802   CNC 11   INF   Processing takes 299.542µs
2019-12-30 09:26:12.803   CNC 11   INF   Sleeping for 9.999477028s
2019-12-30 09:26:22.802   CNC 11   INF   Device still active
2019-12-30 09:26:22.802   CNC 11   INF   Offline -> 1 of 150
2019-12-30 09:26:22.803   CNC 11   INF   Processing takes 346.444µs
2019-12-30 09:26:22.803   CNC 11   INF   Sleeping for 9.999334767s
2019-12-30 09:26:32.803   CNC 11   INF   Device still active
2019-12-30 09:26:32.803   CNC 11   INF   Offline -> 2 of 150
2019-12-30 09:26:32.804   CNC 11   INF   Processing takes 404.617µs
2019-12-30 09:26:32.804   CNC 11   INF   Sleeping for 9.99878599s
2019-12-30 09:26:42.805   CNC 11   INF   Device still active
2019-12-30 09:26:42.806   CNC 11   INF   Offline -> 3 of 150
2019-12-30 09:26:42.806   CNC 11   INF   Processing takes 848.4µs
2019-12-30 09:26:42.807   CNC 11   INF   Sleeping for 9.998783407s
2019-12-30 09:26:52.806   CNC 11   INF   Device still active
2019-12-30 09:26:52.806   CNC 11   INF   Offline -> 4 of 150
2019-12-30 09:26:52.807   CNC 11   INF   Processing takes 328.869µs
2019-12-30 09:26:52.807   CNC 11   INF   Sleeping for 9.999385213s
2019-12-30 09:27:02.808   CNC 11   INF   Device still active
2019-12-30 09:27:02.808   CNC 11   INF   Offline -> 5 of 150
2019-12-30 09:27:02.808   CNC 11   INF   Processing takes 282.751µs
2019-12-30 09:27:02.808   CNC 11   INF   Sleeping for 9.999630458s
2019-12-30 09:27:12.809   CNC 11   INF   Device still active
2019-12-30 09:27:12.809   CNC 11   INF   Offline -> 6 of 150
2019-12-30 09:27:12.809   CNC 11   INF   Processing takes 311.046µs
2019-12-30 09:27:12.809   CNC 11   INF   Sleeping for 9.999586s
2019-12-30 09:27:22.813   CNC 11   INF   Device still active
2019-12-30 09:27:22.813   CNC 11   INF   Offline -> 7 of 150
2019-12-30 09:27:22.813   CNC 11   INF   Processing takes 136.416µs
2019-12-30 09:27:22.813   CNC 11   INF   Sleeping for 9.999630796s
2019-12-30 09:27:32.813   CNC 11   INF   Device still active
2019-12-30 09:27:32.814   CNC 11   INF   Offline -> 8 of 150
2019-12-30 09:27:32.814   CNC 11   INF   Processing takes 167.53µs
2019-12-30 09:27:32.814   CNC 11   INF   Sleeping for 9.999715196s
2019-12-30 09:27:42.815   CNC 11   INF   Device still active
2019-12-30 09:27:42.816   CNC 11   INF   Offline -> 9 of 150
2019-12-30 09:27:42.816   CNC 11   INF   Processing takes 323.956µs
2019-12-30 09:27:42.816   CNC 11   INF   Sleeping for 9.999265459s
2019-12-30 09:27:52.820   CNC 11   INF   Device still active
2019-12-30 09:27:52.823   CNC 11   INF   Offline -> 10 of 150
2019-12-30 09:27:52.823   CNC 11   INF   Processing takes 2.284342ms
2019-12-30 09:27:52.823   CNC 11   INF   Sleeping for 9.997532951s
2019-12-30 09:28:02.826   CNC 11   INF   Device still active
2019-12-30 09:28:02.826   CNC 11   INF   Offline -> 11 of 150
2019-12-30 09:28:02.827   CNC 11   INF   Processing takes 307.844µs
2019-12-30 09:28:02.827   CNC 11   INF   Sleeping for 9.998855207s
2019-12-30 09:28:12.828   CNC 11   INF   Device still active
2019-12-30 09:28:12.828   CNC 11   INF   Offline -> 12 of 150
2019-12-30 09:28:12.828   CNC 11   INF   Processing takes 211.888µs
2019-12-30 09:28:12.828   CNC 11   INF   Sleeping for 9.999515586s
2019-12-30 09:28:22.829   CNC 11   INF   Device still active
2019-12-30 09:28:22.830   CNC 11   INF   Offline -> 13 of 150
2019-12-30 09:28:22.830   CNC 11   INF   Processing takes 826.408µs
2019-12-30 09:28:22.830   CNC 11   INF   Sleeping for 9.999073187s
2019-12-30 09:28:32.832   CNC 11   INF   Device still active
2019-12-30 09:28:32.832   CNC 11   INF   Offline -> 14 of 150
2019-12-30 09:28:32.833   CNC 11   INF   Processing takes 225.089µs
2019-12-30 09:28:32.833   CNC 11   INF   Sleeping for 9.999276454s
2019-12-30 09:28:42.833   CNC 11   INF   Device still active
2019-12-30 09:28:42.834   CNC 11   INF   Offline -> 15 of 150
2019-12-30 09:28:42.834   CNC 11   INF   Processing takes 151.429µs
2019-12-30 09:28:42.834   CNC 11   INF   Sleeping for 9.999606092s
2019-12-30 09:28:52.834   CNC 11   INF   Device still active
2019-12-30 09:28:52.834   CNC 11   INF   Offline -> 16 of 150
2019-12-30 09:28:52.834   CNC 11   INF   Processing takes 333.377µs
2019-12-30 09:28:52.834   CNC 11   INF   Sleeping for 9.999537281s
2019-12-30 09:29:02.834   CNC 11   INF   Device still active
2019-12-30 09:29:02.834   CNC 11   INF   Offline -> 17 of 150
2019-12-30 09:29:02.835   CNC 11   INF   Processing takes 360.691µs
2019-12-30 09:29:02.835   CNC 11   INF   Sleeping for 9.999178606s
2019-12-30 09:29:12.836   CNC 11   INF   Device still active
2019-12-30 09:29:12.836   CNC 11   INF   Offline -> 18 of 150
2019-12-30 09:29:12.836   CNC 11   INF   Processing takes 146.323µs
2019-12-30 09:29:12.837   CNC 11   INF   Sleeping for 9.999597743s
2019-12-30 09:29:22.836   CNC 11   INF   Device still active
2019-12-30 09:29:22.837   CNC 11   INF   Offline -> 19 of 150
2019-12-30 09:29:22.837   CNC 11   INF   Processing takes 124.05µs
2019-12-30 09:29:22.837   CNC 11   INF   Sleeping for 9.999772709s
2019-12-30 09:29:32.838   CNC 11   INF   Device still active
2019-12-30 09:29:32.838   CNC 11   INF   Offline -> 20 of 150
2019-12-30 09:29:32.839   CNC 11   INF   Processing takes 357.491µs
2019-12-30 09:29:32.839   CNC 11   INF   Sleeping for 9.999127234s
2019-12-30 09:29:42.839   CNC 11   INF   Device still active
2019-12-30 09:29:42.840   CNC 11   INF   Offline -> 21 of 150
2019-12-30 09:29:42.840   CNC 11   INF   Processing takes 349.784µs
2019-12-30 09:29:42.840   CNC 11   INF   Sleeping for 9.999525419s
2019-12-30 09:29:52.840   CNC 11   INF   Device still active
2019-12-30 09:29:52.840   CNC 11   INF   Offline -> 22 of 150
2019-12-30 09:29:52.841   CNC 11   INF   Processing takes 186.054µs
2019-12-30 09:29:52.841   CNC 11   INF   Sleeping for 9.999644555s
2019-12-30 09:30:02.841   CNC 11   INF   Device still active
2019-12-30 09:30:02.841   CNC 11   INF   Offline -> 23 of 150
2019-12-30 09:30:02.841   CNC 11   INF   Processing takes 304.116µs
2019-12-30 09:30:02.842   CNC 11   INF   Sleeping for 9.998838779s
2019-12-30 09:30:12.844   CNC 11   INF   Device still active
2019-12-30 09:30:12.844   CNC 11   INF   Offline -> 24 of 150
2019-12-30 09:30:12.844   CNC 11   INF   Processing takes 114.581µs
2019-12-30 09:30:12.844   CNC 11   INF   Sleeping for 9.999768696s
2019-12-30 09:30:22.844   CNC 11   INF   Device still active
2019-12-30 09:30:22.844   CNC 11   INF   Offline -> 25 of 150
2019-12-30 09:30:22.848   CNC 11   INF   Processing takes 176.213µs
2019-12-30 09:30:22.848   CNC 11   INF   Sleeping for 9.996436746s
2019-12-30 09:30:32.849   CNC 11   INF   Device still active
2019-12-30 09:30:32.849   CNC 11   INF   Offline -> 26 of 150
2019-12-30 09:30:32.849   CNC 11   INF   Processing takes 108.252µs
2019-12-30 09:30:32.849   CNC 11   INF   Sleeping for 9.999766052s
2019-12-30 09:30:42.849   CNC 11   INF   Device still active
2019-12-30 09:30:42.849   CNC 11   INF   Offline -> 27 of 150
2019-12-30 09:30:42.850   CNC 11   INF   Processing takes 157.953µs
2019-12-30 09:30:42.850   CNC 11   INF   Sleeping for 9.99959957s
2019-12-30 09:30:52.853   CNC 11   INF   Device still active
2019-12-30 09:30:52.854   CNC 11   INF   Offline -> 28 of 150
2019-12-30 09:30:52.854   CNC 11   INF   Processing takes 103.108µs
2019-12-30 09:30:52.854   CNC 11   INF   Sleeping for 9.999746135s
2019-12-30 09:31:02.854   CNC 11   INF   Device still active
2019-12-30 09:31:02.854   CNC 11   INF   Offline -> 29 of 150
2019-12-30 09:31:02.855   CNC 11   INF   Processing takes 96.546µs
2019-12-30 09:31:02.855   CNC 11   INF   Sleeping for 9.999743889s
2019-12-30 09:31:12.855   CNC 11   INF   Device still active
2019-12-30 09:31:12.855   CNC 11   INF   Offline -> 30 of 150
2019-12-30 09:31:12.855   CNC 11   INF   Processing takes 105.091µs
2019-12-30 09:31:12.855   CNC 11   INF   Sleeping for 9.999554345s
2019-12-30 09:31:22.855   CNC 11   INF   Device still active
2019-12-30 09:31:22.855   CNC 11   INF   Offline -> 31 of 150
2019-12-30 09:31:22.855   CNC 11   INF   Processing takes 84.653µs
2019-12-30 09:31:22.855   CNC 11   INF   Sleeping for 9.999781362s
2019-12-30 09:31:32.856   CNC 11   INF   Device still active
2019-12-30 09:31:32.856   CNC 11   INF   Offline -> 32 of 150
2019-12-30 09:31:32.856   CNC 11   INF   Processing takes 252.856µs
2019-12-30 09:31:32.857   CNC 11   INF   Sleeping for 9.999502702s
2019-12-30 09:31:42.856   CNC 11   INF   Device still active
2019-12-30 09:31:42.857   CNC 11   INF   Offline -> 33 of 150
2019-12-30 09:31:42.857   CNC 11   INF   Processing takes 344.02µs
2019-12-30 09:31:42.857   CNC 11   INF   Sleeping for 9.999348084s
2019-12-30 09:31:52.859   CNC 11   INF   Device still active
2019-12-30 09:31:52.860   CNC 11   INF   Offline -> 34 of 150
2019-12-30 09:31:52.860   CNC 11   INF   Processing takes 226.531µs
2019-12-30 09:31:52.860   CNC 11   INF   Sleeping for 9.999577128s
2019-12-30 09:32:02.863   CNC 11   INF   Device still active
2019-12-30 09:32:02.864   CNC 11   INF   Offline -> 35 of 150
2019-12-30 09:32:02.864   CNC 11   INF   Processing takes 485.268µs
2019-12-30 09:32:02.864   CNC 11   INF   Sleeping for 9.999121906s
2019-12-30 09:32:12.865   CNC 11   INF   Device still active
2019-12-30 09:32:12.865   CNC 11   INF   Offline -> 36 of 150
2019-12-30 09:32:12.866   CNC 11   INF   Processing takes 285.601µs
2019-12-30 09:32:12.866   CNC 11   INF   Sleeping for 9.999573681s
2019-12-30 09:32:22.867   CNC 11   INF   Device still active
2019-12-30 09:32:22.867   CNC 11   INF   Offline -> 37 of 150
2019-12-30 09:32:22.867   CNC 11   INF   Processing takes 256.629µs
2019-12-30 09:32:22.868   CNC 11   INF   Sleeping for 9.999212279s
2019-12-30 09:32:32.870   CNC 11   INF   Device still active
2019-12-30 09:32:32.871   CNC 11   INF   Offline -> 38 of 150
2019-12-30 09:32:32.871   CNC 11   INF   Processing takes 287.086µs
2019-12-30 09:32:32.871   CNC 11   INF   Sleeping for 9.999428744s
2019-12-30 09:32:42.871   CNC 11   INF   Device still active
2019-12-30 09:32:42.872   CNC 11   INF   Offline -> 39 of 150
2019-12-30 09:32:42.872   CNC 11   INF   Processing takes 517.806µs
2019-12-30 09:32:42.872   CNC 11   INF   Sleeping for 9.999329072s
2019-12-30 09:32:52.875   CNC 11   INF   Device still active
2019-12-30 09:32:52.875   CNC 11   INF   Offline -> 40 of 150
2019-12-30 09:32:52.876   CNC 11   INF   Processing takes 261.958µs
2019-12-30 09:32:52.876   CNC 11   INF   Sleeping for 9.999472431s
2019-12-30 09:33:02.877   CNC 11   INF   Device still active
2019-12-30 09:33:02.878   CNC 11   INF   Offline -> 41 of 150
2019-12-30 09:33:02.878   CNC 11   INF   Processing takes 361.912µs
2019-12-30 09:33:02.879   CNC 11   INF   Sleeping for 9.999145605s
2019-12-30 09:33:12.879   CNC 11   INF   Device still active
2019-12-30 09:33:12.879   CNC 11   INF   Offline -> 42 of 150
2019-12-30 09:33:12.880   CNC 11   INF   Processing takes 431.636µs
2019-12-30 09:33:12.880   CNC 11   INF   Sleeping for 9.99931921s
2019-12-30 09:33:22.880   CNC 11   INF   Device still active
2019-12-30 09:33:22.880   CNC 11   INF   Offline -> 43 of 150
2019-12-30 09:33:22.881   CNC 11   INF   Processing takes 224.239µs
2019-12-30 09:33:22.881   CNC 11   INF   Sleeping for 9.999263261s
2019-12-30 09:33:32.881   CNC 11   INF   Device still active
2019-12-30 09:33:32.882   CNC 11   INF   Offline -> 44 of 150
2019-12-30 09:33:32.882   CNC 11   INF   Processing takes 345.775µs
2019-12-30 09:33:32.882   CNC 11   INF   Sleeping for 9.999312443s
2019-12-30 09:33:42.884   CNC 11   INF   Device still active
2019-12-30 09:33:42.885   CNC 11   INF   Offline -> 45 of 150
2019-12-30 09:33:42.886   CNC 11   INF   Processing takes 346.168µs
2019-12-30 09:33:42.886   CNC 11   INF   Sleeping for 9.998807978s
2019-12-30 09:33:52.886   CNC 11   INF   Device still active
2019-12-30 09:33:52.889   CNC 11   INF   Offline -> 46 of 150
2019-12-30 09:33:52.889   CNC 11   INF   Processing takes 1.001009ms
2019-12-30 09:33:52.889   CNC 11   INF   Sleeping for 9.998815082s
2019-12-30 09:34:02.888   CNC 11   INF   Device still active
2019-12-30 09:34:02.889   CNC 11   INF   Offline -> 47 of 150
2019-12-30 09:34:02.889   CNC 11   INF   Processing takes 396.6µs
2019-12-30 09:34:02.889   CNC 11   INF   Sleeping for 9.99949127s
2019-12-30 09:34:12.889   CNC 11   INF   Device still active
2019-12-30 09:34:12.889   CNC 11   INF   Offline -> 48 of 150
2019-12-30 09:34:12.890   CNC 11   INF   Processing takes 336.099µs
2019-12-30 09:34:12.890   CNC 11   INF   Sleeping for 9.999527513s
2019-12-30 09:34:22.890   CNC 11   INF   Device still active
2019-12-30 09:34:22.890   CNC 11   INF   Offline -> 49 of 150
2019-12-30 09:34:22.891   CNC 11   INF   Processing takes 325.591µs
2019-12-30 09:34:22.891   CNC 11   INF   Sleeping for 9.999537119s
2019-12-30 09:34:32.891   CNC 11   INF   Device still active
2019-12-30 09:34:32.891   CNC 11   INF   Offline -> 50 of 150
2019-12-30 09:34:33.295   CNC 11   INF   Processing takes 338.68µs
2019-12-30 09:34:33.296   CNC 11   INF   Sleeping for 9.595337575s
2019-12-30 09:34:42.892   CNC 11   INF   Device still active
2019-12-30 09:34:42.892   CNC 11   INF   Offline -> 51 of 150
2019-12-30 09:34:42.892   CNC 11   INF   Processing takes 65.927µs
2019-12-30 09:34:42.892   CNC 11   INF   Sleeping for 9.999870548s
2019-12-30 09:34:52.895   CNC 11   INF   Device still active
2019-12-30 09:34:52.896   CNC 11   INF   Offline -> 52 of 150
2019-12-30 09:34:52.896   CNC 11   INF   Processing takes 405.63µs
2019-12-30 09:34:52.896   CNC 11   INF   Sleeping for 9.99937762s
2019-12-30 09:35:02.897   CNC 11   INF   Device still active
2019-12-30 09:35:02.898   CNC 11   INF   Offline -> 53 of 150
2019-12-30 09:35:02.898   CNC 11   INF   Processing takes 403.147µs
2019-12-30 09:35:02.898   CNC 11   INF   Sleeping for 9.99941301s
2019-12-30 09:35:12.898   CNC 11   INF   Device still active
2019-12-30 09:35:12.898   CNC 11   INF   Offline -> 54 of 150
2019-12-30 09:35:12.898   CNC 11   INF   Processing takes 221.757µs
2019-12-30 09:35:12.898   CNC 11   INF   Sleeping for 9.999667509s
2019-12-30 09:35:22.899   CNC 11   INF   Device still active
2019-12-30 09:35:22.899   CNC 11   INF   Offline -> 55 of 150
2019-12-30 09:35:22.901   CNC 11   INF   Processing takes 1.051872ms
2019-12-30 09:35:22.902   CNC 11   INF   Sleeping for 9.997120837s
2019-12-30 09:35:32.903   CNC 11   INF   Device still active
2019-12-30 09:35:32.904   CNC 11   INF   Offline -> 56 of 150
2019-12-30 09:35:32.904   CNC 11   INF   Processing takes 295.187µs
2019-12-30 09:35:32.904   CNC 11   INF   Sleeping for 9.999572s
2019-12-30 09:35:42.909   CNC 11   INF   Device still active
2019-12-30 09:35:42.909   CNC 11   INF   Offline -> 57 of 150
2019-12-30 09:35:42.909   CNC 11   INF   Processing takes 313.899µs
2019-12-30 09:35:42.909   CNC 11   INF   Sleeping for 9.999514457s
2019-12-30 09:35:52.910   CNC 11   INF   Device still active
2019-12-30 09:35:52.911   CNC 11   INF   Offline -> 58 of 150
2019-12-30 09:35:52.911   CNC 11   INF   Processing takes 387.734µs
2019-12-30 09:35:52.911   CNC 11   INF   Sleeping for 9.999444701s
2019-12-30 09:36:02.911   CNC 11   INF   Device still active
2019-12-30 09:36:02.911   CNC 11   INF   Offline -> 59 of 150
2019-12-30 09:36:02.911   CNC 11   INF   Processing takes 369.59µs
2019-12-30 09:36:02.912   CNC 11   INF   Sleeping for 9.999488933s
2019-12-30 09:36:12.911   CNC 11   INF   Device still active
2019-12-30 09:36:12.912   CNC 11   INF   Offline -> 60 of 150
2019-12-30 09:36:12.912   CNC 11   INF   Processing takes 343.528µs
2019-12-30 09:36:12.912   CNC 11   INF   Sleeping for 9.999487423s
2019-12-30 09:36:22.914   CNC 11   INF   Device still active
2019-12-30 09:36:22.915   CNC 11   INF   Offline -> 61 of 150
2019-12-30 09:36:22.915   CNC 11   INF   Processing takes 356.537µs
2019-12-30 09:36:22.915   CNC 11   INF   Sleeping for 9.999436929s
2019-12-30 09:36:32.915   CNC 11   INF   Device still active
2019-12-30 09:36:32.915   CNC 11   INF   Offline -> 62 of 150
2019-12-30 09:36:32.915   CNC 11   INF   Processing takes 378.714µs
2019-12-30 09:36:32.916   CNC 11   INF   Sleeping for 9.999506781s
2019-12-30 09:36:42.915   CNC 11   INF   Device still active
2019-12-30 09:36:42.916   CNC 11   INF   Offline -> 63 of 150
2019-12-30 09:36:42.916   CNC 11   INF   Processing takes 244.448µs
2019-12-30 09:36:42.916   CNC 11   INF   Sleeping for 9.99961856s
2019-12-30 09:36:52.916   CNC 11   INF   Device still active
2019-12-30 09:36:52.916   CNC 11   INF   Offline -> 64 of 150
2019-12-30 09:36:52.916   CNC 11   INF   Processing takes 320.57µs
2019-12-30 09:36:52.917   CNC 11   INF   Sleeping for 9.999490076s
2019-12-30 09:37:02.918   CNC 11   INF   Device still active
2019-12-30 09:37:02.918   CNC 11   INF   Offline -> 65 of 150
2019-12-30 09:37:02.919   CNC 11   INF   Processing takes 355.1µs
2019-12-30 09:37:02.919   CNC 11   INF   Sleeping for 9.999487693s
2019-12-30 09:37:12.919   CNC 11   INF   Device still active
2019-12-30 09:37:12.919   CNC 11   INF   Offline -> 66 of 150
2019-12-30 09:37:12.920   CNC 11   INF   Processing takes 394.907µs
2019-12-30 09:37:12.920   CNC 11   INF   Sleeping for 9.999497279s
2019-12-30 09:37:22.920   CNC 11   INF   Device still active
2019-12-30 09:37:22.920   CNC 11   INF   Offline -> 67 of 150
2019-12-30 09:37:22.921   CNC 11   INF   Processing takes 371.269µs
2019-12-30 09:37:22.921   CNC 11   INF   Sleeping for 9.99938375s
2019-12-30 09:38:59.951   CNC 11   INF   Device started running
2019-12-30 09:38:59.951   CNC 11   INF   Device directory exists
2019-12-30 09:38:59.952   CNC 11   INF   Downtime -> 0 of 150
2019-12-30 09:39:00.022   CNC 11   INF   Processing takes 70.368355ms
2019-12-30 09:39:00.022   CNC 11   INF   Sleeping for 9.929521474s
2019-12-30 09:39:09.953   CNC 11   INF   Device still active
2019-12-30 09:39:09.953   CNC 11   INF   Downtime -> 1 of 150
2019-12-30 09:39:09.983   CNC 11   INF   Processing takes 30.468548ms
2019-12-30 09:39:09.984   CNC 11   INF   Sleeping for 9.969258282s
2019-12-30 09:39:19.958   CNC 11   INF   Device still active
2019-12-30 09:39:19.959   CNC 11   INF   Downtime -> 2 of 150
2019-12-30 09:39:20.012   CNC 11   INF   Processing takes 54.093151ms
2019-12-30 09:39:20.012   CNC 11   INF   Sleeping for 9.94579221s
2019-12-30 09:39:29.964   CNC 11   INF   Device still active
2019-12-30 09:39:29.964   CNC 11   INF   Downtime -> 3 of 150
2019-12-30 09:39:30.004   CNC 11   INF   Processing takes 39.524013ms
2019-12-30 09:39:30.004   CNC 11   INF   Sleeping for 9.960346399s
2019-12-30 09:39:39.964   CNC 11   INF   Device still active
2019-12-30 09:39:39.965   CNC 11   INF   Downtime -> 4 of 150
2019-12-30 09:39:39.988   CNC 11   INF   Processing takes 23.854591ms
2019-12-30 09:39:39.989   CNC 11   INF   Sleeping for 9.975972523s
2019-12-30 09:39:49.967   CNC 11   INF   Device still active
2019-12-30 09:39:49.967   CNC 11   INF   Downtime -> 5 of 150
2019-12-30 09:39:50.030   CNC 11   INF   Processing takes 62.387834ms
2019-12-30 09:39:50.030   CNC 11   INF   Sleeping for 9.937463855s
2019-12-30 09:39:59.968   CNC 11   INF   Device still active
2019-12-30 09:39:59.968   CNC 11   INF   Downtime -> 6 of 150
2019-12-30 09:40:00.000   CNC 11   INF   Processing takes 32.158573ms
2019-12-30 09:40:00.000   CNC 11   INF   Sleeping for 9.96775954s
2019-12-30 09:40:09.969   CNC 11   INF   Device still active
2019-12-30 09:40:09.969   CNC 11   INF   Downtime -> 7 of 150
2019-12-30 09:40:10.033   CNC 11   INF   Processing takes 64.468756ms
2019-12-30 09:40:10.033   CNC 11   INF   Sleeping for 9.935308779s
2019-12-30 09:40:19.975   CNC 11   INF   Device still active
2019-12-30 09:40:19.976   CNC 11   INF   Downtime -> 8 of 150
2019-12-30 09:40:20.007   CNC 11   INF   Processing takes 32.174212ms
2019-12-30 09:40:20.008   CNC 11   INF   Sleeping for 9.96766958s
2019-12-30 09:40:29.976   CNC 11   INF   Device still active
2019-12-30 09:40:29.977   CNC 11   INF   Downtime -> 9 of 150
2019-12-30 09:40:30.010   CNC 11   INF   Processing takes 33.765361ms
2019-12-30 09:40:30.010   CNC 11   INF   Sleeping for 9.966085065s
2019-12-30 09:40:39.979   CNC 11   INF   Device still active
2019-12-30 09:40:39.980   CNC 11   INF   Downtime -> 10 of 150
2019-12-30 09:40:40.011   CNC 11   INF   Processing takes 31.39602ms
2019-12-30 09:40:40.011   CNC 11   INF   Sleeping for 9.968505005s
2019-12-30 09:40:49.986   CNC 11   INF   Device still active
2019-12-30 09:40:49.986   CNC 11   INF   Downtime -> 11 of 150
2019-12-30 09:40:50.132   CNC 11   INF   Processing takes 145.324257ms
2019-12-30 09:40:50.132   CNC 11   INF   Sleeping for 9.854555016s
2019-12-30 09:40:59.987   CNC 11   INF   Device still active
2019-12-30 09:40:59.987   CNC 11   INF   Downtime -> 12 of 150
2019-12-30 09:41:00.032   CNC 11   INF   Processing takes 44.886104ms
2019-12-30 09:41:00.032   CNC 11   INF   Sleeping for 9.954837063s
2019-12-30 09:41:09.987   CNC 11   INF   Device still active
2019-12-30 09:41:09.988   CNC 11   INF   Downtime -> 13 of 150
2019-12-30 09:41:10.035   CNC 11   INF   Processing takes 47.746543ms
2019-12-30 09:41:10.035   CNC 11   INF   Sleeping for 9.952141836s
2019-12-30 09:41:19.988   CNC 11   INF   Device still active
2019-12-30 09:41:19.988   CNC 11   INF   Downtime -> 14 of 150
2019-12-30 09:41:20.048   CNC 11   INF   Processing takes 59.983866ms
2019-12-30 09:41:20.048   CNC 11   INF   Sleeping for 9.939864167s
2019-12-30 09:41:29.988   CNC 11   INF   Device not active
2019-12-30 09:41:29.988   CNC 11   INF   Device not active, stopped running
2019-12-30 09:41:29.991   CNC 11   INF   Device started running
2019-12-30 09:41:29.991   CNC 11   INF   Device directory exists
2019-12-30 09:41:29.992   CNC 11   INF   Production -> 0 of 300
2019-12-30 09:41:30.062   CNC 11   INF   Processing takes 69.870283ms
2019-12-30 09:41:30.062   CNC 11   INF   Sleeping for 9.929937976s
2019-12-30 09:41:39.993   CNC 11   INF   Device still active
2019-12-30 09:41:39.994   CNC 11   INF   Production -> 1 of 300
2019-12-30 09:41:40.141   CNC 11   INF   Processing takes 148.257481ms
2019-12-30 09:41:40.142   CNC 11   INF   Sleeping for 9.851422603s
2019-12-30 09:41:49.993   CNC 11   INF   Device still active
2019-12-30 09:41:49.994   CNC 11   INF   Production -> 2 of 300
2019-12-30 09:41:50.095   CNC 11   INF   Processing takes 101.937208ms
2019-12-30 09:41:50.096   CNC 11   INF   Sleeping for 9.897923086s
2019-12-30 09:41:59.996   CNC 11   INF   Device still active
2019-12-30 09:41:59.996   CNC 11   INF   Production -> 3 of 300
2019-12-30 09:42:00.073   CNC 11   INF   Processing takes 77.443678ms
2019-12-30 09:42:00.074   CNC 11   INF   Sleeping for 9.922417856s
2019-12-30 09:42:10.000   CNC 11   INF   Device still active
2019-12-30 09:42:10.001   CNC 11   INF   Production -> 4 of 300
2019-12-30 09:42:10.053   CNC 11   INF   Processing takes 51.899764ms
2019-12-30 09:42:10.053   CNC 11   INF   Sleeping for 9.947979625s
2019-12-30 09:42:20.001   CNC 11   INF   Device still active
2019-12-30 09:42:20.001   CNC 11   INF   Production -> 5 of 300
2019-12-30 09:42:20.073   CNC 11   INF   Processing takes 72.467408ms
2019-12-30 09:42:20.074   CNC 11   INF   Sleeping for 9.927422392s
2019-12-30 09:42:30.002   CNC 11   INF   Device still active
2019-12-30 09:42:30.003   CNC 11   INF   Production -> 6 of 300
2019-12-30 09:42:30.043   CNC 11   INF   Processing takes 40.417308ms
2019-12-30 09:42:30.043   CNC 11   INF   Sleeping for 9.959470908s
2019-12-30 09:42:40.003   CNC 11   INF   Device still active
2019-12-30 09:42:40.003   CNC 11   INF   Production -> 7 of 300
2019-12-30 09:42:40.072   CNC 11   INF   Processing takes 68.873361ms
2019-12-30 09:42:40.072   CNC 11   INF   Sleeping for 9.931003543s
2019-12-30 09:42:50.005   CNC 11   INF   Device still active
2019-12-30 09:42:50.005   CNC 11   INF   Production -> 8 of 300
2019-12-30 09:42:50.104   CNC 11   INF   Processing takes 98.548ms
2019-12-30 09:42:50.104   CNC 11   INF   Sleeping for 9.901237132s
2019-12-30 09:43:00.005   CNC 11   INF   Device still active
2019-12-30 09:43:00.006   CNC 11   INF   Production -> 9 of 300
2019-12-30 09:43:00.090   CNC 11   INF   Processing takes 83.984142ms
2019-12-30 09:43:00.090   CNC 11   INF   Sleeping for 9.915846955s
2019-12-30 09:43:10.011   CNC 11   INF   Device still active
2019-12-30 09:43:10.012   CNC 11   INF   Production -> 10 of 300
2019-12-30 09:43:10.118   CNC 11   INF   Processing takes 106.087768ms
2019-12-30 09:43:10.118   CNC 11   INF   Sleeping for 9.893747112s
2019-12-30 09:43:20.012   CNC 11   INF   Device still active
2019-12-30 09:43:20.012   CNC 11   INF   Production -> 11 of 300
2019-12-30 09:43:20.084   CNC 11   INF   Processing takes 71.946961ms
2019-12-30 09:43:20.084   CNC 11   INF   Sleeping for 9.927944867s
2019-12-30 09:43:30.015   CNC 11   INF   Device still active
2019-12-30 09:43:30.015   CNC 11   INF   Production -> 12 of 300
2019-12-30 09:43:30.075   CNC 11   INF   Processing takes 59.421305ms
2019-12-30 09:43:30.075   CNC 11   INF   Sleeping for 9.940398206s
2019-12-30 09:43:40.016   CNC 11   INF   Device still active
2019-12-30 09:43:40.017   CNC 11   INF   Production -> 13 of 300
2019-12-30 09:43:40.125   CNC 11   INF   Processing takes 108.358248ms
2019-12-30 09:43:40.125   CNC 11   INF   Sleeping for 9.891527865s
2019-12-30 09:43:50.017   CNC 11   INF   Device still active
2019-12-30 09:43:50.017   CNC 11   INF   Production -> 14 of 300
2019-12-30 09:43:50.098   CNC 11   INF   Processing takes 80.939676ms
2019-12-30 09:43:50.098   CNC 11   INF   Sleeping for 9.918958177s
2019-12-30 09:44:00.020   CNC 11   INF   Device still active
2019-12-30 09:44:00.020   CNC 11   INF   Production -> 15 of 300
2019-12-30 09:44:00.224   CNC 11   INF   Processing takes 203.9831ms
2019-12-30 09:44:00.224   CNC 11   INF   Sleeping for 9.795854247s
2019-12-30 09:44:10.020   CNC 11   INF   Device still active
2019-12-30 09:44:10.020   CNC 11   INF   Production -> 16 of 300
2019-12-30 09:44:10.099   CNC 11   INF   Processing takes 79.176844ms
2019-12-30 09:44:10.099   CNC 11   INF   Sleeping for 9.92067413s
2019-12-30 09:44:20.020   CNC 11   INF   Device still active
2019-12-30 09:44:20.021   CNC 11   INF   Production -> 17 of 300
2019-12-30 09:44:20.088   CNC 11   INF   Processing takes 67.017531ms
2019-12-30 09:44:20.088   CNC 11   INF   Sleeping for 9.932874279s
2019-12-30 09:44:30.021   CNC 11   INF   Device still active
2019-12-30 09:44:30.021   CNC 11   INF   Production -> 18 of 300
2019-12-30 09:44:30.080   CNC 11   INF   Processing takes 58.931962ms
2019-12-30 09:44:30.080   CNC 11   INF   Sleeping for 9.940915867s
2019-12-30 09:44:40.021   CNC 11   INF   Device still active
2019-12-30 09:44:40.021   CNC 11   INF   Production -> 19 of 300
2019-12-30 09:44:40.079   CNC 11   INF   Processing takes 57.568479ms
2019-12-30 09:44:40.079   CNC 11   INF   Sleeping for 9.942319981s
2019-12-30 09:44:50.022   CNC 11   INF   Device still active
2019-12-30 09:44:50.022   CNC 11   INF   Production -> 20 of 300
2019-12-30 09:44:50.088   CNC 11   INF   Processing takes 66.154706ms
2019-12-30 09:44:50.088   CNC 11   INF   Sleeping for 9.933746537s
2019-12-30 10:31:19.326   CNC 11   INF   Device started running
2019-12-30 10:31:19.327   CNC 11   INF   Device directory exists
2019-12-30 10:31:19.328   CNC 11   INF   Production -> 0 of 300
2019-12-30 10:31:19.401   CNC 11   INF   Processing takes 72.861414ms
2019-12-30 10:31:19.401   CNC 11   INF   Sleeping for 9.92697843s
2019-12-30 10:31:29.331   CNC 11   INF   Device still active
2019-12-30 10:31:29.332   CNC 11   INF   Production -> 1 of 300
2019-12-30 10:31:29.398   CNC 11   INF   Processing takes 65.963927ms
2019-12-30 10:31:29.398   CNC 11   INF   Sleeping for 9.933872994s
2019-12-30 10:31:39.332   CNC 11   INF   Device not active
2019-12-30 10:50:38.718   CNC 11   INF   Device started running
2019-12-30 10:50:38.719   CNC 11   INF   Device directory exists
2019-12-30 10:50:38.719   CNC 11   INF   Offline -> 0 of 150
2019-12-30 10:50:38.719   CNC 11   INF   Processing takes 99.061µs
2019-12-30 10:50:38.720   CNC 11   INF   Sleeping for 9.999576831s
2019-12-30 10:50:48.721   CNC 11   INF   Device still active
2019-12-30 10:50:48.722   CNC 11   INF   Offline -> 1 of 150
2019-12-30 10:50:48.723   CNC 11   INF   Processing takes 352.03µs
2019-12-30 10:50:48.723   CNC 11   INF   Sleeping for 9.998861613s
2019-12-30 10:50:58.723   CNC 11   INF   Device still active
2019-12-30 10:50:58.723   CNC 11   INF   Offline -> 2 of 150
2019-12-30 10:50:58.724   CNC 11   INF   Processing takes 214.094µs
2019-12-30 10:50:58.724   CNC 11   INF   Sleeping for 9.999627517s
2019-12-30 10:51:08.727   CNC 11   INF   Device still active
2019-12-30 10:51:08.727   CNC 11   INF   Offline -> 3 of 150
2019-12-30 10:51:08.727   CNC 11   INF   Processing takes 780.405µs
2019-12-30 10:51:08.728   CNC 11   INF   Sleeping for 9.999071241s
2019-12-30 10:51:18.729   CNC 11   INF   Device still active
2019-12-30 10:51:18.730   CNC 11   INF   Offline -> 4 of 150
2019-12-30 10:51:18.730   CNC 11   INF   Processing takes 564.921µs
2019-12-30 10:51:18.730   CNC 11   INF   Sleeping for 9.999158031s
2019-12-30 10:51:28.734   CNC 11   INF   Device still active
2019-12-30 10:51:28.735   CNC 11   INF   Offline -> 5 of 150
2019-12-30 10:51:28.735   CNC 11   INF   Processing takes 638.864µs
2019-12-30 10:51:28.735   CNC 11   INF   Sleeping for 9.999199541s
2019-12-30 10:51:38.736   CNC 11   INF   Device still active
2019-12-30 10:51:38.736   CNC 11   INF   Offline -> 6 of 150
2019-12-30 10:51:38.736   CNC 11   INF   Processing takes 235.001µs
2019-12-30 10:51:38.737   CNC 11   INF   Sleeping for 9.999587099s
2019-12-30 10:51:48.737   CNC 11   INF   Device still active
2019-12-30 10:51:48.739   CNC 11   INF   Offline -> 7 of 150
2019-12-30 10:51:48.740   CNC 11   INF   Processing takes 1.500743ms
2019-12-30 10:51:48.740   CNC 11   INF   Sleeping for 9.998211814s
2019-12-30 10:51:58.739   CNC 11   INF   Device still active
2019-12-30 10:51:58.739   CNC 11   INF   Offline -> 8 of 150
2019-12-30 10:51:58.739   CNC 11   INF   Processing takes 221.903µs
2019-12-30 10:51:58.740   CNC 11   INF   Sleeping for 9.999496445s
2019-12-30 10:52:08.740   CNC 11   INF   Device still active
2019-12-30 10:52:08.740   CNC 11   INF   Offline -> 9 of 150
2019-12-30 10:52:08.740   CNC 11   INF   Processing takes 206.243µs
2019-12-30 10:52:08.741   CNC 11   INF   Sleeping for 9.999026581s
2019-12-30 10:52:18.740   CNC 11   INF   Device still active
2019-12-30 10:52:18.741   CNC 11   INF   Offline -> 10 of 150
2019-12-30 10:52:18.742   CNC 11   INF   Processing takes 432.69µs
2019-12-30 10:52:18.742   CNC 11   INF   Sleeping for 9.999060047s
2019-12-30 10:52:28.743   CNC 11   INF   Device still active
2019-12-30 10:52:28.744   CNC 11   INF   Offline -> 11 of 150
2019-12-30 10:52:28.744   CNC 11   INF   Processing takes 461.88µs
2019-12-30 10:52:28.744   CNC 11   INF   Sleeping for 9.999331698s
2019-12-30 10:52:38.749   CNC 11   INF   Device still active
2019-12-30 10:52:38.750   CNC 11   INF   Offline -> 12 of 150
2019-12-30 10:52:38.750   CNC 11   INF   Processing takes 678.933µs
2019-12-30 10:52:38.750   CNC 11   INF   Sleeping for 9.998989302s
2019-12-30 10:52:48.751   CNC 11   INF   Device still active
2019-12-30 10:52:48.752   CNC 11   INF   Offline -> 13 of 150
2019-12-30 10:52:48.752   CNC 11   INF   Processing takes 113.334µs
2019-12-30 10:52:48.752   CNC 11   INF   Sleeping for 9.999626727s
2019-12-30 10:52:58.753   CNC 11   INF   Device still active
2019-12-30 10:52:58.753   CNC 11   INF   Offline -> 14 of 150
2019-12-30 10:52:58.754   CNC 11   INF   Processing takes 490.627µs
2019-12-30 10:52:58.754   CNC 11   INF   Sleeping for 9.998446424s
2019-12-30 10:53:08.754   CNC 11   INF   Device still active
2019-12-30 10:53:08.755   CNC 11   INF   Offline -> 15 of 150
2019-12-30 10:53:08.755   CNC 11   INF   Processing takes 345.296µs
2019-12-30 10:53:08.756   CNC 11   INF   Sleeping for 9.999328936s
2019-12-30 10:53:18.759   CNC 11   INF   Device still active
2019-12-30 10:53:18.759   CNC 11   INF   Offline -> 16 of 150
2019-12-30 10:53:18.759   CNC 11   INF   Processing takes 106.375µs
2019-12-30 10:53:18.759   CNC 11   INF   Sleeping for 9.999723157s
2019-12-30 10:53:28.761   CNC 11   INF   Device still active
2019-12-30 10:53:28.761   CNC 11   INF   Offline -> 17 of 150
2019-12-30 10:53:28.761   CNC 11   INF   Processing takes 338.844µs
2019-12-30 10:53:28.761   CNC 11   INF   Sleeping for 9.999522289s
2019-12-30 10:53:38.762   CNC 11   INF   Device still active
2019-12-30 10:53:38.763   CNC 11   INF   Offline -> 18 of 150
2019-12-30 10:53:38.763   CNC 11   INF   Processing takes 375.455µs
2019-12-30 10:53:38.763   CNC 11   INF   Sleeping for 9.999412549s
2019-12-30 10:53:48.767   CNC 11   INF   Device still active
2019-12-30 10:53:48.767   CNC 11   INF   Offline -> 19 of 150
2019-12-30 10:53:48.768   CNC 11   INF   Processing takes 273.967µs
2019-12-30 10:53:48.768   CNC 11   INF   Sleeping for 9.999043151s
2019-12-30 10:53:58.769   CNC 11   INF   Device still active
2019-12-30 10:53:58.769   CNC 11   INF   Offline -> 20 of 150
2019-12-30 10:53:58.769   CNC 11   INF   Processing takes 145.357µs
2019-12-30 10:53:58.769   CNC 11   INF   Sleeping for 9.999744775s
2019-12-30 10:54:08.770   CNC 11   INF   Device still active
2019-12-30 10:54:08.771   CNC 11   INF   Offline -> 21 of 150
2019-12-30 10:54:08.771   CNC 11   INF   Processing takes 582.487µs
2019-12-30 10:54:08.771   CNC 11   INF   Sleeping for 9.999262662s
2019-12-30 10:54:18.771   CNC 11   INF   Device still active
2019-12-30 10:54:18.772   CNC 11   INF   Offline -> 22 of 150
2019-12-30 10:54:18.772   CNC 11   INF   Processing takes 517.021µs
2019-12-30 10:54:18.772   CNC 11   INF   Sleeping for 9.99934642s
2019-12-30 10:54:28.773   CNC 11   INF   Device still active
2019-12-30 10:54:28.774   CNC 11   INF   Offline -> 23 of 150
2019-12-30 10:54:28.774   CNC 11   INF   Processing takes 453.212µs
2019-12-30 10:54:28.775   CNC 11   INF   Sleeping for 9.998835349s
2019-12-30 10:54:38.774   CNC 11   INF   Device still active
2019-12-30 10:54:38.774   CNC 11   INF   Offline -> 24 of 150
2019-12-30 10:54:38.775   CNC 11   INF   Processing takes 405.876µs
2019-12-30 10:54:38.775   CNC 11   INF   Sleeping for 9.999398458s
2019-12-30 10:54:48.777   CNC 11   INF   Device still active
2019-12-30 10:54:48.778   CNC 11   INF   Offline -> 25 of 150
2019-12-30 10:54:48.778   CNC 11   INF   Processing takes 384.185µs
2019-12-30 10:54:48.778   CNC 11   INF   Sleeping for 9.999397937s
2019-12-30 10:54:58.780   CNC 11   INF   Device still active
2019-12-30 10:54:58.781   CNC 11   INF   Offline -> 26 of 150
2019-12-30 10:54:58.781   CNC 11   INF   Processing takes 128.095µs
2019-12-30 10:54:58.781   CNC 11   INF   Sleeping for 9.999774206s
2019-12-30 10:55:08.785   CNC 11   INF   Device still active
2019-12-30 10:55:08.785   CNC 11   INF   Offline -> 27 of 150
2019-12-30 10:55:08.785   CNC 11   INF   Processing takes 137.419µs
2019-12-30 10:55:08.785   CNC 11   INF   Sleeping for 9.999752564s
2019-12-30 10:55:18.785   CNC 11   INF   Device still active
2019-12-30 10:55:18.785   CNC 11   INF   Offline -> 28 of 150
2019-12-30 10:55:18.785   CNC 11   INF   Processing takes 160.663µs
2019-12-30 10:55:18.785   CNC 11   INF   Sleeping for 9.999743396s
2019-12-30 10:55:28.786   CNC 11   INF   Device still active
2019-12-30 10:55:28.786   CNC 11   INF   Offline -> 29 of 150
2019-12-30 10:55:28.786   CNC 11   INF   Processing takes 155.966µs
2019-12-30 10:55:28.786   CNC 11   INF   Sleeping for 9.999672746s
2019-12-30 10:55:42.171   CNC 11   INF   Device started running
2019-12-30 10:55:42.171   CNC 11   INF   Device directory exists
2019-12-30 10:55:42.171   CNC 11   INF   Offline -> 0 of 150
2019-12-30 10:55:42.171   CNC 11   INF   Processing takes 231.376µs
2019-12-30 10:55:42.171   CNC 11   INF   Sleeping for 9.99962413s
2019-12-30 10:55:52.171   CNC 11   INF   Device still active
2019-12-30 10:55:52.172   CNC 11   INF   Offline -> 1 of 150
2019-12-30 10:55:52.172   CNC 11   INF   Processing takes 514.035µs
2019-12-30 10:55:52.172   CNC 11   INF   Sleeping for 9.999326606s
2019-12-30 10:56:02.172   CNC 11   INF   Device still active
2019-12-30 10:56:02.172   CNC 11   INF   Offline -> 2 of 150
2019-12-30 10:56:02.173   CNC 11   INF   Processing takes 145.024µs
2019-12-30 10:56:02.173   CNC 11   INF   Sleeping for 9.999733544s
2019-12-30 10:56:12.174   CNC 11   INF   Device still active
2019-12-30 10:56:12.174   CNC 11   INF   Offline -> 3 of 150
2019-12-30 10:56:12.174   CNC 11   INF   Processing takes 139.527µs
2019-12-30 10:56:12.174   CNC 11   INF   Sleeping for 9.999738905s
2019-12-30 10:56:22.175   CNC 11   INF   Device still active
2019-12-30 10:56:22.176   CNC 11   INF   Offline -> 4 of 150
2019-12-30 10:56:22.176   CNC 11   INF   Processing takes 853.845µs
2019-12-30 10:56:22.177   CNC 11   INF   Sleeping for 9.998877604s
2019-12-30 10:56:32.177   CNC 11   INF   Device still active
2019-12-30 10:56:32.178   CNC 11   INF   Offline -> 5 of 150
2019-12-30 10:56:32.179   CNC 11   INF   Processing takes 1.192087ms
2019-12-30 10:56:32.179   CNC 11   INF   Sleeping for 9.998649451s
2019-12-30 10:56:42.181   CNC 11   INF   Device still active
2019-12-30 10:56:42.181   CNC 11   INF   Offline -> 6 of 150
2019-12-30 10:56:42.181   CNC 11   INF   Processing takes 153.713µs
2019-12-30 10:56:42.182   CNC 11   INF   Sleeping for 9.999729133s
2019-12-30 10:56:52.184   CNC 11   INF   Device still active
2019-12-30 10:56:52.185   CNC 11   INF   Offline -> 7 of 150
2019-12-30 10:56:52.185   CNC 11   INF   Processing takes 764.833µs
2019-12-30 10:56:52.186   CNC 11   INF   Sleeping for 9.998778965s
2019-12-30 10:57:02.186   CNC 11   INF   Device still active
2019-12-30 10:57:02.187   CNC 11   INF   Offline -> 8 of 150
2019-12-30 10:57:02.188   CNC 11   INF   Processing takes 858.376µs
2019-12-30 10:57:02.189   CNC 11   INF   Sleeping for 9.997839815s
2019-12-30 10:57:36.290   CNC 11   INF   Device started running
2019-12-30 10:57:36.291   CNC 11   INF   Device directory exists
2019-12-30 10:57:36.291   CNC 11   INF   Offline -> 0 of 150
2019-12-30 10:57:36.291   CNC 11   INF   Processing takes 158.605µs
2019-12-30 10:57:36.291   CNC 11   INF   Sleeping for 9.999611181s
2019-12-30 10:58:10.041   CNC 11   INF   Device started running
2019-12-30 10:58:10.041   CNC 11   INF   Device directory exists
2019-12-30 10:58:10.041   CNC 11   INF   Production -> 0 of 300
2019-12-30 10:58:10.133   CNC 11   INF   Processing takes 91.670688ms
2019-12-30 10:58:10.133   CNC 11   INF   Sleeping for 9.908091131s
2019-12-30 11:09:08.177   CNC 11   INF   Device started running
2019-12-30 11:09:08.177   CNC 11   INF   Device directory exists
2019-12-30 11:09:08.178   CNC 11   INF   Downtime -> 0 of 150
2019-12-30 11:09:08.236   CNC 11   INF   Processing takes 58.421882ms
2019-12-30 11:09:08.236   CNC 11   INF   Sleeping for 9.941482952s
2019-12-30 11:09:18.183   CNC 11   INF   Device still active
2019-12-30 11:09:18.183   CNC 11   INF   Downtime -> 1 of 150
2019-12-30 11:09:18.247   CNC 11   INF   Processing takes 63.445987ms
2019-12-30 11:09:18.247   CNC 11   INF   Sleeping for 9.936399809s
2019-12-30 11:09:28.187   CNC 11   INF   Device still active
2019-12-30 11:09:28.187   CNC 11   INF   Downtime -> 2 of 150
2019-12-30 11:09:28.230   CNC 11   INF   Processing takes 42.808497ms
2019-12-30 11:09:28.230   CNC 11   INF   Sleeping for 9.9570524s
2019-12-30 11:09:38.192   CNC 11   INF   Device still active
2019-12-30 11:09:38.192   CNC 11   INF   Downtime -> 3 of 150
2019-12-30 11:09:38.221   CNC 11   INF   Processing takes 29.415754ms
2019-12-30 11:09:38.221   CNC 11   INF   Sleeping for 9.970472111s
2019-12-30 11:09:48.195   CNC 11   INF   Device still active
2019-12-30 11:09:48.195   CNC 11   INF   Downtime -> 4 of 150
2019-12-30 11:09:48.224   CNC 11   INF   Processing takes 28.420188ms
2019-12-30 11:09:48.224   CNC 11   INF   Sleeping for 9.971360762s
2019-12-30 11:09:58.199   CNC 11   INF   Device still active
2019-12-30 11:09:58.201   CNC 11   INF   Downtime -> 5 of 150
2019-12-30 11:09:58.282   CNC 11   INF   Processing takes 82.352725ms
2019-12-30 11:09:58.282   CNC 11   INF   Sleeping for 9.917523918s
2019-12-30 11:10:08.206   CNC 11   INF   Device still active
2019-12-30 11:10:08.207   CNC 11   INF   Downtime -> 6 of 150
2019-12-30 11:10:08.254   CNC 11   INF   Processing takes 47.932588ms
2019-12-30 11:10:08.255   CNC 11   INF   Sleeping for 9.951872042s
2019-12-30 11:10:18.207   CNC 11   INF   Device still active
2019-12-30 11:10:18.207   CNC 11   INF   Downtime -> 7 of 150
2019-12-30 11:10:18.294   CNC 11   INF   Processing takes 86.254492ms
2019-12-30 11:10:18.294   CNC 11   INF   Sleeping for 9.913555556s
2019-12-30 11:10:28.210   CNC 11   INF   Device still active
2019-12-30 11:10:28.210   CNC 11   INF   Downtime -> 8 of 150
2019-12-30 11:10:28.281   CNC 11   INF   Processing takes 70.902079ms
2019-12-30 11:10:28.281   CNC 11   INF   Sleeping for 9.928953847s
2019-12-30 11:10:38.210   CNC 11   INF   Device still active
2019-12-30 11:10:38.210   CNC 11   INF   Downtime -> 9 of 150
2019-12-30 11:10:38.333   CNC 11   INF   Processing takes 122.264525ms
2019-12-30 11:10:38.333   CNC 11   INF   Sleeping for 9.877216677s
2019-12-30 11:10:48.212   CNC 11   INF   Device still active
2019-12-30 11:10:48.212   CNC 11   INF   Downtime -> 10 of 150
2019-12-30 11:10:48.255   CNC 11   INF   Processing takes 42.860141ms
2019-12-30 11:10:48.255   CNC 11   INF   Sleeping for 9.956975009s
2019-12-30 11:10:58.213   CNC 11   INF   Device still active
2019-12-30 11:10:58.214   CNC 11   INF   Downtime -> 11 of 150
2019-12-30 11:10:58.245   CNC 11   INF   Processing takes 31.886284ms
2019-12-30 11:10:58.245   CNC 11   INF   Sleeping for 9.96800344s
2019-12-30 11:11:08.215   CNC 11   INF   Device still active
2019-12-30 11:11:08.215   CNC 11   INF   Downtime -> 12 of 150
2019-12-30 11:11:08.271   CNC 11   INF   Processing takes 56.260777ms
2019-12-30 11:11:08.272   CNC 11   INF   Sleeping for 9.943606344s
2019-12-30 11:11:18.218   CNC 11   INF   Device still active
2019-12-30 11:11:18.218   CNC 11   INF   Downtime -> 13 of 150
2019-12-30 11:11:18.256   CNC 11   INF   Processing takes 37.441363ms
2019-12-30 11:11:18.256   CNC 11   INF   Sleeping for 9.962437855s
2019-12-30 11:11:28.219   CNC 11   INF   Device still active
2019-12-30 11:11:28.223   CNC 11   INF   Downtime -> 14 of 150
2019-12-30 11:11:28.325   CNC 11   INF   Processing takes 105.526694ms
2019-12-30 11:11:28.325   CNC 11   INF   Sleeping for 9.894296333s
2019-12-30 11:11:38.221   CNC 11   INF   Device still active
2019-12-30 11:11:38.221   CNC 11   INF   Downtime -> 15 of 150
2019-12-30 11:11:38.265   CNC 11   INF   Processing takes 43.699859ms
2019-12-30 11:11:38.265   CNC 11   INF   Sleeping for 9.956065366s
2019-12-30 11:11:48.224   CNC 11   INF   Device still active
2019-12-30 11:11:48.225   CNC 11   INF   Downtime -> 16 of 150
2019-12-30 11:11:48.254   CNC 11   INF   Processing takes 29.812276ms
2019-12-30 11:11:48.254   CNC 11   INF   Sleeping for 9.970075745s
2019-12-30 11:11:58.226   CNC 11   INF   Device still active
2019-12-30 11:11:58.226   CNC 11   INF   Downtime -> 17 of 150
2019-12-30 11:11:58.264   CNC 11   INF   Processing takes 37.955572ms
2019-12-30 11:11:58.264   CNC 11   INF   Sleeping for 9.96190318s
2019-12-30 11:13:02.021   CNC 11   INF   Device started running
2019-12-30 11:13:02.021   CNC 11   INF   Device directory exists
2019-12-30 11:13:02.022   CNC 11   INF   Production -> 0 of 300
2019-12-30 11:13:02.107   CNC 11   INF   Processing takes 84.998835ms
2019-12-30 11:13:02.107   CNC 11   INF   Sleeping for 9.914874233s
2019-12-30 11:13:12.022   CNC 11   INF   Device still active
2019-12-30 11:13:12.022   CNC 11   INF   Production -> 1 of 300
2019-12-30 11:13:12.075   CNC 11   INF   Processing takes 53.285003ms
2019-12-30 11:13:12.075   CNC 11   INF   Sleeping for 9.946575556s
2019-12-30 11:13:22.026   CNC 11   INF   Device still active
2019-12-30 11:13:22.026   CNC 11   INF   Production -> 2 of 300
2019-12-30 11:13:22.106   CNC 11   INF   Processing takes 80.348763ms
2019-12-30 11:13:22.106   CNC 11   INF   Sleeping for 9.919530375s
2019-12-30 11:13:32.026   CNC 11   INF   Device still active
2019-12-30 11:13:32.027   CNC 11   INF   Production -> 3 of 300
2019-12-30 11:13:32.077   CNC 11   INF   Processing takes 50.676671ms
2019-12-30 11:13:32.077   CNC 11   INF   Sleeping for 9.949183676s
2019-12-30 11:13:42.030   CNC 11   INF   Device still active
2019-12-30 11:13:42.030   CNC 11   INF   Production -> 4 of 300
2019-12-30 11:13:42.088   CNC 11   INF   Processing takes 58.372817ms
2019-12-30 11:13:42.088   CNC 11   INF   Sleeping for 9.941527799s
2019-12-30 11:13:52.033   CNC 11   INF   Device still active
2019-12-30 11:13:52.033   CNC 11   INF   Production -> 5 of 300
2019-12-30 11:13:52.107   CNC 11   INF   Processing takes 74.355953ms
2019-12-30 11:13:52.107   CNC 11   INF   Sleeping for 9.925550579s
2019-12-30 11:14:02.036   CNC 11   INF   Device still active
2019-12-30 11:14:02.036   CNC 11   INF   Production -> 6 of 300
2019-12-30 11:14:02.120   CNC 11   INF   Processing takes 84.618256ms
2019-12-30 11:14:02.120   CNC 11   INF   Sleeping for 9.91528761s
2019-12-30 11:14:12.038   CNC 11   INF   Device still active
2019-12-30 11:14:12.038   CNC 11   INF   Production -> 7 of 300
2019-12-30 11:14:12.130   CNC 11   INF   Processing takes 91.65536ms
2019-12-30 11:14:12.130   CNC 11   INF   Sleeping for 9.908252311s
2019-12-30 11:14:22.040   CNC 11   INF   Device still active
2019-12-30 11:14:22.040   CNC 11   INF   Production -> 8 of 300
2019-12-30 11:14:22.100   CNC 11   INF   Processing takes 60.29067ms
2019-12-30 11:14:22.100   CNC 11   INF   Sleeping for 9.939600834s
2019-12-30 11:14:32.043   CNC 11   INF   Device still active
2019-12-30 11:14:32.044   CNC 11   INF   Production -> 9 of 300
2019-12-30 11:14:32.119   CNC 11   INF   Processing takes 75.39864ms
2019-12-30 11:14:32.119   CNC 11   INF   Sleeping for 9.924423826s
2019-12-30 11:14:42.048   CNC 11   INF   Device still active
2019-12-30 11:14:42.049   CNC 11   INF   Production -> 10 of 300
2019-12-30 11:14:42.121   CNC 11   INF   Processing takes 72.707974ms
2019-12-30 11:14:42.121   CNC 11   INF   Sleeping for 9.927197028s
2019-12-30 11:14:52.053   CNC 11   INF   Device still active
2019-12-30 11:14:52.054   CNC 11   INF   Production -> 11 of 300
2019-12-30 11:14:52.129   CNC 11   INF   Processing takes 75.17609ms
2019-12-30 11:14:52.129   CNC 11   INF   Sleeping for 9.924692371s
2019-12-30 11:41:04.009   CNC 11   INF   Device started running
2019-12-30 11:41:04.010   CNC 11   INF   Device directory exists
2019-12-30 11:41:04.010   CNC 11   INF   Production -> 0 of 300
2019-12-30 11:41:04.100   CNC 11   INF   Processing takes 89.756238ms
2019-12-30 11:41:04.100   CNC 11   INF   Sleeping for 9.910021574s
2019-12-30 11:41:14.010   CNC 11   INF   Device still active
2019-12-30 11:41:14.010   CNC 11   INF   Production -> 1 of 300
2019-12-30 11:41:14.105   CNC 11   INF   Processing takes 94.283054ms
2019-12-30 11:41:14.105   CNC 11   INF   Sleeping for 9.905548365s
2019-12-30 11:41:29.459   CNC 11   INF   Device started running
2019-12-30 11:41:29.459   CNC 11   INF   Device directory exists
2019-12-30 11:41:29.459   CNC 11   INF   Production -> 0 of 300
2019-12-30 11:41:29.561   CNC 11   INF   Processing takes 101.002154ms
2019-12-30 11:41:29.562   CNC 11   INF   Sleeping for 9.89794601s
2019-12-30 11:41:39.460   CNC 11   INF   Device still active
2019-12-30 11:41:39.461   CNC 11   INF   Production -> 1 of 300
2019-12-30 11:41:39.541   CNC 11   INF   Processing takes 80.276537ms
2019-12-30 11:41:39.541   CNC 11   INF   Sleeping for 9.919602982s
2019-12-30 11:41:49.462   CNC 11   INF   Device still active
2019-12-30 11:41:49.463   CNC 11   INF   Production -> 2 of 300
2019-12-30 11:41:49.550   CNC 11   INF   Processing takes 87.786706ms
2019-12-30 11:41:49.550   CNC 11   INF   Sleeping for 9.912106848s
2019-12-30 11:41:59.463   CNC 11   INF   Device still active
2019-12-30 11:41:59.463   CNC 11   INF   Production -> 3 of 300
2019-12-30 11:41:59.607   CNC 11   INF   Processing takes 143.438103ms
2019-12-30 11:41:59.607   CNC 11   INF   Sleeping for 9.856384415s
2019-12-30 11:42:09.467   CNC 11   INF   Device still active
2019-12-30 11:42:09.467   CNC 11   INF   Production -> 4 of 300
2019-12-30 11:42:09.531   CNC 11   INF   Processing takes 64.120092ms
2019-12-30 11:42:09.531   CNC 11   INF   Sleeping for 9.935751259s
2019-12-30 11:42:19.468   CNC 11   INF   Device still active
2019-12-30 11:42:19.468   CNC 11   INF   Production -> 5 of 300
2019-12-30 11:42:19.527   CNC 11   INF   Processing takes 58.21728ms
2019-12-30 11:42:19.527   CNC 11   INF   Sleeping for 9.941603193s
2019-12-30 11:42:29.469   CNC 11   INF   Device still active
2019-12-30 11:42:29.469   CNC 11   INF   Production -> 6 of 300
2019-12-30 11:42:29.580   CNC 11   INF   Processing takes 111.500417ms
2019-12-30 11:42:29.580   CNC 11   INF   Sleeping for 9.888359662s
2019-12-30 11:42:39.472   CNC 11   INF   Device still active
2019-12-30 11:42:39.472   CNC 11   INF   Production -> 7 of 300
2019-12-30 11:42:39.546   CNC 11   INF   Processing takes 74.241022ms
2019-12-30 11:42:39.546   CNC 11   INF   Sleeping for 9.92566427s
2019-12-30 11:42:49.473   CNC 11   INF   Device still active
2019-12-30 11:42:49.474   CNC 11   INF   Production -> 8 of 300
2019-12-30 11:42:49.576   CNC 11   INF   Processing takes 102.846262ms
2019-12-30 11:42:49.577   CNC 11   INF   Sleeping for 9.896987461s
2019-12-30 11:42:59.476   CNC 11   INF   Device still active
2019-12-30 11:42:59.476   CNC 11   INF   Production -> 9 of 300
2019-12-30 11:42:59.849   CNC 11   INF   Processing takes 372.661191ms
2019-12-30 11:42:59.850   CNC 11   INF   Sleeping for 9.626598584s
2019-12-30 11:43:09.481   CNC 11   INF   Device still active
2019-12-30 11:43:09.482   CNC 11   INF   Production -> 10 of 300
2019-12-30 11:43:09.880   CNC 11   INF   Processing takes 398.403486ms
2019-12-30 11:43:09.880   CNC 11   INF   Sleeping for 9.601317664s
2019-12-30 11:43:19.486   CNC 11   INF   Device still active
2019-12-30 11:43:19.487   CNC 11   INF   Production -> 11 of 300
2019-12-30 11:43:19.720   CNC 11   INF   Processing takes 233.013983ms
2019-12-30 11:43:19.720   CNC 11   INF   Sleeping for 9.766404949s
2019-12-30 11:43:29.491   CNC 11   INF   Device still active
2019-12-30 11:43:29.492   CNC 11   INF   Production -> 12 of 300
2019-12-30 11:43:29.699   CNC 11   INF   Processing takes 206.939552ms
2019-12-30 11:43:29.699   CNC 11   INF   Sleeping for 9.792925382s
2019-12-30 11:43:39.492   CNC 11   INF   Device still active
2019-12-30 11:43:39.492   CNC 11   INF   Production -> 13 of 300
2019-12-30 11:43:39.783   CNC 11   INF   Processing takes 291.106097ms
2019-12-30 11:43:39.783   CNC 11   INF   Sleeping for 9.70877416s
2019-12-30 11:43:49.493   CNC 11   INF   Device still active
2019-12-30 11:43:49.494   CNC 11   INF   Production -> 14 of 300
2019-12-30 11:43:49.675   CNC 11   INF   Processing takes 181.751037ms
2019-12-30 11:43:49.676   CNC 11   INF   Sleeping for 9.818064675s
2019-12-30 11:43:59.495   CNC 11   INF   Device still active
2019-12-30 11:43:59.496   CNC 11   INF   Production -> 15 of 300
2019-12-30 11:43:59.612   CNC 11   INF   Processing takes 116.46448ms
2019-12-30 11:43:59.612   CNC 11   INF   Sleeping for 9.883321205s
2019-12-30 11:44:09.498   CNC 11   INF   Device still active
2019-12-30 11:44:09.498   CNC 11   INF   Production -> 16 of 300
2019-12-30 11:44:09.598   CNC 11   INF   Processing takes 100.146446ms
2019-12-30 11:44:09.599   CNC 11   INF   Sleeping for 9.899724487s
2019-12-30 11:44:19.502   CNC 11   INF   Device not active
2019-12-30 11:44:19.503   CNC 11   INF   Device not active, stopped running
