2020-02-29 10:01:05.049   CNC 15   INF   Device started running
2020-02-29 10:01:05.049   CNC 15   INF   Device directory exists
2020-02-29 10:01:05.050   CNC 15   INF   Poweroff -> 0 of 150
2020-02-29 10:01:05.050   CNC 15   INF   Processing takes 165.433µs
2020-02-29 10:01:05.050   CNC 15   INF   Sleeping for 9.999734215s
2020-02-29 10:01:15.050   CNC 15   INF   Device still active
2020-02-29 10:01:15.050   CNC 15   INF   Poweroff -> 1 of 150
2020-02-29 10:01:15.050   CNC 15   INF   Processing takes 95.86µs
2020-02-29 10:01:15.050   CNC 15   INF   Sleeping for 9.999787939s
2020-02-29 10:01:25.050   CNC 15   INF   Device still active
2020-02-29 10:01:25.051   CNC 15   INF   Poweroff -> 2 of 150
2020-02-29 10:01:25.051   CNC 15   INF   Processing takes 139.783µs
2020-02-29 10:01:25.051   CNC 15   INF   Sleeping for 9.999761691s
2020-02-29 10:01:35.051   CNC 15   INF   Device not active
2020-02-29 10:01:35.051   CNC 15   INF   Device not active, stopped running
2020-02-29 10:01:35.053   CNC 15   INF   Device started running
2020-02-29 10:01:35.053   CNC 15   INF   Device directory exists
2020-02-29 10:01:35.053   CNC 15   INF   Device not active, stopped running
2020-02-29 10:01:51.081   CNC 15   INF   Device started running
2020-02-29 10:01:51.081   CNC 15   INF   Device directory exists
2020-02-29 10:01:51.081   CNC 15   INF   Downtime -> 0 of 150
2020-02-29 10:01:51.257   CNC 15   INF   Processing takes 175.920148ms
2020-02-29 10:01:51.257   CNC 15   INF   Sleeping for 9.82396929s
2020-02-29 10:02:01.081   CNC 15   INF   Device still active
2020-02-29 10:02:01.081   CNC 15   INF   Downtime -> 1 of 150
2020-02-29 10:02:01.190   CNC 15   INF   Processing takes 108.870421ms
2020-02-29 10:02:01.190   CNC 15   INF   Sleeping for 9.89102654s
2020-02-29 10:02:11.081   CNC 15   INF   Device not active
2020-02-29 10:02:11.082   CNC 15   INF   Device not active, stopped running
2020-02-29 10:02:11.083   CNC 15   INF   Device started running
2020-02-29 10:02:11.083   CNC 15   INF   Device directory exists
2020-02-29 10:02:11.084   CNC 15   INF   Device not active, stopped running
2020-02-29 10:08:40.454   CNC 15   INF   Device started running
2020-02-29 10:08:40.454   CNC 15   INF   Device directory exists
2020-02-29 10:08:40.455   CNC 15   INF   Downtime -> 0 of 150
2020-02-29 10:08:40.616   CNC 15   INF   Processing takes 161.434258ms
2020-02-29 10:08:40.616   CNC 15   INF   Sleeping for 9.838323362s
2020-02-29 10:08:50.455   CNC 15   INF   Device still active
2020-02-29 10:08:50.455   CNC 15   INF   Device not active, stopped running
2020-02-29 10:10:03.350   CNC 15   INF   Device started running
2020-02-29 10:10:03.350   CNC 15   INF   Device directory exists
2020-02-29 10:10:03.351   CNC 15   INF   Poweroff -> 0 of 150
2020-02-29 10:10:03.351   CNC 15   INF   Processing takes 86.585µs
2020-02-29 10:10:03.351   CNC 15   INF   Sleeping for 9.999810031s
2020-02-29 10:10:13.351   CNC 15   INF   Device still active
2020-02-29 10:10:13.352   CNC 15   INF   Poweroff -> 1 of 150
2020-02-29 10:10:13.352   CNC 15   INF   Processing takes 1.382424ms
2020-02-29 10:10:13.353   CNC 15   INF   Sleeping for 9.998507538s
2020-02-29 10:10:23.353   CNC 15   INF   Device still active
2020-02-29 10:10:23.353   CNC 15   INF   Device not active, stopped running
