2019-12-30 08:58:50.051   CNC 5   INF   Device created
2019-12-30 09:01:28.805   CNC 5   INF   Device created
2019-12-30 09:03:14.436   CNC 5   INF   Device created
2019-12-30 09:05:43.813   CNC 5   INF   Device created
2019-12-30 09:07:12.615   CNC 5   INF   Device created
2019-12-30 09:08:30.040   CNC 5   INF   Device created
2019-12-30 09:08:46.971   CNC 5   INF   Device created
2019-12-30 09:11:46.187   CNC 5   INF   Workplace created
2019-12-30 09:11:46.198   CNC 5   INF   Production workplace port created
2019-12-30 09:11:46.201   CNC 5   INF   Amperafe workplace port created
2019-12-30 09:11:46.282   CNC 5   INF   Device created
2019-12-30 09:11:46.284   CNC 5   INF   Digital port created
2019-12-30 09:11:46.286   CNC 5   INF   Analog port created
2019-12-30 09:21:45.541   CNC 5   INF   Device started running
2019-12-30 09:21:45.541   CNC 5   WRN   Device directory not exist, creating
2019-12-30 09:21:45.542   CNC 5   INF   Device directory created
2019-12-30 09:21:45.542   CNC 5   INF   Downtime -> 0 of 150
2019-12-30 09:21:45.581   CNC 5   INF   Processing takes 38.928012ms
2019-12-30 09:21:45.581   CNC 5   INF   Sleeping for 9.960949481s
2019-12-30 09:25:13.260   CNC 5   INF   Device started running
2019-12-30 09:25:13.260   CNC 5   INF   Device directory exists
2019-12-30 09:25:13.260   CNC 5   INF   Production -> 0 of 300
2019-12-30 09:25:13.382   CNC 5   INF   Processing takes 122.337584ms
2019-12-30 09:25:13.382   CNC 5   INF   Sleeping for 9.877524335s
2019-12-30 09:25:23.261   CNC 5   INF   Device still active
2019-12-30 09:25:23.261   CNC 5   INF   Production -> 1 of 300
2019-12-30 09:25:23.304   CNC 5   INF   Processing takes 43.213254ms
2019-12-30 09:25:23.304   CNC 5   INF   Sleeping for 9.95662675s
2019-12-30 09:25:33.261   CNC 5   INF   Device still active
2019-12-30 09:25:33.261   CNC 5   INF   Production -> 2 of 300
2019-12-30 09:25:33.357   CNC 5   INF   Processing takes 96.205489ms
2019-12-30 09:25:33.358   CNC 5   INF   Sleeping for 9.903704164s
2019-12-30 09:26:12.802   CNC 5   INF   Device started running
2019-12-30 09:26:12.803   CNC 5   INF   Device directory exists
2019-12-30 09:26:12.803   CNC 5   INF   Offline -> 0 of 150
2019-12-30 09:26:12.803   CNC 5   INF   Processing takes 256.202µs
2019-12-30 09:26:12.803   CNC 5   INF   Sleeping for 9.999625919s
2019-12-30 09:26:22.803   CNC 5   INF   Device still active
2019-12-30 09:26:22.803   CNC 5   INF   Offline -> 1 of 150
2019-12-30 09:26:22.803   CNC 5   INF   Processing takes 124.467µs
2019-12-30 09:26:22.804   CNC 5   INF   Sleeping for 9.999589899s
2019-12-30 09:26:32.804   CNC 5   INF   Device still active
2019-12-30 09:26:32.804   CNC 5   INF   Offline -> 2 of 150
2019-12-30 09:26:32.804   CNC 5   INF   Processing takes 439.01µs
2019-12-30 09:26:32.804   CNC 5   INF   Sleeping for 9.999439225s
2019-12-30 09:26:42.805   CNC 5   INF   Device still active
2019-12-30 09:26:42.806   CNC 5   INF   Offline -> 3 of 150
2019-12-30 09:26:42.806   CNC 5   INF   Processing takes 497.595µs
2019-12-30 09:26:42.807   CNC 5   INF   Sleeping for 9.998858764s
2019-12-30 09:26:52.806   CNC 5   INF   Device still active
2019-12-30 09:26:52.806   CNC 5   INF   Offline -> 4 of 150
2019-12-30 09:26:52.806   CNC 5   INF   Processing takes 335.355µs
2019-12-30 09:26:52.806   CNC 5   INF   Sleeping for 9.999498022s
2019-12-30 09:27:02.807   CNC 5   INF   Device still active
2019-12-30 09:27:02.807   CNC 5   INF   Offline -> 5 of 150
2019-12-30 09:27:02.808   CNC 5   INF   Processing takes 479.79µs
2019-12-30 09:27:02.808   CNC 5   INF   Sleeping for 9.999268796s
2019-12-30 09:27:12.809   CNC 5   INF   Device still active
2019-12-30 09:27:12.809   CNC 5   INF   Offline -> 6 of 150
2019-12-30 09:27:12.810   CNC 5   INF   Processing takes 744.777µs
2019-12-30 09:27:12.810   CNC 5   INF   Sleeping for 9.999009487s
2019-12-30 09:27:22.809   CNC 5   INF   Device still active
2019-12-30 09:27:22.809   CNC 5   INF   Offline -> 7 of 150
2019-12-30 09:27:22.809   CNC 5   INF   Processing takes 385.107µs
2019-12-30 09:27:22.810   CNC 5   INF   Sleeping for 9.999339717s
2019-12-30 09:27:32.809   CNC 5   INF   Device still active
2019-12-30 09:27:32.810   CNC 5   INF   Offline -> 8 of 150
2019-12-30 09:27:32.810   CNC 5   INF   Processing takes 359.9µs
2019-12-30 09:27:32.810   CNC 5   INF   Sleeping for 9.999534082s
2019-12-30 09:27:42.815   CNC 5   INF   Device still active
2019-12-30 09:27:42.816   CNC 5   INF   Offline -> 9 of 150
2019-12-30 09:27:42.816   CNC 5   INF   Processing takes 713.326µs
2019-12-30 09:27:42.817   CNC 5   INF   Sleeping for 9.999057524s
2019-12-30 09:27:52.820   CNC 5   INF   Device still active
2019-12-30 09:27:52.821   CNC 5   INF   Offline -> 10 of 150
2019-12-30 09:27:52.822   CNC 5   INF   Processing takes 1.044262ms
2019-12-30 09:27:52.823   CNC 5   INF   Sleeping for 9.997978494s
2019-12-30 09:28:02.826   CNC 5   INF   Device still active
2019-12-30 09:28:02.826   CNC 5   INF   Offline -> 11 of 150
2019-12-30 09:28:02.827   CNC 5   INF   Processing takes 223.309µs
2019-12-30 09:28:02.827   CNC 5   INF   Sleeping for 9.99930142s
2019-12-30 09:28:12.828   CNC 5   INF   Device still active
2019-12-30 09:28:12.828   CNC 5   INF   Offline -> 12 of 150
2019-12-30 09:28:12.829   CNC 5   INF   Processing takes 659.722µs
2019-12-30 09:28:12.829   CNC 5   INF   Sleeping for 9.999027024s
2019-12-30 09:28:22.829   CNC 5   INF   Device still active
2019-12-30 09:28:22.830   CNC 5   INF   Offline -> 13 of 150
2019-12-30 09:28:22.830   CNC 5   INF   Processing takes 109.695µs
2019-12-30 09:28:22.830   CNC 5   INF   Sleeping for 9.999421822s
2019-12-30 09:28:32.834   CNC 5   INF   Device still active
2019-12-30 09:28:32.834   CNC 5   INF   Offline -> 14 of 150
2019-12-30 09:28:32.834   CNC 5   INF   Processing takes 99.686µs
2019-12-30 09:28:32.834   CNC 5   INF   Sleeping for 9.999783251s
2019-12-30 09:28:42.834   CNC 5   INF   Device still active
2019-12-30 09:28:42.834   CNC 5   INF   Offline -> 15 of 150
2019-12-30 09:28:42.834   CNC 5   INF   Processing takes 92.861µs
2019-12-30 09:28:42.835   CNC 5   INF   Sleeping for 9.99971499s
2019-12-30 09:28:52.835   CNC 5   INF   Device still active
2019-12-30 09:28:52.835   CNC 5   INF   Offline -> 16 of 150
2019-12-30 09:28:52.835   CNC 5   INF   Processing takes 189.973µs
2019-12-30 09:28:52.835   CNC 5   INF   Sleeping for 9.999642698s
2019-12-30 09:29:02.835   CNC 5   INF   Device still active
2019-12-30 09:29:02.835   CNC 5   INF   Offline -> 17 of 150
2019-12-30 09:29:02.835   CNC 5   INF   Processing takes 116.486µs
2019-12-30 09:29:02.836   CNC 5   INF   Sleeping for 9.999796211s
2019-12-30 09:29:12.836   CNC 5   INF   Device still active
2019-12-30 09:29:12.836   CNC 5   INF   Offline -> 18 of 150
2019-12-30 09:29:12.836   CNC 5   INF   Processing takes 107.337µs
2019-12-30 09:29:12.836   CNC 5   INF   Sleeping for 9.999801849s
2019-12-30 09:29:22.837   CNC 5   INF   Device still active
2019-12-30 09:29:22.837   CNC 5   INF   Offline -> 19 of 150
2019-12-30 09:29:22.837   CNC 5   INF   Processing takes 89.165µs
2019-12-30 09:29:22.837   CNC 5   INF   Sleeping for 9.999790066s
2019-12-30 09:29:32.841   CNC 5   INF   Device still active
2019-12-30 09:29:32.841   CNC 5   INF   Offline -> 20 of 150
2019-12-30 09:29:32.842   CNC 5   INF   Processing takes 140.333µs
2019-12-30 09:29:32.842   CNC 5   INF   Sleeping for 9.999723719s
2019-12-30 09:29:42.842   CNC 5   INF   Device still active
2019-12-30 09:29:42.842   CNC 5   INF   Offline -> 21 of 150
2019-12-30 09:29:42.842   CNC 5   INF   Processing takes 91.595µs
2019-12-30 09:29:42.842   CNC 5   INF   Sleeping for 9.999822051s
2019-12-30 09:29:52.842   CNC 5   INF   Device still active
2019-12-30 09:29:52.842   CNC 5   INF   Offline -> 22 of 150
2019-12-30 09:29:52.842   CNC 5   INF   Processing takes 97.045µs
2019-12-30 09:29:52.842   CNC 5   INF   Sleeping for 9.999756796s
2019-12-30 09:30:02.843   CNC 5   INF   Device still active
2019-12-30 09:30:02.843   CNC 5   INF   Offline -> 23 of 150
2019-12-30 09:30:02.844   CNC 5   INF   Processing takes 492.948µs
2019-12-30 09:30:02.844   CNC 5   INF   Sleeping for 9.998790816s
2019-12-30 09:30:12.848   CNC 5   INF   Device still active
2019-12-30 09:30:12.848   CNC 5   INF   Offline -> 24 of 150
2019-12-30 09:30:12.848   CNC 5   INF   Processing takes 79.667µs
2019-12-30 09:30:12.848   CNC 5   INF   Sleeping for 9.999787077s
2019-12-30 09:30:22.849   CNC 5   INF   Device still active
2019-12-30 09:30:22.849   CNC 5   INF   Offline -> 25 of 150
2019-12-30 09:30:22.849   CNC 5   INF   Processing takes 90.025µs
2019-12-30 09:30:22.849   CNC 5   INF   Sleeping for 9.999831593s
2019-12-30 09:30:32.849   CNC 5   INF   Device still active
2019-12-30 09:30:32.849   CNC 5   INF   Offline -> 26 of 150
2019-12-30 09:30:32.849   CNC 5   INF   Processing takes 114.465µs
2019-12-30 09:30:32.849   CNC 5   INF   Sleeping for 9.999821169s
2019-12-30 09:30:42.849   CNC 5   INF   Device still active
2019-12-30 09:30:42.849   CNC 5   INF   Offline -> 27 of 150
2019-12-30 09:30:42.850   CNC 5   INF   Processing takes 84.733µs
2019-12-30 09:30:42.850   CNC 5   INF   Sleeping for 9.999592505s
2019-12-30 09:30:52.853   CNC 5   INF   Device still active
2019-12-30 09:30:52.854   CNC 5   INF   Offline -> 28 of 150
2019-12-30 09:30:52.854   CNC 5   INF   Processing takes 217.989µs
2019-12-30 09:30:52.854   CNC 5   INF   Sleeping for 9.999676829s
2019-12-30 09:31:02.854   CNC 5   INF   Device still active
2019-12-30 09:31:02.854   CNC 5   INF   Offline -> 29 of 150
2019-12-30 09:31:02.855   CNC 5   INF   Processing takes 118.486µs
2019-12-30 09:31:02.855   CNC 5   INF   Sleeping for 9.999786867s
2019-12-30 09:31:12.855   CNC 5   INF   Device still active
2019-12-30 09:31:12.855   CNC 5   INF   Offline -> 30 of 150
2019-12-30 09:31:12.855   CNC 5   INF   Processing takes 102.119µs
2019-12-30 09:31:12.855   CNC 5   INF   Sleeping for 9.999823516s
2019-12-30 09:31:22.855   CNC 5   INF   Device still active
2019-12-30 09:31:22.855   CNC 5   INF   Offline -> 31 of 150
2019-12-30 09:31:22.855   CNC 5   INF   Processing takes 152.73µs
2019-12-30 09:31:22.856   CNC 5   INF   Sleeping for 9.999762681s
2019-12-30 09:31:32.856   CNC 5   INF   Device still active
2019-12-30 09:31:32.856   CNC 5   INF   Offline -> 32 of 150
2019-12-30 09:31:32.857   CNC 5   INF   Processing takes 242.258µs
2019-12-30 09:31:32.857   CNC 5   INF   Sleeping for 9.999293798s
2019-12-30 09:31:42.856   CNC 5   INF   Device still active
2019-12-30 09:31:42.857   CNC 5   INF   Offline -> 33 of 150
2019-12-30 09:31:42.857   CNC 5   INF   Processing takes 344.718µs
2019-12-30 09:31:42.857   CNC 5   INF   Sleeping for 9.999434812s
2019-12-30 09:31:52.859   CNC 5   INF   Device still active
2019-12-30 09:31:52.859   CNC 5   INF   Offline -> 34 of 150
2019-12-30 09:31:52.860   CNC 5   INF   Processing takes 336.369µs
2019-12-30 09:31:52.860   CNC 5   INF   Sleeping for 9.999568378s
2019-12-30 09:32:02.863   CNC 5   INF   Device still active
2019-12-30 09:32:02.863   CNC 5   INF   Offline -> 35 of 150
2019-12-30 09:32:02.863   CNC 5   INF   Processing takes 357.271µs
2019-12-30 09:32:02.863   CNC 5   INF   Sleeping for 9.999471104s
2019-12-30 09:32:12.865   CNC 5   INF   Device still active
2019-12-30 09:32:12.865   CNC 5   INF   Offline -> 36 of 150
2019-12-30 09:32:12.866   CNC 5   INF   Processing takes 392.372µs
2019-12-30 09:32:12.866   CNC 5   INF   Sleeping for 9.999424885s
2019-12-30 09:32:22.866   CNC 5   INF   Device still active
2019-12-30 09:32:22.867   CNC 5   INF   Offline -> 37 of 150
2019-12-30 09:32:22.867   CNC 5   INF   Processing takes 282.32µs
2019-12-30 09:32:22.867   CNC 5   INF   Sleeping for 9.999326349s
2019-12-30 09:32:32.871   CNC 5   INF   Device still active
2019-12-30 09:32:32.871   CNC 5   INF   Offline -> 38 of 150
2019-12-30 09:32:32.871   CNC 5   INF   Processing takes 218.449µs
2019-12-30 09:32:32.871   CNC 5   INF   Sleeping for 9.999567522s
2019-12-30 09:32:42.872   CNC 5   INF   Device still active
2019-12-30 09:32:42.872   CNC 5   INF   Offline -> 39 of 150
2019-12-30 09:32:42.872   CNC 5   INF   Processing takes 302.287µs
2019-12-30 09:32:42.872   CNC 5   INF   Sleeping for 9.999543458s
2019-12-30 09:32:52.875   CNC 5   INF   Device still active
2019-12-30 09:32:52.876   CNC 5   INF   Offline -> 40 of 150
2019-12-30 09:32:52.876   CNC 5   INF   Processing takes 124.933µs
2019-12-30 09:32:52.876   CNC 5   INF   Sleeping for 9.999700973s
2019-12-30 09:33:02.877   CNC 5   INF   Device still active
2019-12-30 09:33:02.879   CNC 5   INF   Offline -> 41 of 150
2019-12-30 09:33:02.879   CNC 5   INF   Processing takes 1.52027ms
2019-12-30 09:33:02.880   CNC 5   INF   Sleeping for 9.99797004s
2019-12-30 09:33:12.879   CNC 5   INF   Device still active
2019-12-30 09:33:12.880   CNC 5   INF   Offline -> 42 of 150
2019-12-30 09:33:12.880   CNC 5   INF   Processing takes 375.256µs
2019-12-30 09:33:12.880   CNC 5   INF   Sleeping for 9.999500206s
2019-12-30 09:33:22.880   CNC 5   INF   Device still active
2019-12-30 09:33:22.880   CNC 5   INF   Offline -> 43 of 150
2019-12-30 09:33:22.881   CNC 5   INF   Processing takes 399.543µs
2019-12-30 09:33:22.881   CNC 5   INF   Sleeping for 9.99864049s
2019-12-30 09:33:32.881   CNC 5   INF   Device still active
2019-12-30 09:33:32.882   CNC 5   INF   Offline -> 44 of 150
2019-12-30 09:33:32.882   CNC 5   INF   Processing takes 201.914µs
2019-12-30 09:33:32.882   CNC 5   INF   Sleeping for 9.999706199s
2019-12-30 09:33:42.885   CNC 5   INF   Device still active
2019-12-30 09:33:42.885   CNC 5   INF   Offline -> 45 of 150
2019-12-30 09:33:42.886   CNC 5   INF   Processing takes 117.898µs
2019-12-30 09:33:42.886   CNC 5   INF   Sleeping for 9.999053799s
2019-12-30 09:33:52.888   CNC 5   INF   Device still active
2019-12-30 09:33:52.888   CNC 5   INF   Offline -> 46 of 150
2019-12-30 09:33:52.890   CNC 5   INF   Processing takes 261.558µs
2019-12-30 09:33:52.890   CNC 5   INF   Sleeping for 9.998046501s
2019-12-30 09:34:02.890   CNC 5   INF   Device still active
2019-12-30 09:34:02.890   CNC 5   INF   Offline -> 47 of 150
2019-12-30 09:34:02.891   CNC 5   INF   Processing takes 88.799µs
2019-12-30 09:34:02.891   CNC 5   INF   Sleeping for 9.999651135s
2019-12-30 09:34:12.894   CNC 5   INF   Device still active
2019-12-30 09:34:12.894   CNC 5   INF   Offline -> 48 of 150
2019-12-30 09:34:12.894   CNC 5   INF   Processing takes 95.798µs
2019-12-30 09:34:12.894   CNC 5   INF   Sleeping for 9.999827314s
2019-12-30 09:34:22.894   CNC 5   INF   Device still active
2019-12-30 09:34:22.894   CNC 5   INF   Offline -> 49 of 150
2019-12-30 09:34:22.895   CNC 5   INF   Processing takes 99.943µs
2019-12-30 09:34:22.895   CNC 5   INF   Sleeping for 9.999807357s
2019-12-30 09:34:33.296   CNC 5   INF   Device still active
2019-12-30 09:34:33.296   CNC 5   INF   Offline -> 50 of 150
2019-12-30 09:34:33.296   CNC 5   INF   Processing takes 555.782µs
2019-12-30 09:34:33.296   CNC 5   INF   Sleeping for 9.999360857s
2019-12-30 09:34:43.298   CNC 5   INF   Device still active
2019-12-30 09:34:43.298   CNC 5   INF   Offline -> 51 of 150
2019-12-30 09:34:43.298   CNC 5   INF   Processing takes 239.178µs
2019-12-30 09:34:43.299   CNC 5   INF   Sleeping for 9.999388591s
2019-12-30 09:34:53.302   CNC 5   INF   Device still active
2019-12-30 09:34:53.302   CNC 5   INF   Offline -> 52 of 150
2019-12-30 09:34:53.302   CNC 5   INF   Processing takes 137.128µs
2019-12-30 09:34:53.303   CNC 5   INF   Sleeping for 9.999571284s
2019-12-30 09:35:03.304   CNC 5   INF   Device still active
2019-12-30 09:35:03.305   CNC 5   INF   Offline -> 53 of 150
2019-12-30 09:35:03.305   CNC 5   INF   Processing takes 613.576µs
2019-12-30 09:35:03.305   CNC 5   INF   Sleeping for 9.999138142s
2019-12-30 09:35:13.310   CNC 5   INF   Device still active
2019-12-30 09:35:13.311   CNC 5   INF   Offline -> 54 of 150
2019-12-30 09:35:13.311   CNC 5   INF   Processing takes 470.5µs
2019-12-30 09:35:13.311   CNC 5   INF   Sleeping for 9.999315678s
2019-12-30 09:35:23.314   CNC 5   INF   Device still active
2019-12-30 09:35:23.314   CNC 5   INF   Offline -> 55 of 150
2019-12-30 09:35:23.315   CNC 5   INF   Processing takes 648.476µs
2019-12-30 09:35:23.315   CNC 5   INF   Sleeping for 9.998686757s
2019-12-30 09:35:33.317   CNC 5   INF   Device still active
2019-12-30 09:35:33.317   CNC 5   INF   Offline -> 56 of 150
2019-12-30 09:35:33.317   CNC 5   INF   Processing takes 109.863µs
2019-12-30 09:35:33.317   CNC 5   INF   Sleeping for 9.999737841s
2019-12-30 09:35:43.322   CNC 5   INF   Device still active
2019-12-30 09:35:43.322   CNC 5   INF   Offline -> 57 of 150
2019-12-30 09:35:43.322   CNC 5   INF   Processing takes 165.168µs
2019-12-30 09:35:43.322   CNC 5   INF   Sleeping for 9.999736969s
2019-12-30 09:35:53.323   CNC 5   INF   Device still active
2019-12-30 09:35:53.323   CNC 5   INF   Offline -> 58 of 150
2019-12-30 09:35:53.323   CNC 5   INF   Processing takes 216.241µs
2019-12-30 09:35:53.323   CNC 5   INF   Sleeping for 9.999606203s
2019-12-30 09:36:03.326   CNC 5   INF   Device still active
2019-12-30 09:36:03.327   CNC 5   INF   Offline -> 59 of 150
2019-12-30 09:36:03.328   CNC 5   INF   Processing takes 915.491µs
2019-12-30 09:36:03.328   CNC 5   INF   Sleeping for 9.998093252s
2019-12-30 09:36:13.327   CNC 5   INF   Device still active
2019-12-30 09:36:13.327   CNC 5   INF   Offline -> 60 of 150
2019-12-30 09:36:13.328   CNC 5   INF   Processing takes 237.046µs
2019-12-30 09:36:13.328   CNC 5   INF   Sleeping for 9.999577087s
2019-12-30 09:36:23.331   CNC 5   INF   Device still active
2019-12-30 09:36:23.332   CNC 5   INF   Offline -> 61 of 150
2019-12-30 09:36:23.332   CNC 5   INF   Processing takes 314.907µs
2019-12-30 09:36:23.332   CNC 5   INF   Sleeping for 9.999493905s
2019-12-30 09:36:33.337   CNC 5   INF   Device still active
2019-12-30 09:36:33.338   CNC 5   INF   Offline -> 62 of 150
2019-12-30 09:36:33.338   CNC 5   INF   Processing takes 328.94µs
2019-12-30 09:36:33.338   CNC 5   INF   Sleeping for 9.99939961s
2019-12-30 09:36:43.340   CNC 5   INF   Device still active
2019-12-30 09:36:43.340   CNC 5   INF   Offline -> 63 of 150
2019-12-30 09:36:43.341   CNC 5   INF   Processing takes 485.96µs
2019-12-30 09:36:43.341   CNC 5   INF   Sleeping for 9.999348771s
2019-12-30 09:36:53.346   CNC 5   INF   Device still active
2019-12-30 09:36:53.346   CNC 5   INF   Offline -> 64 of 150
2019-12-30 09:36:53.346   CNC 5   INF   Processing takes 323.654µs
2019-12-30 09:36:53.347   CNC 5   INF   Sleeping for 9.999280616s
2019-12-30 09:37:03.346   CNC 5   INF   Device still active
2019-12-30 09:37:03.347   CNC 5   INF   Offline -> 65 of 150
2019-12-30 09:37:03.347   CNC 5   INF   Processing takes 356.097µs
2019-12-30 09:37:03.347   CNC 5   INF   Sleeping for 9.999552924s
2019-12-30 09:37:13.350   CNC 5   INF   Device still active
2019-12-30 09:37:13.351   CNC 5   INF   Offline -> 66 of 150
2019-12-30 09:37:13.351   CNC 5   INF   Processing takes 446.403µs
2019-12-30 09:37:13.352   CNC 5   INF   Sleeping for 9.999051426s
2019-12-30 09:37:23.351   CNC 5   INF   Device still active
2019-12-30 09:37:23.352   CNC 5   INF   Offline -> 67 of 150
2019-12-30 09:37:23.352   CNC 5   INF   Processing takes 339.532µs
2019-12-30 09:37:23.352   CNC 5   INF   Sleeping for 9.999426896s
2019-12-30 09:38:59.952   CNC 5   INF   Device started running
2019-12-30 09:38:59.952   CNC 5   INF   Device directory exists
2019-12-30 09:38:59.952   CNC 5   INF   Offline -> 0 of 150
2019-12-30 09:38:59.952   CNC 5   INF   Processing takes 331.721µs
2019-12-30 09:38:59.953   CNC 5   INF   Sleeping for 9.999535215s
2019-12-30 09:39:09.953   CNC 5   INF   Device still active
2019-12-30 09:39:09.953   CNC 5   INF   Offline -> 1 of 150
2019-12-30 09:39:09.953   CNC 5   INF   Processing takes 437.628µs
2019-12-30 09:39:09.954   CNC 5   INF   Sleeping for 9.999367901s
2019-12-30 09:39:19.957   CNC 5   INF   Device still active
2019-12-30 09:39:19.958   CNC 5   INF   Offline -> 2 of 150
2019-12-30 09:39:19.958   CNC 5   INF   Processing takes 201.274µs
2019-12-30 09:39:19.959   CNC 5   INF   Sleeping for 9.999165683s
2019-12-30 09:39:29.964   CNC 5   INF   Device still active
2019-12-30 09:39:29.965   CNC 5   INF   Offline -> 3 of 150
2019-12-30 09:39:29.966   CNC 5   INF   Processing takes 912.773µs
2019-12-30 09:39:29.966   CNC 5   INF   Sleeping for 9.998350337s
2019-12-30 09:39:39.967   CNC 5   INF   Device still active
2019-12-30 09:39:39.967   CNC 5   INF   Offline -> 4 of 150
2019-12-30 09:39:39.968   CNC 5   INF   Processing takes 115.406µs
2019-12-30 09:39:39.968   CNC 5   INF   Sleeping for 9.999751201s
2019-12-30 09:39:49.968   CNC 5   INF   Device still active
2019-12-30 09:39:49.968   CNC 5   INF   Offline -> 5 of 150
2019-12-30 09:39:49.969   CNC 5   INF   Processing takes 256.519µs
2019-12-30 09:39:49.969   CNC 5   INF   Sleeping for 9.999215267s
2019-12-30 09:39:59.969   CNC 5   INF   Device still active
2019-12-30 09:39:59.970   CNC 5   INF   Offline -> 6 of 150
2019-12-30 09:39:59.970   CNC 5   INF   Processing takes 534.831µs
2019-12-30 09:39:59.970   CNC 5   INF   Sleeping for 9.999304404s
2019-12-30 09:40:09.970   CNC 5   INF   Device still active
2019-12-30 09:40:09.971   CNC 5   INF   Offline -> 7 of 150
2019-12-30 09:40:09.971   CNC 5   INF   Processing takes 316.348µs
2019-12-30 09:40:09.971   CNC 5   INF   Sleeping for 9.999379867s
2019-12-30 09:40:19.975   CNC 5   INF   Device still active
2019-12-30 09:40:19.975   CNC 5   INF   Offline -> 8 of 150
2019-12-30 09:40:19.976   CNC 5   INF   Processing takes 318.468µs
2019-12-30 09:40:19.976   CNC 5   INF   Sleeping for 9.999130566s
2019-12-30 09:40:29.976   CNC 5   INF   Device still active
2019-12-30 09:40:29.977   CNC 5   INF   Offline -> 9 of 150
2019-12-30 09:40:29.977   CNC 5   INF   Processing takes 441.95µs
2019-12-30 09:40:29.977   CNC 5   INF   Sleeping for 9.999357683s
2019-12-30 09:40:39.979   CNC 5   INF   Device still active
2019-12-30 09:40:39.980   CNC 5   INF   Offline -> 10 of 150
2019-12-30 09:40:39.981   CNC 5   INF   Processing takes 904.481µs
2019-12-30 09:40:39.981   CNC 5   INF   Sleeping for 9.998024642s
2019-12-30 09:40:49.989   CNC 5   INF   Device still active
2019-12-30 09:40:49.989   CNC 5   INF   Offline -> 11 of 150
2019-12-30 09:40:49.990   CNC 5   INF   Processing takes 269.445µs
2019-12-30 09:40:49.990   CNC 5   INF   Sleeping for 9.999558887s
2019-12-30 09:40:59.990   CNC 5   INF   Device still active
2019-12-30 09:40:59.990   CNC 5   INF   Offline -> 12 of 150
2019-12-30 09:40:59.990   CNC 5   INF   Processing takes 137.68µs
2019-12-30 09:40:59.990   CNC 5   INF   Sleeping for 9.999769656s
2019-12-30 09:41:09.991   CNC 5   INF   Device still active
2019-12-30 09:41:09.991   CNC 5   INF   Offline -> 13 of 150
2019-12-30 09:41:09.991   CNC 5   INF   Processing takes 128.079µs
2019-12-30 09:41:09.991   CNC 5   INF   Sleeping for 9.999747309s
2019-12-30 09:41:19.992   CNC 5   INF   Device still active
2019-12-30 09:41:19.992   CNC 5   INF   Offline -> 14 of 150
2019-12-30 09:41:19.992   CNC 5   INF   Processing takes 102.788µs
2019-12-30 09:41:19.992   CNC 5   INF   Sleeping for 9.999758366s
2019-12-30 09:41:29.992   CNC 5   INF   Device still active
2019-12-30 09:41:29.992   CNC 5   INF   Offline -> 15 of 150
2019-12-30 09:41:29.992   CNC 5   INF   Processing takes 163.396µs
2019-12-30 09:41:29.993   CNC 5   INF   Sleeping for 9.999740099s
2019-12-30 09:41:39.993   CNC 5   INF   Device still active
2019-12-30 09:41:39.993   CNC 5   INF   Offline -> 16 of 150
2019-12-30 09:41:39.993   CNC 5   INF   Processing takes 305.086µs
2019-12-30 09:41:39.994   CNC 5   INF   Sleeping for 9.999547083s
2019-12-30 09:41:49.993   CNC 5   INF   Device still active
2019-12-30 09:41:49.994   CNC 5   INF   Offline -> 17 of 150
2019-12-30 09:41:49.994   CNC 5   INF   Processing takes 87.088µs
2019-12-30 09:41:49.994   CNC 5   INF   Sleeping for 9.999496137s
2019-12-30 09:41:59.996   CNC 5   INF   Device still active
2019-12-30 09:41:59.996   CNC 5   INF   Offline -> 18 of 150
2019-12-30 09:41:59.996   CNC 5   INF   Processing takes 241.589µs
2019-12-30 09:41:59.996   CNC 5   INF   Sleeping for 9.999524064s
2019-12-30 09:42:10.000   CNC 5   INF   Device still active
2019-12-30 09:42:10.001   CNC 5   INF   Offline -> 19 of 150
2019-12-30 09:42:10.001   CNC 5   INF   Processing takes 90.425µs
2019-12-30 09:42:10.001   CNC 5   INF   Sleeping for 9.999627085s
2019-12-30 09:42:20.002   CNC 5   INF   Device still active
2019-12-30 09:42:20.002   CNC 5   INF   Offline -> 20 of 150
2019-12-30 09:42:20.003   CNC 5   INF   Processing takes 108.905µs
2019-12-30 09:42:20.003   CNC 5   INF   Sleeping for 9.99976243s
2019-12-30 09:42:30.003   CNC 5   INF   Device still active
2019-12-30 09:42:30.003   CNC 5   INF   Offline -> 21 of 150
2019-12-30 09:42:30.003   CNC 5   INF   Processing takes 135.723µs
2019-12-30 09:42:30.004   CNC 5   INF   Sleeping for 9.999516904s
2019-12-30 09:42:40.007   CNC 5   INF   Device still active
2019-12-30 09:42:40.008   CNC 5   INF   Offline -> 22 of 150
2019-12-30 09:42:40.008   CNC 5   INF   Processing takes 217.884µs
2019-12-30 09:42:40.008   CNC 5   INF   Sleeping for 9.999680756s
2019-12-30 09:42:50.009   CNC 5   INF   Device still active
2019-12-30 09:42:50.009   CNC 5   INF   Offline -> 23 of 150
2019-12-30 09:42:50.009   CNC 5   INF   Processing takes 204.905µs
2019-12-30 09:42:50.009   CNC 5   INF   Sleeping for 9.999625989s
2019-12-30 09:43:00.009   CNC 5   INF   Device still active
2019-12-30 09:43:00.009   CNC 5   INF   Offline -> 24 of 150
2019-12-30 09:43:00.009   CNC 5   INF   Processing takes 71.372µs
2019-12-30 09:43:00.009   CNC 5   INF   Sleeping for 9.999863836s
2019-12-30 09:43:10.014   CNC 5   INF   Device still active
2019-12-30 09:43:10.014   CNC 5   INF   Offline -> 25 of 150
2019-12-30 09:43:10.014   CNC 5   INF   Processing takes 262.122µs
2019-12-30 09:43:10.015   CNC 5   INF   Sleeping for 9.99954555s
2019-12-30 09:43:20.014   CNC 5   INF   Device still active
2019-12-30 09:43:20.014   CNC 5   INF   Offline -> 26 of 150
2019-12-30 09:43:20.015   CNC 5   INF   Processing takes 104.669µs
2019-12-30 09:43:20.015   CNC 5   INF   Sleeping for 9.99982096s
2019-12-30 09:43:30.015   CNC 5   INF   Device still active
2019-12-30 09:43:30.015   CNC 5   INF   Offline -> 27 of 150
2019-12-30 09:43:30.015   CNC 5   INF   Processing takes 216.261µs
2019-12-30 09:43:30.015   CNC 5   INF   Sleeping for 9.999677751s
2019-12-30 09:43:40.016   CNC 5   INF   Device still active
2019-12-30 09:43:40.017   CNC 5   INF   Offline -> 28 of 150
2019-12-30 09:43:40.017   CNC 5   INF   Processing takes 209.645µs
2019-12-30 09:43:40.017   CNC 5   INF   Sleeping for 9.999558982s
2019-12-30 09:43:50.017   CNC 5   INF   Device still active
2019-12-30 09:43:50.017   CNC 5   INF   Offline -> 29 of 150
2019-12-30 09:43:50.017   CNC 5   INF   Processing takes 199.138µs
2019-12-30 09:43:50.017   CNC 5   INF   Sleeping for 9.999687919s
2019-12-30 09:44:00.020   CNC 5   INF   Device still active
2019-12-30 09:44:00.020   CNC 5   INF   Offline -> 30 of 150
2019-12-30 09:44:00.020   CNC 5   INF   Processing takes 193.788µs
2019-12-30 09:44:00.020   CNC 5   INF   Sleeping for 9.999565769s
2019-12-30 09:44:10.020   CNC 5   INF   Device still active
2019-12-30 09:44:10.020   CNC 5   INF   Offline -> 31 of 150
2019-12-30 09:44:10.020   CNC 5   INF   Processing takes 122.35µs
2019-12-30 09:44:10.021   CNC 5   INF   Sleeping for 9.999775848s
2019-12-30 09:44:20.020   CNC 5   INF   Device still active
2019-12-30 09:44:20.021   CNC 5   INF   Offline -> 32 of 150
2019-12-30 09:44:20.021   CNC 5   INF   Processing takes 64.787µs
2019-12-30 09:44:20.021   CNC 5   INF   Sleeping for 9.999829501s
2019-12-30 09:44:30.021   CNC 5   INF   Device still active
2019-12-30 09:44:30.021   CNC 5   INF   Offline -> 33 of 150
2019-12-30 09:44:30.021   CNC 5   INF   Processing takes 118.128µs
2019-12-30 09:44:30.021   CNC 5   INF   Sleeping for 9.999739102s
2019-12-30 09:44:40.021   CNC 5   INF   Device still active
2019-12-30 09:44:40.021   CNC 5   INF   Offline -> 34 of 150
2019-12-30 09:44:40.022   CNC 5   INF   Processing takes 160.064µs
2019-12-30 09:44:40.022   CNC 5   INF   Sleeping for 9.999311572s
2019-12-30 09:44:50.022   CNC 5   INF   Device still active
2019-12-30 09:44:50.022   CNC 5   INF   Offline -> 35 of 150
2019-12-30 09:44:50.022   CNC 5   INF   Processing takes 135.173µs
2019-12-30 09:44:50.022   CNC 5   INF   Sleeping for 9.999756918s
2019-12-30 10:31:19.326   CNC 5   INF   Device started running
2019-12-30 10:31:19.327   CNC 5   INF   Device directory exists
2019-12-30 10:31:19.328   CNC 5   INF   Production -> 0 of 300
2019-12-30 10:31:19.384   CNC 5   INF   Processing takes 56.755566ms
2019-12-30 10:31:19.384   CNC 5   INF   Sleeping for 9.943118409s
2019-12-30 10:31:29.328   CNC 5   INF   Device still active
2019-12-30 10:31:29.328   CNC 5   INF   Production -> 1 of 300
2019-12-30 10:31:29.415   CNC 5   INF   Processing takes 87.166483ms
2019-12-30 10:31:29.415   CNC 5   INF   Sleeping for 9.912709096s
2019-12-30 10:31:39.332   CNC 5   INF   Device not active
2019-12-30 10:50:38.718   CNC 5   INF   Device started running
2019-12-30 10:50:38.718   CNC 5   INF   Device directory exists
2019-12-30 10:50:38.720   CNC 5   INF   Production -> 0 of 300
2019-12-30 10:50:38.806   CNC 5   INF   Processing takes 87.14053ms
2019-12-30 10:50:38.806   CNC 5   INF   Sleeping for 9.912669419s
2019-12-30 10:50:48.722   CNC 5   INF   Device still active
2019-12-30 10:50:48.723   CNC 5   INF   Production -> 1 of 300
2019-12-30 10:50:48.805   CNC 5   INF   Processing takes 82.869678ms
2019-12-30 10:50:48.805   CNC 5   INF   Sleeping for 9.917026686s
2019-12-30 10:50:58.724   CNC 5   INF   Device still active
2019-12-30 10:50:58.724   CNC 5   INF   Production -> 2 of 300
2019-12-30 10:50:58.864   CNC 5   INF   Processing takes 140.771328ms
2019-12-30 10:50:58.865   CNC 5   INF   Sleeping for 9.858951367s
2019-12-30 10:51:08.726   CNC 5   INF   Device still active
2019-12-30 10:51:08.727   CNC 5   INF   Production -> 3 of 300
2019-12-30 10:51:08.789   CNC 5   INF   Processing takes 62.749863ms
2019-12-30 10:51:08.789   CNC 5   INF   Sleeping for 9.937142054s
2019-12-30 10:51:18.728   CNC 5   INF   Device still active
2019-12-30 10:51:18.728   CNC 5   INF   Production -> 4 of 300
2019-12-30 10:51:18.807   CNC 5   INF   Processing takes 78.78702ms
2019-12-30 10:51:18.807   CNC 5   INF   Sleeping for 9.920740012s
2019-12-30 10:51:28.734   CNC 5   INF   Device still active
2019-12-30 10:51:28.735   CNC 5   INF   Production -> 5 of 300
2019-12-30 10:51:28.782   CNC 5   INF   Processing takes 47.624902ms
2019-12-30 10:51:28.782   CNC 5   INF   Sleeping for 9.952252037s
2019-12-30 10:51:38.735   CNC 5   INF   Device still active
2019-12-30 10:51:38.736   CNC 5   INF   Production -> 6 of 300
2019-12-30 10:51:38.808   CNC 5   INF   Processing takes 72.746228ms
2019-12-30 10:51:38.808   CNC 5   INF   Sleeping for 9.927156201s
2019-12-30 10:51:48.736   CNC 5   INF   Device still active
2019-12-30 10:51:48.737   CNC 5   INF   Production -> 7 of 300
2019-12-30 10:51:48.806   CNC 5   INF   Processing takes 69.299468ms
2019-12-30 10:51:48.806   CNC 5   INF   Sleeping for 9.930515753s
2019-12-30 10:51:58.737   CNC 5   INF   Device still active
2019-12-30 10:51:58.738   CNC 5   INF   Production -> 8 of 300
2019-12-30 10:51:58.821   CNC 5   INF   Processing takes 83.572637ms
2019-12-30 10:51:58.821   CNC 5   INF   Sleeping for 9.916281167s
2019-12-30 10:52:08.740   CNC 5   INF   Device still active
2019-12-30 10:52:08.740   CNC 5   INF   Production -> 9 of 300
2019-12-30 10:52:08.821   CNC 5   INF   Processing takes 80.906852ms
2019-12-30 10:52:08.821   CNC 5   INF   Sleeping for 9.918997037s
2019-12-30 10:52:18.740   CNC 5   INF   Device still active
2019-12-30 10:52:18.741   CNC 5   INF   Production -> 10 of 300
2019-12-30 10:52:18.808   CNC 5   INF   Processing takes 67.26648ms
2019-12-30 10:52:18.808   CNC 5   INF   Sleeping for 9.932630419s
2019-12-30 10:52:28.743   CNC 5   INF   Device still active
2019-12-30 10:52:28.744   CNC 5   INF   Production -> 11 of 300
2019-12-30 10:52:28.808   CNC 5   INF   Processing takes 64.665434ms
2019-12-30 10:52:28.808   CNC 5   INF   Sleeping for 9.935199073s
2019-12-30 10:52:38.750   CNC 5   INF   Device still active
2019-12-30 10:52:38.751   CNC 5   INF   Production -> 12 of 300
2019-12-30 10:52:38.816   CNC 5   INF   Processing takes 65.652764ms
2019-12-30 10:52:38.816   CNC 5   INF   Sleeping for 9.934246797s
2019-12-30 10:52:48.751   CNC 5   INF   Device still active
2019-12-30 10:52:48.751   CNC 5   INF   Production -> 13 of 300
2019-12-30 10:52:48.831   CNC 5   INF   Processing takes 80.046181ms
2019-12-30 10:52:48.831   CNC 5   INF   Sleeping for 9.91985541s
2019-12-30 10:52:58.751   CNC 5   INF   Device still active
2019-12-30 10:52:58.751   CNC 5   INF   Production -> 14 of 300
2019-12-30 10:52:58.795   CNC 5   INF   Processing takes 43.519065ms
2019-12-30 10:52:58.795   CNC 5   INF   Sleeping for 9.956404537s
2019-12-30 10:53:08.754   CNC 5   INF   Device still active
2019-12-30 10:53:08.755   CNC 5   INF   Production -> 15 of 300
2019-12-30 10:53:08.828   CNC 5   INF   Processing takes 73.328051ms
2019-12-30 10:53:08.828   CNC 5   INF   Sleeping for 9.92658003s
2019-12-30 10:53:18.759   CNC 5   INF   Device still active
2019-12-30 10:53:18.759   CNC 5   INF   Production -> 16 of 300
2019-12-30 10:53:18.836   CNC 5   INF   Processing takes 76.852206ms
2019-12-30 10:53:18.836   CNC 5   INF   Sleeping for 9.923065018s
2019-12-30 10:53:28.761   CNC 5   INF   Device still active
2019-12-30 10:53:28.761   CNC 5   INF   Production -> 17 of 300
2019-12-30 10:53:28.807   CNC 5   INF   Processing takes 46.253316ms
2019-12-30 10:53:28.807   CNC 5   INF   Sleeping for 9.953632298s
2019-12-30 10:53:38.762   CNC 5   INF   Device still active
2019-12-30 10:53:38.762   CNC 5   INF   Production -> 18 of 300
2019-12-30 10:53:38.832   CNC 5   INF   Processing takes 70.279349ms
2019-12-30 10:53:38.833   CNC 5   INF   Sleeping for 9.92948109s
2019-12-30 10:53:48.767   CNC 5   INF   Device still active
2019-12-30 10:53:48.767   CNC 5   INF   Production -> 19 of 300
2019-12-30 10:53:48.840   CNC 5   INF   Processing takes 73.438898ms
2019-12-30 10:53:48.840   CNC 5   INF   Sleeping for 9.926394833s
2019-12-30 10:53:58.768   CNC 5   INF   Device still active
2019-12-30 10:53:58.769   CNC 5   INF   Production -> 20 of 300
2019-12-30 10:53:58.856   CNC 5   INF   Processing takes 88.166507ms
2019-12-30 10:53:58.856   CNC 5   INF   Sleeping for 9.911720378s
2019-12-30 10:54:08.771   CNC 5   INF   Device still active
2019-12-30 10:54:08.771   CNC 5   INF   Production -> 21 of 300
2019-12-30 10:54:08.846   CNC 5   INF   Processing takes 75.39801ms
2019-12-30 10:54:08.846   CNC 5   INF   Sleeping for 9.924489419s
2019-12-30 10:54:18.771   CNC 5   INF   Device still active
2019-12-30 10:54:18.772   CNC 5   INF   Production -> 22 of 300
2019-12-30 10:54:18.856   CNC 5   INF   Processing takes 84.441746ms
2019-12-30 10:54:18.856   CNC 5   INF   Sleeping for 9.915445764s
2019-12-30 10:54:28.773   CNC 5   INF   Device still active
2019-12-30 10:54:28.774   CNC 5   INF   Production -> 23 of 300
2019-12-30 10:54:28.807   CNC 5   INF   Processing takes 33.603162ms
2019-12-30 10:54:28.807   CNC 5   INF   Sleeping for 9.966253826s
2019-12-30 10:54:38.774   CNC 5   INF   Device still active
2019-12-30 10:54:38.774   CNC 5   INF   Production -> 24 of 300
2019-12-30 10:54:38.850   CNC 5   INF   Processing takes 76.107694ms
2019-12-30 10:54:38.850   CNC 5   INF   Sleeping for 9.923767964s
2019-12-30 10:54:48.777   CNC 5   INF   Device still active
2019-12-30 10:54:48.777   CNC 5   INF   Production -> 25 of 300
2019-12-30 10:54:48.851   CNC 5   INF   Processing takes 73.945762ms
2019-12-30 10:54:48.851   CNC 5   INF   Sleeping for 9.925942612s
2019-12-30 10:54:58.780   CNC 5   INF   Device still active
2019-12-30 10:54:58.781   CNC 5   INF   Production -> 26 of 300
2019-12-30 10:54:58.879   CNC 5   INF   Processing takes 98.549921ms
2019-12-30 10:54:58.879   CNC 5   INF   Sleeping for 9.90133524s
2019-12-30 10:55:08.781   CNC 5   INF   Device still active
2019-12-30 10:55:08.781   CNC 5   INF   Production -> 27 of 300
2019-12-30 10:55:08.847   CNC 5   INF   Processing takes 65.520405ms
2019-12-30 10:55:08.847   CNC 5   INF   Sleeping for 9.934247635s
2019-12-30 10:55:18.781   CNC 5   INF   Device still active
2019-12-30 10:55:18.782   CNC 5   INF   Production -> 28 of 300
2019-12-30 10:55:18.843   CNC 5   INF   Processing takes 61.639234ms
2019-12-30 10:55:18.843   CNC 5   INF   Sleeping for 9.938199394s
2019-12-30 10:55:28.783   CNC 5   INF   Device still active
2019-12-30 10:55:28.783   CNC 5   INF   Production -> 29 of 300
2019-12-30 10:55:28.856   CNC 5   INF   Processing takes 72.876064ms
2019-12-30 10:55:28.856   CNC 5   INF   Sleeping for 9.927050447s
2019-12-30 10:55:42.170   CNC 5   INF   Device started running
2019-12-30 10:55:42.170   CNC 5   INF   Device directory exists
2019-12-30 10:55:42.170   CNC 5   INF   Production -> 0 of 300
2019-12-30 10:55:42.263   CNC 5   INF   Processing takes 92.92576ms
2019-12-30 10:55:42.263   CNC 5   INF   Sleeping for 9.906930361s
2019-12-30 10:55:52.171   CNC 5   INF   Device still active
2019-12-30 10:55:52.171   CNC 5   INF   Production -> 1 of 300
2019-12-30 10:55:52.225   CNC 5   INF   Processing takes 54.600314ms
2019-12-30 10:55:52.225   CNC 5   INF   Sleeping for 9.945293887s
2019-12-30 10:56:02.171   CNC 5   INF   Device still active
2019-12-30 10:56:02.171   CNC 5   INF   Production -> 2 of 300
2019-12-30 10:56:02.241   CNC 5   INF   Processing takes 69.782835ms
2019-12-30 10:56:02.241   CNC 5   INF   Sleeping for 9.930089342s
2019-12-30 10:56:12.173   CNC 5   INF   Device still active
2019-12-30 10:56:12.174   CNC 5   INF   Production -> 3 of 300
2019-12-30 10:56:12.258   CNC 5   INF   Processing takes 84.858399ms
2019-12-30 10:56:12.258   CNC 5   INF   Sleeping for 9.914923794s
2019-12-30 10:56:22.176   CNC 5   INF   Device still active
2019-12-30 10:56:22.176   CNC 5   INF   Production -> 4 of 300
2019-12-30 10:56:22.225   CNC 5   INF   Processing takes 48.756715ms
2019-12-30 10:56:22.225   CNC 5   INF   Sleeping for 9.951134545s
2019-12-30 10:56:32.177   CNC 5   INF   Device still active
2019-12-30 10:56:32.178   CNC 5   INF   Production -> 5 of 300
2019-12-30 10:56:32.257   CNC 5   INF   Processing takes 78.755644ms
2019-12-30 10:56:32.257   CNC 5   INF   Sleeping for 9.921157454s
2019-12-30 10:56:42.181   CNC 5   INF   Device still active
2019-12-30 10:56:42.181   CNC 5   INF   Production -> 6 of 300
2019-12-30 10:56:42.262   CNC 5   INF   Processing takes 80.913123ms
2019-12-30 10:56:42.263   CNC 5   INF   Sleeping for 9.918610556s
2019-12-30 10:56:52.184   CNC 5   INF   Device still active
2019-12-30 10:56:52.185   CNC 5   INF   Production -> 7 of 300
2019-12-30 10:56:52.263   CNC 5   INF   Processing takes 78.411566ms
2019-12-30 10:56:52.263   CNC 5   INF   Sleeping for 9.92148723s
2019-12-30 10:57:02.187   CNC 5   INF   Device still active
2019-12-30 10:57:02.187   CNC 5   INF   Production -> 8 of 300
2019-12-30 10:57:02.296   CNC 5   INF   Processing takes 108.337454ms
2019-12-30 10:57:02.296   CNC 5   INF   Sleeping for 9.891489231s
2019-12-30 10:57:36.290   CNC 5   INF   Device started running
2019-12-30 10:57:36.291   CNC 5   INF   Device directory exists
2019-12-30 10:57:36.291   CNC 5   INF   Production -> 0 of 300
2019-12-30 10:57:36.345   CNC 5   INF   Processing takes 54.557658ms
2019-12-30 10:57:36.346   CNC 5   INF   Sleeping for 9.945185669s
2019-12-30 10:58:10.041   CNC 5   INF   Device started running
2019-12-30 10:58:10.041   CNC 5   INF   Device directory exists
2019-12-30 10:58:10.042   CNC 5   INF   Production -> 0 of 300
2019-12-30 10:58:10.146   CNC 5   INF   Processing takes 104.725893ms
2019-12-30 10:58:10.146   CNC 5   INF   Sleeping for 9.894962313s
2019-12-30 11:09:08.177   CNC 5   INF   Device started running
2019-12-30 11:09:08.178   CNC 5   INF   Device directory exists
2019-12-30 11:09:08.178   CNC 5   INF   Production -> 0 of 300
2019-12-30 11:09:08.246   CNC 5   INF   Processing takes 67.336231ms
2019-12-30 11:09:08.246   CNC 5   INF   Sleeping for 9.93245415s
2019-12-30 11:09:18.182   CNC 5   INF   Device still active
2019-12-30 11:09:18.183   CNC 5   INF   Production -> 1 of 300
2019-12-30 11:09:18.261   CNC 5   INF   Processing takes 78.184156ms
2019-12-30 11:09:18.261   CNC 5   INF   Sleeping for 9.921686696s
2019-12-30 11:09:28.187   CNC 5   INF   Device still active
2019-12-30 11:09:28.187   CNC 5   INF   Production -> 2 of 300
2019-12-30 11:09:28.282   CNC 5   INF   Processing takes 95.154156ms
2019-12-30 11:09:28.282   CNC 5   INF   Sleeping for 9.904701475s
2019-12-30 11:09:38.193   CNC 5   INF   Device still active
2019-12-30 11:09:38.194   CNC 5   INF   Production -> 3 of 300
2019-12-30 11:09:38.276   CNC 5   INF   Processing takes 81.908213ms
2019-12-30 11:09:38.276   CNC 5   INF   Sleeping for 9.918015561s
2019-12-30 11:09:48.195   CNC 5   INF   Device still active
2019-12-30 11:09:48.195   CNC 5   INF   Production -> 4 of 300
2019-12-30 11:09:48.247   CNC 5   INF   Processing takes 52.655067ms
2019-12-30 11:09:48.247   CNC 5   INF   Sleeping for 9.947171115s
2019-12-30 11:09:58.199   CNC 5   INF   Device still active
2019-12-30 11:09:58.200   CNC 5   INF   Production -> 5 of 300
2019-12-30 11:09:58.271   CNC 5   INF   Processing takes 71.467471ms
2019-12-30 11:09:58.271   CNC 5   INF   Sleeping for 9.928448378s
2019-12-30 11:10:08.205   CNC 5   INF   Device still active
2019-12-30 11:10:08.206   CNC 5   INF   Production -> 6 of 300
2019-12-30 11:10:08.246   CNC 5   INF   Processing takes 40.312263ms
2019-12-30 11:10:08.246   CNC 5   INF   Sleeping for 9.959562129s
2019-12-30 11:10:18.207   CNC 5   INF   Device still active
2019-12-30 11:10:18.207   CNC 5   INF   Production -> 7 of 300
2019-12-30 11:10:18.285   CNC 5   INF   Processing takes 78.239346ms
2019-12-30 11:10:18.285   CNC 5   INF   Sleeping for 9.921602499s
2019-12-30 11:10:28.209   CNC 5   INF   Device still active
2019-12-30 11:10:28.210   CNC 5   INF   Production -> 8 of 300
2019-12-30 11:10:28.304   CNC 5   INF   Processing takes 94.193475ms
2019-12-30 11:10:28.304   CNC 5   INF   Sleeping for 9.905699626s
2019-12-30 11:10:38.210   CNC 5   INF   Device still active
2019-12-30 11:10:38.210   CNC 5   INF   Production -> 9 of 300
2019-12-30 11:10:38.290   CNC 5   INF   Processing takes 79.968017ms
2019-12-30 11:10:38.290   CNC 5   INF   Sleeping for 9.919816978s
2019-12-30 11:10:48.211   CNC 5   INF   Device still active
2019-12-30 11:10:48.212   CNC 5   INF   Production -> 10 of 300
2019-12-30 11:10:48.285   CNC 5   INF   Processing takes 73.885781ms
2019-12-30 11:10:48.285   CNC 5   INF   Sleeping for 9.926033108s
2019-12-30 11:10:58.212   CNC 5   INF   Device still active
2019-12-30 11:10:58.212   CNC 5   INF   Production -> 11 of 300
2019-12-30 11:10:58.252   CNC 5   INF   Processing takes 39.810788ms
2019-12-30 11:10:58.252   CNC 5   INF   Sleeping for 9.960092807s
2019-12-30 11:11:08.215   CNC 5   INF   Device still active
2019-12-30 11:11:08.215   CNC 5   INF   Production -> 12 of 300
2019-12-30 11:11:08.295   CNC 5   INF   Processing takes 79.897752ms
2019-12-30 11:11:08.295   CNC 5   INF   Sleeping for 9.919888132s
2019-12-30 11:11:18.218   CNC 5   INF   Device still active
2019-12-30 11:11:18.218   CNC 5   INF   Production -> 13 of 300
2019-12-30 11:11:18.273   CNC 5   INF   Processing takes 54.727046ms
2019-12-30 11:11:18.273   CNC 5   INF   Sleeping for 9.945186963s
2019-12-30 11:11:28.219   CNC 5   INF   Device still active
2019-12-30 11:11:28.222   CNC 5   INF   Production -> 14 of 300
2019-12-30 11:11:28.338   CNC 5   INF   Processing takes 118.795054ms
2019-12-30 11:11:28.338   CNC 5   INF   Sleeping for 9.88099828s
2019-12-30 11:11:38.221   CNC 5   INF   Device still active
2019-12-30 11:11:38.221   CNC 5   INF   Production -> 15 of 300
2019-12-30 11:11:38.283   CNC 5   INF   Processing takes 61.456323ms
2019-12-30 11:11:38.283   CNC 5   INF   Sleeping for 9.9384287s
2019-12-30 11:11:48.224   CNC 5   INF   Device still active
2019-12-30 11:11:48.224   CNC 5   INF   Production -> 16 of 300
2019-12-30 11:11:48.284   CNC 5   INF   Processing takes 59.167416ms
2019-12-30 11:11:48.284   CNC 5   INF   Sleeping for 9.940738073s
2019-12-30 11:11:58.226   CNC 5   INF   Device still active
2019-12-30 11:11:58.226   CNC 5   INF   Production -> 17 of 300
2019-12-30 11:11:58.272   CNC 5   INF   Processing takes 45.949892ms
2019-12-30 11:11:58.272   CNC 5   INF   Sleeping for 9.953944049s
2019-12-30 11:13:02.020   CNC 5   INF   Device started running
2019-12-30 11:13:02.021   CNC 5   INF   Device directory exists
2019-12-30 11:13:02.021   CNC 5   INF   Offline -> 0 of 150
2019-12-30 11:13:02.022   CNC 5   INF   Processing takes 107.523µs
2019-12-30 11:13:02.022   CNC 5   INF   Sleeping for 9.998897494s
2019-12-30 11:13:12.022   CNC 5   INF   Device still active
2019-12-30 11:13:12.022   CNC 5   INF   Offline -> 1 of 150
2019-12-30 11:13:12.022   CNC 5   INF   Processing takes 286.427µs
2019-12-30 11:13:12.022   CNC 5   INF   Sleeping for 9.999545293s
2019-12-30 11:13:22.026   CNC 5   INF   Device still active
2019-12-30 11:13:22.026   CNC 5   INF   Offline -> 2 of 150
2019-12-30 11:13:22.026   CNC 5   INF   Processing takes 575.668µs
2019-12-30 11:13:22.027   CNC 5   INF   Sleeping for 9.999077266s
2019-12-30 11:13:32.026   CNC 5   INF   Device still active
2019-12-30 11:13:32.027   CNC 5   INF   Offline -> 3 of 150
2019-12-30 11:13:32.027   CNC 5   INF   Processing takes 365.134µs
2019-12-30 11:13:32.027   CNC 5   INF   Sleeping for 9.999446649s
2019-12-30 11:13:42.031   CNC 5   INF   Device still active
2019-12-30 11:13:42.032   CNC 5   INF   Offline -> 4 of 150
2019-12-30 11:13:42.032   CNC 5   INF   Processing takes 119.438µs
2019-12-30 11:13:42.032   CNC 5   INF   Sleeping for 9.999780293s
2019-12-30 11:13:52.033   CNC 5   INF   Device still active
2019-12-30 11:13:52.033   CNC 5   INF   Offline -> 5 of 150
2019-12-30 11:13:52.033   CNC 5   INF   Processing takes 447.221µs
2019-12-30 11:13:52.034   CNC 5   INF   Sleeping for 9.999391113s
2019-12-30 11:14:02.036   CNC 5   INF   Device still active
2019-12-30 11:14:02.036   CNC 5   INF   Offline -> 6 of 150
2019-12-30 11:14:02.036   CNC 5   INF   Processing takes 362.152µs
2019-12-30 11:14:02.036   CNC 5   INF   Sleeping for 9.999421453s
2019-12-30 11:14:12.039   CNC 5   INF   Device still active
2019-12-30 11:14:12.039   CNC 5   INF   Offline -> 7 of 150
2019-12-30 11:14:12.039   CNC 5   INF   Processing takes 268.674µs
2019-12-30 11:14:12.040   CNC 5   INF   Sleeping for 9.999352773s
2019-12-30 11:14:22.040   CNC 5   INF   Device still active
2019-12-30 11:14:22.040   CNC 5   INF   Offline -> 8 of 150
2019-12-30 11:14:22.040   CNC 5   INF   Processing takes 177.322µs
2019-12-30 11:14:22.041   CNC 5   INF   Sleeping for 9.999662273s
2019-12-30 11:14:32.044   CNC 5   INF   Device still active
2019-12-30 11:14:32.044   CNC 5   INF   Offline -> 9 of 150
2019-12-30 11:14:32.044   CNC 5   INF   Processing takes 91.833µs
2019-12-30 11:14:32.044   CNC 5   INF   Sleeping for 9.999601599s
2019-12-30 11:14:42.048   CNC 5   INF   Device still active
2019-12-30 11:14:42.048   CNC 5   INF   Offline -> 10 of 150
2019-12-30 11:14:42.049   CNC 5   INF   Processing takes 426.891µs
2019-12-30 11:14:42.049   CNC 5   INF   Sleeping for 9.999183219s
2019-12-30 11:14:52.053   CNC 5   INF   Device still active
2019-12-30 11:14:52.054   CNC 5   INF   Offline -> 11 of 150
2019-12-30 11:14:52.054   CNC 5   INF   Processing takes 545.971µs
2019-12-30 11:14:52.054   CNC 5   INF   Sleeping for 9.999302186s
