2020-02-29 10:01:05.049   CNC 3   INF   Device started running
2020-02-29 10:01:05.049   CNC 3   INF   Device directory exists
2020-02-29 10:01:05.050   CNC 3   INF   Downtime -> 0 of 150
2020-02-29 10:01:05.140   CNC 3   INF   Processing takes 90.565315ms
2020-02-29 10:01:05.140   CNC 3   INF   Sleeping for 9.909307909s
2020-02-29 10:01:15.050   CNC 3   INF   Device still active
2020-02-29 10:01:15.050   CNC 3   INF   Downtime -> 1 of 150
2020-02-29 10:01:15.255   CNC 3   INF   Processing takes 205.343447ms
2020-02-29 10:01:15.256   CNC 3   INF   Sleeping for 9.793914288s
2020-02-29 10:01:25.051   CNC 3   INF   Device not active
2020-02-29 10:01:25.051   CNC 3   INF   Device not active, stopped running
2020-02-29 10:01:25.060   CNC 3   INF   Device started running
2020-02-29 10:01:25.060   CNC 3   INF   Device directory exists
2020-02-29 10:01:25.061   CNC 3   INF   Downtime -> 0 of 150
2020-02-29 10:01:25.248   CNC 3   INF   Processing takes 187.726532ms
2020-02-29 10:01:25.248   CNC 3   INF   Sleeping for 9.81206698s
2020-02-29 10:01:35.061   CNC 3   INF   Device still active
2020-02-29 10:01:35.061   CNC 3   INF   Device not active, stopped running
2020-02-29 10:01:51.080   CNC 3   INF   Device started running
2020-02-29 10:01:51.081   CNC 3   INF   Device directory exists
2020-02-29 10:01:51.081   CNC 3   INF   Production -> 0 of 300
2020-02-29 10:01:51.228   CNC 3   INF   Processing takes 147.362385ms
2020-02-29 10:01:51.228   CNC 3   INF   Sleeping for 9.85250744s
2020-02-29 10:02:01.081   CNC 3   INF   Device still active
2020-02-29 10:02:01.081   CNC 3   INF   Production -> 1 of 300
2020-02-29 10:02:01.240   CNC 3   INF   Processing takes 159.369815ms
2020-02-29 10:02:01.241   CNC 3   INF   Sleeping for 9.840540166s
2020-02-29 10:02:11.081   CNC 3   INF   Device not active
2020-02-29 10:02:11.081   CNC 3   INF   Device not active, stopped running
2020-02-29 10:02:11.083   CNC 3   INF   Device started running
2020-02-29 10:02:11.087   CNC 3   INF   Device directory exists
2020-02-29 10:02:11.087   CNC 3   INF   Device not active, stopped running
2020-02-29 10:08:40.454   CNC 3   INF   Device started running
2020-02-29 10:08:40.454   CNC 3   INF   Device directory exists
2020-02-29 10:08:40.455   CNC 3   INF   Production -> 0 of 300
2020-02-29 10:08:40.633   CNC 3   INF   Processing takes 178.334777ms
2020-02-29 10:08:40.633   CNC 3   INF   Sleeping for 9.821552695s
2020-02-29 10:08:50.455   CNC 3   INF   Device still active
2020-02-29 10:08:50.455   CNC 3   INF   Device not active, stopped running
2020-02-29 10:10:03.350   CNC 3   INF   Device started running
2020-02-29 10:10:03.350   CNC 3   INF   Device directory exists
2020-02-29 10:10:03.351   CNC 3   INF   Poweroff -> 0 of 150
2020-02-29 10:10:03.351   CNC 3   INF   Processing takes 122.154µs
2020-02-29 10:10:03.351   CNC 3   INF   Sleeping for 9.999747362s
2020-02-29 10:10:13.352   CNC 3   INF   Device still active
2020-02-29 10:10:13.352   CNC 3   INF   Poweroff -> 1 of 150
2020-02-29 10:10:13.352   CNC 3   INF   Processing takes 289.417µs
2020-02-29 10:10:13.352   CNC 3   INF   Sleeping for 9.999589931s
2020-02-29 10:10:23.353   CNC 3   INF   Device still active
2020-02-29 10:10:23.353   CNC 3   INF   Device not active, stopped running
