2020-02-29 10:01:05.049   CNC 16   INF   Device started running
2020-02-29 10:01:05.050   CNC 16   INF   Device directory exists
2020-02-29 10:01:05.050   CNC 16   INF   Production -> 0 of 300
2020-02-29 10:01:05.270   CNC 16   INF   Processing takes 219.671221ms
2020-02-29 10:01:05.270   CNC 16   INF   Sleeping for 9.780206669s
2020-02-29 10:01:15.050   CNC 16   INF   Device still active
2020-02-29 10:01:15.050   CNC 16   INF   Production -> 1 of 300
2020-02-29 10:01:15.369   CNC 16   INF   Processing takes 318.881186ms
2020-02-29 10:01:15.369   CNC 16   INF   Sleeping for 9.680927875s
2020-02-29 10:01:25.051   CNC 16   INF   Device still active
2020-02-29 10:01:25.051   CNC 16   INF   Production -> 2 of 300
2020-02-29 10:01:25.271   CNC 16   INF   Processing takes 220.346902ms
2020-02-29 10:01:25.271   CNC 16   INF   Sleeping for 9.779281945s
2020-02-29 10:01:35.051   CNC 16   INF   Device not active
2020-02-29 10:01:35.051   CNC 16   INF   Device not active, stopped running
2020-02-29 10:01:35.053   CNC 16   INF   Device started running
2020-02-29 10:01:35.053   CNC 16   INF   Device directory exists
2020-02-29 10:01:35.053   CNC 16   INF   Device not active, stopped running
2020-02-29 10:01:51.081   CNC 16   INF   Device started running
2020-02-29 10:01:51.081   CNC 16   INF   Device directory exists
2020-02-29 10:01:51.082   CNC 16   INF   Downtime -> 0 of 150
2020-02-29 10:01:51.207   CNC 16   INF   Processing takes 125.79025ms
2020-02-29 10:01:51.207   CNC 16   INF   Sleeping for 9.874089706s
2020-02-29 10:02:01.082   CNC 16   INF   Device still active
2020-02-29 10:02:01.082   CNC 16   INF   Downtime -> 1 of 150
2020-02-29 10:02:01.155   CNC 16   INF   Processing takes 72.836594ms
2020-02-29 10:02:01.155   CNC 16   INF   Sleeping for 9.927040996s
2020-02-29 10:02:11.082   CNC 16   INF   Device not active
2020-02-29 10:02:11.082   CNC 16   INF   Device not active, stopped running
2020-02-29 10:02:11.083   CNC 16   INF   Device started running
2020-02-29 10:02:11.083   CNC 16   INF   Device directory exists
2020-02-29 10:02:11.084   CNC 16   INF   Device not active, stopped running
2020-02-29 10:08:40.454   CNC 16   INF   Device started running
2020-02-29 10:08:40.455   CNC 16   INF   Device directory exists
2020-02-29 10:08:40.455   CNC 16   INF   Poweroff -> 0 of 150
2020-02-29 10:08:40.455   CNC 16   INF   Processing takes 268.472µs
2020-02-29 10:08:40.456   CNC 16   INF   Sleeping for 9.999603325s
2020-02-29 10:08:50.455   CNC 16   INF   Device still active
2020-02-29 10:08:50.456   CNC 16   INF   Device not active, stopped running
2020-02-29 10:10:03.350   CNC 16   INF   Device started running
2020-02-29 10:10:03.351   CNC 16   INF   Device directory exists
2020-02-29 10:10:03.351   CNC 16   INF   Production -> 0 of 300
2020-02-29 10:10:03.598   CNC 16   INF   Processing takes 247.076943ms
2020-02-29 10:10:03.598   CNC 16   INF   Sleeping for 9.752705917s
2020-02-29 10:10:13.351   CNC 16   INF   Device still active
2020-02-29 10:10:13.352   CNC 16   INF   Production -> 1 of 300
2020-02-29 10:10:13.622   CNC 16   INF   Processing takes 270.538648ms
2020-02-29 10:10:13.622   CNC 16   INF   Sleeping for 9.729334102s
2020-02-29 10:10:23.353   CNC 16   INF   Device still active
2020-02-29 10:10:23.354   CNC 16   INF   Device not active, stopped running
2020-02-29 10:51:23.122   CNC 16   INF   Device started running
2020-02-29 10:51:23.122   CNC 16   INF   Device directory exists
2020-02-29 10:51:23.122   CNC 16   INF   Production -> 0 of 300
2020-02-29 10:51:23.332   CNC 16   INF   Processing takes 209.663372ms
2020-02-29 10:51:23.332   CNC 16   INF   Sleeping for 9.790211129s
2020-02-29 10:51:33.122   CNC 16   INF   Device still active
2020-02-29 10:51:33.123   CNC 16   INF   Device not active, stopped running
2020-02-29 10:51:40.465   CNC 16   INF   Device started running
2020-02-29 10:51:40.465   CNC 16   INF   Device directory exists
2020-02-29 10:51:40.465   CNC 16   INF   Downtime -> 0 of 150
2020-02-29 10:51:40.586   CNC 16   INF   Processing takes 120.748304ms
2020-02-29 10:51:40.586   CNC 16   INF   Sleeping for 9.879106231s
2020-02-29 10:51:50.465   CNC 16   INF   Device still active
2020-02-29 10:51:50.466   CNC 16   INF   Device not active, stopped running
2020-02-29 10:51:50.480   CNC 16   INF   Device started running
2020-02-29 10:51:50.480   CNC 16   INF   Device directory exists
2020-02-29 10:51:50.480   CNC 16   INF   Device not active, stopped running
2020-02-29 10:51:55.260   CNC 16   INF   Device started running
2020-02-29 10:51:55.260   CNC 16   INF   Device directory exists
2020-02-29 10:51:55.260   CNC 16   INF   Poweroff -> 0 of 150
2020-02-29 10:51:55.260   CNC 16   INF   Processing takes 110.895µs
2020-02-29 10:51:55.260   CNC 16   INF   Sleeping for 9.999737831s
2020-02-29 10:52:05.261   CNC 16   INF   Device still active
2020-02-29 10:52:05.261   CNC 16   INF   Device not active, stopped running
