2020-02-01 21:40:57.705   CNC 0   INF   Device started running
2020-02-01 21:40:57.705   CNC 0   INF   Device directory exists
2020-02-01 21:40:57.706   CNC 0   INF   Production -> 0 of 300
2020-02-01 21:40:57.986   CNC 0   INF   Processing takes 280.849967ms
2020-02-01 21:40:57.987   CNC 0   INF   Sleeping for 9.718940485s
2020-02-01 21:41:07.711   CNC 0   INF   Device still active
2020-02-01 21:41:07.711   CNC 0   INF   Production -> 1 of 300
2020-02-01 21:41:07.872   CNC 0   INF   Processing takes 161.091287ms
2020-02-01 21:41:07.872   CNC 0   INF   Sleeping for 9.838738966s
2020-02-01 21:41:17.713   CNC 0   INF   Device still active
2020-02-01 21:41:17.713   CNC 0   INF   Production -> 2 of 300
2020-02-01 21:41:18.298   CNC 0   INF   Processing takes 585.089255ms
2020-02-01 21:41:18.298   CNC 0   INF   Sleeping for 9.414767601s
2020-02-01 21:41:27.717   CNC 0   INF   Device still active
2020-02-01 21:41:27.717   CNC 0   INF   Production -> 3 of 300
2020-02-01 21:41:27.957   CNC 0   INF   Processing takes 240.432878ms
2020-02-01 21:41:27.957   CNC 0   INF   Sleeping for 9.759454985s
2020-02-01 21:41:37.719   CNC 0   INF   Device still active
2020-02-01 21:41:37.721   CNC 0   INF   Production -> 4 of 300
2020-02-01 21:41:37.895   CNC 0   INF   Processing takes 175.19183ms
2020-02-01 21:41:37.895   CNC 0   INF   Sleeping for 9.824708981s
2020-02-01 21:41:47.720   CNC 0   INF   Device still active
2020-02-01 21:41:47.720   CNC 0   INF   Production -> 5 of 300
2020-02-01 21:41:48.027   CNC 0   INF   Processing takes 306.350847ms
2020-02-01 21:41:48.027   CNC 0   INF   Sleeping for 9.693553086s
2020-02-01 21:41:57.724   CNC 0   INF   Device still active
2020-02-01 21:41:57.725   CNC 0   INF   Production -> 6 of 300
2020-02-01 21:41:57.983   CNC 0   INF   Processing takes 258.644625ms
2020-02-01 21:41:57.983   CNC 0   INF   Sleeping for 9.741073553s
2020-02-01 22:31:32.095   CNC 0   INF   Device started running
2020-02-01 22:31:32.096   CNC 0   INF   Device directory exists
2020-02-01 22:31:32.097   CNC 0   INF   Production -> 0 of 300
2020-02-01 22:31:32.565   CNC 0   INF   Processing takes 468.577774ms
2020-02-01 22:31:32.565   CNC 0   INF   Sleeping for 9.53116527s
2020-02-01 22:31:42.101   CNC 0   INF   Device still active
2020-02-01 22:31:42.101   CNC 0   INF   Production -> 1 of 300
2020-02-01 22:31:42.439   CNC 0   INF   Processing takes 337.455159ms
2020-02-01 22:31:42.439   CNC 0   INF   Sleeping for 9.662395405s
2020-02-01 22:31:52.102   CNC 0   INF   Device still active
2020-02-01 22:31:52.103   CNC 0   INF   Production -> 2 of 300
2020-02-01 22:31:52.414   CNC 0   INF   Processing takes 312.456867ms
2020-02-01 22:31:52.414   CNC 0   INF   Sleeping for 9.687423096s
2020-02-01 22:32:02.102   CNC 0   INF   Device still active
2020-02-01 22:32:02.102   CNC 0   INF   Production -> 3 of 300
2020-02-01 22:32:02.318   CNC 0   INF   Processing takes 215.641572ms
2020-02-01 22:32:02.318   CNC 0   INF   Sleeping for 9.783958411s
2020-02-01 22:32:12.105   CNC 0   INF   Device still active
2020-02-01 22:32:12.105   CNC 0   INF   Production -> 4 of 300
2020-02-01 22:32:12.258   CNC 0   INF   Processing takes 152.759054ms
2020-02-01 22:32:12.258   CNC 0   INF   Sleeping for 9.847028116s
2020-02-01 22:32:22.109   CNC 0   INF   Device still active
2020-02-01 22:32:22.109   CNC 0   INF   Production -> 5 of 300
2020-02-01 22:32:22.449   CNC 0   INF   Processing takes 339.351175ms
2020-02-01 22:32:22.449   CNC 0   INF   Sleeping for 9.659944748s
2020-02-01 22:32:32.110   CNC 0   INF   Device still active
2020-02-01 22:32:32.110   CNC 0   INF   Production -> 6 of 300
2020-02-01 22:32:32.618   CNC 0   INF   Processing takes 507.778705ms
2020-02-01 22:32:32.618   CNC 0   INF   Sleeping for 9.492109554s
2020-02-01 22:32:42.110   CNC 0   INF   Device still active
2020-02-01 22:32:42.111   CNC 0   INF   Production -> 7 of 300
2020-02-01 22:32:42.311   CNC 0   INF   Processing takes 200.787207ms
2020-02-01 22:32:42.311   CNC 0   INF   Sleeping for 9.79907316s
2020-02-01 22:32:52.111   CNC 0   INF   Device still active
2020-02-01 22:32:52.112   CNC 0   INF   Production -> 8 of 300
2020-02-01 22:32:52.243   CNC 0   INF   Processing takes 130.5192ms
2020-02-01 22:32:52.243   CNC 0   INF   Sleeping for 9.869359342s
2020-02-01 22:33:02.118   CNC 0   INF   Device still active
2020-02-01 22:33:02.118   CNC 0   INF   Production -> 9 of 300
2020-02-01 22:33:02.360   CNC 0   INF   Processing takes 241.573439ms
2020-02-01 22:33:02.360   CNC 0   INF   Sleeping for 9.757952027s
2020-02-01 22:35:03.462   CNC 0   INF   Device started running
2020-02-01 22:35:03.463   CNC 0   INF   Device directory exists
2020-02-01 22:35:03.463   CNC 0   INF   Production -> 0 of 300
2020-02-01 22:35:03.654   CNC 0   INF   Processing takes 191.043302ms
2020-02-01 22:35:03.654   CNC 0   INF   Sleeping for 9.808859226s
2020-02-01 22:35:13.464   CNC 0   INF   Device still active
2020-02-01 22:35:13.464   CNC 0   INF   Production -> 1 of 300
2020-02-01 22:35:13.602   CNC 0   INF   Processing takes 137.836202ms
2020-02-01 22:35:13.602   CNC 0   INF   Sleeping for 9.862016006s
2020-02-01 22:35:23.469   CNC 0   INF   Device still active
2020-02-01 22:35:23.470   CNC 0   INF   Production -> 2 of 300
2020-02-01 22:35:23.675   CNC 0   INF   Processing takes 205.332945ms
2020-02-01 22:35:23.675   CNC 0   INF   Sleeping for 9.794202278s
2020-02-01 22:35:33.470   CNC 0   INF   Device still active
2020-02-01 22:35:33.470   CNC 0   INF   Production -> 3 of 300
2020-02-01 22:35:33.717   CNC 0   INF   Processing takes 246.744724ms
2020-02-01 22:35:33.717   CNC 0   INF   Sleeping for 9.753028601s
2020-02-01 22:35:43.473   CNC 0   INF   Device still active
2020-02-01 22:35:43.473   CNC 0   INF   Production -> 4 of 300
2020-02-01 22:35:43.630   CNC 0   INF   Processing takes 156.255448ms
2020-02-01 22:35:43.630   CNC 0   INF   Sleeping for 9.84365933s
2020-02-01 22:35:53.477   CNC 0   INF   Device still active
2020-02-01 22:35:53.478   CNC 0   INF   Production -> 5 of 300
2020-02-01 22:35:53.760   CNC 0   INF   Processing takes 282.496067ms
2020-02-01 22:35:53.760   CNC 0   INF   Sleeping for 9.717363029s
2020-02-01 22:36:03.479   CNC 0   INF   Device still active
2020-02-01 22:36:03.479   CNC 0   INF   Production -> 6 of 300
2020-02-01 22:36:03.803   CNC 0   INF   Processing takes 323.995371ms
2020-02-01 22:36:03.804   CNC 0   INF   Sleeping for 9.67583577s
2020-02-01 22:36:13.485   CNC 0   INF   Device still active
2020-02-01 22:36:13.485   CNC 0   INF   Production -> 7 of 300
2020-02-01 22:36:13.733   CNC 0   INF   Processing takes 248.311865ms
2020-02-01 22:36:13.733   CNC 0   INF   Sleeping for 9.751553302s
2020-02-01 22:36:23.489   CNC 0   INF   Device still active
2020-02-01 22:36:23.491   CNC 0   INF   Production -> 8 of 300
2020-02-01 22:36:23.656   CNC 0   INF   Processing takes 166.778478ms
2020-02-01 22:36:23.656   CNC 0   INF   Sleeping for 9.833089876s
2020-02-01 22:36:33.490   CNC 0   INF   Device still active
2020-02-01 22:36:33.490   CNC 0   INF   Production -> 9 of 300
2020-02-01 22:38:26.312   CNC 0   INF   Device started running
2020-02-01 22:38:26.312   CNC 0   INF   Device directory exists
2020-02-01 22:38:26.312   CNC 0   INF   Downtime -> 0 of 150
2020-02-01 22:38:26.458   CNC 0   INF   Processing takes 145.075314ms
2020-02-01 22:38:26.458   CNC 0   INF   Sleeping for 9.854795704s
2020-02-01 22:38:36.316   CNC 0   INF   Device still active
2020-02-01 22:38:36.316   CNC 0   INF   Downtime -> 1 of 150
2020-02-01 22:38:36.483   CNC 0   INF   Processing takes 167.280799ms
2020-02-01 22:38:36.483   CNC 0   INF   Sleeping for 9.832588722s
2020-02-01 22:38:46.317   CNC 0   INF   Device still active
2020-02-01 22:38:46.317   CNC 0   INF   Downtime -> 2 of 150
2020-02-01 22:38:46.369   CNC 0   INF   Processing takes 52.770054ms
2020-02-01 22:38:46.370   CNC 0   INF   Sleeping for 9.947115007s
2020-02-01 22:38:56.321   CNC 0   INF   Device still active
2020-02-01 22:38:56.321   CNC 0   INF   Downtime -> 3 of 150
2020-02-01 22:38:56.409   CNC 0   INF   Processing takes 87.774274ms
2020-02-01 22:38:56.409   CNC 0   INF   Sleeping for 9.912030773s
2020-02-01 22:39:06.325   CNC 0   INF   Device still active
2020-02-01 22:39:06.325   CNC 0   INF   Downtime -> 4 of 150
2020-02-01 22:39:06.557   CNC 0   INF   Processing takes 231.921532ms
2020-02-01 22:39:06.557   CNC 0   INF   Sleeping for 9.76798516s
2020-02-01 22:39:16.328   CNC 0   INF   Device still active
2020-02-01 22:39:16.328   CNC 0   INF   Downtime -> 5 of 150
2020-02-01 22:39:16.434   CNC 0   INF   Processing takes 105.972261ms
2020-02-01 22:39:16.434   CNC 0   INF   Sleeping for 9.893821198s
2020-02-01 22:39:26.328   CNC 0   INF   Device still active
2020-02-01 22:39:26.329   CNC 0   INF   Downtime -> 6 of 150
2020-02-01 22:39:26.423   CNC 0   INF   Processing takes 94.218826ms
2020-02-01 22:39:26.423   CNC 0   INF   Sleeping for 9.905692204s
2020-02-01 22:39:36.333   CNC 0   INF   Device still active
2020-02-01 22:39:36.333   CNC 0   INF   Downtime -> 7 of 150
2020-02-01 22:39:36.554   CNC 0   INF   Processing takes 221.024363ms
2020-02-01 22:39:36.554   CNC 0   INF   Sleeping for 9.778794068s
2020-02-01 22:39:46.334   CNC 0   INF   Device still active
2020-02-01 22:39:46.334   CNC 0   INF   Downtime -> 8 of 150
2020-02-01 22:39:46.429   CNC 0   INF   Processing takes 95.034088ms
2020-02-01 22:39:46.429   CNC 0   INF   Sleeping for 9.90485129s
2020-02-01 22:39:56.331   CNC 0   INF   Device still active
2020-02-01 22:39:56.332   CNC 0   INF   Downtime -> 9 of 150
2020-02-01 22:39:56.521   CNC 0   INF   Processing takes 189.459139ms
2020-02-01 22:39:56.522   CNC 0   INF   Sleeping for 9.81040154s
2020-02-01 22:40:06.334   CNC 0   INF   Device still active
2020-02-01 22:40:06.334   CNC 0   INF   Downtime -> 10 of 150
2020-02-01 22:40:06.445   CNC 0   INF   Processing takes 111.23556ms
2020-02-01 22:40:06.445   CNC 0   INF   Sleeping for 9.888624337s
2020-02-01 22:40:16.337   CNC 0   INF   Device still active
2020-02-01 22:40:16.338   CNC 0   INF   Downtime -> 11 of 150
2020-02-01 22:40:16.527   CNC 0   INF   Processing takes 190.112265ms
2020-02-01 22:40:16.527   CNC 0   INF   Sleeping for 9.809784155s
2020-02-01 22:40:26.338   CNC 0   INF   Device still active
2020-02-01 22:40:26.339   CNC 0   INF   Downtime -> 12 of 150
2020-02-01 22:40:26.365   CNC 0   INF   Processing takes 26.504099ms
2020-02-01 22:40:26.365   CNC 0   INF   Sleeping for 9.973383089s
2020-02-01 22:40:36.339   CNC 0   INF   Device still active
2020-02-01 22:40:36.339   CNC 0   INF   Downtime -> 13 of 150
2020-02-01 22:40:36.490   CNC 0   INF   Processing takes 150.371105ms
2020-02-01 22:40:36.490   CNC 0   INF   Sleeping for 9.849191268s
2020-02-01 22:41:41.337   CNC 0   INF   Device started running
2020-02-01 22:41:41.338   CNC 0   INF   Device directory exists
2020-02-01 22:41:41.338   CNC 0   INF   Production -> 0 of 300
2020-02-01 22:41:41.370   CNC 0   INF   Processing takes 32.044366ms
2020-02-01 22:41:41.370   CNC 0   INF   Sleeping for 9.967775629s
2020-02-01 22:41:51.341   CNC 0   INF   Device still active
2020-02-01 22:41:51.341   CNC 0   INF   Production -> 1 of 300
2020-02-01 22:41:51.387   CNC 0   INF   Processing takes 46.505263ms
2020-02-01 22:41:51.387   CNC 0   INF   Sleeping for 9.953289163s
2020-02-01 22:42:01.341   CNC 0   INF   Device still active
2020-02-01 22:42:01.341   CNC 0   INF   Production -> 2 of 300
2020-02-01 22:42:01.372   CNC 0   INF   Processing takes 30.725585ms
2020-02-01 22:42:01.372   CNC 0   INF   Sleeping for 9.96914605s
2020-02-01 22:42:11.344   CNC 0   INF   Device still active
2020-02-01 22:42:11.345   CNC 0   INF   Production -> 3 of 300
2020-02-01 22:42:11.380   CNC 0   INF   Processing takes 35.086168ms
2020-02-01 22:42:11.380   CNC 0   INF   Sleeping for 9.964797182s
2020-02-01 22:42:21.345   CNC 0   INF   Device still active
2020-02-01 22:42:21.345   CNC 0   INF   Production -> 4 of 300
2020-02-01 22:42:21.380   CNC 0   INF   Processing takes 34.709352ms
2020-02-01 22:42:21.380   CNC 0   INF   Sleeping for 9.96518136s
2020-02-01 22:42:31.349   CNC 0   INF   Device still active
2020-02-01 22:42:31.349   CNC 0   INF   Production -> 5 of 300
2020-02-01 22:42:31.386   CNC 0   INF   Processing takes 36.579572ms
2020-02-01 22:42:31.386   CNC 0   INF   Sleeping for 9.963305862s
2020-02-01 22:42:41.351   CNC 0   INF   Device still active
2020-02-01 22:42:41.352   CNC 0   INF   Production -> 6 of 300
2020-02-01 22:42:41.419   CNC 0   INF   Processing takes 67.239291ms
2020-02-01 22:42:41.419   CNC 0   INF   Sleeping for 9.932619595s
2020-02-01 22:42:51.352   CNC 0   INF   Device still active
2020-02-01 22:42:51.352   CNC 0   INF   Production -> 7 of 300
2020-02-01 22:42:51.392   CNC 0   INF   Processing takes 39.845797ms
2020-02-01 22:42:51.392   CNC 0   INF   Sleeping for 9.960019431s
2020-02-01 22:43:01.356   CNC 0   INF   Device still active
2020-02-01 22:43:01.357   CNC 0   INF   Production -> 8 of 300
2020-02-01 22:43:01.442   CNC 0   INF   Processing takes 84.736559ms
2020-02-01 22:43:01.442   CNC 0   INF   Sleeping for 9.915001664s
2020-02-01 22:43:11.358   CNC 0   INF   Device still active
2020-02-01 22:43:11.358   CNC 0   INF   Production -> 9 of 300
2020-02-01 22:43:11.394   CNC 0   INF   Processing takes 36.124816ms
2020-02-01 22:43:11.394   CNC 0   INF   Sleeping for 9.963763627s
2020-02-01 22:43:21.363   CNC 0   INF   Device still active
2020-02-01 22:43:21.363   CNC 0   INF   Production -> 10 of 300
2020-02-01 22:43:21.418   CNC 0   INF   Processing takes 54.676409ms
2020-02-01 22:43:21.418   CNC 0   INF   Sleeping for 9.94521184s
2020-02-01 22:43:31.364   CNC 0   INF   Device still active
2020-02-01 22:43:31.364   CNC 0   INF   Production -> 11 of 300
2020-02-01 22:43:31.399   CNC 0   INF   Processing takes 34.522714ms
2020-02-01 22:43:31.399   CNC 0   INF   Sleeping for 9.965315358s
2020-02-01 22:43:41.365   CNC 0   INF   Device still active
2020-02-01 22:43:41.366   CNC 0   INF   Production -> 12 of 300
2020-02-01 22:43:41.461   CNC 0   INF   Processing takes 95.633916ms
2020-02-01 22:43:41.461   CNC 0   INF   Sleeping for 9.904187842s
2020-02-01 22:43:51.366   CNC 0   INF   Device still active
2020-02-01 22:43:51.366   CNC 0   INF   Production -> 13 of 300
2020-02-01 22:43:51.403   CNC 0   INF   Processing takes 37.320322ms
2020-02-01 22:43:51.403   CNC 0   INF   Sleeping for 9.962561611s
2020-02-01 22:44:01.366   CNC 0   INF   Device still active
2020-02-01 22:44:01.366   CNC 0   INF   Production -> 14 of 300
2020-02-01 22:44:01.401   CNC 0   INF   Processing takes 34.001238ms
2020-02-01 22:44:01.401   CNC 0   INF   Sleeping for 9.965897929s
2020-02-01 22:44:11.371   CNC 0   INF   Device still active
2020-02-01 22:44:11.371   CNC 0   INF   Production -> 15 of 300
2020-02-01 22:44:11.409   CNC 0   INF   Processing takes 37.633664ms
2020-02-01 22:44:11.409   CNC 0   INF   Sleeping for 9.962258843s
2020-02-01 22:44:21.372   CNC 0   INF   Device still active
2020-02-01 22:44:21.372   CNC 0   INF   Production -> 16 of 300
2020-02-01 22:44:21.405   CNC 0   INF   Processing takes 32.93197ms
2020-02-01 22:44:21.405   CNC 0   INF   Sleeping for 9.966925515s
2020-02-01 22:44:31.376   CNC 0   INF   Device still active
2020-02-01 22:44:31.376   CNC 0   INF   Production -> 17 of 300
2020-02-01 22:44:31.414   CNC 0   INF   Processing takes 38.14895ms
2020-02-01 22:44:31.414   CNC 0   INF   Sleeping for 9.961710967s
2020-02-01 22:44:41.376   CNC 0   INF   Device still active
2020-02-01 22:44:41.376   CNC 0   INF   Production -> 18 of 300
2020-02-01 22:44:41.488   CNC 0   INF   Processing takes 112.214212ms
2020-02-01 22:44:41.489   CNC 0   INF   Sleeping for 9.887554101s
2020-02-01 22:44:51.376   CNC 0   INF   Device still active
2020-02-01 22:44:51.376   CNC 0   INF   Production -> 19 of 300
2020-02-01 22:44:51.418   CNC 0   INF   Processing takes 41.241391ms
2020-02-01 22:44:51.418   CNC 0   INF   Sleeping for 9.95865159s
2020-02-01 22:45:01.380   CNC 0   INF   Device still active
2020-02-01 22:45:01.380   CNC 0   INF   Production -> 20 of 300
2020-02-01 22:45:01.418   CNC 0   INF   Processing takes 37.734615ms
2020-02-01 22:45:01.418   CNC 0   INF   Sleeping for 9.962107269s
2020-02-01 22:45:11.385   CNC 0   INF   Device still active
2020-02-01 22:45:11.385   CNC 0   INF   Production -> 21 of 300
2020-02-01 22:45:11.423   CNC 0   INF   Processing takes 38.164187ms
2020-02-01 22:45:11.423   CNC 0   INF   Sleeping for 9.961729935s
2020-02-01 22:45:21.387   CNC 0   INF   Device still active
2020-02-01 22:45:21.387   CNC 0   INF   Production -> 22 of 300
2020-02-01 22:45:21.431   CNC 0   INF   Processing takes 43.512281ms
2020-02-01 22:45:21.431   CNC 0   INF   Sleeping for 9.956360391s
2020-02-01 22:45:31.388   CNC 0   INF   Device still active
2020-02-01 22:45:31.388   CNC 0   INF   Production -> 23 of 300
2020-02-01 22:45:31.425   CNC 0   INF   Processing takes 37.026498ms
2020-02-01 22:45:31.425   CNC 0   INF   Sleeping for 9.962858492s
2020-02-01 22:45:41.391   CNC 0   INF   Device still active
2020-02-01 22:45:41.391   CNC 0   INF   Production -> 24 of 300
2020-02-01 22:45:41.426   CNC 0   INF   Processing takes 34.531454ms
2020-02-01 22:45:41.426   CNC 0   INF   Sleeping for 9.96528459s
2020-02-01 22:45:51.395   CNC 0   INF   Device still active
2020-02-01 22:45:51.395   CNC 0   INF   Production -> 25 of 300
2020-02-01 22:45:51.430   CNC 0   INF   Processing takes 35.1133ms
2020-02-01 22:45:51.430   CNC 0   INF   Sleeping for 9.964695972s
2020-02-01 22:46:01.396   CNC 0   INF   Device still active
2020-02-01 22:46:01.396   CNC 0   INF   Production -> 26 of 300
2020-02-01 22:46:01.430   CNC 0   INF   Processing takes 33.759581ms
2020-02-01 22:46:01.430   CNC 0   INF   Sleeping for 9.966136023s
2020-02-01 22:46:11.400   CNC 0   INF   Device still active
2020-02-01 22:46:11.400   CNC 0   INF   Production -> 27 of 300
2020-02-01 22:46:11.438   CNC 0   INF   Processing takes 37.699425ms
2020-02-01 22:46:11.438   CNC 0   INF   Sleeping for 9.962188239s
2020-02-01 22:46:21.402   CNC 0   INF   Device still active
2020-02-01 22:46:21.402   CNC 0   INF   Production -> 28 of 300
2020-02-01 22:46:21.437   CNC 0   INF   Processing takes 35.020787ms
2020-02-01 22:46:21.437   CNC 0   INF   Sleeping for 9.96485943s
2020-02-01 22:46:31.402   CNC 0   INF   Device still active
2020-02-01 22:46:31.403   CNC 0   INF   Production -> 29 of 300
2020-02-01 22:46:31.518   CNC 0   INF   Processing takes 115.148628ms
2020-02-01 22:46:31.518   CNC 0   INF   Sleeping for 9.884638655s
2020-02-01 22:46:41.403   CNC 0   INF   Device still active
2020-02-01 22:46:41.403   CNC 0   INF   Production -> 30 of 300
2020-02-01 22:46:41.438   CNC 0   INF   Processing takes 34.60763ms
2020-02-01 22:46:41.438   CNC 0   INF   Sleeping for 9.965223091s
2020-02-01 22:46:51.406   CNC 0   INF   Device still active
2020-02-01 22:46:51.406   CNC 0   INF   Production -> 31 of 300
2020-02-01 22:46:51.438   CNC 0   INF   Processing takes 32.160937ms
2020-02-01 22:46:51.438   CNC 0   INF   Sleeping for 9.967725223s
2020-02-01 22:47:01.410   CNC 0   INF   Device still active
2020-02-01 22:47:01.410   CNC 0   INF   Production -> 32 of 300
2020-02-01 22:47:01.451   CNC 0   INF   Processing takes 40.896152ms
2020-02-01 22:47:01.451   CNC 0   INF   Sleeping for 9.958990618s
2020-02-01 22:47:11.415   CNC 0   INF   Device still active
2020-02-01 22:47:11.415   CNC 0   INF   Production -> 33 of 300
2020-02-01 22:47:11.461   CNC 0   INF   Processing takes 45.598414ms
2020-02-01 22:47:11.461   CNC 0   INF   Sleeping for 9.954285226s
2020-02-01 22:47:21.417   CNC 0   INF   Device still active
2020-02-01 22:47:21.418   CNC 0   INF   Production -> 34 of 300
2020-02-01 22:47:21.460   CNC 0   INF   Processing takes 42.007428ms
2020-02-01 22:47:21.460   CNC 0   INF   Sleeping for 9.957841671s
2020-02-01 22:47:31.420   CNC 0   INF   Device still active
2020-02-01 22:47:31.420   CNC 0   INF   Production -> 35 of 300
2020-02-01 22:47:31.461   CNC 0   INF   Processing takes 40.349244ms
2020-02-01 22:47:31.461   CNC 0   INF   Sleeping for 9.959266284s
2020-02-01 22:47:41.422   CNC 0   INF   Device still active
2020-02-01 22:47:41.422   CNC 0   INF   Production -> 36 of 300
2020-02-01 22:47:41.534   CNC 0   INF   Processing takes 111.91652ms
2020-02-01 22:47:41.535   CNC 0   INF   Sleeping for 9.887418857s
2020-02-01 22:47:51.425   CNC 0   INF   Device still active
2020-02-01 22:47:51.425   CNC 0   INF   Production -> 37 of 300
2020-02-01 22:47:51.489   CNC 0   INF   Processing takes 63.775716ms
2020-02-01 22:47:51.489   CNC 0   INF   Sleeping for 9.936090938s
2020-02-01 22:48:01.430   CNC 0   INF   Device still active
2020-02-01 22:48:01.430   CNC 0   INF   Production -> 38 of 300
2020-02-01 22:48:01.462   CNC 0   INF   Processing takes 32.519666ms
2020-02-01 22:48:01.462   CNC 0   INF   Sleeping for 9.967368773s
2020-02-01 22:48:11.430   CNC 0   INF   Device still active
2020-02-01 22:48:11.430   CNC 0   INF   Production -> 39 of 300
2020-02-01 22:48:11.495   CNC 0   INF   Processing takes 64.474199ms
2020-02-01 22:48:11.495   CNC 0   INF   Sleeping for 9.935391631s
2020-02-01 22:48:21.435   CNC 0   INF   Device still active
2020-02-01 22:48:21.435   CNC 0   INF   Production -> 40 of 300
2020-02-01 22:48:21.470   CNC 0   INF   Processing takes 35.505326ms
2020-02-01 22:48:21.470   CNC 0   INF   Sleeping for 9.964385128s
2020-02-01 22:48:31.436   CNC 0   INF   Device still active
2020-02-01 22:48:31.437   CNC 0   INF   Production -> 41 of 300
2020-02-01 22:48:31.472   CNC 0   INF   Processing takes 35.440082ms
2020-02-01 22:48:31.472   CNC 0   INF   Sleeping for 9.964451067s
2020-02-01 22:48:41.437   CNC 0   INF   Device still active
2020-02-01 22:48:41.437   CNC 0   INF   Production -> 42 of 300
2020-02-01 22:48:41.477   CNC 0   INF   Processing takes 39.771948ms
2020-02-01 22:48:41.477   CNC 0   INF   Sleeping for 9.960111101s
2020-02-01 22:48:51.441   CNC 0   INF   Device still active
2020-02-01 22:48:51.442   CNC 0   INF   Production -> 43 of 300
2020-02-01 22:48:51.477   CNC 0   INF   Processing takes 35.529847ms
2020-02-01 22:48:51.477   CNC 0   INF   Sleeping for 9.964293313s
2020-02-01 22:49:01.446   CNC 0   INF   Device still active
2020-02-01 22:49:01.447   CNC 0   INF   Production -> 44 of 300
2020-02-01 22:49:01.483   CNC 0   INF   Processing takes 36.431172ms
2020-02-01 22:49:01.483   CNC 0   INF   Sleeping for 9.963457095s
2020-02-01 22:49:11.447   CNC 0   INF   Device still active
2020-02-01 22:49:11.447   CNC 0   INF   Production -> 45 of 300
2020-02-01 22:49:11.503   CNC 0   INF   Processing takes 55.232316ms
2020-02-01 22:49:11.503   CNC 0   INF   Sleeping for 9.944571783s
2020-02-01 22:49:21.449   CNC 0   INF   Device still active
2020-02-01 22:49:21.450   CNC 0   INF   Production -> 46 of 300
2020-02-01 22:49:21.489   CNC 0   INF   Processing takes 39.130451ms
2020-02-01 22:49:21.489   CNC 0   INF   Sleeping for 9.960687779s
2020-02-01 22:49:31.452   CNC 0   INF   Device still active
2020-02-01 22:49:31.452   CNC 0   INF   Production -> 47 of 300
2020-02-01 22:49:31.487   CNC 0   INF   Processing takes 35.32258ms
2020-02-01 22:49:31.488   CNC 0   INF   Sleeping for 9.964484134s
2020-02-01 22:49:41.456   CNC 0   INF   Device still active
2020-02-01 22:49:41.457   CNC 0   INF   Production -> 48 of 300
2020-02-01 22:49:41.498   CNC 0   INF   Processing takes 41.788303ms
2020-02-01 22:49:41.498   CNC 0   INF   Sleeping for 9.958126014s
2020-02-01 22:49:51.460   CNC 0   INF   Device still active
2020-02-01 22:49:51.460   CNC 0   INF   Production -> 49 of 300
2020-02-01 22:49:51.502   CNC 0   INF   Processing takes 42.057496ms
2020-02-01 22:49:51.502   CNC 0   INF   Sleeping for 9.957826623s
2020-02-01 22:50:01.460   CNC 0   INF   Device still active
2020-02-01 22:50:01.460   CNC 0   INF   Production -> 50 of 300
2020-02-01 22:50:01.500   CNC 0   INF   Processing takes 39.621658ms
2020-02-01 22:50:01.500   CNC 0   INF   Sleeping for 9.960258531s
2020-02-01 22:50:11.461   CNC 0   INF   Device still active
2020-02-01 22:50:11.461   CNC 0   INF   Production -> 51 of 300
2020-02-01 22:50:11.501   CNC 0   INF   Processing takes 39.880828ms
2020-02-01 22:50:11.501   CNC 0   INF   Sleeping for 9.959990659s
2020-02-01 22:50:21.463   CNC 0   INF   Device still active
2020-02-01 22:50:21.464   CNC 0   INF   Production -> 52 of 300
2020-02-01 22:50:21.498   CNC 0   INF   Processing takes 33.994399ms
2020-02-01 22:50:21.498   CNC 0   INF   Sleeping for 9.965894652s
2020-02-01 22:50:31.464   CNC 0   INF   Device still active
2020-02-01 22:50:31.464   CNC 0   INF   Production -> 53 of 300
2020-02-01 22:50:31.525   CNC 0   INF   Processing takes 61.152102ms
2020-02-01 22:50:31.525   CNC 0   INF   Sleeping for 9.938716234s
2020-02-01 22:50:41.466   CNC 0   INF   Device still active
2020-02-01 22:50:41.466   CNC 0   INF   Production -> 54 of 300
2020-02-01 22:50:41.520   CNC 0   INF   Processing takes 53.398116ms
2020-02-01 22:50:41.520   CNC 0   INF   Sleeping for 9.946460357s
2020-02-01 22:50:51.468   CNC 0   INF   Device still active
2020-02-01 22:50:51.468   CNC 0   INF   Production -> 55 of 300
2020-02-01 22:50:51.502   CNC 0   INF   Processing takes 34.036339ms
2020-02-01 22:50:51.502   CNC 0   INF   Sleeping for 9.965847576s
2020-02-01 22:51:01.469   CNC 0   INF   Device still active
2020-02-01 22:51:01.469   CNC 0   INF   Production -> 56 of 300
2020-02-01 22:51:01.509   CNC 0   INF   Processing takes 40.373908ms
2020-02-01 22:51:01.509   CNC 0   INF   Sleeping for 9.959519646s
2020-02-01 22:51:11.469   CNC 0   INF   Device still active
2020-02-01 22:51:11.469   CNC 0   INF   Production -> 57 of 300
2020-02-01 22:51:11.504   CNC 0   INF   Processing takes 34.937116ms
2020-02-01 22:51:11.504   CNC 0   INF   Sleeping for 9.964946921s
2020-02-01 22:51:21.470   CNC 0   INF   Device still active
2020-02-01 22:51:21.470   CNC 0   INF   Production -> 58 of 300
2020-02-01 22:51:21.510   CNC 0   INF   Processing takes 39.847943ms
2020-02-01 22:51:21.510   CNC 0   INF   Sleeping for 9.960040345s
2020-02-01 22:51:31.472   CNC 0   INF   Device still active
2020-02-01 22:51:31.472   CNC 0   INF   Production -> 59 of 300
2020-02-01 22:51:31.512   CNC 0   INF   Processing takes 39.80784ms
2020-02-01 22:51:31.512   CNC 0   INF   Sleeping for 9.960074907s
2020-02-01 22:51:41.472   CNC 0   INF   Device still active
2020-02-01 22:51:41.473   CNC 0   INF   Production -> 60 of 300
2020-02-01 22:51:41.511   CNC 0   INF   Processing takes 38.742066ms
2020-02-01 22:51:41.511   CNC 0   INF   Sleeping for 9.961152803s
2020-02-01 22:51:51.473   CNC 0   INF   Device still active
2020-02-01 22:51:51.473   CNC 0   INF   Production -> 61 of 300
2020-02-01 22:51:51.508   CNC 0   INF   Processing takes 35.008432ms
2020-02-01 22:51:51.508   CNC 0   INF   Sleeping for 9.964882785s
2020-02-01 22:52:01.475   CNC 0   INF   Device still active
2020-02-01 22:52:01.475   CNC 0   INF   Production -> 62 of 300
2020-02-01 22:52:01.546   CNC 0   INF   Processing takes 71.216647ms
2020-02-01 22:52:01.547   CNC 0   INF   Sleeping for 9.928609706s
2020-02-01 22:52:11.481   CNC 0   INF   Device still active
2020-02-01 22:52:11.481   CNC 0   INF   Production -> 63 of 300
2020-02-01 22:52:11.580   CNC 0   INF   Processing takes 99.509081ms
2020-02-01 22:52:11.581   CNC 0   INF   Sleeping for 9.900355129s
