2020-02-01 21:40:57.705   CNC 10   INF   Device started running
2020-02-01 21:40:57.706   CNC 10   INF   Device directory exists
2020-02-01 21:40:57.706   CNC 10   INF   Production -> 0 of 300
2020-02-01 21:40:57.817   CNC 10   INF   Processing takes 111.019457ms
2020-02-01 21:40:57.818   CNC 10   INF   Sleeping for 9.8888013s
2020-02-01 21:41:07.710   CNC 10   INF   Device still active
2020-02-01 21:41:07.711   CNC 10   INF   Production -> 1 of 300
2020-02-01 21:41:08.033   CNC 10   INF   Processing takes 322.756476ms
2020-02-01 21:41:08.033   CNC 10   INF   Sleeping for 9.677078592s
2020-02-01 21:41:17.713   CNC 10   INF   Device still active
2020-02-01 21:41:17.713   CNC 10   INF   Production -> 2 of 300
2020-02-01 21:41:18.345   CNC 10   INF   Processing takes 631.791817ms
2020-02-01 21:41:18.345   CNC 10   INF   Sleeping for 9.367975107s
2020-02-01 21:41:27.717   CNC 10   INF   Device still active
2020-02-01 21:41:27.717   CNC 10   INF   Production -> 3 of 300
2020-02-01 21:41:27.986   CNC 10   INF   Processing takes 269.463363ms
2020-02-01 21:41:27.986   CNC 10   INF   Sleeping for 9.730330389s
2020-02-01 21:41:37.720   CNC 10   INF   Device still active
2020-02-01 21:41:37.721   CNC 10   INF   Production -> 4 of 300
2020-02-01 21:41:38.021   CNC 10   INF   Processing takes 300.02888ms
2020-02-01 21:41:38.021   CNC 10   INF   Sleeping for 9.699652609s
2020-02-01 21:41:47.721   CNC 10   INF   Device still active
2020-02-01 21:41:47.721   CNC 10   INF   Production -> 5 of 300
2020-02-01 21:41:48.026   CNC 10   INF   Processing takes 305.276432ms
2020-02-01 21:41:48.026   CNC 10   INF   Sleeping for 9.694575311s
2020-02-01 21:41:57.724   CNC 10   INF   Device still active
2020-02-01 21:41:57.724   CNC 10   INF   Production -> 6 of 300
2020-02-01 21:41:58.070   CNC 10   INF   Processing takes 345.15297ms
2020-02-01 21:41:58.070   CNC 10   INF   Sleeping for 9.654678479s
2020-02-01 22:31:32.095   CNC 10   INF   Device started running
2020-02-01 22:31:32.096   CNC 10   INF   Device directory exists
2020-02-01 22:31:32.097   CNC 10   INF   Downtime -> 0 of 150
2020-02-01 22:31:32.399   CNC 10   INF   Processing takes 302.494991ms
2020-02-01 22:31:32.399   CNC 10   INF   Sleeping for 9.697038165s
2020-02-01 22:31:42.101   CNC 10   INF   Device still active
2020-02-01 22:31:42.101   CNC 10   INF   Downtime -> 1 of 150
2020-02-01 22:31:42.262   CNC 10   INF   Processing takes 161.033388ms
2020-02-01 22:31:42.262   CNC 10   INF   Sleeping for 9.838820782s
2020-02-01 22:31:52.101   CNC 10   INF   Device still active
2020-02-01 22:31:52.102   CNC 10   INF   Downtime -> 2 of 150
2020-02-01 22:31:52.308   CNC 10   INF   Processing takes 206.670937ms
2020-02-01 22:31:52.308   CNC 10   INF   Sleeping for 9.793166304s
2020-02-01 22:32:02.102   CNC 10   INF   Device still active
2020-02-01 22:32:02.102   CNC 10   INF   Downtime -> 3 of 150
2020-02-01 22:32:02.261   CNC 10   INF   Processing takes 158.382104ms
2020-02-01 22:32:02.261   CNC 10   INF   Sleeping for 9.841378361s
2020-02-01 22:32:12.103   CNC 10   INF   Device still active
2020-02-01 22:32:12.104   CNC 10   INF   Downtime -> 4 of 150
2020-02-01 22:32:12.233   CNC 10   INF   Processing takes 129.163678ms
2020-02-01 22:32:12.233   CNC 10   INF   Sleeping for 9.870588166s
2020-02-01 22:32:22.106   CNC 10   INF   Device still active
2020-02-01 22:32:22.106   CNC 10   INF   Downtime -> 5 of 150
2020-02-01 22:32:22.231   CNC 10   INF   Processing takes 125.129379ms
2020-02-01 22:32:22.231   CNC 10   INF   Sleeping for 9.874742013s
2020-02-01 22:32:32.110   CNC 10   INF   Device still active
2020-02-01 22:32:32.110   CNC 10   INF   Downtime -> 6 of 150
2020-02-01 22:32:32.382   CNC 10   INF   Processing takes 272.023087ms
2020-02-01 22:32:32.383   CNC 10   INF   Sleeping for 9.727427377s
2020-02-01 22:32:42.111   CNC 10   INF   Device still active
2020-02-01 22:32:42.111   CNC 10   INF   Downtime -> 7 of 150
2020-02-01 22:32:42.250   CNC 10   INF   Processing takes 138.822405ms
2020-02-01 22:32:42.250   CNC 10   INF   Sleeping for 9.861056261s
2020-02-01 22:32:52.111   CNC 10   INF   Device still active
2020-02-01 22:32:52.112   CNC 10   INF   Downtime -> 8 of 150
2020-02-01 22:32:52.196   CNC 10   INF   Processing takes 84.642698ms
2020-02-01 22:32:52.196   CNC 10   INF   Sleeping for 9.915257749s
2020-02-01 22:33:02.117   CNC 10   INF   Device still active
2020-02-01 22:33:02.119   CNC 10   INF   Downtime -> 9 of 150
2020-02-01 22:33:02.314   CNC 10   INF   Processing takes 195.968507ms
2020-02-01 22:33:02.314   CNC 10   INF   Sleeping for 9.803889968s
2020-02-01 22:35:03.462   CNC 10   INF   Device started running
2020-02-01 22:35:03.463   CNC 10   INF   Device directory exists
2020-02-01 22:35:03.463   CNC 10   INF   Poweroff -> 0 of 150
2020-02-01 22:35:03.464   CNC 10   INF   Processing takes 303.012µs
2020-02-01 22:35:03.464   CNC 10   INF   Sleeping for 9.999476867s
2020-02-01 22:35:13.464   CNC 10   INF   Device still active
2020-02-01 22:35:13.464   CNC 10   INF   Poweroff -> 1 of 150
2020-02-01 22:35:13.465   CNC 10   INF   Processing takes 369.675µs
2020-02-01 22:35:13.465   CNC 10   INF   Sleeping for 9.999445228s
2020-02-01 22:35:23.469   CNC 10   INF   Device still active
2020-02-01 22:35:23.470   CNC 10   INF   Poweroff -> 2 of 150
2020-02-01 22:35:23.470   CNC 10   INF   Processing takes 278.111µs
2020-02-01 22:35:23.470   CNC 10   INF   Sleeping for 9.999144624s
2020-02-01 22:35:33.474   CNC 10   INF   Device still active
2020-02-01 22:35:33.474   CNC 10   INF   Poweroff -> 3 of 150
2020-02-01 22:35:33.474   CNC 10   INF   Processing takes 137.082µs
2020-02-01 22:35:33.474   CNC 10   INF   Sleeping for 9.999735002s
2020-02-01 22:35:43.474   CNC 10   INF   Device still active
2020-02-01 22:35:43.474   CNC 10   INF   Poweroff -> 4 of 150
2020-02-01 22:35:43.475   CNC 10   INF   Processing takes 311.612µs
2020-02-01 22:35:43.475   CNC 10   INF   Sleeping for 9.999562079s
2020-02-01 22:35:53.477   CNC 10   INF   Device still active
2020-02-01 22:35:53.477   CNC 10   INF   Poweroff -> 5 of 150
2020-02-01 22:35:53.478   CNC 10   INF   Processing takes 434.258µs
2020-02-01 22:35:53.478   CNC 10   INF   Sleeping for 9.999178853s
2020-02-01 22:36:03.479   CNC 10   INF   Device still active
2020-02-01 22:36:03.480   CNC 10   INF   Poweroff -> 6 of 150
2020-02-01 22:36:03.480   CNC 10   INF   Processing takes 760.814µs
2020-02-01 22:36:03.480   CNC 10   INF   Sleeping for 9.999083885s
2020-02-01 22:36:13.484   CNC 10   INF   Device still active
2020-02-01 22:36:13.484   CNC 10   INF   Poweroff -> 7 of 150
2020-02-01 22:36:13.485   CNC 10   INF   Processing takes 209.291µs
2020-02-01 22:36:13.485   CNC 10   INF   Sleeping for 9.999332748s
2020-02-01 22:36:23.491   CNC 10   INF   Device still active
2020-02-01 22:36:23.491   CNC 10   INF   Poweroff -> 8 of 150
2020-02-01 22:36:23.492   CNC 10   INF   Processing takes 143.697µs
2020-02-01 22:36:23.492   CNC 10   INF   Sleeping for 9.999697606s
2020-02-01 22:36:33.492   CNC 10   INF   Device still active
2020-02-01 22:36:33.492   CNC 10   INF   Poweroff -> 9 of 150
2020-02-01 22:36:33.492   CNC 10   INF   Processing takes 106.464µs
2020-02-01 22:36:33.492   CNC 10   INF   Sleeping for 9.999784598s
2020-02-01 22:38:26.312   CNC 10   INF   Device started running
2020-02-01 22:38:26.312   CNC 10   INF   Device directory exists
2020-02-01 22:38:26.312   CNC 10   INF   Production -> 0 of 300
2020-02-01 22:38:26.468   CNC 10   INF   Processing takes 155.328774ms
2020-02-01 22:38:26.468   CNC 10   INF   Sleeping for 9.84448215s
2020-02-01 22:38:36.316   CNC 10   INF   Device still active
2020-02-01 22:38:36.316   CNC 10   INF   Production -> 1 of 300
2020-02-01 22:38:36.483   CNC 10   INF   Processing takes 167.327579ms
2020-02-01 22:38:36.483   CNC 10   INF   Sleeping for 9.832549277s
2020-02-01 22:38:46.317   CNC 10   INF   Device still active
2020-02-01 22:38:46.317   CNC 10   INF   Production -> 2 of 300
2020-02-01 22:38:46.454   CNC 10   INF   Processing takes 137.232134ms
2020-02-01 22:38:46.454   CNC 10   INF   Sleeping for 9.862652125s
2020-02-01 22:38:56.321   CNC 10   INF   Device still active
2020-02-01 22:38:56.322   CNC 10   INF   Production -> 3 of 300
2020-02-01 22:38:56.468   CNC 10   INF   Processing takes 146.634174ms
2020-02-01 22:38:56.468   CNC 10   INF   Sleeping for 9.853265378s
2020-02-01 22:39:06.325   CNC 10   INF   Device still active
2020-02-01 22:39:06.325   CNC 10   INF   Production -> 4 of 300
2020-02-01 22:39:06.582   CNC 10   INF   Processing takes 256.976813ms
2020-02-01 22:39:06.582   CNC 10   INF   Sleeping for 9.742929049s
2020-02-01 22:39:16.328   CNC 10   INF   Device still active
2020-02-01 22:39:16.328   CNC 10   INF   Production -> 5 of 300
2020-02-01 22:39:16.422   CNC 10   INF   Processing takes 94.320361ms
2020-02-01 22:39:16.422   CNC 10   INF   Sleeping for 9.905562275s
2020-02-01 22:39:26.328   CNC 10   INF   Device still active
2020-02-01 22:39:26.329   CNC 10   INF   Production -> 6 of 300
2020-02-01 22:39:26.483   CNC 10   INF   Processing takes 154.285475ms
2020-02-01 22:39:26.483   CNC 10   INF   Sleeping for 9.845607458s
2020-02-01 22:39:36.332   CNC 10   INF   Device still active
2020-02-01 22:39:36.333   CNC 10   INF   Production -> 7 of 300
2020-02-01 22:39:36.584   CNC 10   INF   Processing takes 251.739849ms
2020-02-01 22:39:36.584   CNC 10   INF   Sleeping for 9.748101152s
2020-02-01 22:39:46.334   CNC 10   INF   Device still active
2020-02-01 22:39:46.334   CNC 10   INF   Production -> 8 of 300
2020-02-01 22:39:46.542   CNC 10   INF   Processing takes 207.821916ms
2020-02-01 22:39:46.542   CNC 10   INF   Sleeping for 9.791949027s
2020-02-01 22:39:56.331   CNC 10   INF   Device still active
2020-02-01 22:39:56.332   CNC 10   INF   Production -> 9 of 300
2020-02-01 22:39:56.580   CNC 10   INF   Processing takes 247.980275ms
2020-02-01 22:39:56.580   CNC 10   INF   Sleeping for 9.751923165s
2020-02-01 22:40:06.333   CNC 10   INF   Device still active
2020-02-01 22:40:06.334   CNC 10   INF   Production -> 10 of 300
2020-02-01 22:40:06.501   CNC 10   INF   Processing takes 167.493395ms
2020-02-01 22:40:06.501   CNC 10   INF   Sleeping for 9.83241017s
2020-02-01 22:40:16.337   CNC 10   INF   Device still active
2020-02-01 22:40:16.338   CNC 10   INF   Production -> 11 of 300
2020-02-01 22:40:16.573   CNC 10   INF   Processing takes 236.162182ms
2020-02-01 22:40:16.573   CNC 10   INF   Sleeping for 9.76369516s
2020-02-01 22:40:26.338   CNC 10   INF   Device still active
2020-02-01 22:40:26.339   CNC 10   INF   Production -> 12 of 300
2020-02-01 22:40:26.505   CNC 10   INF   Processing takes 166.372735ms
2020-02-01 22:40:26.505   CNC 10   INF   Sleeping for 9.83349048s
2020-02-01 22:40:36.339   CNC 10   INF   Device still active
2020-02-01 22:40:36.340   CNC 10   INF   Production -> 13 of 300
2020-02-01 22:40:36.569   CNC 10   INF   Processing takes 229.176912ms
2020-02-01 22:40:36.569   CNC 10   INF   Sleeping for 9.770579258s
2020-02-01 23:05:32.180   CNC 10   INF   Device started running
2020-02-01 23:05:32.181   CNC 10   INF   Device directory exists
2020-02-01 23:05:32.181   CNC 10   INF   Production -> 0 of 300
2020-02-01 23:05:32.472   CNC 10   INF   Processing takes 291.671125ms
2020-02-01 23:05:32.473   CNC 10   INF   Sleeping for 9.708118949s
2020-02-01 23:05:42.181   CNC 10   INF   Device still active
2020-02-01 23:05:42.181   CNC 10   INF   Production -> 1 of 300
2020-02-01 23:05:42.776   CNC 10   INF   Processing takes 594.366388ms
2020-02-01 23:05:42.776   CNC 10   INF   Sleeping for 9.404970808s
2020-02-01 23:05:52.182   CNC 10   INF   Device still active
2020-02-01 23:05:52.182   CNC 10   INF   Production -> 2 of 300
2020-02-01 23:05:52.716   CNC 10   INF   Processing takes 533.965292ms
2020-02-01 23:05:52.716   CNC 10   INF   Sleeping for 9.46587522s
2020-02-01 23:06:02.185   CNC 10   INF   Device still active
2020-02-01 23:06:02.186   CNC 10   INF   Production -> 3 of 300
2020-02-01 23:06:02.392   CNC 10   INF   Processing takes 205.893916ms
2020-02-01 23:06:02.392   CNC 10   INF   Sleeping for 9.793948322s
2020-02-01 23:06:12.190   CNC 10   INF   Device still active
2020-02-01 23:06:12.190   CNC 10   INF   Production -> 4 of 300
2020-02-01 23:06:12.461   CNC 10   INF   Processing takes 270.455498ms
2020-02-01 23:06:12.461   CNC 10   INF   Sleeping for 9.729355365s
2020-02-01 23:06:22.192   CNC 10   INF   Device still active
2020-02-01 23:06:22.193   CNC 10   INF   Production -> 5 of 300
2020-02-01 23:06:22.385   CNC 10   INF   Processing takes 193.275079ms
2020-02-01 23:06:22.385   CNC 10   INF   Sleeping for 9.806614917s
2020-02-01 23:06:32.196   CNC 10   INF   Device still active
2020-02-01 23:06:32.197   CNC 10   INF   Production -> 6 of 300
2020-02-01 23:06:32.497   CNC 10   INF   Processing takes 300.746148ms
2020-02-01 23:06:32.497   CNC 10   INF   Sleeping for 9.699066944s
2020-02-01 23:06:42.198   CNC 10   INF   Device still active
2020-02-01 23:06:42.198   CNC 10   INF   Production -> 7 of 300
2020-02-01 23:06:42.495   CNC 10   INF   Processing takes 297.314571ms
2020-02-01 23:06:42.496   CNC 10   INF   Sleeping for 9.702494391s
2020-02-01 23:06:52.202   CNC 10   INF   Device still active
2020-02-01 23:06:52.204   CNC 10   INF   Production -> 8 of 300
2020-02-01 23:06:52.588   CNC 10   INF   Processing takes 385.573953ms
2020-02-01 23:06:52.589   CNC 10   INF   Sleeping for 9.614313401s
2020-02-01 23:07:02.206   CNC 10   INF   Device still active
2020-02-01 23:07:02.207   CNC 10   INF   Production -> 9 of 300
2020-02-01 23:07:02.440   CNC 10   INF   Processing takes 233.344674ms
2020-02-01 23:07:02.440   CNC 10   INF   Sleeping for 9.766536111s
2020-02-01 23:07:12.212   CNC 10   INF   Device still active
2020-02-01 23:07:12.214   CNC 10   INF   Production -> 10 of 300
2020-02-01 23:07:12.391   CNC 10   INF   Processing takes 178.705737ms
2020-02-01 23:07:12.392   CNC 10   INF   Sleeping for 9.820788769s
2020-02-01 23:07:22.215   CNC 10   INF   Device still active
2020-02-01 23:07:22.216   CNC 10   INF   Production -> 11 of 300
2020-02-01 23:07:22.479   CNC 10   INF   Processing takes 264.069495ms
2020-02-01 23:07:22.479   CNC 10   INF   Sleeping for 9.735806378s
2020-02-01 23:07:32.218   CNC 10   INF   Device still active
2020-02-01 23:07:32.218   CNC 10   INF   Production -> 12 of 300
2020-02-01 23:07:32.781   CNC 10   INF   Processing takes 562.811595ms
2020-02-01 23:07:32.781   CNC 10   INF   Sleeping for 9.43668572s
2020-02-01 23:07:42.223   CNC 10   INF   Device still active
2020-02-01 23:07:42.224   CNC 10   INF   Production -> 13 of 300
2020-02-01 23:07:42.546   CNC 10   INF   Processing takes 322.484741ms
2020-02-01 23:07:42.546   CNC 10   INF   Sleeping for 9.677382021s
2020-02-01 23:07:52.223   CNC 10   INF   Device still active
2020-02-01 23:07:52.224   CNC 10   INF   Production -> 14 of 300
2020-02-01 23:07:52.390   CNC 10   INF   Processing takes 166.605252ms
2020-02-01 23:07:52.390   CNC 10   INF   Sleeping for 9.833248083s
2020-02-01 23:08:02.224   CNC 10   INF   Device still active
2020-02-01 23:08:02.225   CNC 10   INF   Production -> 15 of 300
2020-02-01 23:08:02.478   CNC 10   INF   Processing takes 253.049006ms
2020-02-01 23:08:02.478   CNC 10   INF   Sleeping for 9.746427774s
2020-02-01 23:08:12.228   CNC 10   INF   Device still active
2020-02-01 23:08:12.228   CNC 10   INF   Production -> 16 of 300
2020-02-01 23:08:12.426   CNC 10   INF   Processing takes 197.806338ms
2020-02-01 23:08:12.426   CNC 10   INF   Sleeping for 9.802081806s
2020-02-01 23:08:22.229   CNC 10   INF   Device still active
2020-02-01 23:08:22.229   CNC 10   INF   Production -> 17 of 300
2020-02-01 23:08:22.469   CNC 10   INF   Processing takes 239.675714ms
2020-02-01 23:08:22.469   CNC 10   INF   Sleeping for 9.760172076s
2020-02-01 23:08:32.231   CNC 10   INF   Device still active
2020-02-01 23:08:32.231   CNC 10   INF   Production -> 18 of 300
2020-02-01 23:08:32.427   CNC 10   INF   Processing takes 196.066441ms
2020-02-01 23:08:32.428   CNC 10   INF   Sleeping for 9.803675123s
2020-02-01 23:08:42.236   CNC 10   INF   Device still active
2020-02-01 23:08:42.236   CNC 10   INF   Production -> 19 of 300
2020-02-01 23:08:42.397   CNC 10   INF   Processing takes 160.763199ms
2020-02-01 23:08:42.397   CNC 10   INF   Sleeping for 9.839095787s
2020-02-01 23:08:52.241   CNC 10   INF   Device still active
2020-02-01 23:08:52.242   CNC 10   INF   Production -> 20 of 300
2020-02-01 23:08:52.457   CNC 10   INF   Processing takes 214.977537ms
2020-02-01 23:08:52.457   CNC 10   INF   Sleeping for 9.784696689s
2020-02-01 23:09:02.246   CNC 10   INF   Device still active
2020-02-01 23:09:02.248   CNC 10   INF   Production -> 21 of 300
2020-02-01 23:09:02.489   CNC 10   INF   Processing takes 242.530935ms
2020-02-01 23:09:02.489   CNC 10   INF   Sleeping for 9.757282472s
2020-02-01 23:09:12.251   CNC 10   INF   Device still active
2020-02-01 23:09:12.251   CNC 10   INF   Production -> 22 of 300
2020-02-01 23:09:12.566   CNC 10   INF   Processing takes 314.78955ms
2020-02-01 23:09:12.566   CNC 10   INF   Sleeping for 9.68490607s
2020-02-01 23:09:22.255   CNC 10   INF   Device still active
2020-02-01 23:09:22.255   CNC 10   INF   Production -> 23 of 300
2020-02-01 23:09:22.438   CNC 10   INF   Processing takes 182.394463ms
2020-02-01 23:09:22.438   CNC 10   INF   Sleeping for 9.817109441s
2020-02-01 23:09:32.256   CNC 10   INF   Device still active
2020-02-01 23:09:32.256   CNC 10   INF   Production -> 24 of 300
2020-02-01 23:09:32.496   CNC 10   INF   Processing takes 240.198698ms
2020-02-01 23:09:32.496   CNC 10   INF   Sleeping for 9.759436249s
2020-02-01 23:09:42.258   CNC 10   INF   Device still active
2020-02-01 23:09:42.259   CNC 10   INF   Production -> 25 of 300
2020-02-01 23:09:42.350   CNC 10   INF   Processing takes 91.336036ms
2020-02-01 23:09:42.350   CNC 10   INF   Sleeping for 9.908543628s
2020-02-01 23:09:52.263   CNC 10   INF   Device still active
2020-02-01 23:09:52.264   CNC 10   INF   Production -> 26 of 300
2020-02-01 23:09:52.370   CNC 10   INF   Processing takes 106.104117ms
2020-02-01 23:09:52.370   CNC 10   INF   Sleeping for 9.893774863s
2020-02-01 23:10:02.265   CNC 10   INF   Device still active
2020-02-01 23:10:02.265   CNC 10   INF   Production -> 27 of 300
2020-02-01 23:10:02.537   CNC 10   INF   Processing takes 272.021777ms
2020-02-01 23:10:02.537   CNC 10   INF   Sleeping for 9.727771024s
2020-02-01 23:10:12.266   CNC 10   INF   Device still active
2020-02-01 23:10:12.267   CNC 10   INF   Production -> 28 of 300
2020-02-01 23:10:12.648   CNC 10   INF   Processing takes 381.010869ms
2020-02-01 23:10:12.648   CNC 10   INF   Sleeping for 9.618764368s
2020-02-01 23:10:22.269   CNC 10   INF   Device still active
2020-02-01 23:10:22.269   CNC 10   INF   Production -> 29 of 300
2020-02-01 23:10:22.529   CNC 10   INF   Processing takes 259.840884ms
2020-02-01 23:10:22.529   CNC 10   INF   Sleeping for 9.739715117s
2020-02-01 23:10:32.272   CNC 10   INF   Device still active
2020-02-01 23:10:32.272   CNC 10   INF   Production -> 30 of 300
2020-02-01 23:10:32.491   CNC 10   INF   Processing takes 219.085987ms
2020-02-01 23:10:32.491   CNC 10   INF   Sleeping for 9.780784266s
2020-02-01 23:10:42.278   CNC 10   INF   Device still active
2020-02-01 23:10:42.279   CNC 10   INF   Production -> 31 of 300
2020-02-01 23:10:42.492   CNC 10   INF   Processing takes 213.175589ms
2020-02-01 23:10:42.492   CNC 10   INF   Sleeping for 9.786689703s
2020-02-01 23:10:52.282   CNC 10   INF   Device still active
2020-02-01 23:10:52.282   CNC 10   INF   Production -> 32 of 300
2020-02-01 23:10:52.476   CNC 10   INF   Processing takes 193.916767ms
2020-02-01 23:10:52.476   CNC 10   INF   Sleeping for 9.80559713s
2020-02-01 23:11:02.282   CNC 10   INF   Device still active
2020-02-01 23:11:02.283   CNC 10   INF   Production -> 33 of 300
2020-02-01 23:11:02.521   CNC 10   INF   Processing takes 238.126944ms
2020-02-01 23:11:02.521   CNC 10   INF   Sleeping for 9.761727848s
2020-02-01 23:11:12.286   CNC 10   INF   Device still active
2020-02-01 23:11:12.286   CNC 10   INF   Production -> 34 of 300
2020-02-01 23:11:12.580   CNC 10   INF   Processing takes 294.591233ms
2020-02-01 23:11:12.581   CNC 10   INF   Sleeping for 9.705188482s
2020-02-01 23:11:22.289   CNC 10   INF   Device still active
2020-02-01 23:11:22.290   CNC 10   INF   Production -> 35 of 300
2020-02-01 23:11:22.501   CNC 10   INF   Processing takes 211.53496ms
2020-02-01 23:11:22.501   CNC 10   INF   Sleeping for 9.788327928s
2020-02-01 23:11:32.290   CNC 10   INF   Device still active
2020-02-01 23:11:32.291   CNC 10   INF   Production -> 36 of 300
2020-02-01 23:11:32.477   CNC 10   INF   Processing takes 186.879145ms
2020-02-01 23:11:32.477   CNC 10   INF   Sleeping for 9.812999191s
2020-02-01 23:11:42.296   CNC 10   INF   Device still active
2020-02-01 23:11:42.296   CNC 10   INF   Production -> 37 of 300
2020-02-01 23:11:42.512   CNC 10   INF   Processing takes 215.538574ms
2020-02-01 23:11:42.512   CNC 10   INF   Sleeping for 9.784306039s
2020-02-01 23:11:52.297   CNC 10   INF   Device still active
2020-02-01 23:11:52.298   CNC 10   INF   Production -> 38 of 300
2020-02-01 23:11:52.504   CNC 10   INF   Processing takes 206.335473ms
2020-02-01 23:11:52.505   CNC 10   INF   Sleeping for 9.793118514s
2020-02-01 23:12:02.300   CNC 10   INF   Device still active
2020-02-01 23:12:02.300   CNC 10   INF   Production -> 39 of 300
2020-02-01 23:12:02.461   CNC 10   INF   Processing takes 160.823296ms
2020-02-01 23:12:02.461   CNC 10   INF   Sleeping for 9.838999116s
2020-02-01 23:12:12.301   CNC 10   INF   Device still active
2020-02-01 23:12:12.301   CNC 10   INF   Production -> 40 of 300
2020-02-01 23:12:12.614   CNC 10   INF   Processing takes 312.89079ms
2020-02-01 23:12:12.614   CNC 10   INF   Sleeping for 9.686942218s
2020-02-01 23:12:22.304   CNC 10   INF   Device still active
2020-02-01 23:12:22.304   CNC 10   INF   Production -> 41 of 300
2020-02-01 23:12:23.027   CNC 10   INF   Processing takes 722.515998ms
2020-02-01 23:12:23.028   CNC 10   INF   Sleeping for 9.276738332s
2020-02-01 23:12:32.305   CNC 10   INF   Device still active
2020-02-01 23:12:32.305   CNC 10   INF   Production -> 42 of 300
2020-02-01 23:12:32.394   CNC 10   INF   Processing takes 88.980552ms
2020-02-01 23:12:32.394   CNC 10   INF   Sleeping for 9.910896393s
2020-02-01 23:12:42.311   CNC 10   INF   Device still active
2020-02-01 23:12:42.312   CNC 10   INF   Production -> 43 of 300
2020-02-01 23:12:42.586   CNC 10   INF   Processing takes 274.726294ms
2020-02-01 23:12:42.586   CNC 10   INF   Sleeping for 9.724947745s
2020-02-01 23:12:52.316   CNC 10   INF   Device still active
2020-02-01 23:12:52.318   CNC 10   INF   Production -> 44 of 300
2020-02-01 23:12:52.589   CNC 10   INF   Processing takes 272.548373ms
2020-02-01 23:12:52.589   CNC 10   INF   Sleeping for 9.727275312s
2020-02-01 23:13:02.319   CNC 10   INF   Device still active
2020-02-01 23:13:02.320   CNC 10   INF   Production -> 45 of 300
2020-02-01 23:13:02.588   CNC 10   INF   Processing takes 268.63689ms
2020-02-01 23:13:02.588   CNC 10   INF   Sleeping for 9.731246585s
2020-02-01 23:13:12.323   CNC 10   INF   Device still active
2020-02-01 23:13:12.324   CNC 10   INF   Production -> 46 of 300
2020-02-01 23:13:12.714   CNC 10   INF   Processing takes 390.580816ms
2020-02-01 23:13:12.714   CNC 10   INF   Sleeping for 9.609298248s
2020-02-01 23:13:22.330   CNC 10   INF   Device still active
2020-02-01 23:13:22.330   CNC 10   INF   Production -> 47 of 300
2020-02-01 23:13:22.520   CNC 10   INF   Processing takes 189.217778ms
2020-02-01 23:13:22.520   CNC 10   INF   Sleeping for 9.810648242s
2020-02-01 23:13:32.334   CNC 10   INF   Device still active
2020-02-01 23:13:32.335   CNC 10   INF   Production -> 48 of 300
2020-02-01 23:13:32.628   CNC 10   INF   Processing takes 293.977086ms
2020-02-01 23:13:32.629   CNC 10   INF   Sleeping for 9.705880238s
2020-02-01 23:13:42.336   CNC 10   INF   Device still active
2020-02-01 23:13:42.337   CNC 10   INF   Production -> 49 of 300
2020-02-01 23:13:42.506   CNC 10   INF   Processing takes 169.35236ms
2020-02-01 23:13:42.506   CNC 10   INF   Sleeping for 9.830540305s
2020-02-01 23:13:52.337   CNC 10   INF   Device still active
2020-02-01 23:13:52.337   CNC 10   INF   Production -> 50 of 300
2020-02-01 23:13:52.543   CNC 10   INF   Processing takes 205.684415ms
2020-02-01 23:13:52.543   CNC 10   INF   Sleeping for 9.794191765s
2020-02-01 23:14:02.342   CNC 10   INF   Device still active
2020-02-01 23:14:02.343   CNC 10   INF   Production -> 51 of 300
2020-02-01 23:14:02.504   CNC 10   INF   Processing takes 161.476068ms
2020-02-01 23:14:02.504   CNC 10   INF   Sleeping for 9.838392458s
2020-02-01 23:14:12.347   CNC 10   INF   Device still active
2020-02-01 23:14:12.348   CNC 10   INF   Production -> 52 of 300
2020-02-01 23:14:12.545   CNC 10   INF   Processing takes 198.20446ms
2020-02-01 23:14:12.545   CNC 10   INF   Sleeping for 9.801691189s
2020-02-01 23:14:22.349   CNC 10   INF   Device still active
2020-02-01 23:14:22.350   CNC 10   INF   Production -> 53 of 300
2020-02-01 23:14:22.557   CNC 10   INF   Processing takes 208.333477ms
2020-02-01 23:14:22.558   CNC 10   INF   Sleeping for 9.79153987s
2020-02-01 23:14:32.350   CNC 10   INF   Device still active
2020-02-01 23:14:32.350   CNC 10   INF   Production -> 54 of 300
2020-02-01 23:14:32.549   CNC 10   INF   Processing takes 199.017487ms
2020-02-01 23:14:32.549   CNC 10   INF   Sleeping for 9.800893669s
2020-02-01 23:14:42.356   CNC 10   INF   Device still active
2020-02-01 23:14:42.356   CNC 10   INF   Production -> 55 of 300
2020-02-01 23:14:42.590   CNC 10   INF   Processing takes 234.417694ms
2020-02-01 23:14:42.590   CNC 10   INF   Sleeping for 9.765489354s
2020-02-01 23:14:52.360   CNC 10   INF   Device still active
2020-02-01 23:14:52.361   CNC 10   INF   Production -> 56 of 300
2020-02-01 23:14:52.518   CNC 10   INF   Processing takes 157.364216ms
2020-02-01 23:14:52.519   CNC 10   INF   Sleeping for 9.842226531s
2020-02-01 23:15:02.366   CNC 10   INF   Device still active
2020-02-01 23:15:02.366   CNC 10   INF   Production -> 57 of 300
2020-02-01 23:15:02.629   CNC 10   INF   Processing takes 263.146673ms
2020-02-01 23:15:02.629   CNC 10   INF   Sleeping for 9.736710635s
2020-02-01 23:15:12.367   CNC 10   INF   Device still active
2020-02-01 23:15:12.368   CNC 10   INF   Production -> 58 of 300
2020-02-01 23:15:12.658   CNC 10   INF   Processing takes 290.37943ms
2020-02-01 23:15:12.658   CNC 10   INF   Sleeping for 9.709489731s
2020-02-01 23:15:22.368   CNC 10   INF   Device still active
2020-02-01 23:15:22.368   CNC 10   INF   Production -> 59 of 300
2020-02-01 23:15:22.581   CNC 10   INF   Processing takes 213.576001ms
2020-02-01 23:15:22.582   CNC 10   INF   Sleeping for 9.786161779s
2020-02-01 23:15:32.371   CNC 10   INF   Device still active
2020-02-01 23:15:32.371   CNC 10   INF   Production -> 60 of 300
2020-02-01 23:15:32.588   CNC 10   INF   Processing takes 216.618972ms
2020-02-01 23:15:32.588   CNC 10   INF   Sleeping for 9.783215889s
2020-02-01 23:15:42.372   CNC 10   INF   Device still active
2020-02-01 23:15:42.372   CNC 10   INF   Production -> 61 of 300
2020-02-01 23:15:42.566   CNC 10   INF   Processing takes 193.623641ms
2020-02-01 23:15:42.566   CNC 10   INF   Sleeping for 9.806277428s
