2020-02-02 07:52:55.144   CNC 17   INF   Device started running
2020-02-02 07:52:55.144   CNC 17   INF   Device directory exists
2020-02-02 07:52:55.145   CNC 17   INF   Downtime -> 0 of 150
2020-02-02 07:52:55.174   CNC 17   INF   Processing takes 29.670762ms
2020-02-02 07:52:55.174   CNC 17   INF   Sleeping for 9.970198223s
2020-02-02 07:53:05.146   CNC 17   INF   Device still active
2020-02-02 07:53:05.146   CNC 17   INF   Downtime -> 1 of 150
2020-02-02 07:53:05.317   CNC 17   INF   Processing takes 171.348798ms
2020-02-02 07:53:05.317   CNC 17   INF   Sleeping for 9.828431383s
2020-02-02 07:53:15.146   CNC 17   INF   Device still active
2020-02-02 07:53:15.146   CNC 17   INF   Downtime -> 2 of 150
2020-02-02 07:53:15.610   CNC 17   INF   Processing takes 463.256644ms
2020-02-02 07:53:15.610   CNC 17   INF   Sleeping for 9.536602942s
2020-02-02 07:53:25.146   CNC 17   INF   Device still active
2020-02-02 07:53:25.147   CNC 17   INF   Downtime -> 3 of 150
2020-02-02 07:53:25.324   CNC 17   INF   Processing takes 176.957929ms
2020-02-02 07:53:25.324   CNC 17   INF   Sleeping for 9.822893367s
2020-02-02 07:53:35.147   CNC 17   INF   Device still active
2020-02-02 07:53:35.147   CNC 17   INF   Downtime -> 4 of 150
2020-02-02 07:53:35.251   CNC 17   INF   Processing takes 103.376268ms
2020-02-02 07:53:35.251   CNC 17   INF   Sleeping for 9.896458492s
2020-02-02 07:53:45.148   CNC 17   INF   Device still active
2020-02-02 07:53:45.149   CNC 17   INF   Downtime -> 5 of 150
2020-02-02 07:53:45.277   CNC 17   INF   Processing takes 128.082757ms
2020-02-02 07:53:45.277   CNC 17   INF   Sleeping for 9.871742155s
2020-02-02 07:53:55.149   CNC 17   INF   Device still active
2020-02-02 07:53:55.150   CNC 17   INF   Downtime -> 6 of 150
2020-02-02 07:53:55.301   CNC 17   INF   Processing takes 152.072169ms
2020-02-02 07:53:55.301   CNC 17   INF   Sleeping for 9.847809382s
2020-02-02 07:54:05.150   CNC 17   INF   Device still active
2020-02-02 07:54:05.150   CNC 17   INF   Downtime -> 7 of 150
2020-02-02 07:54:05.276   CNC 17   INF   Processing takes 126.458038ms
2020-02-02 07:54:05.277   CNC 17   INF   Sleeping for 9.873348067s
2020-02-02 07:54:15.150   CNC 17   INF   Device still active
2020-02-02 07:54:15.150   CNC 17   INF   Downtime -> 8 of 150
2020-02-02 07:54:15.385   CNC 17   INF   Processing takes 234.256264ms
2020-02-02 07:54:15.385   CNC 17   INF   Sleeping for 9.765631121s
2020-02-02 07:54:25.152   CNC 17   INF   Device still active
2020-02-02 07:54:25.152   CNC 17   INF   Downtime -> 9 of 150
2020-02-02 07:54:25.263   CNC 17   INF   Processing takes 110.945753ms
2020-02-02 07:54:25.263   CNC 17   INF   Sleeping for 9.888936347s
2020-02-02 07:54:35.156   CNC 17   INF   Device still active
2020-02-02 07:54:35.156   CNC 17   INF   Downtime -> 10 of 150
2020-02-02 07:54:35.273   CNC 17   INF   Processing takes 117.568166ms
2020-02-02 07:54:35.273   CNC 17   INF   Sleeping for 9.882340474s
2020-02-02 07:54:45.159   CNC 17   INF   Device still active
2020-02-02 07:54:45.159   CNC 17   INF   Downtime -> 11 of 150
2020-02-02 07:54:45.375   CNC 17   INF   Processing takes 216.259103ms
2020-02-02 07:54:45.375   CNC 17   INF   Sleeping for 9.783546984s
2020-02-02 07:54:55.159   CNC 17   INF   Device still active
2020-02-02 07:54:55.159   CNC 17   INF   Downtime -> 12 of 150
2020-02-02 07:54:55.406   CNC 17   INF   Processing takes 246.424619ms
2020-02-02 07:54:55.406   CNC 17   INF   Sleeping for 9.753174463s
2020-02-02 07:55:05.163   CNC 17   INF   Device still active
2020-02-02 07:55:05.163   CNC 17   INF   Downtime -> 13 of 150
2020-02-02 07:55:05.311   CNC 17   INF   Processing takes 147.627729ms
2020-02-02 07:55:05.311   CNC 17   INF   Sleeping for 9.852151263s
2020-02-02 07:55:15.167   CNC 17   INF   Device still active
2020-02-02 07:55:15.167   CNC 17   INF   Downtime -> 14 of 150
2020-02-02 07:55:15.311   CNC 17   INF   Processing takes 143.933507ms
2020-02-02 07:55:15.311   CNC 17   INF   Sleeping for 9.855924113s
2020-02-02 07:55:25.168   CNC 17   INF   Device still active
2020-02-02 07:55:25.168   CNC 17   INF   Downtime -> 15 of 150
2020-02-02 07:55:25.335   CNC 17   INF   Processing takes 167.225344ms
2020-02-02 07:55:25.336   CNC 17   INF   Sleeping for 9.832535132s
2020-02-02 07:55:35.171   CNC 17   INF   Device still active
2020-02-02 07:55:35.171   CNC 17   INF   Downtime -> 16 of 150
2020-02-02 07:55:35.324   CNC 17   INF   Processing takes 152.162228ms
2020-02-02 07:55:35.324   CNC 17   INF   Sleeping for 9.847692359s
2020-02-02 07:55:45.172   CNC 17   INF   Device still active
2020-02-02 07:55:45.172   CNC 17   INF   Downtime -> 17 of 150
2020-02-02 07:55:45.630   CNC 17   INF   Processing takes 457.69283ms
2020-02-02 07:55:45.630   CNC 17   INF   Sleeping for 9.542167216s
2020-02-02 07:55:55.174   CNC 17   INF   Device still active
2020-02-02 07:55:55.174   CNC 17   INF   Downtime -> 18 of 150
2020-02-02 07:55:55.323   CNC 17   INF   Processing takes 148.921459ms
2020-02-02 07:55:55.324   CNC 17   INF   Sleeping for 9.850717316s
2020-02-02 07:58:28.510   CNC 17   INF   Device started running
2020-02-02 07:58:28.511   CNC 17   INF   Device directory exists
2020-02-02 07:58:28.512   CNC 17   INF   Production -> 0 of 300
2020-02-02 07:58:28.956   CNC 17   INF   Processing takes 444.855895ms
2020-02-02 07:58:28.956   CNC 17   INF   Sleeping for 9.55503387s
2020-02-02 07:58:38.515   CNC 17   INF   Device still active
2020-02-02 07:58:38.515   CNC 17   INF   Production -> 1 of 300
2020-02-02 07:58:38.821   CNC 17   INF   Processing takes 305.706109ms
2020-02-02 07:58:38.821   CNC 17   INF   Sleeping for 9.69415855s
2020-02-02 07:58:48.517   CNC 17   INF   Device still active
2020-02-02 07:58:48.518   CNC 17   INF   Production -> 2 of 300
2020-02-02 07:58:48.773   CNC 17   INF   Processing takes 256.246539ms
2020-02-02 07:58:48.774   CNC 17   INF   Sleeping for 9.743528734s
2020-02-02 07:58:58.523   CNC 17   INF   Device still active
2020-02-02 07:58:58.525   CNC 17   INF   Production -> 3 of 300
2020-02-02 07:58:58.774   CNC 17   INF   Processing takes 251.161013ms
2020-02-02 07:58:58.774   CNC 17   INF   Sleeping for 9.748722243s
2020-02-02 07:59:08.523   CNC 17   INF   Device still active
2020-02-02 07:59:08.524   CNC 17   INF   Production -> 4 of 300
2020-02-02 07:59:08.723   CNC 17   INF   Processing takes 199.772083ms
2020-02-02 07:59:08.723   CNC 17   INF   Sleeping for 9.800118563s
2020-02-02 07:59:18.526   CNC 17   INF   Device still active
2020-02-02 07:59:18.526   CNC 17   INF   Production -> 5 of 300
2020-02-02 07:59:18.742   CNC 17   INF   Processing takes 215.654285ms
2020-02-02 07:59:18.742   CNC 17   INF   Sleeping for 9.784227184s
2020-02-02 08:00:07.532   CNC 17   INF   Device started running
2020-02-02 08:00:07.533   CNC 17   INF   Device directory exists
2020-02-02 08:00:07.533   CNC 17   INF   Downtime -> 0 of 150
2020-02-02 08:00:07.685   CNC 17   INF   Processing takes 151.371608ms
2020-02-02 08:00:07.685   CNC 17   INF   Sleeping for 9.848183135s
2020-02-02 08:00:17.538   CNC 17   INF   Device still active
2020-02-02 08:00:17.539   CNC 17   INF   Downtime -> 1 of 150
2020-02-02 08:00:17.831   CNC 17   INF   Processing takes 291.931232ms
2020-02-02 08:00:17.831   CNC 17   INF   Sleeping for 9.707773317s
2020-02-02 08:00:27.543   CNC 17   INF   Device still active
2020-02-02 08:00:27.543   CNC 17   INF   Downtime -> 2 of 150
2020-02-02 08:00:27.785   CNC 17   INF   Processing takes 241.974663ms
2020-02-02 08:00:27.786   CNC 17   INF   Sleeping for 9.757778629s
2020-02-02 08:00:37.544   CNC 17   INF   Device still active
2020-02-02 08:00:37.544   CNC 17   INF   Downtime -> 3 of 150
2020-02-02 08:00:37.795   CNC 17   INF   Processing takes 250.873157ms
2020-02-02 08:00:37.795   CNC 17   INF   Sleeping for 9.748848488s
2020-02-02 08:00:47.545   CNC 17   INF   Device still active
2020-02-02 08:00:47.546   CNC 17   INF   Downtime -> 4 of 150
2020-02-02 08:00:47.724   CNC 17   INF   Processing takes 178.475641ms
2020-02-02 08:00:47.725   CNC 17   INF   Sleeping for 9.820631992s
2020-02-02 08:00:57.546   CNC 17   INF   Device still active
2020-02-02 08:00:57.547   CNC 17   INF   Downtime -> 5 of 150
2020-02-02 08:00:57.910   CNC 17   INF   Processing takes 362.452266ms
2020-02-02 08:00:57.910   CNC 17   INF   Sleeping for 9.637390508s
2020-02-02 08:01:07.548   CNC 17   INF   Device still active
2020-02-02 08:01:07.549   CNC 17   INF   Downtime -> 6 of 150
2020-02-02 08:01:07.967   CNC 17   INF   Processing takes 417.872326ms
2020-02-02 08:01:07.967   CNC 17   INF   Sleeping for 9.581858083s
2020-02-02 08:01:17.549   CNC 17   INF   Device still active
2020-02-02 08:01:17.549   CNC 17   INF   Downtime -> 7 of 150
2020-02-02 08:01:17.714   CNC 17   INF   Processing takes 164.326172ms
2020-02-02 08:01:17.714   CNC 17   INF   Sleeping for 9.83540676s
2020-02-02 08:01:27.551   CNC 17   INF   Device still active
2020-02-02 08:01:27.551   CNC 17   INF   Downtime -> 8 of 150
2020-02-02 08:01:27.744   CNC 17   INF   Processing takes 192.906139ms
2020-02-02 08:01:27.744   CNC 17   INF   Sleeping for 9.806996391s
2020-02-02 08:01:37.551   CNC 17   INF   Device still active
2020-02-02 08:01:37.551   CNC 17   INF   Downtime -> 9 of 150
2020-02-02 08:01:37.759   CNC 17   INF   Processing takes 208.082349ms
2020-02-02 08:01:37.760   CNC 17   INF   Sleeping for 9.791445837s
2020-02-02 08:01:47.552   CNC 17   INF   Device still active
2020-02-02 08:01:47.553   CNC 17   INF   Downtime -> 10 of 150
2020-02-02 08:01:47.775   CNC 17   INF   Processing takes 222.725924ms
2020-02-02 08:01:47.775   CNC 17   INF   Sleeping for 9.777109758s
2020-02-02 08:03:09.332   CNC 17   INF   Device started running
2020-02-02 08:03:09.333   CNC 17   INF   Device directory exists
2020-02-02 08:03:09.334   CNC 17   INF   Production -> 0 of 300
2020-02-02 08:03:09.525   CNC 17   INF   Processing takes 191.808395ms
2020-02-02 08:03:09.525   CNC 17   INF   Sleeping for 9.80806119s
2020-02-02 08:03:19.339   CNC 17   INF   Device still active
2020-02-02 08:03:19.340   CNC 17   INF   Production -> 1 of 300
2020-02-02 08:03:20.201   CNC 17   INF   Processing takes 861.857579ms
2020-02-02 08:03:20.201   CNC 17   INF   Sleeping for 9.137990852s
2020-02-02 08:03:29.342   CNC 17   INF   Device still active
2020-02-02 08:03:29.343   CNC 17   INF   Production -> 2 of 300
2020-02-02 08:03:29.718   CNC 17   INF   Processing takes 375.132796ms
2020-02-02 08:03:29.718   CNC 17   INF   Sleeping for 9.623806697s
2020-02-02 08:03:39.343   CNC 17   INF   Device still active
2020-02-02 08:03:39.344   CNC 17   INF   Production -> 3 of 300
2020-02-02 08:03:39.660   CNC 17   INF   Processing takes 316.295371ms
2020-02-02 08:03:39.660   CNC 17   INF   Sleeping for 9.683536329s
2020-02-02 08:03:49.344   CNC 17   INF   Device still active
2020-02-02 08:03:49.344   CNC 17   INF   Production -> 4 of 300
2020-02-02 08:03:49.591   CNC 17   INF   Processing takes 247.156718ms
2020-02-02 08:03:49.591   CNC 17   INF   Sleeping for 9.752704328s
2020-02-02 08:03:59.344   CNC 17   INF   Device still active
2020-02-02 08:03:59.344   CNC 17   INF   Production -> 5 of 300
2020-02-02 08:03:59.522   CNC 17   INF   Processing takes 178.125522ms
2020-02-02 08:03:59.522   CNC 17   INF   Sleeping for 9.821769172s
2020-02-02 08:04:09.348   CNC 17   INF   Device still active
2020-02-02 08:04:09.348   CNC 17   INF   Production -> 6 of 300
2020-02-02 08:04:09.595   CNC 17   INF   Processing takes 246.740346ms
2020-02-02 08:04:09.595   CNC 17   INF   Sleeping for 9.752888469s
2020-02-02 08:04:19.348   CNC 17   INF   Device still active
2020-02-02 08:04:19.349   CNC 17   INF   Production -> 7 of 300
2020-02-02 08:04:19.656   CNC 17   INF   Processing takes 307.917612ms
2020-02-02 08:04:19.657   CNC 17   INF   Sleeping for 9.69192505s
2020-02-02 08:04:29.349   CNC 17   INF   Device still active
2020-02-02 08:04:29.349   CNC 17   INF   Production -> 8 of 300
2020-02-02 08:04:29.623   CNC 17   INF   Processing takes 273.561829ms
2020-02-02 08:04:29.623   CNC 17   INF   Sleeping for 9.726277688s
2020-02-02 08:04:39.350   CNC 17   INF   Device still active
2020-02-02 08:04:39.351   CNC 17   INF   Production -> 9 of 300
2020-02-02 08:04:39.617   CNC 17   INF   Processing takes 266.413675ms
2020-02-02 08:04:39.617   CNC 17   INF   Sleeping for 9.733110797s
2020-02-02 08:04:49.354   CNC 17   INF   Device still active
2020-02-02 08:04:49.355   CNC 17   INF   Production -> 10 of 300
2020-02-02 08:04:49.678   CNC 17   INF   Processing takes 323.417289ms
2020-02-02 08:04:49.678   CNC 17   INF   Sleeping for 9.676481596s
2020-02-02 08:04:59.356   CNC 17   INF   Device still active
2020-02-02 08:04:59.359   CNC 17   INF   Production -> 11 of 300
2020-02-02 08:04:59.713   CNC 17   INF   Processing takes 356.933756ms
2020-02-02 08:04:59.713   CNC 17   INF   Sleeping for 9.642914317s
2020-02-02 08:05:09.357   CNC 17   INF   Device still active
2020-02-02 08:05:09.357   CNC 17   INF   Production -> 12 of 300
2020-02-02 08:05:09.627   CNC 17   INF   Processing takes 269.358825ms
2020-02-02 08:05:09.627   CNC 17   INF   Sleeping for 9.730437672s
2020-02-02 08:05:19.360   CNC 17   INF   Device still active
2020-02-02 08:05:19.360   CNC 17   INF   Production -> 13 of 300
2020-02-02 08:05:19.647   CNC 17   INF   Processing takes 286.232142ms
2020-02-02 08:05:19.647   CNC 17   INF   Sleeping for 9.713517261s
2020-02-02 08:05:29.363   CNC 17   INF   Device still active
2020-02-02 08:05:29.363   CNC 17   INF   Production -> 14 of 300
2020-02-02 08:05:29.756   CNC 17   INF   Processing takes 393.384265ms
2020-02-02 08:05:29.757   CNC 17   INF   Sleeping for 9.606494019s
2020-02-02 08:05:39.368   CNC 17   INF   Device still active
2020-02-02 08:05:39.368   CNC 17   INF   Production -> 15 of 300
2020-02-02 08:05:39.620   CNC 17   INF   Processing takes 251.23498ms
2020-02-02 08:05:39.620   CNC 17   INF   Sleeping for 9.748007777s
2020-02-02 08:05:49.372   CNC 17   INF   Device still active
2020-02-02 08:05:49.373   CNC 17   INF   Production -> 16 of 300
2020-02-02 08:05:49.799   CNC 17   INF   Processing takes 426.818494ms
2020-02-02 08:05:49.799   CNC 17   INF   Sleeping for 9.57303983s
2020-02-02 08:05:59.373   CNC 17   INF   Device still active
2020-02-02 08:05:59.373   CNC 17   INF   Production -> 17 of 300
2020-02-02 08:05:59.672   CNC 17   INF   Processing takes 298.68427ms
2020-02-02 08:05:59.672   CNC 17   INF   Sleeping for 9.701079413s
2020-02-02 08:06:09.373   CNC 17   INF   Device still active
2020-02-02 08:06:09.374   CNC 17   INF   Production -> 18 of 300
2020-02-02 08:06:09.567   CNC 17   INF   Processing takes 193.536166ms
2020-02-02 08:06:09.567   CNC 17   INF   Sleeping for 9.806328435s
2020-02-02 08:06:19.374   CNC 17   INF   Device still active
2020-02-02 08:06:19.374   CNC 17   INF   Production -> 19 of 300
2020-02-02 08:06:19.497   CNC 17   INF   Processing takes 123.142291ms
2020-02-02 08:06:19.497   CNC 17   INF   Sleeping for 9.876530996s
2020-02-02 08:06:29.379   CNC 17   INF   Device still active
2020-02-02 08:06:29.379   CNC 17   INF   Production -> 20 of 300
2020-02-02 08:06:29.584   CNC 17   INF   Processing takes 205.303613ms
2020-02-02 08:06:29.584   CNC 17   INF   Sleeping for 9.794480363s
2020-02-02 08:06:39.379   CNC 17   INF   Device still active
2020-02-02 08:06:39.379   CNC 17   INF   Production -> 21 of 300
2020-02-02 08:06:39.564   CNC 17   INF   Processing takes 184.709251ms
2020-02-02 08:06:39.564   CNC 17   INF   Sleeping for 9.81518348s
2020-02-02 08:06:49.380   CNC 17   INF   Device still active
2020-02-02 08:06:49.380   CNC 17   INF   Production -> 22 of 300
2020-02-02 08:06:49.654   CNC 17   INF   Processing takes 274.17111ms
2020-02-02 08:06:49.654   CNC 17   INF   Sleeping for 9.725707776s
2020-02-02 08:06:59.385   CNC 17   INF   Device still active
2020-02-02 08:06:59.385   CNC 17   INF   Production -> 23 of 300
2020-02-02 08:06:59.617   CNC 17   INF   Processing takes 231.859803ms
2020-02-02 08:06:59.617   CNC 17   INF   Sleeping for 9.767995172s
2020-02-02 08:07:09.385   CNC 17   INF   Device still active
2020-02-02 08:07:09.385   CNC 17   INF   Production -> 24 of 300
2020-02-02 08:07:09.555   CNC 17   INF   Processing takes 169.685583ms
2020-02-02 08:07:09.555   CNC 17   INF   Sleeping for 9.830136685s
2020-02-02 08:07:19.387   CNC 17   INF   Device still active
2020-02-02 08:07:19.388   CNC 17   INF   Production -> 25 of 300
2020-02-02 08:07:19.786   CNC 17   INF   Processing takes 398.576251ms
2020-02-02 08:07:19.786   CNC 17   INF   Sleeping for 9.60112321s
2020-02-02 08:07:29.390   CNC 17   INF   Device still active
2020-02-02 08:07:29.390   CNC 17   INF   Production -> 26 of 300
2020-02-02 08:07:29.598   CNC 17   INF   Processing takes 208.400238ms
2020-02-02 08:07:29.599   CNC 17   INF   Sleeping for 9.791471793s
2020-02-02 08:07:39.391   CNC 17   INF   Device still active
2020-02-02 08:07:39.392   CNC 17   INF   Production -> 27 of 300
2020-02-02 08:07:39.836   CNC 17   INF   Processing takes 444.200789ms
2020-02-02 08:07:39.836   CNC 17   INF   Sleeping for 9.555559723s
2020-02-02 08:07:49.394   CNC 17   INF   Device still active
2020-02-02 08:07:49.394   CNC 17   INF   Production -> 28 of 300
2020-02-02 08:07:49.756   CNC 17   INF   Processing takes 361.771151ms
2020-02-02 08:07:49.756   CNC 17   INF   Sleeping for 9.638054971s
2020-02-02 08:07:59.396   CNC 17   INF   Device still active
2020-02-02 08:07:59.396   CNC 17   INF   Production -> 29 of 300
2020-02-02 08:07:59.645   CNC 17   INF   Processing takes 249.40693ms
2020-02-02 08:07:59.645   CNC 17   INF   Sleeping for 9.750407172s
2020-02-02 08:08:09.396   CNC 17   INF   Device still active
2020-02-02 08:08:09.397   CNC 17   INF   Production -> 30 of 300
2020-02-02 08:08:09.606   CNC 17   INF   Processing takes 209.217021ms
2020-02-02 08:08:09.606   CNC 17   INF   Sleeping for 9.790695596s
2020-02-02 08:08:19.399   CNC 17   INF   Device still active
2020-02-02 08:08:19.400   CNC 17   INF   Production -> 31 of 300
2020-02-02 08:08:19.595   CNC 17   INF   Processing takes 195.3686ms
2020-02-02 08:08:19.595   CNC 17   INF   Sleeping for 9.804462387s
2020-02-02 08:08:29.401   CNC 17   INF   Device still active
2020-02-02 08:08:29.401   CNC 17   INF   Production -> 32 of 300
2020-02-02 08:08:29.422   CNC 17   INF   Processing takes 21.272223ms
2020-02-02 08:08:29.422   CNC 17   INF   Sleeping for 9.978671092s
2020-02-02 08:08:39.404   CNC 17   INF   Device still active
2020-02-02 08:08:39.404   CNC 17   INF   Production -> 33 of 300
2020-02-02 08:08:40.713   CNC 17   INF   Processing takes 1.308837299s
2020-02-02 08:08:40.713   CNC 17   INF   Sleeping for 8.690962671s
2020-02-02 08:08:49.408   CNC 17   INF   Device still active
2020-02-02 08:08:49.409   CNC 17   INF   Production -> 34 of 300
2020-02-02 08:08:50.728   CNC 17   INF   Processing takes 1.318474176s
2020-02-02 08:08:50.728   CNC 17   INF   Sleeping for 8.680463258s
2020-02-02 08:12:09.380   CNC 17   INF   Device started running
2020-02-02 08:12:09.381   CNC 17   INF   Device directory exists
2020-02-02 08:12:09.381   CNC 17   INF   Poweroff -> 0 of 150
2020-02-02 08:12:09.381   CNC 17   INF   Processing takes 117.259µs
2020-02-02 08:12:09.381   CNC 17   INF   Sleeping for 9.999732179s
2020-02-02 08:12:19.387   CNC 17   INF   Device still active
2020-02-02 08:12:19.388   CNC 17   INF   Poweroff -> 1 of 150
2020-02-02 08:12:19.388   CNC 17   INF   Processing takes 264.384µs
2020-02-02 08:12:19.388   CNC 17   INF   Sleeping for 9.999441102s
2020-02-02 08:12:29.392   CNC 17   INF   Device still active
2020-02-02 08:12:29.393   CNC 17   INF   Poweroff -> 2 of 150
2020-02-02 08:12:29.393   CNC 17   INF   Processing takes 690.789µs
2020-02-02 08:12:29.393   CNC 17   INF   Sleeping for 9.999148147s
2020-02-02 08:12:39.397   CNC 17   INF   Device still active
2020-02-02 08:12:39.397   CNC 17   INF   Poweroff -> 3 of 150
2020-02-02 08:12:39.398   CNC 17   INF   Processing takes 295.908µs
2020-02-02 08:12:39.398   CNC 17   INF   Sleeping for 9.998579574s
2020-02-02 08:12:49.401   CNC 17   INF   Device still active
2020-02-02 08:12:49.401   CNC 17   INF   Poweroff -> 4 of 150
2020-02-02 08:12:49.401   CNC 17   INF   Processing takes 227.722µs
2020-02-02 08:12:49.401   CNC 17   INF   Sleeping for 9.99951437s
2020-02-02 08:12:59.404   CNC 17   INF   Device still active
2020-02-02 08:12:59.404   CNC 17   INF   Poweroff -> 5 of 150
2020-02-02 08:12:59.404   CNC 17   INF   Processing takes 306.818µs
2020-02-02 08:12:59.404   CNC 17   INF   Sleeping for 9.999483065s
2020-02-02 08:13:09.407   CNC 17   INF   Device still active
2020-02-02 08:13:09.408   CNC 17   INF   Poweroff -> 6 of 150
2020-02-02 08:13:09.408   CNC 17   INF   Processing takes 349.712µs
2020-02-02 08:13:09.408   CNC 17   INF   Sleeping for 9.999201971s
2020-02-02 08:13:19.411   CNC 17   INF   Device still active
2020-02-02 08:13:19.412   CNC 17   INF   Poweroff -> 7 of 150
2020-02-02 08:13:19.412   CNC 17   INF   Processing takes 327.186µs
2020-02-02 08:13:19.412   CNC 17   INF   Sleeping for 9.99931768s
2020-02-02 08:13:29.414   CNC 17   INF   Device still active
2020-02-02 08:13:29.415   CNC 17   INF   Poweroff -> 8 of 150
2020-02-02 08:13:29.415   CNC 17   INF   Processing takes 353.225µs
2020-02-02 08:13:29.416   CNC 17   INF   Sleeping for 9.999205034s
2020-02-02 08:13:39.416   CNC 17   INF   Device still active
2020-02-02 08:13:39.416   CNC 17   INF   Poweroff -> 9 of 150
2020-02-02 08:13:39.416   CNC 17   INF   Processing takes 272.396µs
2020-02-02 08:13:39.416   CNC 17   INF   Sleeping for 9.999608513s
2020-02-02 08:13:49.417   CNC 17   INF   Device still active
2020-02-02 08:13:49.419   CNC 17   INF   Poweroff -> 10 of 150
2020-02-02 08:13:49.420   CNC 17   INF   Processing takes 1.23879ms
2020-02-02 08:13:49.420   CNC 17   INF   Sleeping for 9.997877988s
2020-02-02 08:13:59.421   CNC 17   INF   Device still active
2020-02-02 08:13:59.422   CNC 17   INF   Poweroff -> 11 of 150
2020-02-02 08:13:59.422   CNC 17   INF   Processing takes 760.057µs
2020-02-02 08:13:59.422   CNC 17   INF   Sleeping for 9.999010225s
2020-02-02 08:14:09.422   CNC 17   INF   Device still active
2020-02-02 08:14:09.423   CNC 17   INF   Poweroff -> 12 of 150
2020-02-02 08:14:09.423   CNC 17   INF   Processing takes 1.079844ms
2020-02-02 08:14:09.423   CNC 17   INF   Sleeping for 9.998793003s
2020-02-02 08:14:19.428   CNC 17   INF   Device still active
2020-02-02 08:14:19.428   CNC 17   INF   Poweroff -> 13 of 150
2020-02-02 08:14:19.430   CNC 17   INF   Processing takes 471.754µs
2020-02-02 08:14:19.431   CNC 17   INF   Sleeping for 9.997172078s
2020-02-02 08:14:29.428   CNC 17   INF   Device still active
2020-02-02 08:14:29.429   CNC 17   INF   Poweroff -> 14 of 150
2020-02-02 08:14:29.429   CNC 17   INF   Processing takes 468.483µs
2020-02-02 08:14:29.430   CNC 17   INF   Sleeping for 9.999213305s
2020-02-02 11:11:35.761   CNC 17   INF   Device started running
2020-02-02 11:11:35.762   CNC 17   INF   Device directory exists
2020-02-02 11:11:35.762   CNC 17   INF   Production -> 0 of 300
2020-02-02 11:11:35.994   CNC 17   INF   Processing takes 231.845091ms
2020-02-02 11:11:35.994   CNC 17   INF   Sleeping for 9.767765064s
2020-02-02 11:13:42.723   CNC 17   INF   Device started running
2020-02-02 11:13:42.724   CNC 17   INF   Device directory exists
2020-02-02 11:13:42.724   CNC 17   INF   Production -> 0 of 300
2020-02-02 11:13:42.994   CNC 17   INF   Processing takes 270.059629ms
2020-02-02 11:13:42.994   CNC 17   INF   Sleeping for 9.729561538s
2020-02-02 11:14:02.294   CNC 17   INF   Device started running
2020-02-02 11:14:02.294   CNC 17   INF   Device directory exists
2020-02-02 11:14:02.295   CNC 17   INF   Production -> 0 of 300
2020-02-02 11:14:02.516   CNC 17   INF   Processing takes 221.850742ms
2020-02-02 11:14:02.517   CNC 17   INF   Sleeping for 9.777760487s
2020-02-02 11:17:38.054   CNC 17   INF   Device started running
2020-02-02 11:17:38.055   CNC 17   INF   Device directory exists
2020-02-02 11:17:38.055   CNC 17   INF   Poweroff -> 0 of 150
2020-02-02 11:17:38.056   CNC 17   INF   Processing takes 90.901µs
2020-02-02 11:17:38.056   CNC 17   INF   Sleeping for 9.999763288s
2020-02-02 11:19:37.131   CNC 17   INF   Device started running
2020-02-02 11:19:37.132   CNC 17   INF   Device directory exists
2020-02-02 11:19:37.132   CNC 17   INF   Downtime -> 0 of 150
2020-02-02 11:19:37.348   CNC 17   INF   Processing takes 216.611692ms
2020-02-02 11:19:37.348   CNC 17   INF   Sleeping for 9.783243183s
2020-02-02 11:20:19.117   CNC 17   INF   Device started running
2020-02-02 11:20:19.118   CNC 17   INF   Device directory exists
2020-02-02 11:20:19.118   CNC 17   INF   Downtime -> 0 of 150
2020-02-02 11:20:19.279   CNC 17   INF   Processing takes 161.428026ms
2020-02-02 11:20:19.279   CNC 17   INF   Sleeping for 9.838434829s
