2020-02-02 07:52:55.143   CNC 19   INF   Device started running
2020-02-02 07:52:55.143   CNC 19   INF   Device directory exists
2020-02-02 07:52:55.144   CNC 19   INF   Production -> 0 of 300
2020-02-02 07:52:55.406   CNC 19   INF   Processing takes 262.445213ms
2020-02-02 07:52:55.406   CNC 19   INF   Sleeping for 9.737383057s
2020-02-02 07:53:05.144   CNC 19   INF   Device still active
2020-02-02 07:53:05.144   CNC 19   INF   Production -> 1 of 300
2020-02-02 07:53:05.442   CNC 19   INF   Processing takes 298.569416ms
2020-02-02 07:53:05.442   CNC 19   INF   Sleeping for 9.70127945s
2020-02-02 07:53:15.144   CNC 19   INF   Device still active
2020-02-02 07:53:15.144   CNC 19   INF   Production -> 2 of 300
2020-02-02 07:53:15.565   CNC 19   INF   Processing takes 420.684941ms
2020-02-02 07:53:15.565   CNC 19   INF   Sleeping for 9.578990811s
2020-02-02 07:53:25.145   CNC 19   INF   Device still active
2020-02-02 07:53:25.145   CNC 19   INF   Production -> 3 of 300
2020-02-02 07:53:25.363   CNC 19   INF   Processing takes 217.775685ms
2020-02-02 07:53:25.363   CNC 19   INF   Sleeping for 9.782098448s
2020-02-02 07:53:35.146   CNC 19   INF   Device still active
2020-02-02 07:53:35.146   CNC 19   INF   Production -> 4 of 300
2020-02-02 07:53:35.362   CNC 19   INF   Processing takes 215.325914ms
2020-02-02 07:53:35.363   CNC 19   INF   Sleeping for 9.783902479s
2020-02-02 07:53:45.148   CNC 19   INF   Device still active
2020-02-02 07:53:45.149   CNC 19   INF   Production -> 5 of 300
2020-02-02 07:53:45.394   CNC 19   INF   Processing takes 245.072882ms
2020-02-02 07:53:45.394   CNC 19   INF   Sleeping for 9.754830795s
2020-02-02 07:53:55.149   CNC 19   INF   Device still active
2020-02-02 07:53:55.150   CNC 19   INF   Production -> 6 of 300
2020-02-02 07:53:55.450   CNC 19   INF   Processing takes 300.486476ms
2020-02-02 07:53:55.450   CNC 19   INF   Sleeping for 9.699376043s
2020-02-02 07:54:05.154   CNC 19   INF   Device still active
2020-02-02 07:54:05.154   CNC 19   INF   Production -> 7 of 300
2020-02-02 07:54:05.293   CNC 19   INF   Processing takes 139.110681ms
2020-02-02 07:54:05.293   CNC 19   INF   Sleeping for 9.860760661s
2020-02-02 07:54:15.154   CNC 19   INF   Device still active
2020-02-02 07:54:15.154   CNC 19   INF   Production -> 8 of 300
2020-02-02 07:54:15.390   CNC 19   INF   Processing takes 235.445054ms
2020-02-02 07:54:15.390   CNC 19   INF   Sleeping for 9.763993601s
2020-02-02 07:54:25.155   CNC 19   INF   Device still active
2020-02-02 07:54:25.155   CNC 19   INF   Production -> 9 of 300
2020-02-02 07:54:25.404   CNC 19   INF   Processing takes 248.649065ms
2020-02-02 07:54:25.404   CNC 19   INF   Sleeping for 9.751213586s
2020-02-02 07:54:35.155   CNC 19   INF   Device still active
2020-02-02 07:54:35.155   CNC 19   INF   Production -> 10 of 300
2020-02-02 07:54:35.368   CNC 19   INF   Processing takes 212.263365ms
2020-02-02 07:54:35.368   CNC 19   INF   Sleeping for 9.787576843s
2020-02-02 07:54:45.156   CNC 19   INF   Device still active
2020-02-02 07:54:45.156   CNC 19   INF   Production -> 11 of 300
2020-02-02 07:54:45.427   CNC 19   INF   Processing takes 270.740741ms
2020-02-02 07:54:45.428   CNC 19   INF   Sleeping for 9.728081437s
2020-02-02 07:54:55.158   CNC 19   INF   Device still active
2020-02-02 07:54:55.158   CNC 19   INF   Production -> 12 of 300
2020-02-02 07:54:55.237   CNC 19   INF   Processing takes 79.297851ms
2020-02-02 07:54:55.238   CNC 19   INF   Sleeping for 9.920527201s
2020-02-02 07:55:05.159   CNC 19   INF   Device still active
2020-02-02 07:55:05.159   CNC 19   INF   Production -> 13 of 300
2020-02-02 07:55:05.359   CNC 19   INF   Processing takes 199.746689ms
2020-02-02 07:55:05.359   CNC 19   INF   Sleeping for 9.800160788s
2020-02-02 07:55:15.160   CNC 19   INF   Device still active
2020-02-02 07:55:15.160   CNC 19   INF   Production -> 14 of 300
2020-02-02 07:55:15.282   CNC 19   INF   Processing takes 122.746832ms
2020-02-02 07:55:15.282   CNC 19   INF   Sleeping for 9.877175s
2020-02-02 07:55:25.165   CNC 19   INF   Device still active
2020-02-02 07:55:25.166   CNC 19   INF   Production -> 15 of 300
2020-02-02 07:55:25.429   CNC 19   INF   Processing takes 263.164861ms
2020-02-02 07:55:25.429   CNC 19   INF   Sleeping for 9.736721439s
2020-02-02 07:55:35.169   CNC 19   INF   Device still active
2020-02-02 07:55:35.170   CNC 19   INF   Production -> 16 of 300
2020-02-02 07:55:35.846   CNC 19   INF   Processing takes 677.327757ms
2020-02-02 07:55:35.847   CNC 19   INF   Sleeping for 9.322491857s
2020-02-02 07:55:45.170   CNC 19   INF   Device still active
2020-02-02 07:55:45.171   CNC 19   INF   Production -> 17 of 300
2020-02-02 07:55:45.480   CNC 19   INF   Processing takes 308.823334ms
2020-02-02 07:55:45.480   CNC 19   INF   Sleeping for 9.690402456s
2020-02-02 07:55:55.174   CNC 19   INF   Device still active
2020-02-02 07:55:55.174   CNC 19   INF   Production -> 18 of 300
2020-02-02 07:55:55.400   CNC 19   INF   Processing takes 225.862151ms
2020-02-02 07:55:55.400   CNC 19   INF   Sleeping for 9.773821763s
2020-02-02 07:58:28.510   CNC 19   INF   Device started running
2020-02-02 07:58:28.511   CNC 19   INF   Device directory exists
2020-02-02 07:58:28.512   CNC 19   INF   Production -> 0 of 300
2020-02-02 07:58:28.822   CNC 19   INF   Processing takes 311.226662ms
2020-02-02 07:58:28.822   CNC 19   INF   Sleeping for 9.688665401s
2020-02-02 07:58:38.516   CNC 19   INF   Device still active
2020-02-02 07:58:38.516   CNC 19   INF   Production -> 1 of 300
2020-02-02 07:58:38.907   CNC 19   INF   Processing takes 390.920572ms
2020-02-02 07:58:38.907   CNC 19   INF   Sleeping for 9.608857461s
2020-02-02 07:58:48.517   CNC 19   INF   Device still active
2020-02-02 07:58:48.517   CNC 19   INF   Production -> 2 of 300
2020-02-02 07:58:48.663   CNC 19   INF   Processing takes 145.93025ms
2020-02-02 07:58:48.664   CNC 19   INF   Sleeping for 9.853323008s
2020-02-02 07:58:58.523   CNC 19   INF   Device still active
2020-02-02 07:58:58.523   CNC 19   INF   Production -> 3 of 300
2020-02-02 07:58:58.868   CNC 19   INF   Processing takes 344.872191ms
2020-02-02 07:58:58.868   CNC 19   INF   Sleeping for 9.654997968s
2020-02-02 07:59:08.523   CNC 19   INF   Device still active
2020-02-02 07:59:08.524   CNC 19   INF   Production -> 4 of 300
2020-02-02 07:59:08.666   CNC 19   INF   Processing takes 141.95846ms
2020-02-02 07:59:08.666   CNC 19   INF   Sleeping for 9.857894298s
2020-02-02 07:59:18.527   CNC 19   INF   Device still active
2020-02-02 07:59:18.528   CNC 19   INF   Production -> 5 of 300
2020-02-02 07:59:18.743   CNC 19   INF   Processing takes 216.028107ms
2020-02-02 07:59:18.743   CNC 19   INF   Sleeping for 9.783895591s
2020-02-02 08:00:07.533   CNC 19   INF   Device started running
2020-02-02 08:00:07.533   CNC 19   INF   Device directory exists
2020-02-02 08:00:07.534   CNC 19   INF   Downtime -> 0 of 150
2020-02-02 08:00:07.724   CNC 19   INF   Processing takes 190.990726ms
2020-02-02 08:00:07.724   CNC 19   INF   Sleeping for 9.808768426s
2020-02-02 08:00:17.537   CNC 19   INF   Device still active
2020-02-02 08:00:17.538   CNC 19   INF   Downtime -> 1 of 150
2020-02-02 08:00:17.684   CNC 19   INF   Processing takes 146.210321ms
2020-02-02 08:00:17.684   CNC 19   INF   Sleeping for 9.853655227s
2020-02-02 08:00:27.539   CNC 19   INF   Device still active
2020-02-02 08:00:27.540   CNC 19   INF   Downtime -> 2 of 150
2020-02-02 08:00:27.728   CNC 19   INF   Processing takes 188.295992ms
2020-02-02 08:00:27.728   CNC 19   INF   Sleeping for 9.811536985s
2020-02-02 08:00:37.540   CNC 19   INF   Device still active
2020-02-02 08:00:37.540   CNC 19   INF   Downtime -> 3 of 150
2020-02-02 08:00:37.828   CNC 19   INF   Processing takes 287.836483ms
2020-02-02 08:00:37.829   CNC 19   INF   Sleeping for 9.711328785s
2020-02-02 08:00:47.546   CNC 19   INF   Device still active
2020-02-02 08:00:47.546   CNC 19   INF   Downtime -> 4 of 150
2020-02-02 08:00:47.796   CNC 19   INF   Processing takes 249.899207ms
2020-02-02 08:00:47.796   CNC 19   INF   Sleeping for 9.74993993s
2020-02-02 08:00:57.547   CNC 19   INF   Device still active
2020-02-02 08:00:57.548   CNC 19   INF   Downtime -> 5 of 150
2020-02-02 08:00:58.045   CNC 19   INF   Processing takes 497.320151ms
2020-02-02 08:00:58.046   CNC 19   INF   Sleeping for 9.501475786s
2020-02-02 08:01:07.548   CNC 19   INF   Device still active
2020-02-02 08:01:07.549   CNC 19   INF   Downtime -> 6 of 150
2020-02-02 08:01:08.057   CNC 19   INF   Processing takes 508.428381ms
2020-02-02 08:01:08.057   CNC 19   INF   Sleeping for 9.491381876s
2020-02-02 08:01:17.549   CNC 19   INF   Device still active
2020-02-02 08:01:17.549   CNC 19   INF   Downtime -> 7 of 150
2020-02-02 08:01:17.696   CNC 19   INF   Processing takes 147.071387ms
2020-02-02 08:01:17.697   CNC 19   INF   Sleeping for 9.852741385s
2020-02-02 08:01:27.550   CNC 19   INF   Device still active
2020-02-02 08:01:27.551   CNC 19   INF   Downtime -> 8 of 150
2020-02-02 08:01:27.808   CNC 19   INF   Processing takes 257.526585ms
2020-02-02 08:01:27.808   CNC 19   INF   Sleeping for 9.742343229s
2020-02-02 08:01:37.551   CNC 19   INF   Device still active
2020-02-02 08:01:37.552   CNC 19   INF   Downtime -> 9 of 150
2020-02-02 08:01:37.670   CNC 19   INF   Processing takes 118.746759ms
2020-02-02 08:01:37.670   CNC 19   INF   Sleeping for 9.881137839s
2020-02-02 08:01:47.553   CNC 19   INF   Device still active
2020-02-02 08:01:47.554   CNC 19   INF   Downtime -> 10 of 150
2020-02-02 08:01:47.810   CNC 19   INF   Processing takes 257.361374ms
2020-02-02 08:01:47.811   CNC 19   INF   Sleeping for 9.74208251s
2020-02-02 08:03:09.332   CNC 19   INF   Device started running
2020-02-02 08:03:09.333   CNC 19   INF   Device directory exists
2020-02-02 08:03:09.334   CNC 19   INF   Poweroff -> 0 of 150
2020-02-02 08:03:09.334   CNC 19   INF   Processing takes 271.177µs
2020-02-02 08:03:09.334   CNC 19   INF   Sleeping for 9.999400004s
2020-02-02 08:03:19.339   CNC 19   INF   Device still active
2020-02-02 08:03:19.340   CNC 19   INF   Poweroff -> 1 of 150
2020-02-02 08:03:19.341   CNC 19   INF   Processing takes 1.692245ms
2020-02-02 08:03:19.341   CNC 19   INF   Sleeping for 9.998087185s
2020-02-02 08:03:29.342   CNC 19   INF   Device still active
2020-02-02 08:03:29.342   CNC 19   INF   Poweroff -> 2 of 150
2020-02-02 08:03:29.343   CNC 19   INF   Processing takes 153.196µs
2020-02-02 08:03:29.343   CNC 19   INF   Sleeping for 9.999207593s
2020-02-02 08:03:39.343   CNC 19   INF   Device still active
2020-02-02 08:03:39.343   CNC 19   INF   Poweroff -> 3 of 150
2020-02-02 08:03:39.344   CNC 19   INF   Processing takes 104.156µs
2020-02-02 08:03:39.344   CNC 19   INF   Sleeping for 9.999488569s
2020-02-02 08:03:49.344   CNC 19   INF   Device still active
2020-02-02 08:03:49.344   CNC 19   INF   Poweroff -> 4 of 150
2020-02-02 08:03:49.344   CNC 19   INF   Processing takes 95.798µs
2020-02-02 08:03:49.344   CNC 19   INF   Sleeping for 9.999743726s
2020-02-02 08:03:59.344   CNC 19   INF   Device still active
2020-02-02 08:03:59.344   CNC 19   INF   Poweroff -> 5 of 150
2020-02-02 08:03:59.344   CNC 19   INF   Processing takes 86.898µs
2020-02-02 08:03:59.345   CNC 19   INF   Sleeping for 9.999810396s
2020-02-02 08:04:09.348   CNC 19   INF   Device still active
2020-02-02 08:04:09.348   CNC 19   INF   Poweroff -> 6 of 150
2020-02-02 08:04:09.348   CNC 19   INF   Processing takes 97.613µs
2020-02-02 08:04:09.348   CNC 19   INF   Sleeping for 9.999787428s
2020-02-02 08:04:19.348   CNC 19   INF   Device still active
2020-02-02 08:04:19.349   CNC 19   INF   Poweroff -> 7 of 150
2020-02-02 08:04:19.349   CNC 19   INF   Processing takes 399.35µs
2020-02-02 08:04:19.349   CNC 19   INF   Sleeping for 9.999499173s
2020-02-02 08:04:29.349   CNC 19   INF   Device still active
2020-02-02 08:04:29.349   CNC 19   INF   Poweroff -> 8 of 150
2020-02-02 08:04:29.349   CNC 19   INF   Processing takes 274.767µs
2020-02-02 08:04:29.350   CNC 19   INF   Sleeping for 9.999473164s
2020-02-02 08:04:39.350   CNC 19   INF   Device still active
2020-02-02 08:04:39.351   CNC 19   INF   Poweroff -> 9 of 150
2020-02-02 08:04:39.351   CNC 19   INF   Processing takes 610.119µs
2020-02-02 08:04:39.351   CNC 19   INF   Sleeping for 9.999154349s
2020-02-02 08:04:49.354   CNC 19   INF   Device still active
2020-02-02 08:04:49.354   CNC 19   INF   Poweroff -> 10 of 150
2020-02-02 08:04:49.355   CNC 19   INF   Processing takes 393.405µs
2020-02-02 08:04:49.355   CNC 19   INF   Sleeping for 9.998983064s
2020-02-02 08:04:59.356   CNC 19   INF   Device still active
2020-02-02 08:04:59.357   CNC 19   INF   Poweroff -> 11 of 150
2020-02-02 08:04:59.358   CNC 19   INF   Processing takes 1.176992ms
2020-02-02 08:04:59.358   CNC 19   INF   Sleeping for 9.998588332s
2020-02-02 08:05:09.357   CNC 19   INF   Device still active
2020-02-02 08:05:09.357   CNC 19   INF   Poweroff -> 12 of 150
2020-02-02 08:05:09.358   CNC 19   INF   Processing takes 396.45µs
2020-02-02 08:05:09.358   CNC 19   INF   Sleeping for 9.999340441s
2020-02-02 08:05:19.360   CNC 19   INF   Device still active
2020-02-02 08:05:19.362   CNC 19   INF   Poweroff -> 13 of 150
2020-02-02 08:05:19.362   CNC 19   INF   Processing takes 689.538µs
2020-02-02 08:05:19.362   CNC 19   INF   Sleeping for 9.999220278s
2020-02-02 08:05:29.363   CNC 19   INF   Device still active
2020-02-02 08:05:29.366   CNC 19   INF   Poweroff -> 14 of 150
2020-02-02 08:05:29.366   CNC 19   INF   Processing takes 2.916304ms
2020-02-02 08:05:29.366   CNC 19   INF   Sleeping for 9.996876273s
2020-02-02 08:05:39.369   CNC 19   INF   Device still active
2020-02-02 08:05:39.369   CNC 19   INF   Poweroff -> 15 of 150
2020-02-02 08:05:39.369   CNC 19   INF   Processing takes 227.028µs
2020-02-02 08:05:39.369   CNC 19   INF   Sleeping for 9.999427314s
2020-02-02 08:05:49.372   CNC 19   INF   Device still active
2020-02-02 08:05:49.374   CNC 19   INF   Poweroff -> 16 of 150
2020-02-02 08:05:49.374   CNC 19   INF   Processing takes 1.488149ms
2020-02-02 08:05:49.374   CNC 19   INF   Sleeping for 9.998356555s
2020-02-02 08:05:59.373   CNC 19   INF   Device still active
2020-02-02 08:05:59.373   CNC 19   INF   Poweroff -> 17 of 150
2020-02-02 08:05:59.374   CNC 19   INF   Processing takes 330.475µs
2020-02-02 08:05:59.374   CNC 19   INF   Sleeping for 9.999233611s
2020-02-02 08:06:09.378   CNC 19   INF   Device still active
2020-02-02 08:06:09.379   CNC 19   INF   Poweroff -> 18 of 150
2020-02-02 08:06:09.379   CNC 19   INF   Processing takes 96.509µs
2020-02-02 08:06:09.379   CNC 19   INF   Sleeping for 9.999829594s
2020-02-02 08:06:19.379   CNC 19   INF   Device still active
2020-02-02 08:06:19.380   CNC 19   INF   Poweroff -> 19 of 150
2020-02-02 08:06:19.380   CNC 19   INF   Processing takes 116.401µs
2020-02-02 08:06:19.380   CNC 19   INF   Sleeping for 9.999824988s
2020-02-02 08:06:29.380   CNC 19   INF   Device still active
2020-02-02 08:06:29.380   CNC 19   INF   Poweroff -> 20 of 150
2020-02-02 08:06:29.380   CNC 19   INF   Processing takes 77.288µs
2020-02-02 08:06:29.380   CNC 19   INF   Sleeping for 9.999847262s
2020-02-02 08:06:39.380   CNC 19   INF   Device still active
2020-02-02 08:06:39.380   CNC 19   INF   Poweroff -> 21 of 150
2020-02-02 08:06:39.381   CNC 19   INF   Processing takes 124.947µs
2020-02-02 08:06:39.381   CNC 19   INF   Sleeping for 9.999753086s
2020-02-02 08:06:49.381   CNC 19   INF   Device still active
2020-02-02 08:06:49.381   CNC 19   INF   Poweroff -> 22 of 150
2020-02-02 08:06:49.381   CNC 19   INF   Processing takes 126.199µs
2020-02-02 08:06:49.381   CNC 19   INF   Sleeping for 9.999745326s
2020-02-02 08:06:59.381   CNC 19   INF   Device still active
2020-02-02 08:06:59.381   CNC 19   INF   Poweroff -> 23 of 150
2020-02-02 08:06:59.382   CNC 19   INF   Processing takes 99.077µs
2020-02-02 08:06:59.382   CNC 19   INF   Sleeping for 9.999836046s
2020-02-02 08:07:09.386   CNC 19   INF   Device still active
2020-02-02 08:07:09.386   CNC 19   INF   Poweroff -> 24 of 150
2020-02-02 08:07:09.386   CNC 19   INF   Processing takes 138.229µs
2020-02-02 08:07:09.386   CNC 19   INF   Sleeping for 9.999765044s
2020-02-02 08:07:19.387   CNC 19   INF   Device still active
2020-02-02 08:07:19.388   CNC 19   INF   Poweroff -> 25 of 150
2020-02-02 08:07:19.388   CNC 19   INF   Processing takes 728.856µs
2020-02-02 08:07:19.390   CNC 19   INF   Sleeping for 9.997772818s
2020-02-02 08:07:29.390   CNC 19   INF   Device still active
2020-02-02 08:07:29.390   CNC 19   INF   Poweroff -> 26 of 150
2020-02-02 08:07:29.390   CNC 19   INF   Processing takes 317.187µs
2020-02-02 08:07:29.391   CNC 19   INF   Sleeping for 9.999531429s
2020-02-02 08:07:39.391   CNC 19   INF   Device still active
2020-02-02 08:07:39.391   CNC 19   INF   Poweroff -> 27 of 150
2020-02-02 08:07:39.391   CNC 19   INF   Processing takes 379.135µs
2020-02-02 08:07:39.392   CNC 19   INF   Sleeping for 9.999443043s
2020-02-02 08:07:49.393   CNC 19   INF   Device still active
2020-02-02 08:07:49.394   CNC 19   INF   Poweroff -> 28 of 150
2020-02-02 08:07:49.394   CNC 19   INF   Processing takes 838.707µs
2020-02-02 08:07:49.394   CNC 19   INF   Sleeping for 9.999050191s
2020-02-02 08:07:59.395   CNC 19   INF   Device still active
2020-02-02 08:07:59.395   CNC 19   INF   Poweroff -> 29 of 150
2020-02-02 08:07:59.396   CNC 19   INF   Processing takes 404.242µs
2020-02-02 08:07:59.396   CNC 19   INF   Sleeping for 9.999362526s
2020-02-02 08:08:09.396   CNC 19   INF   Device still active
2020-02-02 08:08:09.397   CNC 19   INF   Poweroff -> 30 of 150
2020-02-02 08:08:09.397   CNC 19   INF   Processing takes 271.555µs
2020-02-02 08:08:09.397   CNC 19   INF   Sleeping for 9.999627271s
2020-02-02 08:08:19.399   CNC 19   INF   Device still active
2020-02-02 08:08:19.400   CNC 19   INF   Poweroff -> 31 of 150
2020-02-02 08:08:19.400   CNC 19   INF   Processing takes 143.566µs
2020-02-02 08:08:19.400   CNC 19   INF   Sleeping for 9.999762908s
2020-02-02 08:08:29.401   CNC 19   INF   Device still active
2020-02-02 08:08:29.401   CNC 19   INF   Poweroff -> 32 of 150
2020-02-02 08:08:29.401   CNC 19   INF   Processing takes 256.93µs
2020-02-02 08:08:29.401   CNC 19   INF   Sleeping for 9.999606489s
2020-02-02 08:08:39.404   CNC 19   INF   Device still active
2020-02-02 08:08:39.404   CNC 19   INF   Poweroff -> 33 of 150
2020-02-02 08:08:39.405   CNC 19   INF   Processing takes 461.513µs
2020-02-02 08:08:39.405   CNC 19   INF   Sleeping for 9.999113697s
2020-02-02 08:08:49.409   CNC 19   INF   Device still active
2020-02-02 08:08:49.409   CNC 19   INF   Poweroff -> 34 of 150
2020-02-02 08:08:49.410   CNC 19   INF   Processing takes 147.157µs
2020-02-02 08:08:49.410   CNC 19   INF   Sleeping for 9.999537552s
