2020-02-01 21:40:57.706   CNC 12   INF   Device started running
2020-02-01 21:40:57.707   CNC 12   INF   Device directory exists
2020-02-01 21:40:57.707   CNC 12   INF   Production -> 0 of 300
2020-02-01 21:40:57.930   CNC 12   INF   Processing takes 223.077105ms
2020-02-01 21:40:57.930   CNC 12   INF   Sleeping for 9.77665251s
2020-02-01 21:41:07.710   CNC 12   INF   Device still active
2020-02-01 21:41:07.710   CNC 12   INF   Production -> 1 of 300
2020-02-01 21:41:08.017   CNC 12   INF   Processing takes 306.412727ms
2020-02-01 21:41:08.017   CNC 12   INF   Sleeping for 9.693177154s
2020-02-01 21:41:17.713   CNC 12   INF   Device still active
2020-02-01 21:41:17.714   CNC 12   INF   Production -> 2 of 300
2020-02-01 21:41:18.347   CNC 12   INF   Processing takes 633.582512ms
2020-02-01 21:41:18.347   CNC 12   INF   Sleeping for 9.366256722s
2020-02-01 21:41:27.717   CNC 12   INF   Device still active
2020-02-01 21:41:27.718   CNC 12   INF   Production -> 3 of 300
2020-02-01 21:41:28.014   CNC 12   INF   Processing takes 297.390534ms
2020-02-01 21:41:28.014   CNC 12   INF   Sleeping for 9.702465595s
2020-02-01 21:41:37.719   CNC 12   INF   Device still active
2020-02-01 21:41:37.719   CNC 12   INF   Production -> 4 of 300
2020-02-01 21:41:37.933   CNC 12   INF   Processing takes 214.016219ms
2020-02-01 21:41:37.934   CNC 12   INF   Sleeping for 9.78559919s
2020-02-01 21:41:47.720   CNC 12   INF   Device still active
2020-02-01 21:41:47.720   CNC 12   INF   Production -> 5 of 300
2020-02-01 21:41:47.946   CNC 12   INF   Processing takes 225.944862ms
2020-02-01 21:41:47.946   CNC 12   INF   Sleeping for 9.773929643s
2020-02-01 21:41:57.725   CNC 12   INF   Device still active
2020-02-01 21:41:57.725   CNC 12   INF   Production -> 6 of 300
2020-02-01 21:41:58.079   CNC 12   INF   Processing takes 353.859186ms
2020-02-01 21:41:58.079   CNC 12   INF   Sleeping for 9.645819515s
2020-02-01 22:31:32.096   CNC 12   INF   Device started running
2020-02-01 22:31:32.096   CNC 12   INF   Device directory exists
2020-02-01 22:31:32.097   CNC 12   INF   Production -> 0 of 300
2020-02-01 22:31:32.563   CNC 12   INF   Processing takes 466.004246ms
2020-02-01 22:31:32.563   CNC 12   INF   Sleeping for 9.533734364s
2020-02-01 22:31:42.101   CNC 12   INF   Device still active
2020-02-01 22:31:42.101   CNC 12   INF   Production -> 1 of 300
2020-02-01 22:31:42.508   CNC 12   INF   Processing takes 407.052954ms
2020-02-01 22:31:42.509   CNC 12   INF   Sleeping for 9.592230859s
2020-02-01 22:31:52.101   CNC 12   INF   Device still active
2020-02-01 22:31:52.101   CNC 12   INF   Production -> 2 of 300
2020-02-01 22:31:52.431   CNC 12   INF   Processing takes 329.120815ms
2020-02-01 22:31:52.431   CNC 12   INF   Sleeping for 9.670662793s
2020-02-01 22:32:02.102   CNC 12   INF   Device still active
2020-02-01 22:32:02.102   CNC 12   INF   Production -> 3 of 300
2020-02-01 22:32:02.372   CNC 12   INF   Processing takes 269.545066ms
2020-02-01 22:32:02.373   CNC 12   INF   Sleeping for 9.729826348s
2020-02-01 22:32:12.105   CNC 12   INF   Device still active
2020-02-01 22:32:12.107   CNC 12   INF   Production -> 4 of 300
2020-02-01 22:32:12.376   CNC 12   INF   Processing takes 270.254733ms
2020-02-01 22:32:12.376   CNC 12   INF   Sleeping for 9.729598428s
2020-02-01 22:32:22.109   CNC 12   INF   Device still active
2020-02-01 22:32:22.109   CNC 12   INF   Production -> 5 of 300
2020-02-01 22:32:22.398   CNC 12   INF   Processing takes 288.066827ms
2020-02-01 22:32:22.398   CNC 12   INF   Sleeping for 9.711296823s
2020-02-01 22:32:32.110   CNC 12   INF   Device still active
2020-02-01 22:32:32.110   CNC 12   INF   Production -> 6 of 300
2020-02-01 22:32:32.640   CNC 12   INF   Processing takes 529.907054ms
2020-02-01 22:32:32.641   CNC 12   INF   Sleeping for 9.469331906s
2020-02-01 22:32:42.115   CNC 12   INF   Device still active
2020-02-01 22:32:42.115   CNC 12   INF   Production -> 7 of 300
2020-02-01 22:32:42.272   CNC 12   INF   Processing takes 157.167188ms
2020-02-01 22:32:42.272   CNC 12   INF   Sleeping for 9.842708215s
2020-02-01 22:32:52.116   CNC 12   INF   Device still active
2020-02-01 22:32:52.116   CNC 12   INF   Production -> 8 of 300
2020-02-01 22:32:52.298   CNC 12   INF   Processing takes 182.509678ms
2020-02-01 22:32:52.299   CNC 12   INF   Sleeping for 9.817339322s
2020-02-01 22:33:02.117   CNC 12   INF   Device still active
2020-02-01 22:33:02.118   CNC 12   INF   Production -> 9 of 300
2020-02-01 22:33:02.351   CNC 12   INF   Processing takes 232.871802ms
2020-02-01 22:33:02.351   CNC 12   INF   Sleeping for 9.766978129s
2020-02-01 22:35:03.462   CNC 12   INF   Device started running
2020-02-01 22:35:03.463   CNC 12   INF   Device directory exists
2020-02-01 22:35:03.463   CNC 12   INF   Poweroff -> 0 of 150
2020-02-01 22:35:03.463   CNC 12   INF   Processing takes 222.178µs
2020-02-01 22:35:03.463   CNC 12   INF   Sleeping for 9.999515626s
2020-02-01 22:35:13.465   CNC 12   INF   Device still active
2020-02-01 22:35:13.465   CNC 12   INF   Poweroff -> 1 of 150
2020-02-01 22:35:13.465   CNC 12   INF   Processing takes 239.713µs
2020-02-01 22:35:13.465   CNC 12   INF   Sleeping for 9.999638965s
2020-02-01 22:35:23.469   CNC 12   INF   Device still active
2020-02-01 22:35:23.470   CNC 12   INF   Poweroff -> 2 of 150
2020-02-01 22:35:23.470   CNC 12   INF   Processing takes 883.94µs
2020-02-01 22:35:23.470   CNC 12   INF   Sleeping for 9.998790944s
2020-02-01 22:35:33.470   CNC 12   INF   Device still active
2020-02-01 22:35:33.470   CNC 12   INF   Poweroff -> 3 of 150
2020-02-01 22:35:33.471   CNC 12   INF   Processing takes 521.168µs
2020-02-01 22:35:33.471   CNC 12   INF   Sleeping for 9.999324444s
2020-02-01 22:35:43.474   CNC 12   INF   Device still active
2020-02-01 22:35:43.474   CNC 12   INF   Poweroff -> 4 of 150
2020-02-01 22:35:43.474   CNC 12   INF   Processing takes 520.977µs
2020-02-01 22:35:43.474   CNC 12   INF   Sleeping for 9.999361468s
2020-02-01 22:35:53.477   CNC 12   INF   Device still active
2020-02-01 22:35:53.479   CNC 12   INF   Poweroff -> 5 of 150
2020-02-01 22:35:53.479   CNC 12   INF   Processing takes 1.310722ms
2020-02-01 22:35:53.479   CNC 12   INF   Sleeping for 9.998566843s
2020-02-01 22:36:03.479   CNC 12   INF   Device still active
2020-02-01 22:36:03.480   CNC 12   INF   Poweroff -> 6 of 150
2020-02-01 22:36:03.480   CNC 12   INF   Processing takes 416.432µs
2020-02-01 22:36:03.480   CNC 12   INF   Sleeping for 9.999465308s
2020-02-01 22:36:13.483   CNC 12   INF   Device still active
2020-02-01 22:36:13.484   CNC 12   INF   Poweroff -> 7 of 150
2020-02-01 22:36:13.485   CNC 12   INF   Processing takes 663.611µs
2020-02-01 22:36:13.485   CNC 12   INF   Sleeping for 9.998917612s
2020-02-01 22:36:23.489   CNC 12   INF   Device still active
2020-02-01 22:36:23.490   CNC 12   INF   Poweroff -> 8 of 150
2020-02-01 22:36:23.491   CNC 12   INF   Processing takes 1.260805ms
2020-02-01 22:36:23.492   CNC 12   INF   Sleeping for 9.997712813s
2020-02-01 22:36:33.490   CNC 12   INF   Device still active
2020-02-01 22:36:33.491   CNC 12   INF   Poweroff -> 9 of 150
2020-02-01 22:36:33.491   CNC 12   INF   Processing takes 515.066µs
2020-02-01 22:36:33.491   CNC 12   INF   Sleeping for 9.999137521s
2020-02-01 22:38:26.312   CNC 12   INF   Device started running
2020-02-01 22:38:26.313   CNC 12   INF   Device directory exists
2020-02-01 22:38:26.313   CNC 12   INF   Poweroff -> 0 of 150
2020-02-01 22:38:26.314   CNC 12   INF   Processing takes 358.117µs
2020-02-01 22:38:26.314   CNC 12   INF   Sleeping for 9.999413063s
2020-02-01 22:38:36.317   CNC 12   INF   Device still active
2020-02-01 22:38:36.317   CNC 12   INF   Poweroff -> 1 of 150
2020-02-01 22:38:36.318   CNC 12   INF   Processing takes 144.991µs
2020-02-01 22:38:36.318   CNC 12   INF   Sleeping for 9.999389392s
2020-02-01 22:38:46.317   CNC 12   INF   Device still active
2020-02-01 22:38:46.318   CNC 12   INF   Poweroff -> 2 of 150
2020-02-01 22:38:46.318   CNC 12   INF   Processing takes 81.566µs
2020-02-01 22:38:46.318   CNC 12   INF   Sleeping for 9.999821754s
2020-02-01 22:38:56.321   CNC 12   INF   Device still active
2020-02-01 22:38:56.321   CNC 12   INF   Poweroff -> 3 of 150
2020-02-01 22:38:56.322   CNC 12   INF   Processing takes 770.649µs
2020-02-01 22:38:56.323   CNC 12   INF   Sleeping for 9.99905695s
2020-02-01 22:39:06.325   CNC 12   INF   Device still active
2020-02-01 22:39:06.325   CNC 12   INF   Poweroff -> 4 of 150
2020-02-01 22:39:06.325   CNC 12   INF   Processing takes 420.504µs
2020-02-01 22:39:06.325   CNC 12   INF   Sleeping for 9.999434007s
2020-02-01 22:39:16.328   CNC 12   INF   Device still active
2020-02-01 22:39:16.328   CNC 12   INF   Poweroff -> 5 of 150
2020-02-01 22:39:16.328   CNC 12   INF   Processing takes 547.052µs
2020-02-01 22:39:16.329   CNC 12   INF   Sleeping for 9.999205597s
2020-02-01 22:39:26.328   CNC 12   INF   Device still active
2020-02-01 22:39:26.329   CNC 12   INF   Poweroff -> 6 of 150
2020-02-01 22:39:26.329   CNC 12   INF   Processing takes 823.076µs
2020-02-01 22:39:26.330   CNC 12   INF   Sleeping for 9.999072081s
2020-02-01 22:39:36.333   CNC 12   INF   Device still active
2020-02-01 22:39:36.334   CNC 12   INF   Poweroff -> 7 of 150
2020-02-01 22:39:36.334   CNC 12   INF   Processing takes 377.897µs
2020-02-01 22:39:36.334   CNC 12   INF   Sleeping for 9.999463s
2020-02-01 22:39:46.334   CNC 12   INF   Device still active
2020-02-01 22:39:46.334   CNC 12   INF   Poweroff -> 8 of 150
2020-02-01 22:39:46.334   CNC 12   INF   Processing takes 113.778µs
2020-02-01 22:39:46.334   CNC 12   INF   Sleeping for 9.999736973s
2020-02-01 22:39:56.331   CNC 12   INF   Device still active
2020-02-01 22:39:56.332   CNC 12   INF   Poweroff -> 9 of 150
2020-02-01 22:39:56.332   CNC 12   INF   Processing takes 149.388µs
2020-02-01 22:39:56.332   CNC 12   INF   Sleeping for 9.999749343s
2020-02-01 22:40:06.333   CNC 12   INF   Device still active
2020-02-01 22:40:06.334   CNC 12   INF   Poweroff -> 10 of 150
2020-02-01 22:40:06.334   CNC 12   INF   Processing takes 138.589µs
2020-02-01 22:40:06.334   CNC 12   INF   Sleeping for 9.999317756s
2020-02-01 22:40:16.337   CNC 12   INF   Device still active
2020-02-01 22:40:16.337   CNC 12   INF   Poweroff -> 11 of 150
2020-02-01 22:40:16.337   CNC 12   INF   Processing takes 297.813µs
2020-02-01 22:40:16.338   CNC 12   INF   Sleeping for 9.999380259s
2020-02-01 22:40:26.338   CNC 12   INF   Device still active
2020-02-01 22:40:26.339   CNC 12   INF   Poweroff -> 12 of 150
2020-02-01 22:40:26.339   CNC 12   INF   Processing takes 98.089µs
2020-02-01 22:40:26.339   CNC 12   INF   Sleeping for 9.999759076s
2020-02-01 22:40:36.339   CNC 12   INF   Device still active
2020-02-01 22:40:36.340   CNC 12   INF   Poweroff -> 13 of 150
2020-02-01 22:40:36.340   CNC 12   INF   Processing takes 677.285µs
2020-02-01 22:40:36.340   CNC 12   INF   Sleeping for 9.999220832s
2020-02-01 23:05:32.180   CNC 12   INF   Device started running
2020-02-01 23:05:32.181   CNC 12   INF   Device directory exists
2020-02-01 23:05:32.181   CNC 12   INF   Downtime -> 0 of 150
2020-02-01 23:05:32.385   CNC 12   INF   Processing takes 204.447206ms
2020-02-01 23:05:32.386   CNC 12   INF   Sleeping for 9.795371989s
2020-02-01 23:05:42.181   CNC 12   INF   Device still active
2020-02-01 23:05:42.182   CNC 12   INF   Downtime -> 1 of 150
2020-02-01 23:05:42.673   CNC 12   INF   Processing takes 491.593124ms
2020-02-01 23:05:42.674   CNC 12   INF   Sleeping for 9.507535884s
2020-02-01 23:05:52.182   CNC 12   INF   Device still active
2020-02-01 23:05:52.182   CNC 12   INF   Downtime -> 2 of 150
2020-02-01 23:05:52.580   CNC 12   INF   Processing takes 397.295194ms
2020-02-01 23:05:52.580   CNC 12   INF   Sleeping for 9.602044237s
2020-02-01 23:06:02.186   CNC 12   INF   Device still active
2020-02-01 23:06:02.187   CNC 12   INF   Downtime -> 3 of 150
2020-02-01 23:06:02.276   CNC 12   INF   Processing takes 89.578526ms
2020-02-01 23:06:02.276   CNC 12   INF   Sleeping for 9.910306147s
2020-02-01 23:06:12.191   CNC 12   INF   Device still active
2020-02-01 23:06:12.191   CNC 12   INF   Downtime -> 4 of 150
2020-02-01 23:06:12.417   CNC 12   INF   Processing takes 225.189619ms
2020-02-01 23:06:12.417   CNC 12   INF   Sleeping for 9.774594404s
2020-02-01 23:06:22.193   CNC 12   INF   Device still active
2020-02-01 23:06:22.194   CNC 12   INF   Downtime -> 5 of 150
2020-02-01 23:06:22.385   CNC 12   INF   Processing takes 190.792802ms
2020-02-01 23:06:22.385   CNC 12   INF   Sleeping for 9.809072974s
2020-02-01 23:06:32.196   CNC 12   INF   Device still active
2020-02-01 23:06:32.196   CNC 12   INF   Downtime -> 6 of 150
2020-02-01 23:06:32.432   CNC 12   INF   Processing takes 235.888713ms
2020-02-01 23:06:32.432   CNC 12   INF   Sleeping for 9.763976185s
2020-02-01 23:06:42.198   CNC 12   INF   Device still active
2020-02-01 23:06:42.198   CNC 12   INF   Downtime -> 7 of 150
2020-02-01 23:06:42.472   CNC 12   INF   Processing takes 273.42601ms
2020-02-01 23:06:42.472   CNC 12   INF   Sleeping for 9.726451093s
2020-02-01 23:06:52.202   CNC 12   INF   Device still active
2020-02-01 23:06:52.203   CNC 12   INF   Downtime -> 8 of 150
2020-02-01 23:06:52.499   CNC 12   INF   Processing takes 296.222374ms
2020-02-01 23:06:52.499   CNC 12   INF   Sleeping for 9.703646278s
2020-02-01 23:07:02.206   CNC 12   INF   Device still active
2020-02-01 23:07:02.209   CNC 12   INF   Downtime -> 9 of 150
2020-02-01 23:07:02.318   CNC 12   INF   Processing takes 111.314229ms
2020-02-01 23:07:02.318   CNC 12   INF   Sleeping for 9.888567111s
2020-02-01 23:07:12.212   CNC 12   INF   Device still active
2020-02-01 23:07:12.214   CNC 12   INF   Downtime -> 10 of 150
2020-02-01 23:07:12.375   CNC 12   INF   Processing takes 162.594232ms
2020-02-01 23:07:12.375   CNC 12   INF   Sleeping for 9.837249396s
2020-02-01 23:07:22.215   CNC 12   INF   Device still active
2020-02-01 23:07:22.216   CNC 12   INF   Downtime -> 11 of 150
2020-02-01 23:07:22.389   CNC 12   INF   Processing takes 173.316395ms
2020-02-01 23:07:22.389   CNC 12   INF   Sleeping for 9.826404419s
2020-02-01 23:07:32.218   CNC 12   INF   Device still active
2020-02-01 23:07:32.218   CNC 12   INF   Downtime -> 12 of 150
2020-02-01 23:07:32.560   CNC 12   INF   Processing takes 341.552487ms
2020-02-01 23:07:32.562   CNC 12   INF   Sleeping for 9.657647617s
2020-02-01 23:07:42.222   CNC 12   INF   Device still active
2020-02-01 23:07:42.223   CNC 12   INF   Downtime -> 13 of 150
2020-02-01 23:07:42.438   CNC 12   INF   Processing takes 215.766253ms
2020-02-01 23:07:42.438   CNC 12   INF   Sleeping for 9.784138663s
2020-02-01 23:07:52.223   CNC 12   INF   Device still active
2020-02-01 23:07:52.223   CNC 12   INF   Downtime -> 14 of 150
2020-02-01 23:07:52.331   CNC 12   INF   Processing takes 106.997387ms
2020-02-01 23:07:52.332   CNC 12   INF   Sleeping for 9.892046735s
2020-02-01 23:08:02.224   CNC 12   INF   Device still active
2020-02-01 23:08:02.225   CNC 12   INF   Downtime -> 15 of 150
2020-02-01 23:08:02.408   CNC 12   INF   Processing takes 183.717464ms
2020-02-01 23:08:02.408   CNC 12   INF   Sleeping for 9.816182699s
2020-02-01 23:08:12.228   CNC 12   INF   Device still active
2020-02-01 23:08:12.228   CNC 12   INF   Downtime -> 16 of 150
2020-02-01 23:08:12.266   CNC 12   INF   Processing takes 37.660017ms
2020-02-01 23:08:12.266   CNC 12   INF   Sleeping for 9.962221421s
2020-02-01 23:08:22.229   CNC 12   INF   Device still active
2020-02-01 23:08:22.229   CNC 12   INF   Downtime -> 17 of 150
2020-02-01 23:08:22.465   CNC 12   INF   Processing takes 235.740211ms
2020-02-01 23:08:22.465   CNC 12   INF   Sleeping for 9.763801328s
2020-02-01 23:08:32.231   CNC 12   INF   Device still active
2020-02-01 23:08:32.232   CNC 12   INF   Downtime -> 18 of 150
2020-02-01 23:08:32.372   CNC 12   INF   Processing takes 140.933056ms
2020-02-01 23:08:32.373   CNC 12   INF   Sleeping for 9.858614648s
2020-02-01 23:08:42.236   CNC 12   INF   Device still active
2020-02-01 23:08:42.237   CNC 12   INF   Downtime -> 19 of 150
2020-02-01 23:08:42.446   CNC 12   INF   Processing takes 209.454404ms
2020-02-01 23:08:42.446   CNC 12   INF   Sleeping for 9.790348775s
2020-02-01 23:08:52.243   CNC 12   INF   Device still active
2020-02-01 23:08:52.243   CNC 12   INF   Downtime -> 20 of 150
2020-02-01 23:08:52.446   CNC 12   INF   Processing takes 202.824485ms
2020-02-01 23:08:52.446   CNC 12   INF   Sleeping for 9.797063036s
2020-02-01 23:09:02.246   CNC 12   INF   Device still active
2020-02-01 23:09:02.248   CNC 12   INF   Downtime -> 21 of 150
2020-02-01 23:09:02.368   CNC 12   INF   Processing takes 121.251052ms
2020-02-01 23:09:02.368   CNC 12   INF   Sleeping for 9.878621752s
2020-02-01 23:09:12.251   CNC 12   INF   Device still active
2020-02-01 23:09:12.251   CNC 12   INF   Downtime -> 22 of 150
2020-02-01 23:09:12.357   CNC 12   INF   Processing takes 105.605475ms
2020-02-01 23:09:12.357   CNC 12   INF   Sleeping for 9.894195979s
2020-02-01 23:09:22.255   CNC 12   INF   Device still active
2020-02-01 23:09:22.256   CNC 12   INF   Downtime -> 23 of 150
2020-02-01 23:09:22.460   CNC 12   INF   Processing takes 204.549381ms
2020-02-01 23:09:22.460   CNC 12   INF   Sleeping for 9.794947069s
2020-02-01 23:09:32.256   CNC 12   INF   Device still active
2020-02-01 23:09:32.256   CNC 12   INF   Downtime -> 24 of 150
2020-02-01 23:09:32.720   CNC 12   INF   Processing takes 464.310991ms
2020-02-01 23:09:32.720   CNC 12   INF   Sleeping for 9.535515645s
2020-02-01 23:09:42.258   CNC 12   INF   Device still active
2020-02-01 23:09:42.259   CNC 12   INF   Downtime -> 25 of 150
2020-02-01 23:09:42.439   CNC 12   INF   Processing takes 180.829111ms
2020-02-01 23:09:42.439   CNC 12   INF   Sleeping for 9.819054123s
2020-02-01 23:09:52.263   CNC 12   INF   Device still active
2020-02-01 23:09:52.264   CNC 12   INF   Downtime -> 26 of 150
2020-02-01 23:09:52.420   CNC 12   INF   Processing takes 156.299365ms
2020-02-01 23:09:52.420   CNC 12   INF   Sleeping for 9.843606013s
2020-02-01 23:10:02.264   CNC 12   INF   Device still active
2020-02-01 23:10:02.264   CNC 12   INF   Downtime -> 27 of 150
2020-02-01 23:10:02.469   CNC 12   INF   Processing takes 205.254962ms
2020-02-01 23:10:02.469   CNC 12   INF   Sleeping for 9.794655376s
2020-02-01 23:10:12.267   CNC 12   INF   Device still active
2020-02-01 23:10:12.268   CNC 12   INF   Downtime -> 28 of 150
2020-02-01 23:10:12.485   CNC 12   INF   Processing takes 217.623478ms
2020-02-01 23:10:12.486   CNC 12   INF   Sleeping for 9.781674105s
2020-02-01 23:10:22.269   CNC 12   INF   Device still active
2020-02-01 23:10:22.270   CNC 12   INF   Downtime -> 29 of 150
2020-02-01 23:10:22.440   CNC 12   INF   Processing takes 169.938967ms
2020-02-01 23:10:22.440   CNC 12   INF   Sleeping for 9.829780754s
2020-02-01 23:10:32.272   CNC 12   INF   Device still active
2020-02-01 23:10:32.272   CNC 12   INF   Downtime -> 30 of 150
2020-02-01 23:10:32.435   CNC 12   INF   Processing takes 163.003203ms
2020-02-01 23:10:32.435   CNC 12   INF   Sleeping for 9.836913254s
2020-02-01 23:10:42.278   CNC 12   INF   Device still active
2020-02-01 23:10:42.279   CNC 12   INF   Downtime -> 31 of 150
2020-02-01 23:10:42.336   CNC 12   INF   Processing takes 57.578229ms
2020-02-01 23:10:42.336   CNC 12   INF   Sleeping for 9.942304567s
2020-02-01 23:10:52.281   CNC 12   INF   Device still active
2020-02-01 23:10:52.282   CNC 12   INF   Downtime -> 32 of 150
2020-02-01 23:10:52.435   CNC 12   INF   Processing takes 153.238171ms
2020-02-01 23:10:52.435   CNC 12   INF   Sleeping for 9.846062512s
2020-02-01 23:11:02.282   CNC 12   INF   Device still active
2020-02-01 23:11:02.282   CNC 12   INF   Downtime -> 33 of 150
2020-02-01 23:11:02.498   CNC 12   INF   Processing takes 215.660824ms
2020-02-01 23:11:02.498   CNC 12   INF   Sleeping for 9.784214037s
2020-02-01 23:11:12.284   CNC 12   INF   Device still active
2020-02-01 23:11:12.286   CNC 12   INF   Downtime -> 34 of 150
2020-02-01 23:11:12.432   CNC 12   INF   Processing takes 147.920864ms
2020-02-01 23:11:12.432   CNC 12   INF   Sleeping for 9.851916165s
2020-02-01 23:11:22.290   CNC 12   INF   Device still active
2020-02-01 23:11:22.291   CNC 12   INF   Downtime -> 35 of 150
2020-02-01 23:11:22.546   CNC 12   INF   Processing takes 255.708802ms
2020-02-01 23:11:22.546   CNC 12   INF   Sleeping for 9.744156915s
2020-02-01 23:11:32.291   CNC 12   INF   Device still active
2020-02-01 23:11:32.291   CNC 12   INF   Downtime -> 36 of 150
2020-02-01 23:11:32.524   CNC 12   INF   Processing takes 232.755007ms
2020-02-01 23:11:32.524   CNC 12   INF   Sleeping for 9.767105206s
2020-02-01 23:11:42.296   CNC 12   INF   Device still active
2020-02-01 23:11:42.296   CNC 12   INF   Downtime -> 37 of 150
2020-02-01 23:11:42.380   CNC 12   INF   Processing takes 83.672237ms
2020-02-01 23:11:42.380   CNC 12   INF   Sleeping for 9.916205352s
2020-02-01 23:11:52.298   CNC 12   INF   Device still active
2020-02-01 23:11:52.298   CNC 12   INF   Downtime -> 38 of 150
2020-02-01 23:11:52.498   CNC 12   INF   Processing takes 199.902551ms
2020-02-01 23:11:52.498   CNC 12   INF   Sleeping for 9.799836438s
2020-02-01 23:12:02.300   CNC 12   INF   Device still active
2020-02-01 23:12:02.301   CNC 12   INF   Downtime -> 39 of 150
2020-02-01 23:12:02.401   CNC 12   INF   Processing takes 100.561722ms
2020-02-01 23:12:02.401   CNC 12   INF   Sleeping for 9.899311142s
2020-02-01 23:12:12.301   CNC 12   INF   Device still active
2020-02-01 23:12:12.301   CNC 12   INF   Downtime -> 40 of 150
2020-02-01 23:12:12.478   CNC 12   INF   Processing takes 177.114368ms
2020-02-01 23:12:12.479   CNC 12   INF   Sleeping for 9.822432161s
2020-02-01 23:12:22.304   CNC 12   INF   Device still active
2020-02-01 23:12:22.304   CNC 12   INF   Downtime -> 41 of 150
2020-02-01 23:12:22.771   CNC 12   INF   Processing takes 467.144813ms
2020-02-01 23:12:22.772   CNC 12   INF   Sleeping for 9.532422901s
2020-02-01 23:12:32.306   CNC 12   INF   Device still active
2020-02-01 23:12:32.306   CNC 12   INF   Downtime -> 42 of 150
2020-02-01 23:12:32.450   CNC 12   INF   Processing takes 144.367523ms
2020-02-01 23:12:32.450   CNC 12   INF   Sleeping for 9.855467293s
2020-02-01 23:12:42.311   CNC 12   INF   Device still active
2020-02-01 23:12:42.311   CNC 12   INF   Downtime -> 43 of 150
2020-02-01 23:12:42.549   CNC 12   INF   Processing takes 238.290036ms
2020-02-01 23:12:42.550   CNC 12   INF   Sleeping for 9.760902757s
2020-02-01 23:12:52.315   CNC 12   INF   Device still active
2020-02-01 23:12:52.316   CNC 12   INF   Downtime -> 44 of 150
2020-02-01 23:12:52.396   CNC 12   INF   Processing takes 80.478694ms
2020-02-01 23:12:52.396   CNC 12   INF   Sleeping for 9.919410452s
2020-02-01 23:13:02.319   CNC 12   INF   Device still active
2020-02-01 23:13:02.320   CNC 12   INF   Downtime -> 45 of 150
2020-02-01 23:13:02.506   CNC 12   INF   Processing takes 185.57814ms
2020-02-01 23:13:02.506   CNC 12   INF   Sleeping for 9.813675357s
2020-02-01 23:13:12.323   CNC 12   INF   Device still active
2020-02-01 23:13:12.324   CNC 12   INF   Downtime -> 46 of 150
2020-02-01 23:13:12.476   CNC 12   INF   Processing takes 152.830098ms
2020-02-01 23:13:12.476   CNC 12   INF   Sleeping for 9.847054287s
2020-02-01 23:13:22.331   CNC 12   INF   Device still active
2020-02-01 23:13:22.331   CNC 12   INF   Downtime -> 47 of 150
2020-02-01 23:13:22.500   CNC 12   INF   Processing takes 169.316762ms
2020-02-01 23:13:22.500   CNC 12   INF   Sleeping for 9.830524159s
2020-02-01 23:13:32.334   CNC 12   INF   Device still active
2020-02-01 23:13:32.334   CNC 12   INF   Downtime -> 48 of 150
2020-02-01 23:13:32.541   CNC 12   INF   Processing takes 206.506785ms
2020-02-01 23:13:32.541   CNC 12   INF   Sleeping for 9.793371265s
2020-02-01 23:13:42.337   CNC 12   INF   Device still active
2020-02-01 23:13:42.338   CNC 12   INF   Downtime -> 49 of 150
2020-02-01 23:13:42.469   CNC 12   INF   Processing takes 132.692539ms
2020-02-01 23:13:42.470   CNC 12   INF   Sleeping for 9.867186797s
2020-02-01 23:13:52.337   CNC 12   INF   Device still active
2020-02-01 23:13:52.337   CNC 12   INF   Downtime -> 50 of 150
2020-02-01 23:13:52.460   CNC 12   INF   Processing takes 123.037139ms
2020-02-01 23:13:52.461   CNC 12   INF   Sleeping for 9.876877801s
2020-02-01 23:14:02.345   CNC 12   INF   Device still active
2020-02-01 23:14:02.346   CNC 12   INF   Downtime -> 51 of 150
2020-02-01 23:14:02.490   CNC 12   INF   Processing takes 144.80023ms
2020-02-01 23:14:02.490   CNC 12   INF   Sleeping for 9.855014778s
2020-02-01 23:14:12.347   CNC 12   INF   Device still active
2020-02-01 23:14:12.347   CNC 12   INF   Downtime -> 52 of 150
2020-02-01 23:14:12.470   CNC 12   INF   Processing takes 122.873649ms
2020-02-01 23:14:12.470   CNC 12   INF   Sleeping for 9.877011775s
2020-02-01 23:14:22.349   CNC 12   INF   Device still active
2020-02-01 23:14:22.350   CNC 12   INF   Downtime -> 53 of 150
2020-02-01 23:14:22.513   CNC 12   INF   Processing takes 164.153531ms
2020-02-01 23:14:22.513   CNC 12   INF   Sleeping for 9.835753006s
2020-02-01 23:14:32.350   CNC 12   INF   Device still active
2020-02-01 23:14:32.350   CNC 12   INF   Downtime -> 54 of 150
2020-02-01 23:14:32.507   CNC 12   INF   Processing takes 157.340141ms
2020-02-01 23:14:32.507   CNC 12   INF   Sleeping for 9.842544675s
2020-02-01 23:14:42.355   CNC 12   INF   Device still active
2020-02-01 23:14:42.356   CNC 12   INF   Downtime -> 55 of 150
2020-02-01 23:14:42.484   CNC 12   INF   Processing takes 128.465834ms
2020-02-01 23:14:42.484   CNC 12   INF   Sleeping for 9.871431959s
2020-02-01 23:14:52.360   CNC 12   INF   Device still active
2020-02-01 23:14:52.360   CNC 12   INF   Downtime -> 56 of 150
2020-02-01 23:14:52.632   CNC 12   INF   Processing takes 272.107211ms
2020-02-01 23:14:52.632   CNC 12   INF   Sleeping for 9.727713536s
2020-02-01 23:15:02.363   CNC 12   INF   Device still active
2020-02-01 23:15:02.364   CNC 12   INF   Downtime -> 57 of 150
2020-02-01 23:15:02.597   CNC 12   INF   Processing takes 234.001939ms
2020-02-01 23:15:02.597   CNC 12   INF   Sleeping for 9.765913338s
2020-02-01 23:15:12.367   CNC 12   INF   Device still active
2020-02-01 23:15:12.367   CNC 12   INF   Downtime -> 58 of 150
2020-02-01 23:15:12.634   CNC 12   INF   Processing takes 267.603087ms
2020-02-01 23:15:12.635   CNC 12   INF   Sleeping for 9.732251535s
2020-02-01 23:15:22.367   CNC 12   INF   Device still active
2020-02-01 23:15:22.368   CNC 12   INF   Downtime -> 59 of 150
2020-02-01 23:15:22.519   CNC 12   INF   Processing takes 151.910266ms
2020-02-01 23:15:22.520   CNC 12   INF   Sleeping for 9.847984717s
2020-02-01 23:15:32.371   CNC 12   INF   Device still active
2020-02-01 23:15:32.371   CNC 12   INF   Downtime -> 60 of 150
2020-02-01 23:15:32.540   CNC 12   INF   Processing takes 168.491231ms
2020-02-01 23:15:32.540   CNC 12   INF   Sleeping for 9.831392173s
2020-02-01 23:15:42.373   CNC 12   INF   Device still active
2020-02-01 23:15:42.374   CNC 12   INF   Downtime -> 61 of 150
2020-02-01 23:15:42.540   CNC 12   INF   Processing takes 166.774392ms
2020-02-01 23:15:42.540   CNC 12   INF   Sleeping for 9.833104915s
