2020-02-02 07:52:55.143   CNC 0   INF   Device started running
2020-02-02 07:52:55.143   CNC 0   INF   Device directory exists
2020-02-02 07:52:55.143   CNC 0   INF   Production -> 0 of 300
2020-02-02 07:52:55.447   CNC 0   INF   Processing takes 303.366611ms
2020-02-02 07:52:55.447   CNC 0   INF   Sleeping for 9.696447164s
2020-02-02 07:53:05.144   CNC 0   INF   Device still active
2020-02-02 07:53:05.144   CNC 0   INF   Production -> 1 of 300
2020-02-02 07:53:05.441   CNC 0   INF   Processing takes 297.29758ms
2020-02-02 07:53:05.441   CNC 0   INF   Sleeping for 9.702325626s
2020-02-02 07:53:15.144   CNC 0   INF   Device still active
2020-02-02 07:53:15.144   CNC 0   INF   Production -> 2 of 300
2020-02-02 07:53:15.550   CNC 0   INF   Processing takes 405.308566ms
2020-02-02 07:53:15.550   CNC 0   INF   Sleeping for 9.594411531s
2020-02-02 07:53:25.145   CNC 0   INF   Device still active
2020-02-02 07:53:25.145   CNC 0   INF   Production -> 3 of 300
2020-02-02 07:53:25.229   CNC 0   INF   Processing takes 84.28327ms
2020-02-02 07:53:25.230   CNC 0   INF   Sleeping for 9.915394298s
2020-02-02 07:53:35.146   CNC 0   INF   Device still active
2020-02-02 07:53:35.146   CNC 0   INF   Production -> 4 of 300
2020-02-02 07:53:35.377   CNC 0   INF   Processing takes 230.436441ms
2020-02-02 07:53:35.377   CNC 0   INF   Sleeping for 9.769369217s
2020-02-02 07:53:45.148   CNC 0   INF   Device still active
2020-02-02 07:53:45.149   CNC 0   INF   Production -> 5 of 300
2020-02-02 07:53:45.411   CNC 0   INF   Processing takes 262.144509ms
2020-02-02 07:53:45.411   CNC 0   INF   Sleeping for 9.737719468s
2020-02-02 07:53:55.149   CNC 0   INF   Device still active
2020-02-02 07:53:55.149   CNC 0   INF   Production -> 6 of 300
2020-02-02 07:53:55.485   CNC 0   INF   Processing takes 335.332572ms
2020-02-02 07:53:55.485   CNC 0   INF   Sleeping for 9.664502099s
2020-02-02 07:54:05.150   CNC 0   INF   Device still active
2020-02-02 07:54:05.150   CNC 0   INF   Production -> 7 of 300
2020-02-02 07:54:05.258   CNC 0   INF   Processing takes 108.400292ms
2020-02-02 07:54:05.258   CNC 0   INF   Sleeping for 9.891475162s
2020-02-02 07:54:15.150   CNC 0   INF   Device still active
2020-02-02 07:54:15.150   CNC 0   INF   Production -> 8 of 300
2020-02-02 07:54:15.387   CNC 0   INF   Processing takes 236.271511ms
2020-02-02 07:54:15.387   CNC 0   INF   Sleeping for 9.763620462s
2020-02-02 07:54:25.152   CNC 0   INF   Device still active
2020-02-02 07:54:25.152   CNC 0   INF   Production -> 9 of 300
2020-02-02 07:54:25.325   CNC 0   INF   Processing takes 173.208225ms
2020-02-02 07:54:25.325   CNC 0   INF   Sleeping for 9.826658115s
2020-02-02 07:54:35.156   CNC 0   INF   Device still active
2020-02-02 07:54:35.156   CNC 0   INF   Production -> 10 of 300
2020-02-02 07:54:35.323   CNC 0   INF   Processing takes 166.585451ms
2020-02-02 07:54:35.324   CNC 0   INF   Sleeping for 9.832499027s
2020-02-02 07:54:45.159   CNC 0   INF   Device still active
2020-02-02 07:54:45.159   CNC 0   INF   Production -> 11 of 300
2020-02-02 07:54:45.449   CNC 0   INF   Processing takes 289.67411ms
2020-02-02 07:54:45.449   CNC 0   INF   Sleeping for 9.709842223s
2020-02-02 07:54:55.159   CNC 0   INF   Device still active
2020-02-02 07:54:55.159   CNC 0   INF   Production -> 12 of 300
2020-02-02 07:54:55.463   CNC 0   INF   Processing takes 304.089481ms
2020-02-02 07:54:55.463   CNC 0   INF   Sleeping for 9.695646215s
2020-02-02 07:55:05.159   CNC 0   INF   Device still active
2020-02-02 07:55:05.159   CNC 0   INF   Production -> 13 of 300
2020-02-02 07:55:05.348   CNC 0   INF   Processing takes 188.57293ms
2020-02-02 07:55:05.348   CNC 0   INF   Sleeping for 9.811344917s
2020-02-02 07:55:15.160   CNC 0   INF   Device still active
2020-02-02 07:55:15.160   CNC 0   INF   Production -> 14 of 300
2020-02-02 07:55:15.409   CNC 0   INF   Processing takes 248.879214ms
2020-02-02 07:55:15.409   CNC 0   INF   Sleeping for 9.750999309s
2020-02-02 07:55:25.165   CNC 0   INF   Device still active
2020-02-02 07:55:25.166   CNC 0   INF   Production -> 15 of 300
2020-02-02 07:55:25.452   CNC 0   INF   Processing takes 287.114349ms
2020-02-02 07:55:25.453   CNC 0   INF   Sleeping for 9.712378942s
2020-02-02 07:55:35.169   CNC 0   INF   Device still active
2020-02-02 07:55:35.170   CNC 0   INF   Production -> 16 of 300
2020-02-02 07:55:35.687   CNC 0   INF   Processing takes 518.04038ms
2020-02-02 07:55:35.687   CNC 0   INF   Sleeping for 9.481748618s
2020-02-02 07:55:45.169   CNC 0   INF   Device still active
2020-02-02 07:55:45.170   CNC 0   INF   Production -> 17 of 300
2020-02-02 07:55:45.629   CNC 0   INF   Processing takes 458.857144ms
2020-02-02 07:55:45.629   CNC 0   INF   Sleeping for 9.540985654s
2020-02-02 07:55:55.174   CNC 0   INF   Device still active
2020-02-02 07:55:55.174   CNC 0   INF   Production -> 18 of 300
2020-02-02 07:55:55.433   CNC 0   INF   Processing takes 259.076837ms
2020-02-02 07:55:55.433   CNC 0   INF   Sleeping for 9.740775142s
2020-02-02 07:58:28.510   CNC 0   INF   Device started running
2020-02-02 07:58:28.511   CNC 0   INF   Device directory exists
2020-02-02 07:58:28.511   CNC 0   INF   Poweroff -> 0 of 150
2020-02-02 07:58:28.512   CNC 0   INF   Processing takes 228.956µs
2020-02-02 07:58:28.512   CNC 0   INF   Sleeping for 9.999195566s
2020-02-02 07:58:38.515   CNC 0   INF   Device still active
2020-02-02 07:58:38.516   CNC 0   INF   Poweroff -> 1 of 150
2020-02-02 07:58:38.516   CNC 0   INF   Processing takes 542.274µs
2020-02-02 07:58:38.516   CNC 0   INF   Sleeping for 9.999353327s
2020-02-02 07:58:48.517   CNC 0   INF   Device still active
2020-02-02 07:58:48.518   CNC 0   INF   Poweroff -> 2 of 150
2020-02-02 07:58:48.518   CNC 0   INF   Processing takes 475.911µs
2020-02-02 07:58:48.518   CNC 0   INF   Sleeping for 9.99932725s
2020-02-02 07:58:58.523   CNC 0   INF   Device still active
2020-02-02 07:58:58.525   CNC 0   INF   Poweroff -> 3 of 150
2020-02-02 07:58:58.525   CNC 0   INF   Processing takes 1.69754ms
2020-02-02 07:58:58.525   CNC 0   INF   Sleeping for 9.99818016s
2020-02-02 07:59:08.523   CNC 0   INF   Device still active
2020-02-02 07:59:08.524   CNC 0   INF   Poweroff -> 4 of 150
2020-02-02 07:59:08.524   CNC 0   INF   Processing takes 374.011µs
2020-02-02 07:59:08.524   CNC 0   INF   Sleeping for 9.999530949s
2020-02-02 07:59:18.526   CNC 0   INF   Device still active
2020-02-02 07:59:18.526   CNC 0   INF   Poweroff -> 5 of 150
2020-02-02 07:59:18.527   CNC 0   INF   Processing takes 344.865µs
2020-02-02 07:59:18.527   CNC 0   INF   Sleeping for 9.999022404s
2020-02-02 08:00:07.533   CNC 0   INF   Device started running
2020-02-02 08:00:07.533   CNC 0   INF   Device directory exists
2020-02-02 08:00:07.534   CNC 0   INF   Poweroff -> 0 of 150
2020-02-02 08:00:07.534   CNC 0   INF   Processing takes 522.967µs
2020-02-02 08:00:07.534   CNC 0   INF   Sleeping for 9.999370717s
2020-02-02 08:00:17.538   CNC 0   INF   Device still active
2020-02-02 08:00:17.539   CNC 0   INF   Poweroff -> 1 of 150
2020-02-02 08:00:17.539   CNC 0   INF   Processing takes 788.836µs
2020-02-02 08:00:17.540   CNC 0   INF   Sleeping for 9.998846917s
2020-02-02 08:00:27.539   CNC 0   INF   Device still active
2020-02-02 08:00:27.540   CNC 0   INF   Poweroff -> 2 of 150
2020-02-02 08:00:27.540   CNC 0   INF   Processing takes 167.397µs
2020-02-02 08:00:27.540   CNC 0   INF   Sleeping for 9.99950308s
2020-02-02 08:00:37.540   CNC 0   INF   Device still active
2020-02-02 08:00:37.540   CNC 0   INF   Poweroff -> 3 of 150
2020-02-02 08:00:37.541   CNC 0   INF   Processing takes 419.074µs
2020-02-02 08:00:37.541   CNC 0   INF   Sleeping for 9.999446267s
2020-02-02 08:00:47.545   CNC 0   INF   Device still active
2020-02-02 08:00:47.545   CNC 0   INF   Poweroff -> 4 of 150
2020-02-02 08:00:47.546   CNC 0   INF   Processing takes 380.354µs
2020-02-02 08:00:47.546   CNC 0   INF   Sleeping for 9.999216152s
2020-02-02 08:00:57.546   CNC 0   INF   Device still active
2020-02-02 08:00:57.547   CNC 0   INF   Poweroff -> 5 of 150
2020-02-02 08:00:57.548   CNC 0   INF   Processing takes 1.067024ms
2020-02-02 08:00:57.549   CNC 0   INF   Sleeping for 9.997979354s
2020-02-02 08:01:07.548   CNC 0   INF   Device still active
2020-02-02 08:01:07.549   CNC 0   INF   Poweroff -> 6 of 150
2020-02-02 08:01:07.549   CNC 0   INF   Processing takes 280.339µs
2020-02-02 08:01:07.549   CNC 0   INF   Sleeping for 9.999588321s
2020-02-02 08:01:17.549   CNC 0   INF   Device still active
2020-02-02 08:01:17.549   CNC 0   INF   Poweroff -> 7 of 150
2020-02-02 08:01:17.550   CNC 0   INF   Processing takes 415.572µs
2020-02-02 08:01:17.550   CNC 0   INF   Sleeping for 9.999117636s
2020-02-02 08:01:27.551   CNC 0   INF   Device still active
2020-02-02 08:01:27.551   CNC 0   INF   Poweroff -> 8 of 150
2020-02-02 08:01:27.551   CNC 0   INF   Processing takes 118.6µs
2020-02-02 08:01:27.551   CNC 0   INF   Sleeping for 9.999606514s
2020-02-02 08:01:37.552   CNC 0   INF   Device still active
2020-02-02 08:01:37.552   CNC 0   INF   Poweroff -> 9 of 150
2020-02-02 08:01:37.552   CNC 0   INF   Processing takes 152.018µs
2020-02-02 08:01:37.552   CNC 0   INF   Sleeping for 9.999527571s
2020-02-02 08:01:47.553   CNC 0   INF   Device still active
2020-02-02 08:01:47.553   CNC 0   INF   Poweroff -> 10 of 150
2020-02-02 08:01:47.554   CNC 0   INF   Processing takes 668.37µs
2020-02-02 08:01:47.554   CNC 0   INF   Sleeping for 9.998972087s
2020-02-02 08:03:09.332   CNC 0   INF   Device started running
2020-02-02 08:03:09.332   CNC 0   INF   Device directory exists
2020-02-02 08:03:09.333   CNC 0   INF   Production -> 0 of 300
2020-02-02 08:03:09.502   CNC 0   INF   Processing takes 168.981144ms
2020-02-02 08:03:09.502   CNC 0   INF   Sleeping for 9.830914001s
2020-02-02 08:03:19.338   CNC 0   INF   Device still active
2020-02-02 08:03:19.340   CNC 0   INF   Production -> 1 of 300
2020-02-02 08:03:20.205   CNC 0   INF   Processing takes 865.723691ms
2020-02-02 08:03:20.206   CNC 0   INF   Sleeping for 9.133373846s
2020-02-02 08:03:29.342   CNC 0   INF   Device still active
2020-02-02 08:03:29.342   CNC 0   INF   Production -> 2 of 300
2020-02-02 08:03:29.888   CNC 0   INF   Processing takes 546.258051ms
2020-02-02 08:03:29.889   CNC 0   INF   Sleeping for 9.453576215s
2020-02-02 08:03:39.342   CNC 0   INF   Device still active
2020-02-02 08:03:39.343   CNC 0   INF   Production -> 3 of 300
2020-02-02 08:03:39.492   CNC 0   INF   Processing takes 149.071274ms
2020-02-02 08:03:39.492   CNC 0   INF   Sleeping for 9.850813598s
2020-02-02 08:03:49.343   CNC 0   INF   Device still active
2020-02-02 08:03:49.343   CNC 0   INF   Production -> 4 of 300
2020-02-02 08:03:49.561   CNC 0   INF   Processing takes 217.813903ms
2020-02-02 08:03:49.561   CNC 0   INF   Sleeping for 9.782031663s
2020-02-02 08:03:59.343   CNC 0   INF   Device still active
2020-02-02 08:03:59.343   CNC 0   INF   Production -> 5 of 300
2020-02-02 08:03:59.479   CNC 0   INF   Processing takes 135.459604ms
2020-02-02 08:03:59.479   CNC 0   INF   Sleeping for 9.864432247s
2020-02-02 08:04:09.348   CNC 0   INF   Device still active
2020-02-02 08:04:09.348   CNC 0   INF   Production -> 6 of 300
2020-02-02 08:04:09.616   CNC 0   INF   Processing takes 267.766838ms
2020-02-02 08:04:09.616   CNC 0   INF   Sleeping for 9.732082671s
2020-02-02 08:04:19.348   CNC 0   INF   Device still active
2020-02-02 08:04:19.349   CNC 0   INF   Production -> 7 of 300
2020-02-02 08:04:19.632   CNC 0   INF   Processing takes 283.031466ms
2020-02-02 08:04:19.632   CNC 0   INF   Sleeping for 9.716774502s
2020-02-02 08:04:29.349   CNC 0   INF   Device still active
2020-02-02 08:04:29.349   CNC 0   INF   Production -> 8 of 300
2020-02-02 08:04:29.498   CNC 0   INF   Processing takes 149.359068ms
2020-02-02 08:04:29.498   CNC 0   INF   Sleeping for 9.850542341s
2020-02-02 08:04:39.350   CNC 0   INF   Device still active
2020-02-02 08:04:39.350   CNC 0   INF   Production -> 9 of 300
2020-02-02 08:04:39.639   CNC 0   INF   Processing takes 288.351867ms
2020-02-02 08:04:39.639   CNC 0   INF   Sleeping for 9.711071123s
2020-02-02 08:04:49.354   CNC 0   INF   Device still active
2020-02-02 08:04:49.354   CNC 0   INF   Production -> 10 of 300
2020-02-02 08:04:49.671   CNC 0   INF   Processing takes 316.812611ms
2020-02-02 08:04:49.671   CNC 0   INF   Sleeping for 9.683012916s
2020-02-02 08:04:59.356   CNC 0   INF   Device still active
2020-02-02 08:04:59.356   CNC 0   INF   Production -> 11 of 300
2020-02-02 08:04:59.706   CNC 0   INF   Processing takes 349.60736ms
2020-02-02 08:04:59.706   CNC 0   INF   Sleeping for 9.650204307s
2020-02-02 08:05:09.357   CNC 0   INF   Device still active
2020-02-02 08:05:09.357   CNC 0   INF   Production -> 12 of 300
2020-02-02 08:05:09.527   CNC 0   INF   Processing takes 169.642897ms
2020-02-02 08:05:09.527   CNC 0   INF   Sleeping for 9.830240544s
2020-02-02 08:05:19.360   CNC 0   INF   Device still active
2020-02-02 08:05:19.361   CNC 0   INF   Production -> 13 of 300
2020-02-02 08:05:19.647   CNC 0   INF   Processing takes 285.800199ms
2020-02-02 08:05:19.647   CNC 0   INF   Sleeping for 9.713936317s
2020-02-02 08:05:29.364   CNC 0   INF   Device still active
2020-02-02 08:05:29.366   CNC 0   INF   Production -> 14 of 300
2020-02-02 08:05:29.708   CNC 0   INF   Processing takes 343.807705ms
2020-02-02 08:05:29.708   CNC 0   INF   Sleeping for 9.656044306s
2020-02-02 08:05:39.368   CNC 0   INF   Device still active
2020-02-02 08:05:39.368   CNC 0   INF   Production -> 15 of 300
2020-02-02 08:05:39.640   CNC 0   INF   Processing takes 272.133628ms
2020-02-02 08:05:39.640   CNC 0   INF   Sleeping for 9.727716879s
2020-02-02 08:05:49.372   CNC 0   INF   Device still active
2020-02-02 08:05:49.373   CNC 0   INF   Production -> 16 of 300
2020-02-02 08:05:49.895   CNC 0   INF   Processing takes 522.331617ms
2020-02-02 08:05:49.896   CNC 0   INF   Sleeping for 9.476297582s
2020-02-02 08:05:59.374   CNC 0   INF   Device still active
2020-02-02 08:05:59.374   CNC 0   INF   Production -> 17 of 300
2020-02-02 08:05:59.589   CNC 0   INF   Processing takes 215.128069ms
2020-02-02 08:05:59.589   CNC 0   INF   Sleeping for 9.784716506s
2020-02-02 08:06:09.374   CNC 0   INF   Device still active
2020-02-02 08:06:09.374   CNC 0   INF   Production -> 18 of 300
2020-02-02 08:06:09.585   CNC 0   INF   Processing takes 210.270677ms
2020-02-02 08:06:09.585   CNC 0   INF   Sleeping for 9.789359881s
2020-02-02 08:06:19.375   CNC 0   INF   Device still active
2020-02-02 08:06:19.375   CNC 0   INF   Production -> 19 of 300
2020-02-02 08:06:19.827   CNC 0   INF   Processing takes 451.834521ms
2020-02-02 08:06:19.828   CNC 0   INF   Sleeping for 9.547275568s
2020-02-02 08:06:29.378   CNC 0   INF   Device still active
2020-02-02 08:06:29.379   CNC 0   INF   Production -> 20 of 300
2020-02-02 08:06:29.625   CNC 0   INF   Processing takes 245.865367ms
2020-02-02 08:06:29.625   CNC 0   INF   Sleeping for 9.753726953s
2020-02-02 08:06:39.379   CNC 0   INF   Device still active
2020-02-02 08:06:39.379   CNC 0   INF   Production -> 21 of 300
2020-02-02 08:06:39.569   CNC 0   INF   Processing takes 190.07836ms
2020-02-02 08:06:39.569   CNC 0   INF   Sleeping for 9.809785658s
2020-02-02 08:06:49.380   CNC 0   INF   Device still active
2020-02-02 08:06:49.381   CNC 0   INF   Production -> 22 of 300
2020-02-02 08:06:49.645   CNC 0   INF   Processing takes 264.515302ms
2020-02-02 08:06:49.645   CNC 0   INF   Sleeping for 9.735367911s
2020-02-02 08:06:59.384   CNC 0   INF   Device still active
2020-02-02 08:06:59.385   CNC 0   INF   Production -> 23 of 300
2020-02-02 08:06:59.624   CNC 0   INF   Processing takes 239.621665ms
2020-02-02 08:06:59.624   CNC 0   INF   Sleeping for 9.760238526s
2020-02-02 08:07:09.385   CNC 0   INF   Device still active
2020-02-02 08:07:09.385   CNC 0   INF   Production -> 24 of 300
2020-02-02 08:07:09.594   CNC 0   INF   Processing takes 208.392513ms
2020-02-02 08:07:09.594   CNC 0   INF   Sleeping for 9.791483792s
2020-02-02 08:07:19.386   CNC 0   INF   Device still active
2020-02-02 08:07:19.390   CNC 0   INF   Production -> 25 of 300
2020-02-02 08:07:19.758   CNC 0   INF   Processing takes 371.930226ms
2020-02-02 08:07:19.758   CNC 0   INF   Sleeping for 9.627914516s
2020-02-02 08:07:29.390   CNC 0   INF   Device still active
2020-02-02 08:07:29.391   CNC 0   INF   Production -> 26 of 300
2020-02-02 08:07:29.616   CNC 0   INF   Processing takes 225.413079ms
2020-02-02 08:07:29.616   CNC 0   INF   Sleeping for 9.774449536s
2020-02-02 08:07:39.391   CNC 0   INF   Device still active
2020-02-02 08:07:39.391   CNC 0   INF   Production -> 27 of 300
2020-02-02 08:07:39.733   CNC 0   INF   Processing takes 342.009262ms
2020-02-02 08:07:39.733   CNC 0   INF   Sleeping for 9.657853009s
2020-02-02 08:07:49.393   CNC 0   INF   Device still active
2020-02-02 08:07:49.394   CNC 0   INF   Production -> 28 of 300
2020-02-02 08:07:49.758   CNC 0   INF   Processing takes 364.032656ms
2020-02-02 08:07:49.758   CNC 0   INF   Sleeping for 9.635831362s
2020-02-02 08:07:59.395   CNC 0   INF   Device still active
2020-02-02 08:07:59.395   CNC 0   INF   Production -> 29 of 300
2020-02-02 08:07:59.564   CNC 0   INF   Processing takes 168.203092ms
2020-02-02 08:07:59.564   CNC 0   INF   Sleeping for 9.831673121s
2020-02-02 08:08:09.396   CNC 0   INF   Device still active
2020-02-02 08:08:09.397   CNC 0   INF   Production -> 30 of 300
2020-02-02 08:08:09.611   CNC 0   INF   Processing takes 214.035427ms
2020-02-02 08:08:09.611   CNC 0   INF   Sleeping for 9.785806383s
2020-02-02 08:08:19.399   CNC 0   INF   Device still active
2020-02-02 08:08:19.399   CNC 0   INF   Production -> 31 of 300
2020-02-02 08:08:19.687   CNC 0   INF   Processing takes 287.309906ms
2020-02-02 08:08:19.687   CNC 0   INF   Sleeping for 9.712541597s
2020-02-02 08:08:29.400   CNC 0   INF   Device still active
2020-02-02 08:08:29.400   CNC 0   INF   Production -> 32 of 300
2020-02-02 08:08:29.416   CNC 0   INF   Processing takes 15.988604ms
2020-02-02 08:08:29.416   CNC 0   INF   Sleeping for 9.983941134s
2020-02-02 08:08:39.404   CNC 0   INF   Device still active
2020-02-02 08:08:39.404   CNC 0   INF   Production -> 33 of 300
2020-02-02 08:08:40.714   CNC 0   INF   Processing takes 1.309795354s
2020-02-02 08:08:40.714   CNC 0   INF   Sleeping for 8.690106544s
2020-02-02 08:08:49.408   CNC 0   INF   Device still active
2020-02-02 08:08:49.409   CNC 0   INF   Production -> 34 of 300
2020-02-02 08:08:50.728   CNC 0   INF   Processing takes 1.318960232s
2020-02-02 08:08:50.729   CNC 0   INF   Sleeping for 8.679666361s
2020-02-02 08:12:09.380   CNC 0   INF   Device started running
2020-02-02 08:12:09.381   CNC 0   INF   Device directory exists
2020-02-02 08:12:09.381   CNC 0   INF   Production -> 0 of 300
2020-02-02 08:12:09.666   CNC 0   INF   Processing takes 285.538008ms
2020-02-02 08:12:09.666   CNC 0   INF   Sleeping for 9.71435133s
2020-02-02 08:12:19.387   CNC 0   INF   Device still active
2020-02-02 08:12:19.388   CNC 0   INF   Production -> 1 of 300
2020-02-02 08:12:19.886   CNC 0   INF   Processing takes 498.32406ms
2020-02-02 08:12:19.887   CNC 0   INF   Sleeping for 9.500831019s
2020-02-02 08:12:29.392   CNC 0   INF   Device still active
2020-02-02 08:12:29.393   CNC 0   INF   Production -> 2 of 300
2020-02-02 08:12:30.010   CNC 0   INF   Processing takes 617.194879ms
2020-02-02 08:12:30.011   CNC 0   INF   Sleeping for 9.381746222s
2020-02-02 08:12:39.396   CNC 0   INF   Device still active
2020-02-02 08:12:39.397   CNC 0   INF   Production -> 3 of 300
2020-02-02 08:12:39.626   CNC 0   INF   Processing takes 229.605659ms
2020-02-02 08:12:39.626   CNC 0   INF   Sleeping for 9.7702655s
2020-02-02 08:12:49.398   CNC 0   INF   Device still active
2020-02-02 08:12:49.398   CNC 0   INF   Production -> 4 of 300
2020-02-02 08:12:49.589   CNC 0   INF   Processing takes 191.232518ms
2020-02-02 08:12:49.590   CNC 0   INF   Sleeping for 9.807912002s
2020-02-02 08:12:59.403   CNC 0   INF   Device still active
2020-02-02 08:12:59.404   CNC 0   INF   Production -> 5 of 300
2020-02-02 08:12:59.658   CNC 0   INF   Processing takes 254.409782ms
2020-02-02 08:12:59.658   CNC 0   INF   Sleeping for 9.74521501s
2020-02-02 08:13:09.407   CNC 0   INF   Device still active
2020-02-02 08:13:09.408   CNC 0   INF   Production -> 6 of 300
2020-02-02 08:13:09.807   CNC 0   INF   Processing takes 398.823426ms
2020-02-02 08:13:09.807   CNC 0   INF   Sleeping for 9.601014141s
2020-02-02 08:13:19.411   CNC 0   INF   Device still active
2020-02-02 08:13:19.412   CNC 0   INF   Production -> 7 of 300
2020-02-02 08:13:19.898   CNC 0   INF   Processing takes 486.515397ms
2020-02-02 08:13:19.898   CNC 0   INF   Sleeping for 9.51331755s
2020-02-02 08:13:29.414   CNC 0   INF   Device still active
2020-02-02 08:13:29.415   CNC 0   INF   Production -> 8 of 300
2020-02-02 08:13:29.577   CNC 0   INF   Processing takes 163.123151ms
2020-02-02 08:13:29.578   CNC 0   INF   Sleeping for 9.836750573s
2020-02-02 08:13:39.415   CNC 0   INF   Device still active
2020-02-02 08:13:39.415   CNC 0   INF   Production -> 9 of 300
2020-02-02 08:13:39.757   CNC 0   INF   Processing takes 341.638921ms
2020-02-02 08:13:39.757   CNC 0   INF   Sleeping for 9.658206763s
2020-02-02 08:13:49.417   CNC 0   INF   Device still active
2020-02-02 08:13:49.418   CNC 0   INF   Production -> 10 of 300
2020-02-02 08:13:50.252   CNC 0   INF   Processing takes 834.26371ms
2020-02-02 08:13:50.252   CNC 0   INF   Sleeping for 9.165601188s
2020-02-02 08:13:59.421   CNC 0   INF   Device still active
2020-02-02 08:13:59.421   CNC 0   INF   Production -> 11 of 300
2020-02-02 08:13:59.677   CNC 0   INF   Processing takes 256.268116ms
2020-02-02 08:13:59.677   CNC 0   INF   Sleeping for 9.743574084s
2020-02-02 08:14:09.422   CNC 0   INF   Device still active
2020-02-02 08:14:09.423   CNC 0   INF   Production -> 12 of 300
2020-02-02 08:14:09.830   CNC 0   INF   Processing takes 408.069017ms
2020-02-02 08:14:09.830   CNC 0   INF   Sleeping for 9.591825261s
2020-02-02 08:14:19.428   CNC 0   INF   Device still active
2020-02-02 08:14:19.428   CNC 0   INF   Production -> 13 of 300
2020-02-02 08:14:19.656   CNC 0   INF   Processing takes 227.855424ms
2020-02-02 08:14:19.656   CNC 0   INF   Sleeping for 9.771980859s
2020-02-02 08:14:29.428   CNC 0   INF   Device still active
2020-02-02 08:14:29.429   CNC 0   INF   Production -> 14 of 300
2020-02-02 08:14:29.686   CNC 0   INF   Processing takes 257.785982ms
2020-02-02 08:14:29.686   CNC 0   INF   Sleeping for 9.742045891s
2020-02-02 11:11:35.760   CNC 0   INF   Device started running
2020-02-02 11:11:35.762   CNC 0   INF   Device directory exists
2020-02-02 11:11:35.762   CNC 0   INF   Poweroff -> 0 of 150
2020-02-02 11:11:35.762   CNC 0   INF   Processing takes 96.933µs
2020-02-02 11:11:35.762   CNC 0   INF   Sleeping for 9.999798835s
2020-02-02 11:13:42.722   CNC 0   INF   Device started running
2020-02-02 11:13:42.722   CNC 0   INF   Device directory exists
2020-02-02 11:13:42.723   CNC 0   INF   Downtime -> 0 of 150
2020-02-02 11:13:42.918   CNC 0   INF   Processing takes 194.949638ms
2020-02-02 11:13:42.918   CNC 0   INF   Sleeping for 9.804611026s
2020-02-02 11:14:02.293   CNC 0   INF   Device started running
2020-02-02 11:14:02.295   CNC 0   INF   Device directory exists
2020-02-02 11:14:02.295   CNC 0   INF   Production -> 0 of 300
2020-02-02 11:14:02.564   CNC 0   INF   Processing takes 268.969152ms
2020-02-02 11:14:02.564   CNC 0   INF   Sleeping for 9.730861829s
2020-02-02 11:17:38.053   CNC 0   INF   Device started running
2020-02-02 11:17:38.055   CNC 0   INF   Device directory exists
2020-02-02 11:17:38.055   CNC 0   INF   Production -> 0 of 300
2020-02-02 11:17:38.378   CNC 0   INF   Processing takes 323.242102ms
2020-02-02 11:17:38.379   CNC 0   INF   Sleeping for 9.676578055s
2020-02-02 11:19:37.130   CNC 0   INF   Device started running
2020-02-02 11:19:37.130   CNC 0   INF   Device directory exists
2020-02-02 11:19:37.130   CNC 0   INF   Production -> 0 of 300
2020-02-02 11:19:37.275   CNC 0   INF   Processing takes 144.498901ms
2020-02-02 11:19:37.275   CNC 0   INF   Sleeping for 9.855338021s
2020-02-02 11:20:19.117   CNC 0   INF   Device started running
2020-02-02 11:20:19.117   CNC 0   INF   Device directory exists
2020-02-02 11:20:19.118   CNC 0   INF   Production -> 0 of 300
2020-02-02 11:20:19.280   CNC 0   INF   Processing takes 163.092482ms
2020-02-02 11:20:19.281   CNC 0   INF   Sleeping for 9.836795834s
