2020-02-29 10:01:05.050   CNC 8   INF   Device started running
2020-02-29 10:01:05.051   CNC 8   INF   Device directory exists
2020-02-29 10:01:05.051   CNC 8   INF   Downtime -> 0 of 150
2020-02-29 10:01:05.171   CNC 8   INF   Processing takes 120.391304ms
2020-02-29 10:01:05.172   CNC 8   INF   Sleeping for 9.878930289s
2020-02-29 10:01:15.051   CNC 8   INF   Device still active
2020-02-29 10:01:15.052   CNC 8   INF   Downtime -> 1 of 150
2020-02-29 10:01:15.158   CNC 8   INF   Processing takes 106.682193ms
2020-02-29 10:01:15.158   CNC 8   INF   Sleeping for 9.893175204s
2020-02-29 10:01:25.052   CNC 8   INF   Device not active
2020-02-29 10:01:25.052   CNC 8   INF   Device not active, stopped running
2020-02-29 10:01:25.060   CNC 8   INF   Device started running
2020-02-29 10:01:25.060   CNC 8   INF   Device directory exists
2020-02-29 10:01:25.060   CNC 8   INF   Poweroff -> 0 of 150
2020-02-29 10:01:25.061   CNC 8   INF   Processing takes 120.838µs
2020-02-29 10:01:25.061   CNC 8   INF   Sleeping for 9.999528905s
2020-02-29 10:01:35.061   CNC 8   INF   Device still active
2020-02-29 10:01:35.061   CNC 8   INF   Device not active, stopped running
2020-02-29 10:01:51.080   CNC 8   INF   Device started running
2020-02-29 10:01:51.081   CNC 8   INF   Device directory exists
2020-02-29 10:01:51.081   CNC 8   INF   Production -> 0 of 300
2020-02-29 10:01:51.287   CNC 8   INF   Processing takes 206.412389ms
2020-02-29 10:01:51.287   CNC 8   INF   Sleeping for 9.793419955s
2020-02-29 10:02:01.081   CNC 8   INF   Device still active
2020-02-29 10:02:01.081   CNC 8   INF   Production -> 1 of 300
2020-02-29 10:02:01.253   CNC 8   INF   Processing takes 172.292551ms
2020-02-29 10:02:01.253   CNC 8   INF   Sleeping for 9.827516366s
2020-02-29 10:02:11.081   CNC 8   INF   Device not active
2020-02-29 10:02:11.081   CNC 8   INF   Device not active, stopped running
2020-02-29 10:02:11.083   CNC 8   INF   Device started running
2020-02-29 10:02:11.083   CNC 8   INF   Device directory exists
2020-02-29 10:02:11.084   CNC 8   INF   Device not active, stopped running
2020-02-29 10:08:40.454   CNC 8   INF   Device started running
2020-02-29 10:08:40.454   CNC 8   INF   Device directory exists
2020-02-29 10:08:40.455   CNC 8   INF   Poweroff -> 0 of 150
2020-02-29 10:08:40.455   CNC 8   INF   Processing takes 380.231µs
2020-02-29 10:08:40.456   CNC 8   INF   Sleeping for 9.999506863s
2020-02-29 10:08:50.455   CNC 8   INF   Device still active
2020-02-29 10:08:50.455   CNC 8   INF   Device not active, stopped running
2020-02-29 10:10:03.350   CNC 8   INF   Device started running
2020-02-29 10:10:03.351   CNC 8   INF   Device directory exists
2020-02-29 10:10:03.351   CNC 8   INF   Downtime -> 0 of 150
2020-02-29 10:10:03.535   CNC 8   INF   Processing takes 184.140811ms
2020-02-29 10:10:03.535   CNC 8   INF   Sleeping for 9.815753119s
2020-02-29 10:10:13.351   CNC 8   INF   Device still active
2020-02-29 10:10:13.352   CNC 8   INF   Downtime -> 1 of 150
2020-02-29 10:10:13.539   CNC 8   INF   Processing takes 187.887166ms
2020-02-29 10:10:13.539   CNC 8   INF   Sleeping for 9.811960444s
2020-02-29 10:10:23.353   CNC 8   INF   Device still active
2020-02-29 10:10:23.353   CNC 8   INF   Device not active, stopped running
2020-02-29 10:51:23.121   CNC 8   INF   Device started running
2020-02-29 10:51:23.121   CNC 8   INF   Device directory exists
2020-02-29 10:51:23.122   CNC 8   INF   Downtime -> 0 of 150
2020-02-29 10:51:23.281   CNC 8   INF   Processing takes 159.142929ms
2020-02-29 10:51:23.281   CNC 8   INF   Sleeping for 9.840760321s
2020-02-29 10:51:33.122   CNC 8   INF   Device still active
2020-02-29 10:51:33.122   CNC 8   INF   Device not active, stopped running
2020-02-29 10:51:40.466   CNC 8   INF   Device started running
2020-02-29 10:51:40.466   CNC 8   INF   Device directory exists
2020-02-29 10:51:40.466   CNC 8   INF   Production -> 0 of 300
2020-02-29 10:51:40.654   CNC 8   INF   Processing takes 188.192227ms
2020-02-29 10:51:40.654   CNC 8   INF   Sleeping for 9.811689837s
2020-02-29 10:51:50.466   CNC 8   INF   Device still active
2020-02-29 10:51:50.466   CNC 8   INF   Device not active, stopped running
2020-02-29 10:51:50.479   CNC 8   INF   Device started running
2020-02-29 10:51:50.480   CNC 8   INF   Device directory exists
2020-02-29 10:51:50.481   CNC 8   INF   Device not active, stopped running
2020-02-29 10:51:55.260   CNC 8   INF   Device started running
2020-02-29 10:51:55.260   CNC 8   INF   Device directory exists
2020-02-29 10:51:55.260   CNC 8   INF   Downtime -> 0 of 150
2020-02-29 10:51:55.483   CNC 8   INF   Processing takes 223.262146ms
2020-02-29 10:51:55.484   CNC 8   INF   Sleeping for 9.776583841s
2020-02-29 10:52:05.260   CNC 8   INF   Device still active
2020-02-29 10:52:05.261   CNC 8   INF   Device not active, stopped running
