2019-12-31 00:04:25.345   MAIN   INF   Program version 2019.4.3.31 started
2019-12-31 00:04:25.346   MAIN   INF   Program running
2019-12-31 00:04:25.356   MAIN   WRN   Database zapsi4 does not exist
2019-12-31 00:04:25.451   MAIN   INF   Database zapsi4 created
2019-12-31 00:04:25.462   MAIN   INF   DeviceType table not exists, creating
2019-12-31 00:04:25.520   MAIN   INF   Device table not exists, creating
2019-12-31 00:04:25.542   MAIN   INF   Setting table not exists, creating
2019-12-31 00:04:25.574   MAIN   INF   DevicePortType table not exists, creating
2019-12-31 00:04:25.598   MAIN   INF   DevicePort table not exists, creating
2019-12-31 00:04:25.625   MAIN   INF   DeviceAnalogRecord table not exists, creating
2019-12-31 00:04:25.641   MAIN   INF   DeviceDigitalRecord table not exists, creating
2019-12-31 00:04:25.664   MAIN   INF   DeviceSerialRecord table not exists, creating
2019-12-31 00:04:25.682   MAIN   INF   State table not exists, creating
2019-12-31 00:04:25.707   MAIN   INF   WorkplaceSection table not exists, creating
2019-12-31 00:04:25.733   MAIN   INF   Workplacemode table not exists, creating
2019-12-31 00:04:25.759   MAIN   INF   Workplace table not exists, creating
2019-12-31 00:04:25.797   MAIN   INF   WorkplacePort table not exists, creating
2019-12-31 00:04:26.551   MAIN   INF   Active devices: 0, running devices: 0
2019-12-31 00:04:26.551   MAIN   INF   Sleeping for 8.794366073s
2019-12-31 00:06:42.015   MAIN   INF   Program version 2019.4.3.31 started
2019-12-31 00:06:42.015   MAIN   INF   Program running
2019-12-31 00:06:42.023   MAIN   WRN   Database zapsi4 does not exist
2019-12-31 00:06:42.105   MAIN   INF   Database zapsi4 created
2019-12-31 00:06:42.115   MAIN   INF   DeviceType table not exists, creating
2019-12-31 00:06:42.161   MAIN   INF   Device table not exists, creating
2019-12-31 00:06:42.181   MAIN   INF   Setting table not exists, creating
2019-12-31 00:06:42.211   MAIN   INF   DevicePortType table not exists, creating
2019-12-31 00:06:42.236   MAIN   INF   DevicePort table not exists, creating
2019-12-31 00:06:42.259   MAIN   INF   DeviceAnalogRecord table not exists, creating
2019-12-31 00:06:42.273   MAIN   INF   DeviceDigitalRecord table not exists, creating
2019-12-31 00:06:42.293   MAIN   INF   DeviceSerialRecord table not exists, creating
2019-12-31 00:06:42.308   MAIN   INF   State table not exists, creating
2019-12-31 00:06:42.335   MAIN   INF   WorkplaceSection table not exists, creating
2019-12-31 00:06:42.350   MAIN   INF   Workplacemode table not exists, creating
2019-12-31 00:06:42.380   MAIN   INF   Workplace table not exists, creating
2019-12-31 00:06:42.413   MAIN   INF   WorkplacePort table not exists, creating
2019-12-31 00:06:43.708   MAIN   INF   Active devices: 0, running devices: 0
2019-12-31 00:06:43.708   MAIN   INF   Sleeping for 8.30735211s
2019-12-31 00:07:23.718   MAIN   INF   Program version 2019.4.3.31 started
2019-12-31 00:07:23.718   MAIN   INF   Program running
2019-12-31 00:07:23.725   MAIN   WRN   Database zapsi4 does not exist
2019-12-31 00:07:23.806   MAIN   INF   Database zapsi4 created
2019-12-31 00:07:23.819   MAIN   INF   DeviceType table not exists, creating
2019-12-31 00:07:23.862   MAIN   INF   Device table not exists, creating
2019-12-31 00:07:23.878   MAIN   INF   Setting table not exists, creating
2019-12-31 00:07:23.920   MAIN   INF   DevicePortType table not exists, creating
2019-12-31 00:07:23.941   MAIN   INF   DevicePort table not exists, creating
2019-12-31 00:07:23.961   MAIN   INF   DeviceAnalogRecord table not exists, creating
2019-12-31 00:07:23.973   MAIN   INF   DeviceDigitalRecord table not exists, creating
2019-12-31 00:07:23.987   MAIN   INF   DeviceSerialRecord table not exists, creating
2019-12-31 00:07:24.007   MAIN   INF   State table not exists, creating
2019-12-31 00:07:24.029   MAIN   INF   WorkplaceSection table not exists, creating
2019-12-31 00:07:24.048   MAIN   INF   Workplacemode table not exists, creating
2019-12-31 00:07:24.068   MAIN   INF   Workplace table not exists, creating
2019-12-31 00:07:24.096   MAIN   INF   WorkplacePort table not exists, creating
2019-12-31 00:07:24.814   MAIN   INF   Active devices: 0, running devices: 0
2019-12-31 00:07:24.815   MAIN   INF   Sleeping for 8.903539691s
